<?xml version="1.0" encoding="UTF-8"?>
<!-- Generated by org.testng.reporters.JUnitXMLReporter -->
<testsuite ignored="162" hostname="DSK-4052" failures="38" tests="465" name="Acquisition New Car" time="31849.741" errors="0" timestamp="2024-03-03T04:24:08 IST">
  <testcase classname="com.amt.testBase.TestBase" name="@BeforeClass setup" time="33.953">
    <failure type="org.openqa.selenium.NoSuchElementException" message="no such element: Unable to locate element: {&amp;quot;method&amp;quot;:&amp;quot;xpath&amp;quot;,&amp;quot;selector&amp;quot;:&amp;quot;//input[@placeholder=&amp;apos;Email&amp;apos;]&amp;quot;}
  (Session info: chrome=122.0.6261.95)
For documentation on this error, please visit: https://selenium.dev/exceptions/#no_such_element
Build info: version: &amp;apos;4.1.0&amp;apos;, revision: &amp;apos;87802e897b&amp;apos;
System info: host: &amp;apos;DSK-4052&amp;apos;, ip: &amp;apos;172.16.1.80&amp;apos;, os.name: &amp;apos;Windows 10&amp;apos;, os.arch: &amp;apos;amd64&amp;apos;, os.version: &amp;apos;10.0&amp;apos;, java.version: &amp;apos;19.0.1&amp;apos;
Driver info: org.openqa.selenium.chrome.ChromeDriver
Command: [a6aad15e89d59bc9352c7fa0064ff9ec, findElement {using=xpath, value=//input[@placeholder=&amp;apos;Email&amp;apos;]}]
Capabilities {acceptInsecureCerts: false, browserName: chrome, browserVersion: 122.0.6261.95, chrome: {chromedriverVersion: 121.0.6167.85 (3f98d690ad7e..., userDataDir: C:\Users\NITEIN~1.KUR\AppDa...}, fedcm:accounts: true, goog:chromeOptions: {debuggerAddress: localhost:54928}, javascriptEnabled: true, networkConnectionEnabled: false, pageLoadStrategy: normal, platform: WINDOWS, platformName: WINDOWS, proxy: Proxy(), se:cdp: ws://localhost:54928/devtoo..., se:cdpVersion: 122.0.6261.95, setWindowRect: true, strictFileInteractability: false, timeouts: {implicit: 0, pageLoad: 300000, script: 30000}, unhandledPromptBehavior: dismiss and notify, webauthn:extension:credBlob: true, webauthn:extension:largeBlob: true, webauthn:extension:minPinLength: true, webauthn:extension:prf: true, webauthn:virtualAuthenticators: true}
Session ID: a6aad15e89d59bc9352c7fa0064ff9ec">
      <![CDATA[org.openqa.selenium.NoSuchElementException: no such element: Unable to locate element: {"method":"xpath","selector":"//input[@placeholder='Email']"}
  (Session info: chrome=122.0.6261.95)
For documentation on this error, please visit: https://selenium.dev/exceptions/#no_such_element
Build info: version: '4.1.0', revision: '87802e897b'
System info: host: 'DSK-4052', ip: '172.16.1.80', os.name: 'Windows 10', os.arch: 'amd64', os.version: '10.0', java.version: '19.0.1'
Driver info: org.openqa.selenium.chrome.ChromeDriver
Command: [a6aad15e89d59bc9352c7fa0064ff9ec, findElement {using=xpath, value=//input[@placeholder='Email']}]
Capabilities {acceptInsecureCerts: false, browserName: chrome, browserVersion: 122.0.6261.95, chrome: {chromedriverVersion: 121.0.6167.85 (3f98d690ad7e..., userDataDir: C:\Users\NITEIN~1.KUR\AppDa...}, fedcm:accounts: true, goog:chromeOptions: {debuggerAddress: localhost:54928}, javascriptEnabled: true, networkConnectionEnabled: false, pageLoadStrategy: normal, platform: WINDOWS, platformName: WINDOWS, proxy: Proxy(), se:cdp: ws://localhost:54928/devtoo..., se:cdpVersion: 122.0.6261.95, setWindowRect: true, strictFileInteractability: false, timeouts: {implicit: 0, pageLoad: 300000, script: 30000}, unhandledPromptBehavior: dismiss and notify, webauthn:extension:credBlob: true, webauthn:extension:largeBlob: true, webauthn:extension:minPinLength: true, webauthn:extension:prf: true, webauthn:virtualAuthenticators: true}
Session ID: a6aad15e89d59bc9352c7fa0064ff9ec
at org.openqa.selenium.remote.codec.w3c.W3CHttpResponseCodec.createException(W3CHttpResponseCodec.java:200)
at org.openqa.selenium.remote.codec.w3c.W3CHttpResponseCodec.decode(W3CHttpResponseCodec.java:133)
at org.openqa.selenium.remote.codec.w3c.W3CHttpResponseCodec.decode(W3CHttpResponseCodec.java:53)
at org.openqa.selenium.remote.HttpCommandExecutor.execute(HttpCommandExecutor.java:184)
at org.openqa.selenium.remote.service.DriverCommandExecutor.invokeExecute(DriverCommandExecutor.java:164)
at org.openqa.selenium.remote.service.DriverCommandExecutor.execute(DriverCommandExecutor.java:139)
at org.openqa.selenium.remote.RemoteWebDriver.execute(RemoteWebDriver.java:559)
at org.openqa.selenium.remote.ElementLocation$ElementFinder$2.findElement(ElementLocation.java:162)
at org.openqa.selenium.remote.ElementLocation.findElement(ElementLocation.java:60)
at org.openqa.selenium.remote.RemoteWebDriver.findElement(RemoteWebDriver.java:383)
at org.openqa.selenium.remote.RemoteWebDriver.findElement(RemoteWebDriver.java:375)
at org.openqa.selenium.support.pagefactory.DefaultElementLocator.findElement(DefaultElementLocator.java:70)
at org.openqa.selenium.support.pagefactory.internal.LocatingElementHandler.invoke(LocatingElementHandler.java:39)
at jdk.proxy2/jdk.proxy2.$Proxy23.getWrappedElement(Unknown Source)
at org.openqa.selenium.remote.internal.WebElementToJsonConverter.apply(WebElementToJsonConverter.java:51)
at java.base/java.util.stream.ReferencePipeline$3$1.accept(ReferencePipeline.java:197)
at java.base/java.util.Spliterators$ArraySpliterator.forEachRemaining(Spliterators.java:1006)
at java.base/java.util.stream.AbstractPipeline.copyInto(AbstractPipeline.java:509)
at java.base/java.util.stream.AbstractPipeline.wrapAndCopyInto(AbstractPipeline.java:499)
at java.base/java.util.stream.ReduceOps$ReduceOp.evaluateSequential(ReduceOps.java:921)
at java.base/java.util.stream.AbstractPipeline.evaluate(AbstractPipeline.java:234)
at java.base/java.util.stream.ReferencePipeline.collect(ReferencePipeline.java:682)
at org.openqa.selenium.remote.RemoteWebDriver.executeScript(RemoteWebDriver.java:490)
at com.amt.testUtil.HelperClass.highlightElement(HelperClass.java:15)
at com.amt.pages.LoginPage.enter_credentials(LoginPage.java:50)
at com.amt.testBase.TestBase.setup(TestBase.java:133)
at java.base/java.util.ArrayList.forEach(ArrayList.java:1511)
... Removed 26 stack frames]]>
    </failure>
  </testcase> <!-- @BeforeClass setup -->
  <testcase classname="com.amt.testBase.TestBase" name="@AfterClass tearDown" time="-1.709394505535E9">
    <skipped/>
  </testcase> <!-- @AfterClass tearDown -->
  <testcase classname="newCar.CP.Acquisition_Quotes_CP_CP_without_maintenance_Test" name="aquisition_quotes_CP_CP_OTR_calculation_without_maintenance_test" time="114.579"/>
  <testcase classname="newCar.CP.Acquisition_Quotes_CP_CP_without_maintenance_Test" name="aquisition_quotes_CP_CP_after_discount_calculations_without_maintenance_test" time="4.676"/>
  <testcase classname="newCar.CP.Acquisition_Quotes_CP_CP_without_maintenance_Test" name="aquisition_quotes_CP_CP_holding_cost_calculations_without_maintenance_test" time="40.307"/>
  <testcase classname="newCar.CP.Acquisition_Quotes_CP_CP_without_maintenance_Test" name="aquisition_quotes_CP_CP_customer_quote_calculations_check_monthly_finance_payment_without_maintenance_test" time="36.381">
    <failure type="java.lang.AssertionError" message="expected [true] but found [false]">
      <![CDATA[java.lang.AssertionError: expected [true] but found [false]
at newCar.CP.Acquisition_Quotes_CP_CP_without_maintenance_Test.aquisition_quotes_CP_CP_customer_quote_calculations_check_monthly_finance_payment_without_maintenance_test(Acquisition_Quotes_CP_CP_without_maintenance_Test.java:119)
at java.base/java.util.ArrayList.forEach(ArrayList.java:1511)
... Removed 29 stack frames]]>
    </failure>
  </testcase> <!-- aquisition_quotes_CP_CP_customer_quote_calculations_check_monthly_finance_payment_without_maintenance_test -->
  <testcase classname="newCar.CP.Acquisition_Quotes_CP_CP_without_maintenance_Test" name="aquisition_quotes_CP_CP_customer_quote_vehicle_profit_edit_check_without_maintenance_test" time="0.0">
    <skipped/>
  </testcase> <!-- aquisition_quotes_CP_CP_customer_quote_vehicle_profit_edit_check_without_maintenance_test -->
  <testcase classname="newCar.CP.Acquisition_Quotes_CP_CP_without_maintenance_Test" name="aquisition_quotes_CP_CP_customer_quote_part_exchange_value_edit_check_without_maintenance_test" time="0.0">
    <skipped/>
  </testcase> <!-- aquisition_quotes_CP_CP_customer_quote_part_exchange_value_edit_check_without_maintenance_test -->
  <testcase classname="newCar.CP.Acquisition_Quotes_CP_CP_without_maintenance_Test" name="aquisition_quotes_CP_CP_quote_summary_values_verification_without_maintenance_test" time="0.0">
    <skipped/>
  </testcase> <!-- aquisition_quotes_CP_CP_quote_summary_values_verification_without_maintenance_test -->
  <testcase classname="newCar.HPNR.Acquisition_Quotes_HPNR_PCP_with_funder_quote_addition_with_maintenance_Test" name="aquisition_quotes_HPNR_PCP_OTR_calculation_with_maintenance_test" time="109.806"/>
  <testcase classname="newCar.HPNR.Acquisition_Quotes_HPNR_PCP_with_funder_quote_addition_with_maintenance_Test" name="aquisition_quotes_HPNR_PCP_after_discount_calculations_with_maintenance_test" time="4.529"/>
  <testcase classname="newCar.HPNR.Acquisition_Quotes_HPNR_PCP_with_funder_quote_addition_with_maintenance_Test" name="aquisition_quotes_HPNR_PCP_holding_cost_calculations_with_maintenance_test" time="29.219"/>
  <testcase classname="newCar.HPNR.Acquisition_Quotes_HPNR_PCP_with_funder_quote_addition_with_maintenance_Test" name="aquisition_quotes_HPNR_PCP_customer_quote_calculations_check_monthly_finance_payment_with_maintenance_test" time="54.051"/>
  <testcase classname="newCar.HPNR.Acquisition_Quotes_HPNR_PCP_with_funder_quote_addition_with_maintenance_Test" name="aquisition_quotes_HPNR_PCP_quote_summary_values_verification_with_maintenance_test" time="266.202"/>
  <testcase classname="newCar.BCH.Acquisition_Quotes_BCH_BCH_without_maintenance_Test" name="aquisition_quotes_BCH_BCH_OTR_calculation_without_maintenance_test" time="106.802"/>
  <testcase classname="newCar.BCH.Acquisition_Quotes_BCH_BCH_without_maintenance_Test" name="aquisition_quotes_BCH_BCH_after_discount_calculations_without_maintenance_test" time="4.572"/>
  <testcase classname="newCar.BCH.Acquisition_Quotes_BCH_BCH_without_maintenance_Test" name="aquisition_quotes_BCH_BCH_holding_cost_calculations_without_maintenance_test" time="22.375"/>
  <testcase classname="newCar.BCH.Acquisition_Quotes_BCH_BCH_without_maintenance_Test" name="aquisition_quotes_BCH_BCH_customer_quote_payment_profile_calculations_without_maintenance_test" time="219.248"/>
  <testcase classname="newCar.BCH.Acquisition_Quotes_BCH_BCH_without_maintenance_Test" name="aquisition_quotes_BCH_BCH_quote_summary_values_verification_without_maintenance_test" time="162.059">
    <failure type="org.openqa.selenium.ElementClickInterceptedException" message="element click intercepted: Element &amp;lt;div class=&amp;quot;acc-head&amp;quot; style=&amp;quot; border: 1px solid white;&amp;quot;&amp;gt;...&amp;lt;/div&amp;gt; is not clickable at point (598, 747). Other element would receive the click: &amp;lt;div _ngcontent-ycb-c4=&amp;quot;&amp;quot; class=&amp;quot;acc-head&amp;quot;&amp;gt;...&amp;lt;/div&amp;gt;
  (Session info: chrome=122.0.6261.95)
Build info: version: &amp;apos;4.1.0&amp;apos;, revision: &amp;apos;87802e897b&amp;apos;
System info: host: &amp;apos;DSK-4052&amp;apos;, ip: &amp;apos;172.16.1.80&amp;apos;, os.name: &amp;apos;Windows 10&amp;apos;, os.arch: &amp;apos;amd64&amp;apos;, os.version: &amp;apos;10.0&amp;apos;, java.version: &amp;apos;19.0.1&amp;apos;
Driver info: org.openqa.selenium.chrome.ChromeDriver
Command: [5e92e4bfec4ba9e8e5d4f2fe29cf4b97, clickElement {id=377A0E7F41F8C72BBEBABD65A8E61A6C_element_2100}]
Capabilities {acceptInsecureCerts: false, browserName: chrome, browserVersion: 122.0.6261.95, chrome: {chromedriverVersion: 121.0.6167.85 (3f98d690ad7e..., userDataDir: C:\Users\NITEIN~1.KUR\AppDa...}, fedcm:accounts: true, goog:chromeOptions: {debuggerAddress: localhost:52905}, javascriptEnabled: true, networkConnectionEnabled: false, pageLoadStrategy: normal, platform: WINDOWS, platformName: WINDOWS, proxy: Proxy(), se:cdp: ws://localhost:52905/devtoo..., se:cdpVersion: 122.0.6261.95, setWindowRect: true, strictFileInteractability: false, timeouts: {implicit: 0, pageLoad: 300000, script: 30000}, unhandledPromptBehavior: dismiss and notify, webauthn:extension:credBlob: true, webauthn:extension:largeBlob: true, webauthn:extension:minPinLength: true, webauthn:extension:prf: true, webauthn:virtualAuthenticators: true}
Element: [[ChromeDriver: chrome on WINDOWS (5e92e4bfec4ba9e8e5d4f2fe29cf4b97)] -&amp;gt; xpath: //*[@id=&amp;apos;headingCustomerQuote&amp;apos;]/div[1]/button/div]
Session ID: 5e92e4bfec4ba9e8e5d4f2fe29cf4b97">
      <![CDATA[org.openqa.selenium.ElementClickInterceptedException: element click intercepted: Element <div class="acc-head" style=" border: 1px solid white;">...</div> is not clickable at point (598, 747). Other element would receive the click: <div _ngcontent-ycb-c4="" class="acc-head">...</div>
  (Session info: chrome=122.0.6261.95)
Build info: version: '4.1.0', revision: '87802e897b'
System info: host: 'DSK-4052', ip: '172.16.1.80', os.name: 'Windows 10', os.arch: 'amd64', os.version: '10.0', java.version: '19.0.1'
Driver info: org.openqa.selenium.chrome.ChromeDriver
Command: [5e92e4bfec4ba9e8e5d4f2fe29cf4b97, clickElement {id=377A0E7F41F8C72BBEBABD65A8E61A6C_element_2100}]
Capabilities {acceptInsecureCerts: false, browserName: chrome, browserVersion: 122.0.6261.95, chrome: {chromedriverVersion: 121.0.6167.85 (3f98d690ad7e..., userDataDir: C:\Users\NITEIN~1.KUR\AppDa...}, fedcm:accounts: true, goog:chromeOptions: {debuggerAddress: localhost:52905}, javascriptEnabled: true, networkConnectionEnabled: false, pageLoadStrategy: normal, platform: WINDOWS, platformName: WINDOWS, proxy: Proxy(), se:cdp: ws://localhost:52905/devtoo..., se:cdpVersion: 122.0.6261.95, setWindowRect: true, strictFileInteractability: false, timeouts: {implicit: 0, pageLoad: 300000, script: 30000}, unhandledPromptBehavior: dismiss and notify, webauthn:extension:credBlob: true, webauthn:extension:largeBlob: true, webauthn:extension:minPinLength: true, webauthn:extension:prf: true, webauthn:virtualAuthenticators: true}
Element: [[ChromeDriver: chrome on WINDOWS (5e92e4bfec4ba9e8e5d4f2fe29cf4b97)] -> xpath: //*[@id='headingCustomerQuote']/div[1]/button/div]
Session ID: 5e92e4bfec4ba9e8e5d4f2fe29cf4b97
at org.openqa.selenium.remote.codec.w3c.W3CHttpResponseCodec.createException(W3CHttpResponseCodec.java:200)
at org.openqa.selenium.remote.codec.w3c.W3CHttpResponseCodec.decode(W3CHttpResponseCodec.java:133)
at org.openqa.selenium.remote.codec.w3c.W3CHttpResponseCodec.decode(W3CHttpResponseCodec.java:53)
at org.openqa.selenium.remote.HttpCommandExecutor.execute(HttpCommandExecutor.java:184)
at org.openqa.selenium.remote.service.DriverCommandExecutor.invokeExecute(DriverCommandExecutor.java:164)
at org.openqa.selenium.remote.service.DriverCommandExecutor.execute(DriverCommandExecutor.java:139)
at org.openqa.selenium.remote.RemoteWebDriver.execute(RemoteWebDriver.java:559)
at org.openqa.selenium.remote.RemoteWebElement.execute(RemoteWebElement.java:251)
at org.openqa.selenium.remote.RemoteWebElement.click(RemoteWebElement.java:77)
at org.openqa.selenium.support.pagefactory.internal.LocatingElementHandler.invoke(LocatingElementHandler.java:52)
at jdk.proxy2/jdk.proxy2.$Proxy23.click(Unknown Source)
at com.amt.testUtil.Click.on(Click.java:22)
at com.amt.QuoteSummaryPages.QuoteSummary_BCH_BCH_Page.quote_summary_edit_finance_margin_value_verification(QuoteSummary_BCH_BCH_Page.java:1619)
at newCar.BCH.Acquisition_Quotes_BCH_BCH_without_maintenance_Test.aquisition_quotes_BCH_BCH_quote_summary_values_verification_without_maintenance_test(Acquisition_Quotes_BCH_BCH_without_maintenance_Test.java:267)
at java.base/java.util.ArrayList.forEach(ArrayList.java:1511)
... Removed 30 stack frames]]>
    </failure>
  </testcase> <!-- aquisition_quotes_BCH_BCH_quote_summary_values_verification_without_maintenance_test -->
  <testcase classname="newCar.BROKER.Acquisition_Quotes_Broker_FL_with_maintenance_Test" name="aquisition_quotes_user_flow_broker_pch_OTR_calculation_with_maintenance_test" time="115.143"/>
  <testcase classname="newCar.BROKER.Acquisition_Quotes_Broker_FL_with_maintenance_Test" name="aquisition_quotes_user_flow_broker_pch_after_discount_calculation_with_maintenance_test" time="4.544"/>
  <testcase classname="newCar.BROKER.Acquisition_Quotes_Broker_FL_with_maintenance_Test" name="aquisition_quotes_user_flow_broker_pch_funder_quote_addition_with_maintenance_test" time="42.389"/>
  <testcase classname="newCar.BROKER.Acquisition_Quotes_Broker_FL_with_maintenance_Test" name="aquisition_quotes_user_flow_broker_pch_quote_summary_calculation_with_maintenance_test" time="26.984"/>
  <testcase classname="newCar.OP.Acquisition_Quotes_Outright_HPNR_with_maintenance_Test" name="aquisition_quotes_outright_HPNR_OTR_calculation_with_maintenance_test" time="108.462"/>
  <testcase classname="newCar.OP.Acquisition_Quotes_Outright_HPNR_with_maintenance_Test" name="aquisition_quotes_outright_HPNR_after_discount_calculations_with_maintenance_test" time="4.565"/>
  <testcase classname="newCar.OP.Acquisition_Quotes_Outright_HPNR_with_maintenance_Test" name="aquisition_quotes_outright_HPNR_holding_cost_calculations_with_maintenance_test" time="51.916"/>
  <testcase classname="newCar.OP.Acquisition_Quotes_Outright_HPNR_with_maintenance_Test" name="aquisition_quotes_outright_HPNR_customer_quote_calculations_check_monthly_finance_payment_with_maintenance_test" time="123.268"/>
  <testcase classname="newCar.OP.Acquisition_Quotes_Outright_HPNR_with_maintenance_Test" name="aquisition_quotes_outright_HPNR_customer_quote_vehicle_profit_edit_check_with_maintenance_test" time="21.325">
    <failure type="java.lang.AssertionError" message="expected [true] but found [false]">
      <![CDATA[java.lang.AssertionError: expected [true] but found [false]
at newCar.OP.Acquisition_Quotes_Outright_HPNR_with_maintenance_Test.aquisition_quotes_outright_HPNR_customer_quote_vehicle_profit_edit_check_with_maintenance_test(Acquisition_Quotes_Outright_HPNR_with_maintenance_Test.java:154)
at java.base/java.util.ArrayList.forEach(ArrayList.java:1511)
... Removed 29 stack frames]]>
    </failure>
  </testcase> <!-- aquisition_quotes_outright_HPNR_customer_quote_vehicle_profit_edit_check_with_maintenance_test -->
  <testcase classname="newCar.OP.Acquisition_Quotes_Outright_HPNR_with_maintenance_Test" name="aquisition_quotes_outright_HPNR_customer_quote_part_exchange_value_edit_check_with_maintenance_test" time="0.0">
    <skipped/>
  </testcase> <!-- aquisition_quotes_outright_HPNR_customer_quote_part_exchange_value_edit_check_with_maintenance_test -->
  <testcase classname="newCar.OP.Acquisition_Quotes_Outright_HPNR_with_maintenance_Test" name="aquisition_quotes_outright_HPNR_customer_quote_monthly_finance_payment_after_balloon_payment_off_with_maintenance_test" time="0.0">
    <skipped/>
  </testcase> <!-- aquisition_quotes_outright_HPNR_customer_quote_monthly_finance_payment_after_balloon_payment_off_with_maintenance_test -->
  <testcase classname="newCar.OP.Acquisition_Quotes_Outright_HPNR_with_maintenance_Test" name="aquisition_quotes_outright_HPNR_quote_summary_values_verification_with_maintenance_test" time="0.0">
    <skipped/>
  </testcase> <!-- aquisition_quotes_outright_HPNR_quote_summary_values_verification_with_maintenance_test -->
  <testcase classname="newCar.CP.Acquisition_Quotes_CP_PCH_without_maintenance_Test" name="aquisition_quotes_CP_PCH_OTR_calculation_without_maintenance_test" time="111.0"/>
  <testcase classname="newCar.CP.Acquisition_Quotes_CP_PCH_without_maintenance_Test" name="aquisition_quotes_CP_PCH_after_discount_calculations_without_maintenance_test" time="4.613"/>
  <testcase classname="newCar.CP.Acquisition_Quotes_CP_PCH_without_maintenance_Test" name="aquisition_quotes_CP_PCH_holding_cost_calculations_without_maintenance_test" time="62.898"/>
  <testcase classname="newCar.CP.Acquisition_Quotes_CP_PCH_without_maintenance_Test" name="aquisition_quotes_CP_PCH_customer_quote_payment_profile_calculations_without_maintenance_test" time="205.422"/>
  <testcase classname="newCar.CP.Acquisition_Quotes_CP_PCH_without_maintenance_Test" name="aquisition_quotes_CP_PCH_quote_summary_values_verification_without_maintenance_test" time="192.618"/>
  <testcase classname="newCar.HPNR.Acquisition_Quotes_HPNR_FL_with_maintenance_Test" name="aquisition_quotes_HPNR_FL_OTR_calculation_with_maintenance_test" time="113.633"/>
  <testcase classname="newCar.HPNR.Acquisition_Quotes_HPNR_FL_with_maintenance_Test" name="aquisition_quotes_HPNR_FL_after_discount_calculations_with_maintenance_test" time="4.462"/>
  <testcase classname="newCar.HPNR.Acquisition_Quotes_HPNR_FL_with_maintenance_Test" name="aquisition_quotes_HPNR_FL_other_support_check_with_maintenance_test" time="21.956"/>
  <testcase classname="newCar.HPNR.Acquisition_Quotes_HPNR_FL_with_maintenance_Test" name="aquisition_quotes_HPNR_FL_holding_cost_calculations_with_maintenance_test" time="76.435"/>
  <testcase classname="newCar.HPNR.Acquisition_Quotes_HPNR_FL_with_maintenance_Test" name="aquisition_quotes_HPNR_FL_customer_quote_payment_profile_calculations_with_maintenance_test" time="155.294"/>
  <testcase classname="newCar.HPNR.Acquisition_Quotes_HPNR_FL_with_maintenance_Test" name="aquisition_quotes_HPNR_FL_quote_summary_values_verification_with_maintenance_test" time="41.516">
    <failure type="java.lang.AssertionError" message="expected [true] but found [false]">
      <![CDATA[java.lang.AssertionError: expected [true] but found [false]
at newCar.HPNR.Acquisition_Quotes_HPNR_FL_with_maintenance_Test.aquisition_quotes_HPNR_FL_quote_summary_values_verification_with_maintenance_test(Acquisition_Quotes_HPNR_FL_with_maintenance_Test.java:322)
at java.base/java.util.ArrayList.forEach(ArrayList.java:1511)
... Removed 29 stack frames]]>
    </failure>
  </testcase> <!-- aquisition_quotes_HPNR_FL_quote_summary_values_verification_with_maintenance_test -->
  <testcase classname="newCar.OP.Acquisition_Quotes_Outright_BCH_with_maintenance_Test" name="aquisition_quotes_outright_BCH_OTR_calculation_with_maintenance_test" time="106.235"/>
  <testcase classname="newCar.OP.Acquisition_Quotes_Outright_BCH_with_maintenance_Test" name="aquisition_quotes_outright_BCH_after_discount_calculations_with_maintenance_test" time="4.589"/>
  <testcase classname="newCar.OP.Acquisition_Quotes_Outright_BCH_with_maintenance_Test" name="aquisition_quotes_outright_BCH_other_support_check_with_maintenance_test" time="21.885"/>
  <testcase classname="newCar.OP.Acquisition_Quotes_Outright_BCH_with_maintenance_Test" name="aquisition_quotes_outright_BCH_holding_cost_calculations_with_maintenance_test" time="70.158"/>
  <testcase classname="newCar.OP.Acquisition_Quotes_Outright_BCH_with_maintenance_Test" name="aquisition_quotes_outright_BCH_customer_quote_payment_profile_calculations_with_maintenance_test" time="132.201"/>
  <testcase classname="newCar.OP.Acquisition_Quotes_Outright_BCH_with_maintenance_Test" name="aquisition_quotes_outright_BCH_quote_summary_values_verification_with_maintenance_test" time="142.95"/>
  <testcase classname="newCar.HPNR.Acquisition_Quotes_HPNR_HPR_with_maintenance_Test" name="aquisition_quotes_HPNR_HPR_OTR_calculation_with_maintenance_test" time="106.315"/>
  <testcase classname="newCar.HPNR.Acquisition_Quotes_HPNR_HPR_with_maintenance_Test" name="aquisition_quotes_HPNR_HPR_after_discount_calculations_with_maintenance_test" time="4.605"/>
  <testcase classname="newCar.HPNR.Acquisition_Quotes_HPNR_HPR_with_maintenance_Test" name="aquisition_quotes_HPNR_HPR_holding_cost_calculations_with_maintenance_test" time="59.903"/>
  <testcase classname="newCar.HPNR.Acquisition_Quotes_HPNR_HPR_with_maintenance_Test" name="aquisition_quotes_HPNR_HPR_customer_quote_calculations_check_monthly_finance_payment_with_maintenance_test" time="54.125">
    <failure type="java.lang.AssertionError" message="expected [true] but found [false]">
      <![CDATA[java.lang.AssertionError: expected [true] but found [false]
at newCar.HPNR.Acquisition_Quotes_HPNR_HPR_with_maintenance_Test.aquisition_quotes_HPNR_HPR_customer_quote_calculations_check_monthly_finance_payment_with_maintenance_test(Acquisition_Quotes_HPNR_HPR_with_maintenance_Test.java:134)
at java.base/java.util.ArrayList.forEach(ArrayList.java:1511)
... Removed 29 stack frames]]>
    </failure>
  </testcase> <!-- aquisition_quotes_HPNR_HPR_customer_quote_calculations_check_monthly_finance_payment_with_maintenance_test -->
  <testcase classname="newCar.HPNR.Acquisition_Quotes_HPNR_HPR_with_maintenance_Test" name="aquisition_quotes_HPNR_HPR_customer_quote_vehicle_profit_edit_check_with_maintenance_test" time="0.0">
    <skipped/>
  </testcase> <!-- aquisition_quotes_HPNR_HPR_customer_quote_vehicle_profit_edit_check_with_maintenance_test -->
  <testcase classname="newCar.HPNR.Acquisition_Quotes_HPNR_HPR_with_maintenance_Test" name="aquisition_quotes_HPNR_HPR_customer_quote_part_exchange_value_edit_check_with_maintenance_test" time="0.0">
    <skipped/>
  </testcase> <!-- aquisition_quotes_HPNR_HPR_customer_quote_part_exchange_value_edit_check_with_maintenance_test -->
  <testcase classname="newCar.HPNR.Acquisition_Quotes_HPNR_HPR_with_maintenance_Test" name="aquisition_quotes_HPNR_HPR_customer_quote_monthly_finance_payment_after_balloon_payment_off_with_maintenance_test" time="0.0">
    <skipped/>
  </testcase> <!-- aquisition_quotes_HPNR_HPR_customer_quote_monthly_finance_payment_after_balloon_payment_off_with_maintenance_test -->
  <testcase classname="newCar.HPNR.Acquisition_Quotes_HPNR_HPR_with_maintenance_Test" name="aquisition_quotes_HPNR_HPR_quote_summary_values_verification_with_maintenance_test" time="0.0">
    <skipped/>
  </testcase> <!-- aquisition_quotes_HPNR_HPR_quote_summary_values_verification_with_maintenance_test -->
  <testcase classname="newCar.FL.Acquisition_Quotes_FL_PCH_without_maintenance_Test" name="aquisition_quotes_FL_PCH_OTR_calculation_without_maintenance_test" time="109.575"/>
  <testcase classname="newCar.FL.Acquisition_Quotes_FL_PCH_without_maintenance_Test" name="aquisition_quotes_FL_PCH_after_discount_calculations_without_maintenance_test" time="4.588"/>
  <testcase classname="newCar.FL.Acquisition_Quotes_FL_PCH_without_maintenance_Test" name="aquisition_quotes_FL_PCH_holding_cost_calculations_without_maintenance_test" time="54.434"/>
  <testcase classname="newCar.FL.Acquisition_Quotes_FL_PCH_without_maintenance_Test" name="aquisition_quotes_FL_PCH_customer_quote_payment_profile_calculations_without_maintenance_test" time="89.609"/>
  <testcase classname="newCar.FL.Acquisition_Quotes_FL_PCH_without_maintenance_Test" name="aquisition_quotes_FL_PCH_quote_summary_values_verification_without_maintenance_test" time="192.972"/>
  <testcase classname="newCar.BROKER.Acquisition_Quotes_Broker_HPR_Test" name="aquisition_quotes_user_flow_broker_HPR_OTR_calculation" time="118.006"/>
  <testcase classname="newCar.BROKER.Acquisition_Quotes_Broker_HPR_Test" name="aquisition_quotes_user_flow_broker_HPR_after_discount_calculations_test" time="4.355"/>
  <testcase classname="newCar.BROKER.Acquisition_Quotes_Broker_HPR_Test" name="aquisition_quotes_user_flow_broker_HPR_vehicle_profit_check_test" time="18.793"/>
  <testcase classname="newCar.BROKER.Acquisition_Quotes_Broker_HPR_Test" name="aquisition_quotes_user_flow_broker_HPR_balance_to_finance_check_test" time="39.313"/>
  <testcase classname="newCar.BROKER.Acquisition_Quotes_Broker_HPR_Test" name="aquisition_quotes_user_flow_broker_HPR_quote_summary_values_verification_test" time="18.888"/>
  <testcase classname="newCar.FL.Acquisition_Quotes_FL_FL_without_maintenance_Test" name="aquisition_quotes_FL_FL_OTR_calculation_without_maintenance_test" time="107.802"/>
  <testcase classname="newCar.FL.Acquisition_Quotes_FL_FL_without_maintenance_Test" name="aquisition_quotes_FL_FL_after_discount_calculations_without_maintenance_test" time="4.583"/>
  <testcase classname="newCar.FL.Acquisition_Quotes_FL_FL_without_maintenance_Test" name="aquisition_quotes_FL_FL_holding_cost_calculations_without_maintenance_test" time="64.832"/>
  <testcase classname="newCar.FL.Acquisition_Quotes_FL_FL_without_maintenance_Test" name="aquisition_quotes_FL_FL_customer_quote_payment_profile_calculations_without_maintenance_test" time="110.359"/>
  <testcase classname="newCar.FL.Acquisition_Quotes_FL_FL_without_maintenance_Test" name="aquisition_quotes_FL_FL_quote_summary_values_verification_without_maintenance_test" time="110.755">
    <failure type="java.lang.AssertionError" message="expected [true] but found [false]">
      <![CDATA[java.lang.AssertionError: expected [true] but found [false]
at newCar.FL.Acquisition_Quotes_FL_FL_without_maintenance_Test.aquisition_quotes_FL_FL_quote_summary_values_verification_without_maintenance_test(Acquisition_Quotes_FL_FL_without_maintenance_Test.java:237)
at java.base/java.util.ArrayList.forEach(ArrayList.java:1511)
... Removed 29 stack frames]]>
    </failure>
  </testcase> <!-- aquisition_quotes_FL_FL_quote_summary_values_verification_without_maintenance_test -->
  <testcase classname="newCar.BCH.Acquisition_Quotes_BCH_BCH_with_maintenance_Test" name="aquisition_quotes_BCH_BCH_OTR_calculation_with_maintenance_test" time="106.505"/>
  <testcase classname="newCar.BCH.Acquisition_Quotes_BCH_BCH_with_maintenance_Test" name="aquisition_quotes_BCH_BCH_after_discount_calculations_with_maintenance_test" time="4.502"/>
  <testcase classname="newCar.BCH.Acquisition_Quotes_BCH_BCH_with_maintenance_Test" name="aquisition_quotes_BCH_BCH_holding_cost_calculations_with_maintenance_test" time="29.034"/>
  <testcase classname="newCar.BCH.Acquisition_Quotes_BCH_BCH_with_maintenance_Test" name="aquisition_quotes_BCH_BCH_customer_quote_payment_profile_calculations_with_maintenance_test" time="48.953">
    <failure type="org.openqa.selenium.TimeoutException" message="Expected condition failed: waiting for element to be clickable: Proxy element for: DefaultElementLocator &amp;apos;By.xpath: //label[@class=&amp;apos;switch mr-1 ml-1&amp;apos;]//span[@class=&amp;apos;slider round&amp;apos;]&amp;apos; (tried for 40 second(s) with 500 milliseconds interval)">
      <![CDATA[org.openqa.selenium.TimeoutException: Expected condition failed: waiting for element to be clickable: Proxy element for: DefaultElementLocator 'By.xpath: //label[@class='switch mr-1 ml-1']//span[@class='slider round']' (tried for 40 second(s) with 500 milliseconds interval)
at org.openqa.selenium.support.ui.WebDriverWait.timeoutException(WebDriverWait.java:138)
at org.openqa.selenium.support.ui.FluentWait.until(FluentWait.java:231)
at com.amt.testUtil.Click.on(Click.java:18)
at com.amt.CustomerQuotePackage.CustomerQuotePage_BCH_BCH_Page.customer_Quote_BCH_BCH_for_one_payment_option_with_maintenance_calculation(CustomerQuotePage_BCH_BCH_Page.java:618)
at newCar.BCH.Acquisition_Quotes_BCH_BCH_with_maintenance_Test.aquisition_quotes_BCH_BCH_customer_quote_payment_profile_calculations_with_maintenance_test(Acquisition_Quotes_BCH_BCH_with_maintenance_Test.java:137)
at java.base/java.util.ArrayList.forEach(ArrayList.java:1511)
Caused by: org.openqa.selenium.NoSuchElementException: no such element: Unable to locate element: {"method":"xpath","selector":"//label[@class='switch mr-1 ml-1']//span[@class='slider round']"}
  (Session info: chrome=122.0.6261.95)
For documentation on this error, please visit: https://selenium.dev/exceptions/#no_such_element
Build info: version: '4.1.0', revision: '87802e897b'
System info: host: 'DSK-4052', ip: '172.16.1.80', os.name: 'Windows 10', os.arch: 'amd64', os.version: '10.0', java.version: '19.0.1'
Driver info: org.openqa.selenium.chrome.ChromeDriver
Command: [1e96bb4e9b4ae67a3920471de08eef8f, findElement {using=xpath, value=//label[@class='switch mr-1 ml-1']//span[@class='slider round']}]
Capabilities {acceptInsecureCerts: false, browserName: chrome, browserVersion: 122.0.6261.95, chrome: {chromedriverVersion: 121.0.6167.85 (3f98d690ad7e..., userDataDir: C:\Users\NITEIN~1.KUR\AppDa...}, fedcm:accounts: true, goog:chromeOptions: {debuggerAddress: localhost:54292}, javascriptEnabled: true, networkConnectionEnabled: false, pageLoadStrategy: normal, platform: WINDOWS, platformName: WINDOWS, proxy: Proxy(), se:cdp: ws://localhost:54292/devtoo..., se:cdpVersion: 122.0.6261.95, setWindowRect: true, strictFileInteractability: false, timeouts: {implicit: 0, pageLoad: 300000, script: 30000}, unhandledPromptBehavior: dismiss and notify, webauthn:extension:credBlob: true, webauthn:extension:largeBlob: true, webauthn:extension:minPinLength: true, webauthn:extension:prf: true, webauthn:virtualAuthenticators: true}
Session ID: 1e96bb4e9b4ae67a3920471de08eef8f
at org.openqa.selenium.remote.codec.w3c.W3CHttpResponseCodec.createException(W3CHttpResponseCodec.java:200)
at org.openqa.selenium.remote.codec.w3c.W3CHttpResponseCodec.decode(W3CHttpResponseCodec.java:133)
at org.openqa.selenium.remote.codec.w3c.W3CHttpResponseCodec.decode(W3CHttpResponseCodec.java:53)
at org.openqa.selenium.remote.HttpCommandExecutor.execute(HttpCommandExecutor.java:184)
at org.openqa.selenium.remote.service.DriverCommandExecutor.invokeExecute(DriverCommandExecutor.java:164)
at org.openqa.selenium.remote.service.DriverCommandExecutor.execute(DriverCommandExecutor.java:139)
at org.openqa.selenium.remote.RemoteWebDriver.execute(RemoteWebDriver.java:559)
at org.openqa.selenium.remote.ElementLocation$ElementFinder$2.findElement(ElementLocation.java:162)
at org.openqa.selenium.remote.ElementLocation.findElement(ElementLocation.java:60)
at org.openqa.selenium.remote.RemoteWebDriver.findElement(RemoteWebDriver.java:383)
at org.openqa.selenium.remote.RemoteWebDriver.findElement(RemoteWebDriver.java:375)
at org.openqa.selenium.support.pagefactory.DefaultElementLocator.findElement(DefaultElementLocator.java:70)
at org.openqa.selenium.support.pagefactory.internal.LocatingElementHandler.invoke(LocatingElementHandler.java:39)
at jdk.proxy2/jdk.proxy2.$Proxy23.isDisplayed(Unknown Source)
at org.openqa.selenium.support.ui.ExpectedConditions.elementIfVisible(ExpectedConditions.java:307)
at org.openqa.selenium.support.ui.ExpectedConditions.access$000(ExpectedConditions.java:40)
at org.openqa.selenium.support.ui.ExpectedConditions$10.apply(ExpectedConditions.java:293)
at org.openqa.selenium.support.ui.ExpectedConditions$10.apply(ExpectedConditions.java:290)
at org.openqa.selenium.support.ui.ExpectedConditions$23.apply(ExpectedConditions.java:660)
at org.openqa.selenium.support.ui.ExpectedConditions$23.apply(ExpectedConditions.java:656)
at org.openqa.selenium.support.ui.FluentWait.until(FluentWait.java:208)
... 29 more
... Removed 28 stack frames]]>
    </failure>
  </testcase> <!-- aquisition_quotes_BCH_BCH_customer_quote_payment_profile_calculations_with_maintenance_test -->
  <testcase classname="newCar.BCH.Acquisition_Quotes_BCH_BCH_with_maintenance_Test" name="aquisition_quotes_BCH_BCH_quote_summary_values_verification_with_maintenance_test" time="0.0">
    <skipped/>
  </testcase> <!-- aquisition_quotes_BCH_BCH_quote_summary_values_verification_with_maintenance_test -->
  <testcase classname="newCar.FL.Acquisition_Quotes_FL_FL_with_funder_quote_addition_without_maintenance_Test" name="aquisition_quotes_FL_FL_OTR_calculation_without_maintenance_test" time="106.867"/>
  <testcase classname="newCar.FL.Acquisition_Quotes_FL_FL_with_funder_quote_addition_without_maintenance_Test" name="aquisition_quotes_FL_FL_after_discount_calculations_without_maintenance_test" time="4.253"/>
  <testcase classname="newCar.FL.Acquisition_Quotes_FL_FL_with_funder_quote_addition_without_maintenance_Test" name="aquisition_quotes_FL_FL_holding_cost_calculations_without_maintenance_test" time="27.56"/>
  <testcase classname="newCar.FL.Acquisition_Quotes_FL_FL_with_funder_quote_addition_without_maintenance_Test" name="aquisition_quotes_FL_FL_customer_quote_payment_profile_calculations_without_maintenance_test" time="98.982"/>
  <testcase classname="newCar.FL.Acquisition_Quotes_FL_FL_with_funder_quote_addition_without_maintenance_Test" name="aquisition_quotes_FL_FL_quote_summary_values_verification_without_maintenance_test" time="155.208"/>
  <testcase classname="newCar.CP.Acquisition_Quotes_CP_PCP_with_funder_quote_addition_with_maintenance_Test" name="aquisition_quotes_CP_PCP_OTR_calculation_with_maintenance_test" time="110.619"/>
  <testcase classname="newCar.CP.Acquisition_Quotes_CP_PCP_with_funder_quote_addition_with_maintenance_Test" name="aquisition_quotes_CP_PCP_after_discount_calculations_with_maintenance_test" time="4.514"/>
  <testcase classname="newCar.CP.Acquisition_Quotes_CP_PCP_with_funder_quote_addition_with_maintenance_Test" name="aquisition_quotes_CP_PCP_holding_cost_calculations_with_maintenance_test" time="45.943"/>
  <testcase classname="newCar.CP.Acquisition_Quotes_CP_PCP_with_funder_quote_addition_with_maintenance_Test" name="aquisition_quotes_CP_PCP_customer_quote_calculations_check_monthly_finance_payment_with_maintenance_test" time="39.107">
    <failure type="java.lang.AssertionError" message="expected [true] but found [false]">
      <![CDATA[java.lang.AssertionError: expected [true] but found [false]
at newCar.CP.Acquisition_Quotes_CP_PCP_with_funder_quote_addition_with_maintenance_Test.aquisition_quotes_CP_PCP_customer_quote_calculations_check_monthly_finance_payment_with_maintenance_test(Acquisition_Quotes_CP_PCP_with_funder_quote_addition_with_maintenance_Test.java:118)
at java.base/java.util.ArrayList.forEach(ArrayList.java:1511)
... Removed 29 stack frames]]>
    </failure>
  </testcase> <!-- aquisition_quotes_CP_PCP_customer_quote_calculations_check_monthly_finance_payment_with_maintenance_test -->
  <testcase classname="newCar.CP.Acquisition_Quotes_CP_PCP_with_funder_quote_addition_with_maintenance_Test" name="aquisition_quotes_CP_PCP_quote_summary_values_verification_with_maintenance_test" time="0.0">
    <skipped/>
  </testcase> <!-- aquisition_quotes_CP_PCP_quote_summary_values_verification_with_maintenance_test -->
  <testcase classname="newCar.HPNR.Acquisition_Quotes_HPNR_HPR_with_funder_quote_addition_with_maintenance_Test" name="aquisition_quotes_HPNR_HPR_OTR_calculation_with_maintenance_test" time="107.841"/>
  <testcase classname="newCar.HPNR.Acquisition_Quotes_HPNR_HPR_with_funder_quote_addition_with_maintenance_Test" name="aquisition_quotes_HPNR_HPR_after_discount_calculations_with_maintenance_test" time="4.39"/>
  <testcase classname="newCar.HPNR.Acquisition_Quotes_HPNR_HPR_with_funder_quote_addition_with_maintenance_Test" name="aquisition_quotes_HPNR_HPR_holding_cost_calculations_with_maintenance_test" time="28.664"/>
  <testcase classname="newCar.HPNR.Acquisition_Quotes_HPNR_HPR_with_funder_quote_addition_with_maintenance_Test" name="aquisition_quotes_HPNR_HPR_customer_quote_calculations_check_monthly_finance_payment_with_maintenance_test" time="54.61"/>
  <testcase classname="newCar.HPNR.Acquisition_Quotes_HPNR_HPR_with_funder_quote_addition_with_maintenance_Test" name="aquisition_quotes_HPNR_HPR_customer_quote_monthly_total_payment_after_balloon_payment_off_with_maintenance_test" time="24.598"/>
  <testcase classname="newCar.HPNR.Acquisition_Quotes_HPNR_HPR_with_funder_quote_addition_with_maintenance_Test" name="aquisition_quotes_HPNR_HPR_quote_summary_values_verification_with_maintenance_test" time="261.331"/>
  <testcase classname="newCar.OP.Acquisition_Quotes_Outright_FL_without_maintenance_Test" name="aquisition_quotes_outright_FL_OTR_calculation_without_maintenance_test" time="107.764"/>
  <testcase classname="newCar.OP.Acquisition_Quotes_Outright_FL_without_maintenance_Test" name="aquisition_quotes_outright_FL_after_discount_calculations_without_maintenance_test" time="4.282"/>
  <testcase classname="newCar.OP.Acquisition_Quotes_Outright_FL_without_maintenance_Test" name="aquisition_quotes_outright_FL_other_support_check_without_maintenance_test" time="21.987"/>
  <testcase classname="newCar.OP.Acquisition_Quotes_Outright_FL_without_maintenance_Test" name="aquisition_quotes_outright_FL_holding_cost_calculations_without_maintenance_test" time="51.157"/>
  <testcase classname="newCar.OP.Acquisition_Quotes_Outright_FL_without_maintenance_Test" name="aquisition_quotes_outright_FL_customer_quote_payment_profile_calculations_without_maintenance_test" time="110.251"/>
  <testcase classname="newCar.OP.Acquisition_Quotes_Outright_FL_without_maintenance_Test" name="aquisition_quotes_outright_FL_quote_summary_values_verification_without_maintenance_test" time="112.758"/>
  <testcase classname="newCar.BCH.Acquisition_Quotes_BCH_PCH_with_maintenance_Test" name="aquisition_quotes_BCH_PCH_OTR_calculation_with_maintenance_test" time="0.0">
    <skipped/>
  </testcase> <!-- aquisition_quotes_BCH_PCH_OTR_calculation_with_maintenance_test -->
  <testcase classname="newCar.BCH.Acquisition_Quotes_BCH_PCH_with_maintenance_Test" name="aquisition_quotes_BCH_PCH_after_discount_calculations_with_maintenance_test" time="0.0">
    <skipped/>
  </testcase> <!-- aquisition_quotes_BCH_PCH_after_discount_calculations_with_maintenance_test -->
  <testcase classname="newCar.BCH.Acquisition_Quotes_BCH_PCH_with_maintenance_Test" name="aquisition_quotes_BCH_PCH_holding_cost_calculations_with_maintenance_test" time="0.0">
    <skipped/>
  </testcase> <!-- aquisition_quotes_BCH_PCH_holding_cost_calculations_with_maintenance_test -->
  <testcase classname="newCar.BCH.Acquisition_Quotes_BCH_PCH_with_maintenance_Test" name="aquisition_quotes_BCH_PCH_customer_quote_payment_profile_calculations_with_maintenance_test" time="0.0">
    <skipped/>
  </testcase> <!-- aquisition_quotes_BCH_PCH_customer_quote_payment_profile_calculations_with_maintenance_test -->
  <testcase classname="newCar.BCH.Acquisition_Quotes_BCH_PCH_with_maintenance_Test" name="aquisition_quotes_BCH_PCH_quote_summary_values_verification_with_maintenance_test" time="0.0">
    <skipped/>
  </testcase> <!-- aquisition_quotes_BCH_PCH_quote_summary_values_verification_with_maintenance_test -->
  <testcase classname="newCar.CP.Acquisition_Quotes_CP_PCH_with_funder_quote_addition_without_maintenance_Test" name="aquisition_quotes_CP_PCH_OTR_calculation_without_maintenance_test" time="72.608">
    <failure type="org.openqa.selenium.json.JsonException" message="java.lang.reflect.InvocationTargetException
Build info: version: &amp;apos;4.1.0&amp;apos;, revision: &amp;apos;87802e897b&amp;apos;
System info: host: &amp;apos;DSK-4052&amp;apos;, ip: &amp;apos;172.16.1.80&amp;apos;, os.name: &amp;apos;Windows 10&amp;apos;, os.arch: &amp;apos;amd64&amp;apos;, os.version: &amp;apos;10.0&amp;apos;, java.version: &amp;apos;19.0.1&amp;apos;
Driver info: org.openqa.selenium.chrome.ChromeDriver
Command: [810040d14b67ddea5c1dbcae816785e1, actions {actions=[org.openqa.selenium.interactions.Sequence@11efdea0]}]
Capabilities {acceptInsecureCerts: false, browserName: chrome, browserVersion: 122.0.6261.95, chrome: {chromedriverVersion: 121.0.6167.85 (3f98d690ad7e..., userDataDir: C:\Users\NITEIN~1.KUR\AppDa...}, fedcm:accounts: true, goog:chromeOptions: {debuggerAddress: localhost:54968}, javascriptEnabled: true, networkConnectionEnabled: false, pageLoadStrategy: normal, platform: WINDOWS, platformName: WINDOWS, proxy: Proxy(), se:cdp: ws://localhost:54968/devtoo..., se:cdpVersion: 122.0.6261.95, setWindowRect: true, strictFileInteractability: false, timeouts: {implicit: 0, pageLoad: 300000, script: 30000}, unhandledPromptBehavior: dismiss and notify, webauthn:extension:credBlob: true, webauthn:extension:largeBlob: true, webauthn:extension:minPinLength: true, webauthn:extension:prf: true, webauthn:virtualAuthenticators: true}
Session ID: 810040d14b67ddea5c1dbcae816785e1">
      <![CDATA[org.openqa.selenium.json.JsonException: java.lang.reflect.InvocationTargetException
Build info: version: '4.1.0', revision: '87802e897b'
System info: host: 'DSK-4052', ip: '172.16.1.80', os.name: 'Windows 10', os.arch: 'amd64', os.version: '10.0', java.version: '19.0.1'
Driver info: org.openqa.selenium.chrome.ChromeDriver
Command: [810040d14b67ddea5c1dbcae816785e1, actions {actions=[org.openqa.selenium.interactions.Sequence@11efdea0]}]
Capabilities {acceptInsecureCerts: false, browserName: chrome, browserVersion: 122.0.6261.95, chrome: {chromedriverVersion: 121.0.6167.85 (3f98d690ad7e..., userDataDir: C:\Users\NITEIN~1.KUR\AppDa...}, fedcm:accounts: true, goog:chromeOptions: {debuggerAddress: localhost:54968}, javascriptEnabled: true, networkConnectionEnabled: false, pageLoadStrategy: normal, platform: WINDOWS, platformName: WINDOWS, proxy: Proxy(), se:cdp: ws://localhost:54968/devtoo..., se:cdpVersion: 122.0.6261.95, setWindowRect: true, strictFileInteractability: false, timeouts: {implicit: 0, pageLoad: 300000, script: 30000}, unhandledPromptBehavior: dismiss and notify, webauthn:extension:credBlob: true, webauthn:extension:largeBlob: true, webauthn:extension:minPinLength: true, webauthn:extension:prf: true, webauthn:virtualAuthenticators: true}
Session ID: 810040d14b67ddea5c1dbcae816785e1
at org.openqa.selenium.json.JsonOutput.convertUsingMethod(JsonOutput.java:362)
at org.openqa.selenium.json.JsonOutput.lambda$new$16(JsonOutput.java:154)
at org.openqa.selenium.json.JsonOutput.write(JsonOutput.java:287)
at org.openqa.selenium.json.JsonOutput.lambda$new$22(JsonOutput.java:169)
at java.base/java.util.stream.ForEachOps$ForEachOp$OfRef.accept(ForEachOps.java:183)
at java.base/java.util.stream.ReferencePipeline$2$1.accept(ReferencePipeline.java:179)
at java.base/java.util.Iterator.forEachRemaining(Iterator.java:133)
at java.base/java.util.Spliterators$IteratorSpliterator.forEachRemaining(Spliterators.java:1921)
at java.base/java.util.stream.AbstractPipeline.copyInto(AbstractPipeline.java:509)
at java.base/java.util.stream.AbstractPipeline.wrapAndCopyInto(AbstractPipeline.java:499)
at java.base/java.util.stream.ForEachOps$ForEachOp.evaluateSequential(ForEachOps.java:150)
at java.base/java.util.stream.ForEachOps$ForEachOp$OfRef.evaluateSequential(ForEachOps.java:173)
at java.base/java.util.stream.AbstractPipeline.evaluate(AbstractPipeline.java:234)
at java.base/java.util.stream.ReferencePipeline.forEach(ReferencePipeline.java:596)
at org.openqa.selenium.json.JsonOutput.lambda$new$23(JsonOutput.java:169)
at org.openqa.selenium.json.JsonOutput.write(JsonOutput.java:287)
at org.openqa.selenium.json.JsonOutput.lambda$new$24(JsonOutput.java:182)
at com.google.common.collect.SingletonImmutableBiMap.forEach(SingletonImmutableBiMap.java:68)
at org.openqa.selenium.json.JsonOutput.lambda$new$25(JsonOutput.java:177)
at org.openqa.selenium.json.JsonOutput.write(JsonOutput.java:287)
at org.openqa.selenium.json.JsonOutput.write(JsonOutput.java:278)
at org.openqa.selenium.json.Json.toJson(Json.java:42)
at org.openqa.selenium.remote.codec.AbstractHttpCommandCodec.encode(AbstractHttpCommandCodec.java:259)
at org.openqa.selenium.remote.codec.AbstractHttpCommandCodec.encode(AbstractHttpCommandCodec.java:127)
at org.openqa.selenium.remote.HttpCommandExecutor.execute(HttpCommandExecutor.java:172)
at org.openqa.selenium.remote.service.DriverCommandExecutor.invokeExecute(DriverCommandExecutor.java:164)
at org.openqa.selenium.remote.service.DriverCommandExecutor.execute(DriverCommandExecutor.java:139)
at org.openqa.selenium.remote.RemoteWebDriver.execute(RemoteWebDriver.java:559)
at org.openqa.selenium.remote.RemoteWebDriver.perform(RemoteWebDriver.java:627)
at org.openqa.selenium.interactions.Actions$BuiltAction.perform(Actions.java:617)
at com.amt.pages.VehicleSelectionPage.select_vehicle(VehicleSelectionPage.java:123)
at newCar.CP.Acquisition_Quotes_CP_PCH_with_funder_quote_addition_without_maintenance_Test.aquisition_quotes_CP_PCH_OTR_calculation_without_maintenance_test(Acquisition_Quotes_CP_PCH_with_funder_quote_addition_without_maintenance_Test.java:54)
at java.base/java.util.ArrayList.forEach(ArrayList.java:1511)
Suppressed: org.openqa.selenium.json.JsonException: Attempting to close incomplete json stream
Build info: version: '4.1.0', revision: '87802e897b'
System info: host: 'DSK-4052', ip: '172.16.1.80', os.name: 'Windows 10', os.arch: 'amd64', os.version: '10.0', java.version: '19.0.1'
Driver info: driver.version: RemoteWebDriver
at org.openqa.selenium.json.JsonOutput.close(JsonOutput.java:303)
at org.openqa.selenium.json.Json.toJson(Json.java:40)
... 36 more
at org.openqa.selenium.json.JsonOutput.convertUsingMethod(JsonOutput.java:358)
... 57 more
Caused by: org.openqa.selenium.NoSuchElementException: no such element: Unable to locate element: {"method":"xpath","selector":"//*[@id="divVehicleTable"]/div[1]/div/div[1]/div/div[1]/div[2]"}
  (Session info: chrome=122.0.6261.95)
For documentation on this error, please visit: https://selenium.dev/exceptions/#no_such_element
Build info: version: '4.1.0', revision: '87802e897b'
System info: host: 'DSK-4052', ip: '172.16.1.80', os.name: 'Windows 10', os.arch: 'amd64', os.version: '10.0', java.version: '19.0.1'
Driver info: org.openqa.selenium.chrome.ChromeDriver
Command: [810040d14b67ddea5c1dbcae816785e1, findElement {using=xpath, value=//*[@id="divVehicleTable"]/div[1]/div/div[1]/div/div[1]/div[2]}]
Capabilities {acceptInsecureCerts: false, browserName: chrome, browserVersion: 122.0.6261.95, chrome: {chromedriverVersion: 121.0.6167.85 (3f98d690ad7e..., userDataDir: C:\Users\NITEIN~1.KUR\AppDa...}, fedcm:accounts: true, goog:chromeOptions: {debuggerAddress: localhost:54968}, javascriptEnabled: true, networkConnectionEnabled: false, pageLoadStrategy: normal, platform: WINDOWS, platformName: WINDOWS, proxy: Proxy(), se:cdp: ws://localhost:54968/devtoo..., se:cdpVersion: 122.0.6261.95, setWindowRect: true, strictFileInteractability: false, timeouts: {implicit: 0, pageLoad: 300000, script: 30000}, unhandledPromptBehavior: dismiss and notify, webauthn:extension:credBlob: true, webauthn:extension:largeBlob: true, webauthn:extension:minPinLength: true, webauthn:extension:prf: true, webauthn:virtualAuthenticators: true}
Session ID: 810040d14b67ddea5c1dbcae816785e1
at org.openqa.selenium.remote.codec.w3c.W3CHttpResponseCodec.createException(W3CHttpResponseCodec.java:200)
at org.openqa.selenium.remote.codec.w3c.W3CHttpResponseCodec.decode(W3CHttpResponseCodec.java:133)
at org.openqa.selenium.remote.codec.w3c.W3CHttpResponseCodec.decode(W3CHttpResponseCodec.java:53)
at org.openqa.selenium.remote.HttpCommandExecutor.execute(HttpCommandExecutor.java:184)
at org.openqa.selenium.remote.service.DriverCommandExecutor.invokeExecute(DriverCommandExecutor.java:164)
at org.openqa.selenium.remote.service.DriverCommandExecutor.execute(DriverCommandExecutor.java:139)
at org.openqa.selenium.remote.RemoteWebDriver.execute(RemoteWebDriver.java:559)
at org.openqa.selenium.remote.ElementLocation$ElementFinder$2.findElement(ElementLocation.java:162)
at org.openqa.selenium.remote.ElementLocation.findElement(ElementLocation.java:60)
at org.openqa.selenium.remote.RemoteWebDriver.findElement(RemoteWebDriver.java:383)
at org.openqa.selenium.remote.RemoteWebDriver.findElement(RemoteWebDriver.java:375)
at org.openqa.selenium.support.pagefactory.DefaultElementLocator.findElement(DefaultElementLocator.java:70)
at org.openqa.selenium.support.pagefactory.internal.LocatingElementHandler.invoke(LocatingElementHandler.java:39)
at jdk.proxy2/jdk.proxy2.$Proxy23.getWrappedElement(Unknown Source)
at org.openqa.selenium.interactions.PointerInput$Origin.asArg(PointerInput.java:201)
at org.openqa.selenium.interactions.PointerInput$Move.encode(PointerInput.java:152)
at org.openqa.selenium.interactions.Sequence.encode(Sequence.java:73)
at org.openqa.selenium.interactions.Sequence.toJson(Sequence.java:82)
... 59 more
... Removed 32 stack frames]]>
    </failure>
  </testcase> <!-- aquisition_quotes_CP_PCH_OTR_calculation_without_maintenance_test -->
  <testcase classname="newCar.CP.Acquisition_Quotes_CP_PCH_with_funder_quote_addition_without_maintenance_Test" name="aquisition_quotes_CP_PCH_after_discount_calculations_without_maintenance_test" time="0.0">
    <skipped/>
  </testcase> <!-- aquisition_quotes_CP_PCH_after_discount_calculations_without_maintenance_test -->
  <testcase classname="newCar.CP.Acquisition_Quotes_CP_PCH_with_funder_quote_addition_without_maintenance_Test" name="aquisition_quotes_CP_PCH_holding_cost_calculations_without_maintenance_test" time="0.0">
    <skipped/>
  </testcase> <!-- aquisition_quotes_CP_PCH_holding_cost_calculations_without_maintenance_test -->
  <testcase classname="newCar.CP.Acquisition_Quotes_CP_PCH_with_funder_quote_addition_without_maintenance_Test" name="aquisition_quotes_CP_PCH_customer_quote_payment_profile_calculations_without_maintenance_test" time="0.0">
    <skipped/>
  </testcase> <!-- aquisition_quotes_CP_PCH_customer_quote_payment_profile_calculations_without_maintenance_test -->
  <testcase classname="newCar.CP.Acquisition_Quotes_CP_PCH_with_funder_quote_addition_without_maintenance_Test" name="aquisition_quotes_CP_PCH_quote_summary_values_verification_without_maintenance_test" time="0.0">
    <skipped/>
  </testcase> <!-- aquisition_quotes_CP_PCH_quote_summary_values_verification_without_maintenance_test -->
  <testcase classname="newCar.OP.Acquisition_Quotes_Outright_PCH_with_maintenance_Test" name="aquisition_quotes_outright_PCH_OTR_calculation_with_maintenance_test" time="74.453">
    <failure type="org.openqa.selenium.json.JsonException" message="java.lang.reflect.InvocationTargetException
Build info: version: &amp;apos;4.1.0&amp;apos;, revision: &amp;apos;87802e897b&amp;apos;
System info: host: &amp;apos;DSK-4052&amp;apos;, ip: &amp;apos;172.16.1.80&amp;apos;, os.name: &amp;apos;Windows 10&amp;apos;, os.arch: &amp;apos;amd64&amp;apos;, os.version: &amp;apos;10.0&amp;apos;, java.version: &amp;apos;19.0.1&amp;apos;
Driver info: org.openqa.selenium.chrome.ChromeDriver
Command: [f62b0dcd87a770fa729ad19170cf24b5, actions {actions=[org.openqa.selenium.interactions.Sequence@2067df4b]}]
Capabilities {acceptInsecureCerts: false, browserName: chrome, browserVersion: 122.0.6261.95, chrome: {chromedriverVersion: 121.0.6167.85 (3f98d690ad7e..., userDataDir: C:\Users\NITEIN~1.KUR\AppDa...}, fedcm:accounts: true, goog:chromeOptions: {debuggerAddress: localhost:55053}, javascriptEnabled: true, networkConnectionEnabled: false, pageLoadStrategy: normal, platform: WINDOWS, platformName: WINDOWS, proxy: Proxy(), se:cdp: ws://localhost:55053/devtoo..., se:cdpVersion: 122.0.6261.95, setWindowRect: true, strictFileInteractability: false, timeouts: {implicit: 0, pageLoad: 300000, script: 30000}, unhandledPromptBehavior: dismiss and notify, webauthn:extension:credBlob: true, webauthn:extension:largeBlob: true, webauthn:extension:minPinLength: true, webauthn:extension:prf: true, webauthn:virtualAuthenticators: true}
Session ID: f62b0dcd87a770fa729ad19170cf24b5">
      <![CDATA[org.openqa.selenium.json.JsonException: java.lang.reflect.InvocationTargetException
Build info: version: '4.1.0', revision: '87802e897b'
System info: host: 'DSK-4052', ip: '172.16.1.80', os.name: 'Windows 10', os.arch: 'amd64', os.version: '10.0', java.version: '19.0.1'
Driver info: org.openqa.selenium.chrome.ChromeDriver
Command: [f62b0dcd87a770fa729ad19170cf24b5, actions {actions=[org.openqa.selenium.interactions.Sequence@2067df4b]}]
Capabilities {acceptInsecureCerts: false, browserName: chrome, browserVersion: 122.0.6261.95, chrome: {chromedriverVersion: 121.0.6167.85 (3f98d690ad7e..., userDataDir: C:\Users\NITEIN~1.KUR\AppDa...}, fedcm:accounts: true, goog:chromeOptions: {debuggerAddress: localhost:55053}, javascriptEnabled: true, networkConnectionEnabled: false, pageLoadStrategy: normal, platform: WINDOWS, platformName: WINDOWS, proxy: Proxy(), se:cdp: ws://localhost:55053/devtoo..., se:cdpVersion: 122.0.6261.95, setWindowRect: true, strictFileInteractability: false, timeouts: {implicit: 0, pageLoad: 300000, script: 30000}, unhandledPromptBehavior: dismiss and notify, webauthn:extension:credBlob: true, webauthn:extension:largeBlob: true, webauthn:extension:minPinLength: true, webauthn:extension:prf: true, webauthn:virtualAuthenticators: true}
Session ID: f62b0dcd87a770fa729ad19170cf24b5
at org.openqa.selenium.json.JsonOutput.convertUsingMethod(JsonOutput.java:362)
at org.openqa.selenium.json.JsonOutput.lambda$new$16(JsonOutput.java:154)
at org.openqa.selenium.json.JsonOutput.write(JsonOutput.java:287)
at org.openqa.selenium.json.JsonOutput.lambda$new$22(JsonOutput.java:169)
at java.base/java.util.stream.ForEachOps$ForEachOp$OfRef.accept(ForEachOps.java:183)
at java.base/java.util.stream.ReferencePipeline$2$1.accept(ReferencePipeline.java:179)
at java.base/java.util.Iterator.forEachRemaining(Iterator.java:133)
at java.base/java.util.Spliterators$IteratorSpliterator.forEachRemaining(Spliterators.java:1921)
at java.base/java.util.stream.AbstractPipeline.copyInto(AbstractPipeline.java:509)
at java.base/java.util.stream.AbstractPipeline.wrapAndCopyInto(AbstractPipeline.java:499)
at java.base/java.util.stream.ForEachOps$ForEachOp.evaluateSequential(ForEachOps.java:150)
at java.base/java.util.stream.ForEachOps$ForEachOp$OfRef.evaluateSequential(ForEachOps.java:173)
at java.base/java.util.stream.AbstractPipeline.evaluate(AbstractPipeline.java:234)
at java.base/java.util.stream.ReferencePipeline.forEach(ReferencePipeline.java:596)
at org.openqa.selenium.json.JsonOutput.lambda$new$23(JsonOutput.java:169)
at org.openqa.selenium.json.JsonOutput.write(JsonOutput.java:287)
at org.openqa.selenium.json.JsonOutput.lambda$new$24(JsonOutput.java:182)
at com.google.common.collect.SingletonImmutableBiMap.forEach(SingletonImmutableBiMap.java:68)
at org.openqa.selenium.json.JsonOutput.lambda$new$25(JsonOutput.java:177)
at org.openqa.selenium.json.JsonOutput.write(JsonOutput.java:287)
at org.openqa.selenium.json.JsonOutput.write(JsonOutput.java:278)
at org.openqa.selenium.json.Json.toJson(Json.java:42)
at org.openqa.selenium.remote.codec.AbstractHttpCommandCodec.encode(AbstractHttpCommandCodec.java:259)
at org.openqa.selenium.remote.codec.AbstractHttpCommandCodec.encode(AbstractHttpCommandCodec.java:127)
at org.openqa.selenium.remote.HttpCommandExecutor.execute(HttpCommandExecutor.java:172)
at org.openqa.selenium.remote.service.DriverCommandExecutor.invokeExecute(DriverCommandExecutor.java:164)
at org.openqa.selenium.remote.service.DriverCommandExecutor.execute(DriverCommandExecutor.java:139)
at org.openqa.selenium.remote.RemoteWebDriver.execute(RemoteWebDriver.java:559)
at org.openqa.selenium.remote.RemoteWebDriver.perform(RemoteWebDriver.java:627)
at org.openqa.selenium.interactions.Actions$BuiltAction.perform(Actions.java:617)
at com.amt.pages.VehicleSelectionPage.select_vehicle(VehicleSelectionPage.java:123)
at newCar.OP.Acquisition_Quotes_Outright_PCH_with_maintenance_Test.aquisition_quotes_outright_PCH_OTR_calculation_with_maintenance_test(Acquisition_Quotes_Outright_PCH_with_maintenance_Test.java:52)
at java.base/java.util.ArrayList.forEach(ArrayList.java:1511)
Suppressed: org.openqa.selenium.json.JsonException: Attempting to close incomplete json stream
Build info: version: '4.1.0', revision: '87802e897b'
System info: host: 'DSK-4052', ip: '172.16.1.80', os.name: 'Windows 10', os.arch: 'amd64', os.version: '10.0', java.version: '19.0.1'
Driver info: driver.version: RemoteWebDriver
at org.openqa.selenium.json.JsonOutput.close(JsonOutput.java:303)
at org.openqa.selenium.json.Json.toJson(Json.java:40)
... 36 more
at org.openqa.selenium.json.JsonOutput.convertUsingMethod(JsonOutput.java:358)
... 57 more
Caused by: org.openqa.selenium.NoSuchElementException: no such element: Unable to locate element: {"method":"xpath","selector":"//*[@id="divVehicleTable"]/div[1]/div/div[1]/div/div[1]/div[2]"}
  (Session info: chrome=122.0.6261.95)
For documentation on this error, please visit: https://selenium.dev/exceptions/#no_such_element
Build info: version: '4.1.0', revision: '87802e897b'
System info: host: 'DSK-4052', ip: '172.16.1.80', os.name: 'Windows 10', os.arch: 'amd64', os.version: '10.0', java.version: '19.0.1'
Driver info: org.openqa.selenium.chrome.ChromeDriver
Command: [f62b0dcd87a770fa729ad19170cf24b5, findElement {using=xpath, value=//*[@id="divVehicleTable"]/div[1]/div/div[1]/div/div[1]/div[2]}]
Capabilities {acceptInsecureCerts: false, browserName: chrome, browserVersion: 122.0.6261.95, chrome: {chromedriverVersion: 121.0.6167.85 (3f98d690ad7e..., userDataDir: C:\Users\NITEIN~1.KUR\AppDa...}, fedcm:accounts: true, goog:chromeOptions: {debuggerAddress: localhost:55053}, javascriptEnabled: true, networkConnectionEnabled: false, pageLoadStrategy: normal, platform: WINDOWS, platformName: WINDOWS, proxy: Proxy(), se:cdp: ws://localhost:55053/devtoo..., se:cdpVersion: 122.0.6261.95, setWindowRect: true, strictFileInteractability: false, timeouts: {implicit: 0, pageLoad: 300000, script: 30000}, unhandledPromptBehavior: dismiss and notify, webauthn:extension:credBlob: true, webauthn:extension:largeBlob: true, webauthn:extension:minPinLength: true, webauthn:extension:prf: true, webauthn:virtualAuthenticators: true}
Session ID: f62b0dcd87a770fa729ad19170cf24b5
at org.openqa.selenium.remote.codec.w3c.W3CHttpResponseCodec.createException(W3CHttpResponseCodec.java:200)
at org.openqa.selenium.remote.codec.w3c.W3CHttpResponseCodec.decode(W3CHttpResponseCodec.java:133)
at org.openqa.selenium.remote.codec.w3c.W3CHttpResponseCodec.decode(W3CHttpResponseCodec.java:53)
at org.openqa.selenium.remote.HttpCommandExecutor.execute(HttpCommandExecutor.java:184)
at org.openqa.selenium.remote.service.DriverCommandExecutor.invokeExecute(DriverCommandExecutor.java:164)
at org.openqa.selenium.remote.service.DriverCommandExecutor.execute(DriverCommandExecutor.java:139)
at org.openqa.selenium.remote.RemoteWebDriver.execute(RemoteWebDriver.java:559)
at org.openqa.selenium.remote.ElementLocation$ElementFinder$2.findElement(ElementLocation.java:162)
at org.openqa.selenium.remote.ElementLocation.findElement(ElementLocation.java:60)
at org.openqa.selenium.remote.RemoteWebDriver.findElement(RemoteWebDriver.java:383)
at org.openqa.selenium.remote.RemoteWebDriver.findElement(RemoteWebDriver.java:375)
at org.openqa.selenium.support.pagefactory.DefaultElementLocator.findElement(DefaultElementLocator.java:70)
at org.openqa.selenium.support.pagefactory.internal.LocatingElementHandler.invoke(LocatingElementHandler.java:39)
at jdk.proxy2/jdk.proxy2.$Proxy23.getWrappedElement(Unknown Source)
at org.openqa.selenium.interactions.PointerInput$Origin.asArg(PointerInput.java:201)
at org.openqa.selenium.interactions.PointerInput$Move.encode(PointerInput.java:152)
at org.openqa.selenium.interactions.Sequence.encode(Sequence.java:73)
at org.openqa.selenium.interactions.Sequence.toJson(Sequence.java:82)
... 59 more
... Removed 32 stack frames]]>
    </failure>
  </testcase> <!-- aquisition_quotes_outright_PCH_OTR_calculation_with_maintenance_test -->
  <testcase classname="newCar.OP.Acquisition_Quotes_Outright_PCH_with_maintenance_Test" name="aquisition_quotes_outright_PCH_after_discount_calculations_with_maintenance_test" time="0.0">
    <skipped/>
  </testcase> <!-- aquisition_quotes_outright_PCH_after_discount_calculations_with_maintenance_test -->
  <testcase classname="newCar.OP.Acquisition_Quotes_Outright_PCH_with_maintenance_Test" name="aquisition_quotes_outright_PCH_other_support_check_with_maintenance_test" time="0.001">
    <skipped/>
  </testcase> <!-- aquisition_quotes_outright_PCH_other_support_check_with_maintenance_test -->
  <testcase classname="newCar.OP.Acquisition_Quotes_Outright_PCH_with_maintenance_Test" name="aquisition_quotes_outright_PCH_holding_cost_calculations_with_maintenance_test" time="0.0">
    <skipped/>
  </testcase> <!-- aquisition_quotes_outright_PCH_holding_cost_calculations_with_maintenance_test -->
  <testcase classname="newCar.OP.Acquisition_Quotes_Outright_PCH_with_maintenance_Test" name="aquisition_quotes_outright_PCH_customer_quote_payment_profile_calculations_with_maintenance_test" time="0.0">
    <skipped/>
  </testcase> <!-- aquisition_quotes_outright_PCH_customer_quote_payment_profile_calculations_with_maintenance_test -->
  <testcase classname="newCar.OP.Acquisition_Quotes_Outright_PCH_with_maintenance_Test" name="aquisition_quotes_outright_PCH_quote_summary_values_verification_with_maintenance_test" time="0.0">
    <skipped/>
  </testcase> <!-- aquisition_quotes_outright_PCH_quote_summary_values_verification_with_maintenance_test -->
  <testcase classname="newCar.CP.Acquisition_Quotes_CP_CP_with_funder_quote_addition_with_maintenance_Test" name="aquisition_quotes_CP_CP_OTR_calculation_with_maintenance_test" time="109.932"/>
  <testcase classname="newCar.CP.Acquisition_Quotes_CP_CP_with_funder_quote_addition_with_maintenance_Test" name="aquisition_quotes_CP_CP_after_discount_calculations_with_maintenance_test" time="4.528"/>
  <testcase classname="newCar.CP.Acquisition_Quotes_CP_CP_with_funder_quote_addition_with_maintenance_Test" name="aquisition_quotes_CP_CP_holding_cost_calculations_with_maintenance_test" time="45.943"/>
  <testcase classname="newCar.CP.Acquisition_Quotes_CP_CP_with_funder_quote_addition_with_maintenance_Test" name="aquisition_quotes_CP_CP_customer_quote_calculations_check_monthly_finance_payment_with_maintenance_test" time="34.063">
    <failure type="java.lang.AssertionError" message="expected [true] but found [false]">
      <![CDATA[java.lang.AssertionError: expected [true] but found [false]
at newCar.CP.Acquisition_Quotes_CP_CP_with_funder_quote_addition_with_maintenance_Test.aquisition_quotes_CP_CP_customer_quote_calculations_check_monthly_finance_payment_with_maintenance_test(Acquisition_Quotes_CP_CP_with_funder_quote_addition_with_maintenance_Test.java:118)
at java.base/java.util.ArrayList.forEach(ArrayList.java:1511)
... Removed 29 stack frames]]>
    </failure>
  </testcase> <!-- aquisition_quotes_CP_CP_customer_quote_calculations_check_monthly_finance_payment_with_maintenance_test -->
  <testcase classname="newCar.CP.Acquisition_Quotes_CP_CP_with_funder_quote_addition_with_maintenance_Test" name="aquisition_quotes_CP_CP_quote_summary_values_verification_with_maintenance_test" time="0.0">
    <skipped/>
  </testcase> <!-- aquisition_quotes_CP_CP_quote_summary_values_verification_with_maintenance_test -->
  <testcase classname="newCar.FL.Acquisition_Quotes_FL_BCH_with_funder_quote_addition_without_maintenance_Test" name="aquisition_quotes_FL_BCH_OTR_calculation_without_maintenance_test" time="107.204"/>
  <testcase classname="newCar.FL.Acquisition_Quotes_FL_BCH_with_funder_quote_addition_without_maintenance_Test" name="aquisition_quotes_FL_BCH_after_discount_calculations_without_maintenance_test" time="4.406"/>
  <testcase classname="newCar.FL.Acquisition_Quotes_FL_BCH_with_funder_quote_addition_without_maintenance_Test" name="aquisition_quotes_FL_BCH_holding_cost_calculations_without_maintenance_test" time="37.635"/>
  <testcase classname="newCar.FL.Acquisition_Quotes_FL_BCH_with_funder_quote_addition_without_maintenance_Test" name="aquisition_quotes_FL_BCH_customer_quote_payment_profile_calculations_without_maintenance_test" time="92.847"/>
  <testcase classname="newCar.FL.Acquisition_Quotes_FL_BCH_with_funder_quote_addition_without_maintenance_Test" name="aquisition_quotes_FL_BCH_quote_summary_values_verification_without_maintenance_test" time="159.638"/>
  <testcase classname="newCar.BROKER.Acquisition_Quotes_Broker_BCH_without_maintenance_Test" name="aquisition_quotes_user_flow_broker_bch_OTR_calculation_without_maintenance_test" time="111.84"/>
  <testcase classname="newCar.BROKER.Acquisition_Quotes_Broker_BCH_without_maintenance_Test" name="aquisition_quotes_user_flow_broker_bch_after_discount_calculation_without_maintenance_test" time="4.594"/>
  <testcase classname="newCar.BROKER.Acquisition_Quotes_Broker_BCH_without_maintenance_Test" name="aquisition_quotes_user_flow_broker_bch_funder_quote_addition_without_maintenance_test" time="47.114"/>
  <testcase classname="newCar.BROKER.Acquisition_Quotes_Broker_BCH_without_maintenance_Test" name="aquisition_quotes_user_flow_broker_bch_quote_summary_values_verification_without_maintenance_test" time="20.654"/>
  <testcase classname="newCar.CP.Acquisition_Quotes_CP_PCP_with_maintenance_Test" name="aquisition_quotes_CP_PCP_OTR_calculation_with_maintenance_test" time="107.273"/>
  <testcase classname="newCar.CP.Acquisition_Quotes_CP_PCP_with_maintenance_Test" name="aquisition_quotes_CP_PCP_after_discount_calculations_with_maintenance_test" time="4.518"/>
  <testcase classname="newCar.CP.Acquisition_Quotes_CP_PCP_with_maintenance_Test" name="aquisition_quotes_CP_PCP_holding_cost_calculations_with_maintenance_test" time="51.504"/>
  <testcase classname="newCar.CP.Acquisition_Quotes_CP_PCP_with_maintenance_Test" name="aquisition_quotes_CP_PCP_customer_quote_calculations_check_monthly_finance_payment_with_maintenance_test" time="56.673">
    <failure type="java.lang.AssertionError" message="expected [true] but found [false]">
      <![CDATA[java.lang.AssertionError: expected [true] but found [false]
at newCar.CP.Acquisition_Quotes_CP_PCP_with_maintenance_Test.aquisition_quotes_CP_PCP_customer_quote_calculations_check_monthly_finance_payment_with_maintenance_test(Acquisition_Quotes_CP_PCP_with_maintenance_Test.java:125)
at java.base/java.util.ArrayList.forEach(ArrayList.java:1511)
... Removed 29 stack frames]]>
    </failure>
  </testcase> <!-- aquisition_quotes_CP_PCP_customer_quote_calculations_check_monthly_finance_payment_with_maintenance_test -->
  <testcase classname="newCar.CP.Acquisition_Quotes_CP_PCP_with_maintenance_Test" name="aquisition_quotes_CP_PCP_customer_quote_vehicle_profit_edit_check_with_maintenance_test" time="0.0">
    <skipped/>
  </testcase> <!-- aquisition_quotes_CP_PCP_customer_quote_vehicle_profit_edit_check_with_maintenance_test -->
  <testcase classname="newCar.CP.Acquisition_Quotes_CP_PCP_with_maintenance_Test" name="aquisition_quotes_CP_PCP_customer_quote_part_exchange_value_edit_check_with_maintenance_test" time="0.0">
    <skipped/>
  </testcase> <!-- aquisition_quotes_CP_PCP_customer_quote_part_exchange_value_edit_check_with_maintenance_test -->
  <testcase classname="newCar.CP.Acquisition_Quotes_CP_PCP_with_maintenance_Test" name="aquisition_quotes_CP_PCP_quote_summary_values_verification_with_maintenance_test" time="0.0">
    <skipped/>
  </testcase> <!-- aquisition_quotes_CP_PCP_quote_summary_values_verification_with_maintenance_test -->
  <testcase classname="newCar.CP.Acquisition_Quotes_CP_BCH_with_funder_quote_addition_without_maintenance_Test" name="aquisition_quotes_CP_BCH_OTR_calculation_without_maintenance_test" time="111.043"/>
  <testcase classname="newCar.CP.Acquisition_Quotes_CP_BCH_with_funder_quote_addition_without_maintenance_Test" name="aquisition_quotes_CP_BCH_after_discount_calculations_without_maintenance_test" time="4.669"/>
  <testcase classname="newCar.CP.Acquisition_Quotes_CP_BCH_with_funder_quote_addition_without_maintenance_Test" name="aquisition_quotes_CP_BCH_holding_cost_calculations_without_maintenance_test" time="28.541"/>
  <testcase classname="newCar.CP.Acquisition_Quotes_CP_BCH_with_funder_quote_addition_without_maintenance_Test" name="aquisition_quotes_CP_BCH_customer_quote_payment_profile_calculations_without_maintenance_test" time="239.484"/>
  <testcase classname="newCar.CP.Acquisition_Quotes_CP_BCH_with_funder_quote_addition_without_maintenance_Test" name="aquisition_quotes_CP_BCH_quote_summary_values_verification_without_maintenance_test" time="175.841"/>
  <testcase classname="newCar.CP.Acquisition_Quotes_CP_PCH_with_maintenance_Test" name="aquisition_quotes_CP_PCH_OTR_calculation_with_maintenance_test" time="112.569"/>
  <testcase classname="newCar.CP.Acquisition_Quotes_CP_PCH_with_maintenance_Test" name="aquisition_quotes_CP_PCH_after_discount_calculations_with_maintenance_test" time="4.576"/>
  <testcase classname="newCar.CP.Acquisition_Quotes_CP_PCH_with_maintenance_Test" name="aquisition_quotes_CP_PCH_holding_cost_calculations_with_maintenance_test" time="69.007"/>
  <testcase classname="newCar.CP.Acquisition_Quotes_CP_PCH_with_maintenance_Test" name="aquisition_quotes_CP_PCH_customer_quote_payment_profile_calculations_with_maintenance_test" time="149.762"/>
  <testcase classname="newCar.CP.Acquisition_Quotes_CP_PCH_with_maintenance_Test" name="aquisition_quotes_CP_PCH_quote_summary_values_verification_with_maintenance_test" time="230.755"/>
  <testcase classname="newCar.OP.Acquisition_Quotes_Outright_PCP_with_maintenance_Test" name="aquisition_quotes_outright_PCP_OTR_calculation_with_maintenance_test" time="106.925"/>
  <testcase classname="newCar.OP.Acquisition_Quotes_Outright_PCP_with_maintenance_Test" name="aquisition_quotes_outright_PCP_after_discount_calculations_with_maintenance_test" time="4.366"/>
  <testcase classname="newCar.OP.Acquisition_Quotes_Outright_PCP_with_maintenance_Test" name="aquisition_quotes_outright_PCP_holding_cost_calculations_with_maintenance_test" time="60.128"/>
  <testcase classname="newCar.OP.Acquisition_Quotes_Outright_PCP_with_maintenance_Test" name="aquisition_quotes_outright_PCP_customer_quote_calculations_check_monthly_finance_payment_with_maintenance_test" time="122.825"/>
  <testcase classname="newCar.OP.Acquisition_Quotes_Outright_PCP_with_maintenance_Test" name="aquisition_quotes_outright_PCP_customer_quote_vehicle_profit_edit_check_with_maintenance_test" time="42.1"/>
  <testcase classname="newCar.OP.Acquisition_Quotes_Outright_PCP_with_maintenance_Test" name="aquisition_quotes_outright_PCP_customer_quote_part_exchange_value_edit_check_with_maintenance_test" time="68.663"/>
  <testcase classname="newCar.OP.Acquisition_Quotes_Outright_PCP_with_maintenance_Test" name="aquisition_quotes_outright_PCP_quote_summary_values_verification_with_maintenance_test" time="144.658"/>
  <testcase classname="newCar.BROKER.Acquisition_Quotes_Broker_FL_without_maintenance_Test" name="aquisition_quotes_user_flow_broker_fl_OTR_calculation_without_maintenance_test" time="114.468"/>
  <testcase classname="newCar.BROKER.Acquisition_Quotes_Broker_FL_without_maintenance_Test" name="aquisition_quotes_user_flow_broker_fl_after_discount_calculation_without_maintenance_test" time="4.394"/>
  <testcase classname="newCar.BROKER.Acquisition_Quotes_Broker_FL_without_maintenance_Test" name="aquisition_quotes_user_flow_broker_fl_funder_quote_addition_without_maintenance_test" time="49.314"/>
  <testcase classname="newCar.BROKER.Acquisition_Quotes_Broker_FL_without_maintenance_Test" name="aquisition_quotes_user_flow_broker_fl_quote_summary_values_verification_without_maintenance_test" time="24.622"/>
  <testcase classname="newCar.CP.Acquisition_Quotes_CP_CP_with_maintenance_Test" name="aquisition_quotes_CP_CP_OTR_calculation_with_maintenance_test" time="106.739"/>
  <testcase classname="newCar.CP.Acquisition_Quotes_CP_CP_with_maintenance_Test" name="aquisition_quotes_CP_CP_after_discount_calculations_with_maintenance_test" time="4.452"/>
  <testcase classname="newCar.CP.Acquisition_Quotes_CP_CP_with_maintenance_Test" name="aquisition_quotes_CP_CP_holding_cost_calculations_with_maintenance_test" time="51.344"/>
  <testcase classname="newCar.CP.Acquisition_Quotes_CP_CP_with_maintenance_Test" name="aquisition_quotes_CP_CP_customer_quote_calculations_check_monthly_finance_payment_with_maintenance_test" time="56.445">
    <failure type="java.lang.AssertionError" message="expected [true] but found [false]">
      <![CDATA[java.lang.AssertionError: expected [true] but found [false]
at newCar.CP.Acquisition_Quotes_CP_CP_with_maintenance_Test.aquisition_quotes_CP_CP_customer_quote_calculations_check_monthly_finance_payment_with_maintenance_test(Acquisition_Quotes_CP_CP_with_maintenance_Test.java:127)
at java.base/java.util.ArrayList.forEach(ArrayList.java:1511)
... Removed 29 stack frames]]>
    </failure>
  </testcase> <!-- aquisition_quotes_CP_CP_customer_quote_calculations_check_monthly_finance_payment_with_maintenance_test -->
  <testcase classname="newCar.CP.Acquisition_Quotes_CP_CP_with_maintenance_Test" name="aquisition_quotes_CP_CP_customer_quote_vehicle_profit_edit_check_with_maintenance_test" time="0.0">
    <skipped/>
  </testcase> <!-- aquisition_quotes_CP_CP_customer_quote_vehicle_profit_edit_check_with_maintenance_test -->
  <testcase classname="newCar.CP.Acquisition_Quotes_CP_CP_with_maintenance_Test" name="aquisition_quotes_CP_CP_customer_quote_part_exchange_value_edit_check_with_maintenance_test" time="0.0">
    <skipped/>
  </testcase> <!-- aquisition_quotes_CP_CP_customer_quote_part_exchange_value_edit_check_with_maintenance_test -->
  <testcase classname="newCar.CP.Acquisition_Quotes_CP_CP_with_maintenance_Test" name="aquisition_quotes_CP_CP_quote_summary_values_verification_with_maintenance_test" time="0.0">
    <skipped/>
  </testcase> <!-- aquisition_quotes_CP_CP_quote_summary_values_verification_with_maintenance_test -->
  <testcase classname="newCar.HPNR.Acquisition_Quotes_HPNR_CP_with_maintenance_Test" name="aquisition_quotes_HPNR_CP_OTR_calculation_with_maintenance_test" time="110.011"/>
  <testcase classname="newCar.HPNR.Acquisition_Quotes_HPNR_CP_with_maintenance_Test" name="aquisition_quotes_HPNR_CP_after_discount_calculations_with_maintenance_test" time="4.567"/>
  <testcase classname="newCar.HPNR.Acquisition_Quotes_HPNR_CP_with_maintenance_Test" name="aquisition_quotes_HPNR_CP_holding_cost_calculations_with_maintenance_test" time="50.286"/>
  <testcase classname="newCar.HPNR.Acquisition_Quotes_HPNR_CP_with_maintenance_Test" name="aquisition_quotes_HPNR_CP_customer_quote_calculations_check_monthly_finance_payment_with_maintenance_test" time="122.807"/>
  <testcase classname="newCar.HPNR.Acquisition_Quotes_HPNR_CP_with_maintenance_Test" name="aquisition_quotes_HPNR_CP_customer_quote_vehicle_profit_edit_check_with_maintenance_test" time="47.382"/>
  <testcase classname="newCar.HPNR.Acquisition_Quotes_HPNR_CP_with_maintenance_Test" name="aquisition_quotes_HPNR_CP_customer_quote_part_exchange_value_edit_check_with_maintenance_test" time="68.826"/>
  <testcase classname="newCar.HPNR.Acquisition_Quotes_HPNR_CP_with_maintenance_Test" name="aquisition_quotes_HPNR_CP_quote_summary_values_verification_with_maintenance_test" time="285.434"/>
  <testcase classname="newCar.CP.Acquisition_Quotes_CP_PCP_without_maintenance_Test" name="aquisition_quotes_CP_PCP_OTR_calculation_without_maintenance_test" time="106.951"/>
  <testcase classname="newCar.CP.Acquisition_Quotes_CP_PCP_without_maintenance_Test" name="aquisition_quotes_CP_PCP_after_discount_calculations_without_maintenance_test" time="4.291"/>
  <testcase classname="newCar.CP.Acquisition_Quotes_CP_PCP_without_maintenance_Test" name="aquisition_quotes_CP_PCP_holding_cost_calculations_without_maintenance_test" time="40.325"/>
  <testcase classname="newCar.CP.Acquisition_Quotes_CP_PCP_without_maintenance_Test" name="aquisition_quotes_CP_PCP_customer_quote_calculations_check_monthly_finance_payment_without_maintenance_test" time="94.716"/>
  <testcase classname="newCar.CP.Acquisition_Quotes_CP_PCP_without_maintenance_Test" name="aquisition_quotes_CP_PCP_customer_quote_vehicle_profit_edit_check_without_maintenance_test" time="45.978"/>
  <testcase classname="newCar.CP.Acquisition_Quotes_CP_PCP_without_maintenance_Test" name="aquisition_quotes_CP_PCP_customer_quote_part_exchange_value_edit_check_without_maintenance_test" time="89.334"/>
  <testcase classname="newCar.CP.Acquisition_Quotes_CP_PCP_without_maintenance_Test" name="aquisition_quotes_CP_PCP_quote_summary_values_verification_without_maintenance_test" time="207.844">
    <failure type="java.lang.AssertionError" message="expected [true] but found [false]">
      <![CDATA[java.lang.AssertionError: expected [true] but found [false]
at newCar.CP.Acquisition_Quotes_CP_PCP_without_maintenance_Test.aquisition_quotes_CP_PCP_quote_summary_values_verification_without_maintenance_test(Acquisition_Quotes_CP_PCP_without_maintenance_Test.java:206)
at java.base/java.util.ArrayList.forEach(ArrayList.java:1511)
... Removed 29 stack frames]]>
    </failure>
  </testcase> <!-- aquisition_quotes_CP_PCP_quote_summary_values_verification_without_maintenance_test -->
  <testcase classname="newCar.OP.Acquisition_Quotes_Outright_HPR_without_maintenance_Test" name="aquisition_quotes_outright_HPR_OTR_calculation_without_maintenance_test" time="106.835"/>
  <testcase classname="newCar.OP.Acquisition_Quotes_Outright_HPR_without_maintenance_Test" name="aquisition_quotes_outright_HPR_after_discount_calculations_without_maintenance_test" time="4.349"/>
  <testcase classname="newCar.OP.Acquisition_Quotes_Outright_HPR_without_maintenance_Test" name="aquisition_quotes_outright_HPR_holding_cost_calculations_without_maintenance_test" time="40.231"/>
  <testcase classname="newCar.OP.Acquisition_Quotes_Outright_HPR_without_maintenance_Test" name="aquisition_quotes_outright_HPR_customer_quote_calculations_check_monthly_finance_payment_without_maintenance_test" time="36.052">
    <failure type="java.lang.AssertionError" message="expected [true] but found [false]">
      <![CDATA[java.lang.AssertionError: expected [true] but found [false]
at newCar.OP.Acquisition_Quotes_Outright_HPR_without_maintenance_Test.aquisition_quotes_outright_HPR_customer_quote_calculations_check_monthly_finance_payment_without_maintenance_test(Acquisition_Quotes_Outright_HPR_without_maintenance_Test.java:120)
at java.base/java.util.ArrayList.forEach(ArrayList.java:1511)
... Removed 29 stack frames]]>
    </failure>
  </testcase> <!-- aquisition_quotes_outright_HPR_customer_quote_calculations_check_monthly_finance_payment_without_maintenance_test -->
  <testcase classname="newCar.OP.Acquisition_Quotes_Outright_HPR_without_maintenance_Test" name="aquisition_quotes_outright_HPR_customer_quote_vehicle_profit_edit_check_without_maintenance_test" time="0.0">
    <skipped/>
  </testcase> <!-- aquisition_quotes_outright_HPR_customer_quote_vehicle_profit_edit_check_without_maintenance_test -->
  <testcase classname="newCar.OP.Acquisition_Quotes_Outright_HPR_without_maintenance_Test" name="aquisition_quotes_outright_HPR_customer_quote_part_exchange_value_edit_check_without_maintenance_test" time="0.0">
    <skipped/>
  </testcase> <!-- aquisition_quotes_outright_HPR_customer_quote_part_exchange_value_edit_check_without_maintenance_test -->
  <testcase classname="newCar.OP.Acquisition_Quotes_Outright_HPR_without_maintenance_Test" name="aquisition_quotes_outright_HPR_customer_quote_monthly_finance_payment_after_balloon_payment_off_without_maintenance_test" time="0.0">
    <skipped/>
  </testcase> <!-- aquisition_quotes_outright_HPR_customer_quote_monthly_finance_payment_after_balloon_payment_off_without_maintenance_test -->
  <testcase classname="newCar.OP.Acquisition_Quotes_Outright_HPR_without_maintenance_Test" name="aquisition_quotes_outright_HPR_quote_summary_values_verification_without_maintenance_test" time="0.0">
    <skipped/>
  </testcase> <!-- aquisition_quotes_outright_HPR_quote_summary_values_verification_without_maintenance_test -->
  <testcase classname="newCar.CP.Acquisition_Quotes_CP_BCH_with_funder_quote_addition_with_maintenance_Test" name="aquisition_quotes_CP_BCH_OTR_calculation_with_maintenance_test" time="106.594"/>
  <testcase classname="newCar.CP.Acquisition_Quotes_CP_BCH_with_funder_quote_addition_with_maintenance_Test" name="aquisition_quotes_CP_BCH_after_discount_calculations_with_maintenance_test" time="4.688"/>
  <testcase classname="newCar.CP.Acquisition_Quotes_CP_BCH_with_funder_quote_addition_with_maintenance_Test" name="aquisition_quotes_CP_BCH_holding_cost_calculations_with_maintenance_test" time="38.201"/>
  <testcase classname="newCar.CP.Acquisition_Quotes_CP_BCH_with_funder_quote_addition_with_maintenance_Test" name="aquisition_quotes_CP_BCH_customer_quote_payment_profile_calculations_with_maintenance_test" time="262.456"/>
  <testcase classname="newCar.CP.Acquisition_Quotes_CP_BCH_with_funder_quote_addition_with_maintenance_Test" name="aquisition_quotes_CP_BCH_quote_summary_values_verification_with_maintenance_test" time="112.722">
    <failure type="org.openqa.selenium.ElementClickInterceptedException" message="element click intercepted: Element &amp;lt;p style=&amp;quot; border: 1px solid white;&amp;quot;&amp;gt;...&amp;lt;/p&amp;gt; is not clickable at point (784, 98). Other element would receive the click: &amp;lt;div _ngcontent-pxh-c0=&amp;quot;&amp;quot; class=&amp;quot;loader_div&amp;quot;&amp;gt;...&amp;lt;/div&amp;gt;
  (Session info: chrome=122.0.6261.95)
Build info: version: &amp;apos;4.1.0&amp;apos;, revision: &amp;apos;87802e897b&amp;apos;
System info: host: &amp;apos;DSK-4052&amp;apos;, ip: &amp;apos;172.16.1.80&amp;apos;, os.name: &amp;apos;Windows 10&amp;apos;, os.arch: &amp;apos;amd64&amp;apos;, os.version: &amp;apos;10.0&amp;apos;, java.version: &amp;apos;19.0.1&amp;apos;
Driver info: org.openqa.selenium.chrome.ChromeDriver
Command: [0681c0cb53dac93fa81a9ade555b4b7b, clickElement {id=AC37669A3FDF76BC8A71FB75C5260603_element_1722}]
Capabilities {acceptInsecureCerts: false, browserName: chrome, browserVersion: 122.0.6261.95, chrome: {chromedriverVersion: 121.0.6167.85 (3f98d690ad7e..., userDataDir: C:\Users\NITEIN~1.KUR\AppDa...}, fedcm:accounts: true, goog:chromeOptions: {debuggerAddress: localhost:56850}, javascriptEnabled: true, networkConnectionEnabled: false, pageLoadStrategy: normal, platform: WINDOWS, platformName: WINDOWS, proxy: Proxy(), se:cdp: ws://localhost:56850/devtoo..., se:cdpVersion: 122.0.6261.95, setWindowRect: true, strictFileInteractability: false, timeouts: {implicit: 0, pageLoad: 300000, script: 30000}, unhandledPromptBehavior: dismiss and notify, webauthn:extension:credBlob: true, webauthn:extension:largeBlob: true, webauthn:extension:minPinLength: true, webauthn:extension:prf: true, webauthn:virtualAuthenticators: true}
Element: [[ChromeDriver: chrome on WINDOWS (0681c0cb53dac93fa81a9ade555b4b7b)] -&amp;gt; xpath: //p[normalize-space()=&amp;apos;Quote summary&amp;apos;]]
Session ID: 0681c0cb53dac93fa81a9ade555b4b7b">
      <![CDATA[org.openqa.selenium.ElementClickInterceptedException: element click intercepted: Element <p style=" border: 1px solid white;">...</p> is not clickable at point (784, 98). Other element would receive the click: <div _ngcontent-pxh-c0="" class="loader_div">...</div>
  (Session info: chrome=122.0.6261.95)
Build info: version: '4.1.0', revision: '87802e897b'
System info: host: 'DSK-4052', ip: '172.16.1.80', os.name: 'Windows 10', os.arch: 'amd64', os.version: '10.0', java.version: '19.0.1'
Driver info: org.openqa.selenium.chrome.ChromeDriver
Command: [0681c0cb53dac93fa81a9ade555b4b7b, clickElement {id=AC37669A3FDF76BC8A71FB75C5260603_element_1722}]
Capabilities {acceptInsecureCerts: false, browserName: chrome, browserVersion: 122.0.6261.95, chrome: {chromedriverVersion: 121.0.6167.85 (3f98d690ad7e..., userDataDir: C:\Users\NITEIN~1.KUR\AppDa...}, fedcm:accounts: true, goog:chromeOptions: {debuggerAddress: localhost:56850}, javascriptEnabled: true, networkConnectionEnabled: false, pageLoadStrategy: normal, platform: WINDOWS, platformName: WINDOWS, proxy: Proxy(), se:cdp: ws://localhost:56850/devtoo..., se:cdpVersion: 122.0.6261.95, setWindowRect: true, strictFileInteractability: false, timeouts: {implicit: 0, pageLoad: 300000, script: 30000}, unhandledPromptBehavior: dismiss and notify, webauthn:extension:credBlob: true, webauthn:extension:largeBlob: true, webauthn:extension:minPinLength: true, webauthn:extension:prf: true, webauthn:virtualAuthenticators: true}
Element: [[ChromeDriver: chrome on WINDOWS (0681c0cb53dac93fa81a9ade555b4b7b)] -> xpath: //p[normalize-space()='Quote summary']]
Session ID: 0681c0cb53dac93fa81a9ade555b4b7b
at org.openqa.selenium.remote.codec.w3c.W3CHttpResponseCodec.createException(W3CHttpResponseCodec.java:200)
at org.openqa.selenium.remote.codec.w3c.W3CHttpResponseCodec.decode(W3CHttpResponseCodec.java:133)
at org.openqa.selenium.remote.codec.w3c.W3CHttpResponseCodec.decode(W3CHttpResponseCodec.java:53)
at org.openqa.selenium.remote.HttpCommandExecutor.execute(HttpCommandExecutor.java:184)
at org.openqa.selenium.remote.service.DriverCommandExecutor.invokeExecute(DriverCommandExecutor.java:164)
at org.openqa.selenium.remote.service.DriverCommandExecutor.execute(DriverCommandExecutor.java:139)
at org.openqa.selenium.remote.RemoteWebDriver.execute(RemoteWebDriver.java:559)
at org.openqa.selenium.remote.RemoteWebElement.execute(RemoteWebElement.java:251)
at org.openqa.selenium.remote.RemoteWebElement.click(RemoteWebElement.java:77)
at org.openqa.selenium.support.pagefactory.internal.LocatingElementHandler.invoke(LocatingElementHandler.java:52)
at jdk.proxy2/jdk.proxy2.$Proxy23.click(Unknown Source)
at com.amt.testUtil.Click.on(Click.java:22)
at com.amt.QuoteSummaryPages.QuoteSummary_CP_BCH_Page.quote_summary_OTR_calculation(QuoteSummary_CP_BCH_Page.java:338)
at newCar.CP.Acquisition_Quotes_CP_BCH_with_funder_quote_addition_with_maintenance_Test.aquisition_quotes_CP_BCH_quote_summary_values_verification_with_maintenance_test(Acquisition_Quotes_CP_BCH_with_funder_quote_addition_with_maintenance_Test.java:182)
at java.base/java.util.ArrayList.forEach(ArrayList.java:1511)
... Removed 30 stack frames]]>
    </failure>
  </testcase> <!-- aquisition_quotes_CP_BCH_quote_summary_values_verification_with_maintenance_test -->
  <testcase classname="newCar.BROKER.Acquisition_Quotes_Broker_PCP_without_maintenance_Test" name="aquisition_quotes_user_flow_broker_PCP_OTR_calculation_without_maintenance_test" time="121.872"/>
  <testcase classname="newCar.BROKER.Acquisition_Quotes_Broker_PCP_without_maintenance_Test" name="aquisition_quotes_user_flow_broker_PCP_after_discount_calculations_without_maintenance_test" time="4.426"/>
  <testcase classname="newCar.BROKER.Acquisition_Quotes_Broker_PCP_without_maintenance_Test" name="aquisition_quotes_user_flow_broker_PCP_vehicle_profit_check_without_maintenance_test" time="10.598"/>
  <testcase classname="newCar.BROKER.Acquisition_Quotes_Broker_PCP_without_maintenance_Test" name="aquisition_quotes_user_flow_broker_PCP_balance_to_finance_check_without_maintenance_test" time="41.521"/>
  <testcase classname="newCar.BROKER.Acquisition_Quotes_Broker_PCP_without_maintenance_Test" name="aquisition_quotes_user_flow_broker_PCP_quote_summary_values_verification_without_maintenance_test" time="18.741"/>
  <testcase classname="newCar.HPNR.Acquisition_Quotes_HPNR_FL_without_maintenance_Test" name="aquisition_quotes_HPNR_FL_OTR_calculation_without_maintenance_test" time="109.417"/>
  <testcase classname="newCar.HPNR.Acquisition_Quotes_HPNR_FL_without_maintenance_Test" name="aquisition_quotes_HPNR_FL_after_discount_calculations_without_maintenance_test" time="4.574"/>
  <testcase classname="newCar.HPNR.Acquisition_Quotes_HPNR_FL_without_maintenance_Test" name="aquisition_quotes_HPNR_FL_other_support_check_without_maintenance_test" time="21.903"/>
  <testcase classname="newCar.HPNR.Acquisition_Quotes_HPNR_FL_without_maintenance_Test" name="aquisition_quotes_HPNR_FL_holding_cost_calculations_without_maintenance_test" time="62.823"/>
  <testcase classname="newCar.HPNR.Acquisition_Quotes_HPNR_FL_without_maintenance_Test" name="aquisition_quotes_HPNR_FL_customer_quote_payment_profile_calculations_without_maintenance_test" time="104.889"/>
  <testcase classname="newCar.HPNR.Acquisition_Quotes_HPNR_FL_without_maintenance_Test" name="aquisition_quotes_HPNR_FL_quote_summary_values_verification_without_maintenance_test" time="35.777">
    <failure type="java.lang.AssertionError" message="expected [true] but found [false]">
      <![CDATA[java.lang.AssertionError: expected [true] but found [false]
at newCar.HPNR.Acquisition_Quotes_HPNR_FL_without_maintenance_Test.aquisition_quotes_HPNR_FL_quote_summary_values_verification_without_maintenance_test(Acquisition_Quotes_HPNR_FL_without_maintenance_Test.java:274)
at java.base/java.util.ArrayList.forEach(ArrayList.java:1511)
... Removed 29 stack frames]]>
    </failure>
  </testcase> <!-- aquisition_quotes_HPNR_FL_quote_summary_values_verification_without_maintenance_test -->
  <testcase classname="newCar.HPNR.Acquisition_Quotes_HPNR_HPR_with_funder_quote_addition_without_maintenance_Test" name="aquisition_quotes_HPNR_HPR_OTR_calculation_without_maintenance_test" time="107.3"/>
  <testcase classname="newCar.HPNR.Acquisition_Quotes_HPNR_HPR_with_funder_quote_addition_without_maintenance_Test" name="aquisition_quotes_HPNR_HPR_after_discount_calculations_without_maintenance_test" time="4.357"/>
  <testcase classname="newCar.HPNR.Acquisition_Quotes_HPNR_HPR_with_funder_quote_addition_without_maintenance_Test" name="aquisition_quotes_HPNR_HPR_holding_cost_calculations_without_maintenance_test" time="28.316"/>
  <testcase classname="newCar.HPNR.Acquisition_Quotes_HPNR_HPR_with_funder_quote_addition_without_maintenance_Test" name="aquisition_quotes_HPNR_HPR_customer_quote_calculations_check_monthly_finance_payment_without_maintenance_test" time="45.452"/>
  <testcase classname="newCar.HPNR.Acquisition_Quotes_HPNR_HPR_with_funder_quote_addition_without_maintenance_Test" name="aquisition_quotes_HPNR_HPR_customer_quote_monthly_finance_payment_after_balloon_payment_off_without_maintenance_test" time="19.451"/>
  <testcase classname="newCar.HPNR.Acquisition_Quotes_HPNR_HPR_with_funder_quote_addition_without_maintenance_Test" name="aquisition_quotes_HPNR_HPR_quote_summary_values_verification_without_maintenance_test" time="223.971"/>
  <testcase classname="newCar.OP.Acquisition_Quotes_Outright_FL_with_maintenance_Test" name="aquisition_quotes_outright_FL_OTR_calculation_with_maintenance_test" time="106.234"/>
  <testcase classname="newCar.OP.Acquisition_Quotes_Outright_FL_with_maintenance_Test" name="aquisition_quotes_outright_FL_after_discount_calculations_with_maintenance_test" time="4.131"/>
  <testcase classname="newCar.OP.Acquisition_Quotes_Outright_FL_with_maintenance_Test" name="aquisition_quotes_outright_FL_other_support_check_with_maintenance_test" time="21.792"/>
  <testcase classname="newCar.OP.Acquisition_Quotes_Outright_FL_with_maintenance_Test" name="aquisition_quotes_outright_FL_holding_cost_calculations_with_maintenance_test" time="66.891"/>
  <testcase classname="newCar.OP.Acquisition_Quotes_Outright_FL_with_maintenance_Test" name="aquisition_quotes_outright_FL_customer_quote_payment_profile_calculations_with_maintenance_test" time="155.011"/>
  <testcase classname="newCar.OP.Acquisition_Quotes_Outright_FL_with_maintenance_Test" name="aquisition_quotes_outright_FL_quote_summary_values_verification_with_maintenance_test" time="135.028"/>
  <testcase classname="newCar.BROKER.Acquisition_Quotes_Broker_HPNR_Test" name="aquisition_quotes_user_flow_broker_HPNR_OTR_calculation_test" time="119.637"/>
  <testcase classname="newCar.BROKER.Acquisition_Quotes_Broker_HPNR_Test" name="aquisition_quotes_user_flow_broker_HPNR_after_discount_calculations_test" time="4.515"/>
  <testcase classname="newCar.BROKER.Acquisition_Quotes_Broker_HPNR_Test" name="aquisition_quotes_user_flow_broker_HPNR_vehicle_profit_check_test" time="18.74"/>
  <testcase classname="newCar.BROKER.Acquisition_Quotes_Broker_HPNR_Test" name="aquisition_quotes_user_flow_broker_HPNR_balance_to_finance_check_test" time="46.418"/>
  <testcase classname="newCar.BROKER.Acquisition_Quotes_Broker_HPNR_Test" name="aquisition_quotes_user_flow_broker_HPNR_quote_summary_values_verification_test" time="18.163"/>
  <testcase classname="newCar.FL.Acquisition_Quotes_FL_PCH_with_funder_quote_addition_with_maintenance_Test" name="aquisition_quotes_FL_PCH_OTR_calculation_with_maintenance_test" time="105.288"/>
  <testcase classname="newCar.FL.Acquisition_Quotes_FL_PCH_with_funder_quote_addition_with_maintenance_Test" name="aquisition_quotes_FL_PCH_after_discount_calculations_with_maintenance_test" time="4.367"/>
  <testcase classname="newCar.FL.Acquisition_Quotes_FL_PCH_with_funder_quote_addition_with_maintenance_Test" name="aquisition_quotes_FL_PCH_holding_cost_calculations_with_maintenance_test" time="39.451"/>
  <testcase classname="newCar.FL.Acquisition_Quotes_FL_PCH_with_funder_quote_addition_with_maintenance_Test" name="aquisition_quotes_FL_PCH_customer_quote_payment_profile_calculations_with_maintenance_test" time="101.3"/>
  <testcase classname="newCar.FL.Acquisition_Quotes_FL_PCH_with_funder_quote_addition_with_maintenance_Test" name="aquisition_quotes_FL_PCH_quote_summary_values_verification_with_maintenance_test" time="204.887"/>
  <testcase classname="newCar.HPNR.Acquisition_Quotes_HPNR_FL_with_funder_quote_addition_without_maintenance_Test" name="aquisition_quotes_HPNR_FL_OTR_calculation_without_maintenance_test" time="107.188"/>
  <testcase classname="newCar.HPNR.Acquisition_Quotes_HPNR_FL_with_funder_quote_addition_without_maintenance_Test" name="aquisition_quotes_HPNR_FL_after_discount_calculations_without_maintenance_test" time="4.511"/>
  <testcase classname="newCar.HPNR.Acquisition_Quotes_HPNR_FL_with_funder_quote_addition_without_maintenance_Test" name="aquisition_quotes_HPNR_FL_holding_cost_calculations_without_maintenance_test" time="25.54"/>
  <testcase classname="newCar.HPNR.Acquisition_Quotes_HPNR_FL_with_funder_quote_addition_without_maintenance_Test" name="aquisition_quotes_HPNR_FL_customer_quote_payment_profile_calculations_without_maintenance_test" time="238.898"/>
  <testcase classname="newCar.HPNR.Acquisition_Quotes_HPNR_FL_with_funder_quote_addition_without_maintenance_Test" name="aquisition_quotes_HPNR_FL_quote_summary_values_verification_without_maintenance_test" time="106.249">
    <failure type="java.lang.AssertionError" message="expected [true] but found [false]">
      <![CDATA[java.lang.AssertionError: expected [true] but found [false]
at newCar.HPNR.Acquisition_Quotes_HPNR_FL_with_funder_quote_addition_without_maintenance_Test.aquisition_quotes_HPNR_FL_quote_summary_values_verification_without_maintenance_test(Acquisition_Quotes_HPNR_FL_with_funder_quote_addition_without_maintenance_Test.java:209)
at java.base/java.util.ArrayList.forEach(ArrayList.java:1511)
... Removed 29 stack frames]]>
    </failure>
  </testcase> <!-- aquisition_quotes_HPNR_FL_quote_summary_values_verification_without_maintenance_test -->
  <testcase classname="newCar.BROKER.Acquisition_Quotes_Broker_CP_with_maintenance_Test" name="aquisition_quotes_user_flow_broker_CP_OTR_calculation_with_maintenance_test" time="113.929"/>
  <testcase classname="newCar.BROKER.Acquisition_Quotes_Broker_CP_with_maintenance_Test" name="aquisition_quotes_user_flow_broker_CP_after_discount_calculations_with_maintenance_test" time="4.524"/>
  <testcase classname="newCar.BROKER.Acquisition_Quotes_Broker_CP_with_maintenance_Test" name="aquisition_quotes_user_flow_broker_CP_vehicle_profit_check_with_maintenance_test" time="17.75"/>
  <testcase classname="newCar.BROKER.Acquisition_Quotes_Broker_CP_with_maintenance_Test" name="aquisition_quotes_user_flow_broker_CP_balance_to_finance_check_with_maintenance_test" time="45.004"/>
  <testcase classname="newCar.BROKER.Acquisition_Quotes_Broker_CP_with_maintenance_Test" name="aquisition_quotes_user_flow_broker_CP_quote_summary_values_verification_with_maintenance_test" time="24.062"/>
  <testcase classname="newCar.BROKER.Acquisition_Quotes_Broker_PCH_with_maintenance_Test" name="aquisition_quotes_user_flow_broker_pch_OTR_calculation_with_maintenance_test" time="114.38"/>
  <testcase classname="newCar.BROKER.Acquisition_Quotes_Broker_PCH_with_maintenance_Test" name="aquisition_quotes_user_flow_broker_pch_after_discount_calculation_with_maintenance_test" time="4.456"/>
  <testcase classname="newCar.BROKER.Acquisition_Quotes_Broker_PCH_with_maintenance_Test" name="aquisition_quotes_user_flow_broker_pch_with_maintenance_test" time="50.021"/>
  <testcase classname="newCar.BROKER.Acquisition_Quotes_Broker_PCH_with_maintenance_Test" name="aquisition_quotes_user_flow_broker_pch_quote_summary_values_verification_with_maintenance_test" time="28.464"/>
  <testcase classname="newCar.HPNR.Acquisition_Quotes_HPNR_BCH_without_maintenance_Test" name="aquisition_quotes_HPNR_BCH_OTR_calculation_without_maintenance_test" time="106.158"/>
  <testcase classname="newCar.HPNR.Acquisition_Quotes_HPNR_BCH_without_maintenance_Test" name="aquisition_quotes_HPNR_BCH_after_discount_calculations_without_maintenance_test" time="4.453"/>
  <testcase classname="newCar.HPNR.Acquisition_Quotes_HPNR_BCH_without_maintenance_Test" name="aquisition_quotes_HPNR_BCH_other_support_check_without_maintenance_test" time="21.797"/>
  <testcase classname="newCar.HPNR.Acquisition_Quotes_HPNR_BCH_without_maintenance_Test" name="aquisition_quotes_HPNR_BCH_holding_cost_calculations_without_maintenance_test" time="38.254"/>
  <testcase classname="newCar.HPNR.Acquisition_Quotes_HPNR_BCH_without_maintenance_Test" name="aquisition_quotes_HPNR_BCH_customer_quote_payment_profile_calculations_without_maintenance_test" time="90.465"/>
  <testcase classname="newCar.HPNR.Acquisition_Quotes_HPNR_BCH_without_maintenance_Test" name="aquisition_quotes_HPNR_BCH_quote_summary_values_verification_without_maintenance_test" time="112.796">
    <failure type="org.openqa.selenium.ElementClickInterceptedException" message="element click intercepted: Element &amp;lt;p style=&amp;quot; border: 1px solid white;&amp;quot;&amp;gt;...&amp;lt;/p&amp;gt; is not clickable at point (784, 98). Other element would receive the click: &amp;lt;div _ngcontent-jvb-c0=&amp;quot;&amp;quot; class=&amp;quot;loader_div&amp;quot;&amp;gt;...&amp;lt;/div&amp;gt;
  (Session info: chrome=122.0.6261.95)
Build info: version: &amp;apos;4.1.0&amp;apos;, revision: &amp;apos;87802e897b&amp;apos;
System info: host: &amp;apos;DSK-4052&amp;apos;, ip: &amp;apos;172.16.1.80&amp;apos;, os.name: &amp;apos;Windows 10&amp;apos;, os.arch: &amp;apos;amd64&amp;apos;, os.version: &amp;apos;10.0&amp;apos;, java.version: &amp;apos;19.0.1&amp;apos;
Driver info: org.openqa.selenium.chrome.ChromeDriver
Command: [3f3d163676926abc1e3a147493f0d392, clickElement {id=7B6269BC43CCC452930DF37BEBE3311C_element_1581}]
Capabilities {acceptInsecureCerts: false, browserName: chrome, browserVersion: 122.0.6261.95, chrome: {chromedriverVersion: 121.0.6167.85 (3f98d690ad7e..., userDataDir: C:\Users\NITEIN~1.KUR\AppDa...}, fedcm:accounts: true, goog:chromeOptions: {debuggerAddress: localhost:58162}, javascriptEnabled: true, networkConnectionEnabled: false, pageLoadStrategy: normal, platform: WINDOWS, platformName: WINDOWS, proxy: Proxy(), se:cdp: ws://localhost:58162/devtoo..., se:cdpVersion: 122.0.6261.95, setWindowRect: true, strictFileInteractability: false, timeouts: {implicit: 0, pageLoad: 300000, script: 30000}, unhandledPromptBehavior: dismiss and notify, webauthn:extension:credBlob: true, webauthn:extension:largeBlob: true, webauthn:extension:minPinLength: true, webauthn:extension:prf: true, webauthn:virtualAuthenticators: true}
Element: [[ChromeDriver: chrome on WINDOWS (3f3d163676926abc1e3a147493f0d392)] -&amp;gt; xpath: //p[normalize-space()=&amp;apos;Quote summary&amp;apos;]]
Session ID: 3f3d163676926abc1e3a147493f0d392">
      <![CDATA[org.openqa.selenium.ElementClickInterceptedException: element click intercepted: Element <p style=" border: 1px solid white;">...</p> is not clickable at point (784, 98). Other element would receive the click: <div _ngcontent-jvb-c0="" class="loader_div">...</div>
  (Session info: chrome=122.0.6261.95)
Build info: version: '4.1.0', revision: '87802e897b'
System info: host: 'DSK-4052', ip: '172.16.1.80', os.name: 'Windows 10', os.arch: 'amd64', os.version: '10.0', java.version: '19.0.1'
Driver info: org.openqa.selenium.chrome.ChromeDriver
Command: [3f3d163676926abc1e3a147493f0d392, clickElement {id=7B6269BC43CCC452930DF37BEBE3311C_element_1581}]
Capabilities {acceptInsecureCerts: false, browserName: chrome, browserVersion: 122.0.6261.95, chrome: {chromedriverVersion: 121.0.6167.85 (3f98d690ad7e..., userDataDir: C:\Users\NITEIN~1.KUR\AppDa...}, fedcm:accounts: true, goog:chromeOptions: {debuggerAddress: localhost:58162}, javascriptEnabled: true, networkConnectionEnabled: false, pageLoadStrategy: normal, platform: WINDOWS, platformName: WINDOWS, proxy: Proxy(), se:cdp: ws://localhost:58162/devtoo..., se:cdpVersion: 122.0.6261.95, setWindowRect: true, strictFileInteractability: false, timeouts: {implicit: 0, pageLoad: 300000, script: 30000}, unhandledPromptBehavior: dismiss and notify, webauthn:extension:credBlob: true, webauthn:extension:largeBlob: true, webauthn:extension:minPinLength: true, webauthn:extension:prf: true, webauthn:virtualAuthenticators: true}
Element: [[ChromeDriver: chrome on WINDOWS (3f3d163676926abc1e3a147493f0d392)] -> xpath: //p[normalize-space()='Quote summary']]
Session ID: 3f3d163676926abc1e3a147493f0d392
at org.openqa.selenium.remote.codec.w3c.W3CHttpResponseCodec.createException(W3CHttpResponseCodec.java:200)
at org.openqa.selenium.remote.codec.w3c.W3CHttpResponseCodec.decode(W3CHttpResponseCodec.java:133)
at org.openqa.selenium.remote.codec.w3c.W3CHttpResponseCodec.decode(W3CHttpResponseCodec.java:53)
at org.openqa.selenium.remote.HttpCommandExecutor.execute(HttpCommandExecutor.java:184)
at org.openqa.selenium.remote.service.DriverCommandExecutor.invokeExecute(DriverCommandExecutor.java:164)
at org.openqa.selenium.remote.service.DriverCommandExecutor.execute(DriverCommandExecutor.java:139)
at org.openqa.selenium.remote.RemoteWebDriver.execute(RemoteWebDriver.java:559)
at org.openqa.selenium.remote.RemoteWebElement.execute(RemoteWebElement.java:251)
at org.openqa.selenium.remote.RemoteWebElement.click(RemoteWebElement.java:77)
at org.openqa.selenium.support.pagefactory.internal.LocatingElementHandler.invoke(LocatingElementHandler.java:52)
at jdk.proxy2/jdk.proxy2.$Proxy23.click(Unknown Source)
at com.amt.testUtil.Click.on(Click.java:22)
at com.amt.QuoteSummaryPages.QuoteSummary_HPNR_BCHPage.quote_summary_OTR_calculation(QuoteSummary_HPNR_BCHPage.java:336)
at newCar.HPNR.Acquisition_Quotes_HPNR_BCH_without_maintenance_Test.aquisition_quotes_HPNR_BCH_quote_summary_values_verification_without_maintenance_test(Acquisition_Quotes_HPNR_BCH_without_maintenance_Test.java:282)
at java.base/java.util.ArrayList.forEach(ArrayList.java:1511)
... Removed 30 stack frames]]>
    </failure>
  </testcase> <!-- aquisition_quotes_HPNR_BCH_quote_summary_values_verification_without_maintenance_test -->
  <testcase classname="newCar.CP.Acquisition_Quotes_CP_PCP_with_funder_quote_addition_without_maintenance_Test" name="aquisition_quotes_CP_PCP_OTR_calculation_without_maintenance_test" time="106.421"/>
  <testcase classname="newCar.CP.Acquisition_Quotes_CP_PCP_with_funder_quote_addition_without_maintenance_Test" name="aquisition_quotes_CP_PCP_after_discount_calculations_without_maintenance_test" time="4.379"/>
  <testcase classname="newCar.CP.Acquisition_Quotes_CP_PCP_with_funder_quote_addition_without_maintenance_Test" name="aquisition_quotes_CP_PCP_holding_cost_calculations_without_maintenance_test" time="23.263"/>
  <testcase classname="newCar.CP.Acquisition_Quotes_CP_PCP_with_funder_quote_addition_without_maintenance_Test" name="aquisition_quotes_CP_PCP_customer_quote_calculations_check_monthly_finance_payment_without_maintenance_test" time="31.335"/>
  <testcase classname="newCar.CP.Acquisition_Quotes_CP_PCP_with_funder_quote_addition_without_maintenance_Test" name="aquisition_quotes_CP_PCP_quote_summary_values_verification_without_maintenance_test" time="220.797"/>
  <testcase classname="newCar.HPNR.Acquisition_Quotes_HPNR_PCH_with_funder_quote_addition_without_maintenance_Test" name="aquisition_quotes_HPNR_PCH_OTR_calculation_without_maintenance_test" time="65.657">
    <failure type="org.openqa.selenium.json.JsonException" message="java.lang.reflect.InvocationTargetException
Build info: version: &amp;apos;4.1.0&amp;apos;, revision: &amp;apos;87802e897b&amp;apos;
System info: host: &amp;apos;DSK-4052&amp;apos;, ip: &amp;apos;172.16.1.80&amp;apos;, os.name: &amp;apos;Windows 10&amp;apos;, os.arch: &amp;apos;amd64&amp;apos;, os.version: &amp;apos;10.0&amp;apos;, java.version: &amp;apos;19.0.1&amp;apos;
Driver info: org.openqa.selenium.chrome.ChromeDriver
Command: [82e7dd3cc2250c7642aed2ab5d4f9d4e, actions {actions=[org.openqa.selenium.interactions.Sequence@44ad70ad]}]
Capabilities {acceptInsecureCerts: false, browserName: chrome, browserVersion: 122.0.6261.95, chrome: {chromedriverVersion: 121.0.6167.85 (3f98d690ad7e..., userDataDir: C:\Users\NITEIN~1.KUR\AppDa...}, fedcm:accounts: true, goog:chromeOptions: {debuggerAddress: localhost:58501}, javascriptEnabled: true, networkConnectionEnabled: false, pageLoadStrategy: normal, platform: WINDOWS, platformName: WINDOWS, proxy: Proxy(), se:cdp: ws://localhost:58501/devtoo..., se:cdpVersion: 122.0.6261.95, setWindowRect: true, strictFileInteractability: false, timeouts: {implicit: 0, pageLoad: 300000, script: 30000}, unhandledPromptBehavior: dismiss and notify, webauthn:extension:credBlob: true, webauthn:extension:largeBlob: true, webauthn:extension:minPinLength: true, webauthn:extension:prf: true, webauthn:virtualAuthenticators: true}
Session ID: 82e7dd3cc2250c7642aed2ab5d4f9d4e">
      <![CDATA[org.openqa.selenium.json.JsonException: java.lang.reflect.InvocationTargetException
Build info: version: '4.1.0', revision: '87802e897b'
System info: host: 'DSK-4052', ip: '172.16.1.80', os.name: 'Windows 10', os.arch: 'amd64', os.version: '10.0', java.version: '19.0.1'
Driver info: org.openqa.selenium.chrome.ChromeDriver
Command: [82e7dd3cc2250c7642aed2ab5d4f9d4e, actions {actions=[org.openqa.selenium.interactions.Sequence@44ad70ad]}]
Capabilities {acceptInsecureCerts: false, browserName: chrome, browserVersion: 122.0.6261.95, chrome: {chromedriverVersion: 121.0.6167.85 (3f98d690ad7e..., userDataDir: C:\Users\NITEIN~1.KUR\AppDa...}, fedcm:accounts: true, goog:chromeOptions: {debuggerAddress: localhost:58501}, javascriptEnabled: true, networkConnectionEnabled: false, pageLoadStrategy: normal, platform: WINDOWS, platformName: WINDOWS, proxy: Proxy(), se:cdp: ws://localhost:58501/devtoo..., se:cdpVersion: 122.0.6261.95, setWindowRect: true, strictFileInteractability: false, timeouts: {implicit: 0, pageLoad: 300000, script: 30000}, unhandledPromptBehavior: dismiss and notify, webauthn:extension:credBlob: true, webauthn:extension:largeBlob: true, webauthn:extension:minPinLength: true, webauthn:extension:prf: true, webauthn:virtualAuthenticators: true}
Session ID: 82e7dd3cc2250c7642aed2ab5d4f9d4e
at org.openqa.selenium.json.JsonOutput.convertUsingMethod(JsonOutput.java:362)
at org.openqa.selenium.json.JsonOutput.lambda$new$16(JsonOutput.java:154)
at org.openqa.selenium.json.JsonOutput.write(JsonOutput.java:287)
at org.openqa.selenium.json.JsonOutput.lambda$new$22(JsonOutput.java:169)
at java.base/java.util.stream.ForEachOps$ForEachOp$OfRef.accept(ForEachOps.java:183)
at java.base/java.util.stream.ReferencePipeline$2$1.accept(ReferencePipeline.java:179)
at java.base/java.util.Iterator.forEachRemaining(Iterator.java:133)
at java.base/java.util.Spliterators$IteratorSpliterator.forEachRemaining(Spliterators.java:1921)
at java.base/java.util.stream.AbstractPipeline.copyInto(AbstractPipeline.java:509)
at java.base/java.util.stream.AbstractPipeline.wrapAndCopyInto(AbstractPipeline.java:499)
at java.base/java.util.stream.ForEachOps$ForEachOp.evaluateSequential(ForEachOps.java:150)
at java.base/java.util.stream.ForEachOps$ForEachOp$OfRef.evaluateSequential(ForEachOps.java:173)
at java.base/java.util.stream.AbstractPipeline.evaluate(AbstractPipeline.java:234)
at java.base/java.util.stream.ReferencePipeline.forEach(ReferencePipeline.java:596)
at org.openqa.selenium.json.JsonOutput.lambda$new$23(JsonOutput.java:169)
at org.openqa.selenium.json.JsonOutput.write(JsonOutput.java:287)
at org.openqa.selenium.json.JsonOutput.lambda$new$24(JsonOutput.java:182)
at com.google.common.collect.SingletonImmutableBiMap.forEach(SingletonImmutableBiMap.java:68)
at org.openqa.selenium.json.JsonOutput.lambda$new$25(JsonOutput.java:177)
at org.openqa.selenium.json.JsonOutput.write(JsonOutput.java:287)
at org.openqa.selenium.json.JsonOutput.write(JsonOutput.java:278)
at org.openqa.selenium.json.Json.toJson(Json.java:42)
at org.openqa.selenium.remote.codec.AbstractHttpCommandCodec.encode(AbstractHttpCommandCodec.java:259)
at org.openqa.selenium.remote.codec.AbstractHttpCommandCodec.encode(AbstractHttpCommandCodec.java:127)
at org.openqa.selenium.remote.HttpCommandExecutor.execute(HttpCommandExecutor.java:172)
at org.openqa.selenium.remote.service.DriverCommandExecutor.invokeExecute(DriverCommandExecutor.java:164)
at org.openqa.selenium.remote.service.DriverCommandExecutor.execute(DriverCommandExecutor.java:139)
at org.openqa.selenium.remote.RemoteWebDriver.execute(RemoteWebDriver.java:559)
at org.openqa.selenium.remote.RemoteWebDriver.perform(RemoteWebDriver.java:627)
at org.openqa.selenium.interactions.Actions$BuiltAction.perform(Actions.java:617)
at com.amt.pages.VehicleSelectionPage.select_vehicle(VehicleSelectionPage.java:123)
at newCar.HPNR.Acquisition_Quotes_HPNR_PCH_with_funder_quote_addition_without_maintenance_Test.aquisition_quotes_HPNR_PCH_OTR_calculation_without_maintenance_test(Acquisition_Quotes_HPNR_PCH_with_funder_quote_addition_without_maintenance_Test.java:52)
at java.base/java.util.ArrayList.forEach(ArrayList.java:1511)
Suppressed: org.openqa.selenium.json.JsonException: Attempting to close incomplete json stream
Build info: version: '4.1.0', revision: '87802e897b'
System info: host: 'DSK-4052', ip: '172.16.1.80', os.name: 'Windows 10', os.arch: 'amd64', os.version: '10.0', java.version: '19.0.1'
Driver info: driver.version: RemoteWebDriver
at org.openqa.selenium.json.JsonOutput.close(JsonOutput.java:303)
at org.openqa.selenium.json.Json.toJson(Json.java:40)
... 36 more
at org.openqa.selenium.json.JsonOutput.convertUsingMethod(JsonOutput.java:358)
... 57 more
Caused by: org.openqa.selenium.NoSuchElementException: no such element: Unable to locate element: {"method":"xpath","selector":"//*[@id="divVehicleTable"]/div[1]/div/div[1]/div/div[1]/div[2]"}
  (Session info: chrome=122.0.6261.95)
For documentation on this error, please visit: https://selenium.dev/exceptions/#no_such_element
Build info: version: '4.1.0', revision: '87802e897b'
System info: host: 'DSK-4052', ip: '172.16.1.80', os.name: 'Windows 10', os.arch: 'amd64', os.version: '10.0', java.version: '19.0.1'
Driver info: org.openqa.selenium.chrome.ChromeDriver
Command: [82e7dd3cc2250c7642aed2ab5d4f9d4e, findElement {using=xpath, value=//*[@id="divVehicleTable"]/div[1]/div/div[1]/div/div[1]/div[2]}]
Capabilities {acceptInsecureCerts: false, browserName: chrome, browserVersion: 122.0.6261.95, chrome: {chromedriverVersion: 121.0.6167.85 (3f98d690ad7e..., userDataDir: C:\Users\NITEIN~1.KUR\AppDa...}, fedcm:accounts: true, goog:chromeOptions: {debuggerAddress: localhost:58501}, javascriptEnabled: true, networkConnectionEnabled: false, pageLoadStrategy: normal, platform: WINDOWS, platformName: WINDOWS, proxy: Proxy(), se:cdp: ws://localhost:58501/devtoo..., se:cdpVersion: 122.0.6261.95, setWindowRect: true, strictFileInteractability: false, timeouts: {implicit: 0, pageLoad: 300000, script: 30000}, unhandledPromptBehavior: dismiss and notify, webauthn:extension:credBlob: true, webauthn:extension:largeBlob: true, webauthn:extension:minPinLength: true, webauthn:extension:prf: true, webauthn:virtualAuthenticators: true}
Session ID: 82e7dd3cc2250c7642aed2ab5d4f9d4e
at org.openqa.selenium.remote.codec.w3c.W3CHttpResponseCodec.createException(W3CHttpResponseCodec.java:200)
at org.openqa.selenium.remote.codec.w3c.W3CHttpResponseCodec.decode(W3CHttpResponseCodec.java:133)
at org.openqa.selenium.remote.codec.w3c.W3CHttpResponseCodec.decode(W3CHttpResponseCodec.java:53)
at org.openqa.selenium.remote.HttpCommandExecutor.execute(HttpCommandExecutor.java:184)
at org.openqa.selenium.remote.service.DriverCommandExecutor.invokeExecute(DriverCommandExecutor.java:164)
at org.openqa.selenium.remote.service.DriverCommandExecutor.execute(DriverCommandExecutor.java:139)
at org.openqa.selenium.remote.RemoteWebDriver.execute(RemoteWebDriver.java:559)
at org.openqa.selenium.remote.ElementLocation$ElementFinder$2.findElement(ElementLocation.java:162)
at org.openqa.selenium.remote.ElementLocation.findElement(ElementLocation.java:60)
at org.openqa.selenium.remote.RemoteWebDriver.findElement(RemoteWebDriver.java:383)
at org.openqa.selenium.remote.RemoteWebDriver.findElement(RemoteWebDriver.java:375)
at org.openqa.selenium.support.pagefactory.DefaultElementLocator.findElement(DefaultElementLocator.java:70)
at org.openqa.selenium.support.pagefactory.internal.LocatingElementHandler.invoke(LocatingElementHandler.java:39)
at jdk.proxy2/jdk.proxy2.$Proxy23.getWrappedElement(Unknown Source)
at org.openqa.selenium.interactions.PointerInput$Origin.asArg(PointerInput.java:201)
at org.openqa.selenium.interactions.PointerInput$Move.encode(PointerInput.java:152)
at org.openqa.selenium.interactions.Sequence.encode(Sequence.java:73)
at org.openqa.selenium.interactions.Sequence.toJson(Sequence.java:82)
... 59 more
... Removed 32 stack frames]]>
    </failure>
  </testcase> <!-- aquisition_quotes_HPNR_PCH_OTR_calculation_without_maintenance_test -->
  <testcase classname="newCar.HPNR.Acquisition_Quotes_HPNR_PCH_with_funder_quote_addition_without_maintenance_Test" name="aquisition_quotes_HPNR_PCH_after_discount_calculations_without_maintenance_test" time="0.0">
    <skipped/>
  </testcase> <!-- aquisition_quotes_HPNR_PCH_after_discount_calculations_without_maintenance_test -->
  <testcase classname="newCar.HPNR.Acquisition_Quotes_HPNR_PCH_with_funder_quote_addition_without_maintenance_Test" name="aquisition_quotes_HPNR_PCH_holding_cost_calculations_without_maintenance_test" time="0.0">
    <skipped/>
  </testcase> <!-- aquisition_quotes_HPNR_PCH_holding_cost_calculations_without_maintenance_test -->
  <testcase classname="newCar.HPNR.Acquisition_Quotes_HPNR_PCH_with_funder_quote_addition_without_maintenance_Test" name="aquisition_quotes_HPNR_PCH_customer_quote_payment_profile_calculations_without_maintenance_test" time="0.0">
    <skipped/>
  </testcase> <!-- aquisition_quotes_HPNR_PCH_customer_quote_payment_profile_calculations_without_maintenance_test -->
  <testcase classname="newCar.HPNR.Acquisition_Quotes_HPNR_PCH_with_funder_quote_addition_without_maintenance_Test" name="aquisition_quotes_HPNR_PCH_quote_summary_values_verification_without_maintenance_test" time="0.0">
    <skipped/>
  </testcase> <!-- aquisition_quotes_HPNR_PCH_quote_summary_values_verification_without_maintenance_test -->
  <testcase classname="newCar.CP.Acquisition_Quotes_CP_BCH_without_maintenance_Test" name="aquisition_quotes_CP_BCH_OTR_calculation_without_maintenance_test" time="108.085"/>
  <testcase classname="newCar.CP.Acquisition_Quotes_CP_BCH_without_maintenance_Test" name="aquisition_quotes_CP_BCH_after_discount_calculations_without_maintenance_test" time="4.288"/>
  <testcase classname="newCar.CP.Acquisition_Quotes_CP_BCH_without_maintenance_Test" name="aquisition_quotes_CP_BCH_holding_cost_calculations_without_maintenance_test" time="56.703"/>
  <testcase classname="newCar.CP.Acquisition_Quotes_CP_BCH_without_maintenance_Test" name="aquisition_quotes_CP_BCH_customer_quote_payment_profile_calculations_without_maintenance_test" time="206.721"/>
  <testcase classname="newCar.CP.Acquisition_Quotes_CP_BCH_without_maintenance_Test" name="aquisition_quotes_CP_BCH_quote_summary_values_verification_without_maintenance_test" time="187.755">
    <failure type="java.lang.AssertionError" message="expected [true] but found [false]">
      <![CDATA[java.lang.AssertionError: expected [true] but found [false]
at newCar.CP.Acquisition_Quotes_CP_BCH_without_maintenance_Test.aquisition_quotes_CP_BCH_quote_summary_values_verification_without_maintenance_test(Acquisition_Quotes_CP_BCH_without_maintenance_Test.java:205)
at java.base/java.util.ArrayList.forEach(ArrayList.java:1511)
... Removed 29 stack frames]]>
    </failure>
  </testcase> <!-- aquisition_quotes_CP_BCH_quote_summary_values_verification_without_maintenance_test -->
  <testcase classname="newCar.BCH.Acquisition_Quotes_BCH_PCH_without_maintenance_Test" name="aquisition_quotes_BCH_PCH_OTR_calculation_without_maintenance_test" time="109.408"/>
  <testcase classname="newCar.BCH.Acquisition_Quotes_BCH_PCH_without_maintenance_Test" name="aquisition_quotes_BCH_PCH_after_discount_calculations_without_maintenance_test" time="4.48"/>
  <testcase classname="newCar.BCH.Acquisition_Quotes_BCH_PCH_without_maintenance_Test" name="aquisition_quotes_BCH_PCH_holding_cost_calculations_without_maintenance_test" time="22.045"/>
  <testcase classname="newCar.BCH.Acquisition_Quotes_BCH_PCH_without_maintenance_Test" name="aquisition_quotes_BCH_PCH_customer_quote_payment_profile_calculations_without_maintenance_test" time="102.046"/>
  <testcase classname="newCar.BCH.Acquisition_Quotes_BCH_PCH_without_maintenance_Test" name="aquisition_quotes_BCH_PCH_quote_summary_values_verification_without_maintenance_test" time="162.092">
    <failure type="org.openqa.selenium.ElementClickInterceptedException" message="element click intercepted: Element &amp;lt;div class=&amp;quot;acc-head&amp;quot; style=&amp;quot; border: 1px solid white;&amp;quot;&amp;gt;...&amp;lt;/div&amp;gt; is not clickable at point (598, 730). Other element would receive the click: &amp;lt;div _ngcontent-ffj-c4=&amp;quot;&amp;quot; class=&amp;quot;acc-head&amp;quot;&amp;gt;...&amp;lt;/div&amp;gt;
  (Session info: chrome=122.0.6261.95)
Build info: version: &amp;apos;4.1.0&amp;apos;, revision: &amp;apos;87802e897b&amp;apos;
System info: host: &amp;apos;DSK-4052&amp;apos;, ip: &amp;apos;172.16.1.80&amp;apos;, os.name: &amp;apos;Windows 10&amp;apos;, os.arch: &amp;apos;amd64&amp;apos;, os.version: &amp;apos;10.0&amp;apos;, java.version: &amp;apos;19.0.1&amp;apos;
Driver info: org.openqa.selenium.chrome.ChromeDriver
Command: [e4c9494a0f588a1b834d8df6d0b42267, clickElement {id=16A9B4F9DA4ECD206B766921F3FB0208_element_2049}]
Capabilities {acceptInsecureCerts: false, browserName: chrome, browserVersion: 122.0.6261.95, chrome: {chromedriverVersion: 121.0.6167.85 (3f98d690ad7e..., userDataDir: C:\Users\NITEIN~1.KUR\AppDa...}, fedcm:accounts: true, goog:chromeOptions: {debuggerAddress: localhost:58757}, javascriptEnabled: true, networkConnectionEnabled: false, pageLoadStrategy: normal, platform: WINDOWS, platformName: WINDOWS, proxy: Proxy(), se:cdp: ws://localhost:58757/devtoo..., se:cdpVersion: 122.0.6261.95, setWindowRect: true, strictFileInteractability: false, timeouts: {implicit: 0, pageLoad: 300000, script: 30000}, unhandledPromptBehavior: dismiss and notify, webauthn:extension:credBlob: true, webauthn:extension:largeBlob: true, webauthn:extension:minPinLength: true, webauthn:extension:prf: true, webauthn:virtualAuthenticators: true}
Element: [[ChromeDriver: chrome on WINDOWS (e4c9494a0f588a1b834d8df6d0b42267)] -&amp;gt; xpath: //*[@id=&amp;apos;headingCustomerQuote&amp;apos;]/div[1]/button/div]
Session ID: e4c9494a0f588a1b834d8df6d0b42267">
      <![CDATA[org.openqa.selenium.ElementClickInterceptedException: element click intercepted: Element <div class="acc-head" style=" border: 1px solid white;">...</div> is not clickable at point (598, 730). Other element would receive the click: <div _ngcontent-ffj-c4="" class="acc-head">...</div>
  (Session info: chrome=122.0.6261.95)
Build info: version: '4.1.0', revision: '87802e897b'
System info: host: 'DSK-4052', ip: '172.16.1.80', os.name: 'Windows 10', os.arch: 'amd64', os.version: '10.0', java.version: '19.0.1'
Driver info: org.openqa.selenium.chrome.ChromeDriver
Command: [e4c9494a0f588a1b834d8df6d0b42267, clickElement {id=16A9B4F9DA4ECD206B766921F3FB0208_element_2049}]
Capabilities {acceptInsecureCerts: false, browserName: chrome, browserVersion: 122.0.6261.95, chrome: {chromedriverVersion: 121.0.6167.85 (3f98d690ad7e..., userDataDir: C:\Users\NITEIN~1.KUR\AppDa...}, fedcm:accounts: true, goog:chromeOptions: {debuggerAddress: localhost:58757}, javascriptEnabled: true, networkConnectionEnabled: false, pageLoadStrategy: normal, platform: WINDOWS, platformName: WINDOWS, proxy: Proxy(), se:cdp: ws://localhost:58757/devtoo..., se:cdpVersion: 122.0.6261.95, setWindowRect: true, strictFileInteractability: false, timeouts: {implicit: 0, pageLoad: 300000, script: 30000}, unhandledPromptBehavior: dismiss and notify, webauthn:extension:credBlob: true, webauthn:extension:largeBlob: true, webauthn:extension:minPinLength: true, webauthn:extension:prf: true, webauthn:virtualAuthenticators: true}
Element: [[ChromeDriver: chrome on WINDOWS (e4c9494a0f588a1b834d8df6d0b42267)] -> xpath: //*[@id='headingCustomerQuote']/div[1]/button/div]
Session ID: e4c9494a0f588a1b834d8df6d0b42267
at org.openqa.selenium.remote.codec.w3c.W3CHttpResponseCodec.createException(W3CHttpResponseCodec.java:200)
at org.openqa.selenium.remote.codec.w3c.W3CHttpResponseCodec.decode(W3CHttpResponseCodec.java:133)
at org.openqa.selenium.remote.codec.w3c.W3CHttpResponseCodec.decode(W3CHttpResponseCodec.java:53)
at org.openqa.selenium.remote.HttpCommandExecutor.execute(HttpCommandExecutor.java:184)
at org.openqa.selenium.remote.service.DriverCommandExecutor.invokeExecute(DriverCommandExecutor.java:164)
at org.openqa.selenium.remote.service.DriverCommandExecutor.execute(DriverCommandExecutor.java:139)
at org.openqa.selenium.remote.RemoteWebDriver.execute(RemoteWebDriver.java:559)
at org.openqa.selenium.remote.RemoteWebElement.execute(RemoteWebElement.java:251)
at org.openqa.selenium.remote.RemoteWebElement.click(RemoteWebElement.java:77)
at org.openqa.selenium.support.pagefactory.internal.LocatingElementHandler.invoke(LocatingElementHandler.java:52)
at jdk.proxy2/jdk.proxy2.$Proxy23.click(Unknown Source)
at com.amt.testUtil.Click.on(Click.java:22)
at com.amt.QuoteSummaryPages.QuoteSummary_BCH_PCH_Page.quote_summary_edit_finance_margin_value_verification(QuoteSummary_BCH_PCH_Page.java:1623)
at newCar.BCH.Acquisition_Quotes_BCH_PCH_without_maintenance_Test.aquisition_quotes_BCH_PCH_quote_summary_values_verification_without_maintenance_test(Acquisition_Quotes_BCH_PCH_without_maintenance_Test.java:264)
at java.base/java.util.ArrayList.forEach(ArrayList.java:1511)
... Removed 30 stack frames]]>
    </failure>
  </testcase> <!-- aquisition_quotes_BCH_PCH_quote_summary_values_verification_without_maintenance_test -->
  <testcase classname="newCar.FL.Acquisition_Quotes_FL_BCH_without_maintenance_Test" name="aquisition_quotes_FL_BCH_OTR_calculation_without_maintenance_test" time="106.124"/>
  <testcase classname="newCar.FL.Acquisition_Quotes_FL_BCH_without_maintenance_Test" name="aquisition_quotes_FL_BCH_after_discount_calculations_without_maintenance_test" time="4.426"/>
  <testcase classname="newCar.FL.Acquisition_Quotes_FL_BCH_without_maintenance_Test" name="aquisition_quotes_FL_BCH_holding_cost_calculations_without_maintenance_test" time="54.476"/>
  <testcase classname="newCar.FL.Acquisition_Quotes_FL_BCH_without_maintenance_Test" name="aquisition_quotes_FL_BCH_customer_quote_payment_profile_calculations_without_maintenance_test" time="95.78"/>
  <testcase classname="newCar.FL.Acquisition_Quotes_FL_BCH_without_maintenance_Test" name="aquisition_quotes_FL_BCH_quote_summary_values_verification_without_maintenance_test" time="114.16">
    <failure type="java.lang.AssertionError" message="expected [true] but found [false]">
      <![CDATA[java.lang.AssertionError: expected [true] but found [false]
at newCar.FL.Acquisition_Quotes_FL_BCH_without_maintenance_Test.aquisition_quotes_FL_BCH_quote_summary_values_verification_without_maintenance_test(Acquisition_Quotes_FL_BCH_without_maintenance_Test.java:197)
at java.base/java.util.ArrayList.forEach(ArrayList.java:1511)
... Removed 29 stack frames]]>
    </failure>
  </testcase> <!-- aquisition_quotes_FL_BCH_quote_summary_values_verification_without_maintenance_test -->
  <testcase classname="newCar.OP.Acquisition_Quotes_Outright_HPNR_without_maintenance_Test" name="aquisition_quotes_outright_HPNR_OTR_calculation_without_maintenance_test" time="107.56"/>
  <testcase classname="newCar.OP.Acquisition_Quotes_Outright_HPNR_without_maintenance_Test" name="aquisition_quotes_outright_HPNR_after_discount_calculations_without_maintenance_test" time="4.454"/>
  <testcase classname="newCar.OP.Acquisition_Quotes_Outright_HPNR_without_maintenance_Test" name="aquisition_quotes_outright_HPNR_holding_cost_calculations_without_maintenance_test" time="41.255"/>
  <testcase classname="newCar.OP.Acquisition_Quotes_Outright_HPNR_without_maintenance_Test" name="aquisition_quotes_outright_HPNR_customer_quote_calculations_check_monthly_finance_payment_without_maintenance_test" time="98.057"/>
  <testcase classname="newCar.OP.Acquisition_Quotes_Outright_HPNR_without_maintenance_Test" name="aquisition_quotes_outright_HPNR_customer_quote_vehicle_profit_edit_check_without_maintenance_test" time="46.156"/>
  <testcase classname="newCar.OP.Acquisition_Quotes_Outright_HPNR_without_maintenance_Test" name="aquisition_quotes_outright_HPNR_customer_quote_part_exchange_value_edit_check_without_maintenance_test" time="89.13"/>
  <testcase classname="newCar.OP.Acquisition_Quotes_Outright_HPNR_without_maintenance_Test" name="aquisition_quotes_outright_HPNR_customer_quote_monthly_finance_payment_after_balloon_payment_off_without_maintenance_test" time="20.388"/>
  <testcase classname="newCar.OP.Acquisition_Quotes_Outright_HPNR_without_maintenance_Test" name="aquisition_quotes_outright_HPNR_quote_summary_values_verification_without_maintenance_test" time="115.056"/>
  <testcase classname="newCar.FL.Acquisition_Quotes_FL_BCH_with_funder_quote_addition_with_maintenance_Test" name="aquisition_quotes_FL_BCH_OTR_calculation_with_maintenance_test" time="106.923"/>
  <testcase classname="newCar.FL.Acquisition_Quotes_FL_BCH_with_funder_quote_addition_with_maintenance_Test" name="aquisition_quotes_FL_BCH_after_discount_calculations_with_maintenance_test" time="4.461"/>
  <testcase classname="newCar.FL.Acquisition_Quotes_FL_BCH_with_funder_quote_addition_with_maintenance_Test" name="aquisition_quotes_FL_BCH_holding_cost_calculations_with_maintenance_test" time="46.267"/>
  <testcase classname="newCar.FL.Acquisition_Quotes_FL_BCH_with_funder_quote_addition_with_maintenance_Test" name="aquisition_quotes_FL_BCH_customer_quote_payment_profile_calculations_with_maintenance_test" time="100.863"/>
  <testcase classname="newCar.FL.Acquisition_Quotes_FL_BCH_with_funder_quote_addition_with_maintenance_Test" name="aquisition_quotes_FL_BCH_quote_summary_values_verification_with_maintenance_test" time="125.627">
    <failure type="java.lang.AssertionError" message="expected [true] but found [false]">
      <![CDATA[java.lang.AssertionError: expected [true] but found [false]
at newCar.FL.Acquisition_Quotes_FL_BCH_with_funder_quote_addition_with_maintenance_Test.aquisition_quotes_FL_BCH_quote_summary_values_verification_with_maintenance_test(Acquisition_Quotes_FL_BCH_with_funder_quote_addition_with_maintenance_Test.java:190)
at java.base/java.util.ArrayList.forEach(ArrayList.java:1511)
... Removed 29 stack frames]]>
    </failure>
  </testcase> <!-- aquisition_quotes_FL_BCH_quote_summary_values_verification_with_maintenance_test -->
  <testcase classname="newCar.HPNR.Acquisition_Quotes_HPNR_BCH_with_maintenance_Test" name="aquisition_quotes_HPNR_BCH_OTR_calculation_with_maintenance_test" time="107.638"/>
  <testcase classname="newCar.HPNR.Acquisition_Quotes_HPNR_BCH_with_maintenance_Test" name="aquisition_quotes_HPNR_BCH_after_discount_calculations_with_maintenance_test" time="4.496"/>
  <testcase classname="newCar.HPNR.Acquisition_Quotes_HPNR_BCH_with_maintenance_Test" name="aquisition_quotes_HPNR_BCH_other_support_check_with_maintenance_test" time="0.001"/>
  <testcase classname="newCar.HPNR.Acquisition_Quotes_HPNR_BCH_with_maintenance_Test" name="aquisition_quotes_HPNR_BCH_holding_cost_calculations_with_maintenance_test" time="74.937"/>
  <testcase classname="newCar.HPNR.Acquisition_Quotes_HPNR_BCH_with_maintenance_Test" name="aquisition_quotes_HPNR_BCH_customer_quote_payment_profile_calculations_with_maintenance_test" time="156.008"/>
  <testcase classname="newCar.HPNR.Acquisition_Quotes_HPNR_BCH_with_maintenance_Test" name="aquisition_quotes_HPNR_BCH_quote_summary_values_verification_with_maintenance_test" time="245.351"/>
  <testcase classname="newCar.HPNR.Acquisition_Quotes_HPNR_HPNR_with_funder_quote_addition_without_maintenance_Test" name="aquisition_quotes_HPNR_HPNR_OTR_calculation_without_maintenance_test" time="107.492"/>
  <testcase classname="newCar.HPNR.Acquisition_Quotes_HPNR_HPNR_with_funder_quote_addition_without_maintenance_Test" name="aquisition_quotes_HPNR_HPNR_after_discount_calculations_without_maintenance_test" time="4.238"/>
  <testcase classname="newCar.HPNR.Acquisition_Quotes_HPNR_HPNR_with_funder_quote_addition_without_maintenance_Test" name="aquisition_quotes_HPNR_HPNR_holding_cost_calculations_without_maintenance_test" time="23.359"/>
  <testcase classname="newCar.HPNR.Acquisition_Quotes_HPNR_HPNR_with_funder_quote_addition_without_maintenance_Test" name="aquisition_quotes_HPNR_HPNR_customer_quote_calculations_check_monthly_finance_payment_without_maintenance_test" time="46.106"/>
  <testcase classname="newCar.HPNR.Acquisition_Quotes_HPNR_HPNR_with_funder_quote_addition_without_maintenance_Test" name="aquisition_quotes_HPNR_HPNR_customer_quote_monthly_finance_payment_after_balloon_payment_off_without_maintenance_test" time="19.397"/>
  <testcase classname="newCar.HPNR.Acquisition_Quotes_HPNR_HPNR_with_funder_quote_addition_without_maintenance_Test" name="aquisition_quotes_HPNR_HPNR_quote_summary_values_verification_without_maintenance_test" time="220.254"/>
  <testcase classname="newCar.HPNR.Acquisition_Quotes_HPNR_FL_with_funder_quote_addition_with_maintenance_Test" name="aquisition_quotes_HPNR_FL_OTR_calculation_with_maintenance_test" time="106.223"/>
  <testcase classname="newCar.HPNR.Acquisition_Quotes_HPNR_FL_with_funder_quote_addition_with_maintenance_Test" name="aquisition_quotes_HPNR_FL_after_discount_calculations_with_maintenance_test" time="4.178"/>
  <testcase classname="newCar.HPNR.Acquisition_Quotes_HPNR_FL_with_funder_quote_addition_with_maintenance_Test" name="aquisition_quotes_HPNR_FL_holding_cost_calculations_with_maintenance_test" time="33.309"/>
  <testcase classname="newCar.HPNR.Acquisition_Quotes_HPNR_FL_with_funder_quote_addition_with_maintenance_Test" name="aquisition_quotes_HPNR_FL_customer_quote_payment_profile_calculations_with_maintenance_test" time="297.798"/>
  <testcase classname="newCar.HPNR.Acquisition_Quotes_HPNR_FL_with_funder_quote_addition_with_maintenance_Test" name="aquisition_quotes_HPNR_FL_quote_summary_values_verification_with_maintenance_test" time="113.302">
    <failure type="java.lang.AssertionError" message="expected [true] but found [false]">
      <![CDATA[java.lang.AssertionError: expected [true] but found [false]
at newCar.HPNR.Acquisition_Quotes_HPNR_FL_with_funder_quote_addition_with_maintenance_Test.aquisition_quotes_HPNR_FL_quote_summary_values_verification_with_maintenance_test(Acquisition_Quotes_HPNR_FL_with_funder_quote_addition_with_maintenance_Test.java:210)
at java.base/java.util.ArrayList.forEach(ArrayList.java:1511)
... Removed 29 stack frames]]>
    </failure>
  </testcase> <!-- aquisition_quotes_HPNR_FL_quote_summary_values_verification_with_maintenance_test -->
  <testcase classname="newCar.FL.Acquisition_Quotes_FL_PCH_with_maintenance_Test" name="aquisition_quotes_FL_PCH_OTR_calculation_with_maintenance_test" time="104.211"/>
  <testcase classname="newCar.FL.Acquisition_Quotes_FL_PCH_with_maintenance_Test" name="aquisition_quotes_FL_PCH_after_discount_calculations_with_maintenance_test" time="4.479"/>
  <testcase classname="newCar.FL.Acquisition_Quotes_FL_PCH_with_maintenance_Test" name="aquisition_quotes_FL_PCH_holding_cost_calculations_with_maintenance_test" time="70.816"/>
  <testcase classname="newCar.FL.Acquisition_Quotes_FL_PCH_with_maintenance_Test" name="aquisition_quotes_FL_PCH_customer_quote_payment_profile_calculations_with_maintenance_test" time="131.766"/>
  <testcase classname="newCar.FL.Acquisition_Quotes_FL_PCH_with_maintenance_Test" name="aquisition_quotes_FL_PCH_quote_summary_values_verification_with_maintenance_test" time="234.14"/>
  <testcase classname="newCar.HPNR.Acquisition_Quotes_HPNR_HPNR_without_maintenance_Test" name="aquisition_quotes_HPNR_HPNR_OTR_calculation_without_maintenance_test" time="108.37"/>
  <testcase classname="newCar.HPNR.Acquisition_Quotes_HPNR_HPNR_without_maintenance_Test" name="aquisition_quotes_HPNR_HPNR_after_discount_calculations_without_maintenance_test" time="4.505"/>
  <testcase classname="newCar.HPNR.Acquisition_Quotes_HPNR_HPNR_without_maintenance_Test" name="aquisition_quotes_HPNR_HPNR_holding_cost_calculations_without_maintenance_test" time="29.279"/>
  <testcase classname="newCar.HPNR.Acquisition_Quotes_HPNR_HPNR_without_maintenance_Test" name="aquisition_quotes_HPNR_HPNR_customer_quote_calculations_check_monthly_finance_payment_without_maintenance_test" time="95.057"/>
  <testcase classname="newCar.HPNR.Acquisition_Quotes_HPNR_HPNR_without_maintenance_Test" name="aquisition_quotes_HPNR_HPNR_customer_quote_vehicle_profit_edit_check_without_maintenance_test" time="44.61"/>
  <testcase classname="newCar.HPNR.Acquisition_Quotes_HPNR_HPNR_without_maintenance_Test" name="aquisition_quotes_HPNR_HPNR_customer_quote_part_exchange_value_edit_check_without_maintenance_test" time="83.914"/>
  <testcase classname="newCar.HPNR.Acquisition_Quotes_HPNR_HPNR_without_maintenance_Test" name="aquisition_quotes_HPNR_HPNR_customer_quote_monthly_finance_payment_after_balloon_payment_off_without_maintenance_test" time="19.496"/>
  <testcase classname="newCar.HPNR.Acquisition_Quotes_HPNR_HPNR_without_maintenance_Test" name="aquisition_quotes_HPNR_HPNR_quote_summary_values_verification_without_maintenance_test" time="206.001"/>
  <testcase classname="newCar.FL.Acquisition_Quotes_FL_FL_with_maintenance_Test" name="aquisition_quotes_FL_FL_OTR_calculation_with_maintenance_test" time="107.553"/>
  <testcase classname="newCar.FL.Acquisition_Quotes_FL_FL_with_maintenance_Test" name="aquisition_quotes_FL_FL_after_discount_calculations_with_maintenance_test" time="4.415"/>
  <testcase classname="newCar.FL.Acquisition_Quotes_FL_FL_with_maintenance_Test" name="aquisition_quotes_FL_FL_holding_cost_calculations_with_maintenance_test" time="71.538"/>
  <testcase classname="newCar.FL.Acquisition_Quotes_FL_FL_with_maintenance_Test" name="aquisition_quotes_FL_FL_customer_quote_payment_profile_calculations_with_maintenance_test" time="152.345"/>
  <testcase classname="newCar.FL.Acquisition_Quotes_FL_FL_with_maintenance_Test" name="aquisition_quotes_FL_FL_quote_summary_values_verification_with_maintenance_test" time="130.159">
    <failure type="java.lang.AssertionError" message="expected [true] but found [false]">
      <![CDATA[java.lang.AssertionError: expected [true] but found [false]
at newCar.FL.Acquisition_Quotes_FL_FL_with_maintenance_Test.aquisition_quotes_FL_FL_quote_summary_values_verification_with_maintenance_test(Acquisition_Quotes_FL_FL_with_maintenance_Test.java:246)
at java.base/java.util.ArrayList.forEach(ArrayList.java:1511)
... Removed 29 stack frames]]>
    </failure>
  </testcase> <!-- aquisition_quotes_FL_FL_quote_summary_values_verification_with_maintenance_test -->
  <testcase classname="newCar.OP.Acquisition_Quotes_Outright_PCH_without_maintenance_Test" name="aquisition_quotes_outright_PCH_OTR_calculation_without_maintenance_test" time="106.675"/>
  <testcase classname="newCar.OP.Acquisition_Quotes_Outright_PCH_without_maintenance_Test" name="aquisition_quotes_outright_PCH_after_discount_calculations_without_maintenance_test" time="4.496"/>
  <testcase classname="newCar.OP.Acquisition_Quotes_Outright_PCH_without_maintenance_Test" name="aquisition_quotes_outright_PCH_other_support_check_without_maintenance_test" time="21.823"/>
  <testcase classname="newCar.OP.Acquisition_Quotes_Outright_PCH_without_maintenance_Test" name="aquisition_quotes_outright_PCH_holding_cost_calculations_without_maintenance_test" time="56.466"/>
  <testcase classname="newCar.OP.Acquisition_Quotes_Outright_PCH_without_maintenance_Test" name="aquisition_quotes_outright_PCH_customer_quote_payment_profile_calculations_without_maintenance_test" time="210.403"/>
  <testcase classname="newCar.OP.Acquisition_Quotes_Outright_PCH_without_maintenance_Test" name="aquisition_quotes_outright_PCH_quote_summary_values_verification_without_maintenance_test" time="103.217"/>
  <testcase classname="newCar.HPNR.Acquisition_Quotes_HPNR_PCP_without_maintenance_Test" name="aquisition_quotes_HPNR_PCP_OTR_calculation_without_maintenance_test" time="107.245"/>
  <testcase classname="newCar.HPNR.Acquisition_Quotes_HPNR_PCP_without_maintenance_Test" name="aquisition_quotes_HPNR_PCP_after_discount_calculations_without_maintenance_test" time="4.387"/>
  <testcase classname="newCar.HPNR.Acquisition_Quotes_HPNR_PCP_without_maintenance_Test" name="aquisition_quotes_HPNR_PCP_holding_cost_calculations_without_maintenance_test" time="39.977"/>
  <testcase classname="newCar.HPNR.Acquisition_Quotes_HPNR_PCP_without_maintenance_Test" name="aquisition_quotes_HPNR_PCP_customer_quote_calculations_check_monthly_finance_payment_without_maintenance_test" time="35.206">
    <failure type="java.lang.AssertionError" message="expected [true] but found [false]">
      <![CDATA[java.lang.AssertionError: expected [true] but found [false]
at newCar.HPNR.Acquisition_Quotes_HPNR_PCP_without_maintenance_Test.aquisition_quotes_HPNR_PCP_customer_quote_calculations_check_monthly_finance_payment_without_maintenance_test(Acquisition_Quotes_HPNR_PCP_without_maintenance_Test.java:117)
at java.base/java.util.ArrayList.forEach(ArrayList.java:1511)
... Removed 29 stack frames]]>
    </failure>
  </testcase> <!-- aquisition_quotes_HPNR_PCP_customer_quote_calculations_check_monthly_finance_payment_without_maintenance_test -->
  <testcase classname="newCar.HPNR.Acquisition_Quotes_HPNR_PCP_without_maintenance_Test" name="aquisition_quotes_HPNR_PCP_customer_quote_vehicle_profit_edit_check_without_maintenance_test" time="0.0">
    <skipped/>
  </testcase> <!-- aquisition_quotes_HPNR_PCP_customer_quote_vehicle_profit_edit_check_without_maintenance_test -->
  <testcase classname="newCar.HPNR.Acquisition_Quotes_HPNR_PCP_without_maintenance_Test" name="aquisition_quotes_HPNR_PCP_customer_quote_part_exchange_value_edit_check_without_maintenance_test" time="0.0">
    <skipped/>
  </testcase> <!-- aquisition_quotes_HPNR_PCP_customer_quote_part_exchange_value_edit_check_without_maintenance_test -->
  <testcase classname="newCar.HPNR.Acquisition_Quotes_HPNR_PCP_without_maintenance_Test" name="aquisition_quotes_HPNR_PCP_quote_summary_values_verification_without_maintenance_test" time="0.0">
    <skipped/>
  </testcase> <!-- aquisition_quotes_HPNR_PCP_quote_summary_values_verification_without_maintenance_test -->
  <testcase classname="newCar.HPNR.Acquisition_Quotes_HPNR_PCH_with_funder_quote_addition_with_maintenance_Test" name="aquisition_quotes_HPNR_PCH_OTR_calculation_with_maintenance_test" time="112.808"/>
  <testcase classname="newCar.HPNR.Acquisition_Quotes_HPNR_PCH_with_funder_quote_addition_with_maintenance_Test" name="aquisition_quotes_HPNR_PCH_after_discount_calculations_with_maintenance_test" time="4.497"/>
  <testcase classname="newCar.HPNR.Acquisition_Quotes_HPNR_PCH_with_funder_quote_addition_with_maintenance_Test" name="aquisition_quotes_HPNR_PCH_holding_cost_calculations_with_maintenance_test" time="33.499"/>
  <testcase classname="newCar.HPNR.Acquisition_Quotes_HPNR_PCH_with_funder_quote_addition_with_maintenance_Test" name="aquisition_quotes_HPNR_PCH_customer_quote_payment_profile_calculations_with_maintenance_test" time="304.185"/>
  <testcase classname="newCar.HPNR.Acquisition_Quotes_HPNR_PCH_with_funder_quote_addition_with_maintenance_Test" name="aquisition_quotes_HPNR_PCH_quote_summary_values_verification_with_maintenance_test" time="206.171"/>
  <testcase classname="newCar.HPNR.Acquisition_Quotes_HPNR_PCH_without_maintenance_Test" name="aquisition_quotes_HPNR_PCH_OTR_calculation_without_maintenance_test" time="107.021"/>
  <testcase classname="newCar.HPNR.Acquisition_Quotes_HPNR_PCH_without_maintenance_Test" name="aquisition_quotes_HPNR_PCH_after_discount_calculations_without_maintenance_test" time="4.417"/>
  <testcase classname="newCar.HPNR.Acquisition_Quotes_HPNR_PCH_without_maintenance_Test" name="aquisition_quotes_HPNR_PCH_other_support_check_without_maintenance_test" time="21.992"/>
  <testcase classname="newCar.HPNR.Acquisition_Quotes_HPNR_PCH_without_maintenance_Test" name="aquisition_quotes_HPNR_PCH_holding_cost_calculations_without_maintenance_test" time="34.142"/>
  <testcase classname="newCar.HPNR.Acquisition_Quotes_HPNR_PCH_without_maintenance_Test" name="aquisition_quotes_HPNR_PCH_customer_quote_payment_profile_calculations_without_maintenance_test" time="89.484"/>
  <testcase classname="newCar.HPNR.Acquisition_Quotes_HPNR_PCH_without_maintenance_Test" name="aquisition_quotes_HPNR_PCH_quote_summary_values_verification_without_maintenance_test" time="176.163">
    <failure type="java.lang.AssertionError" message="expected [true] but found [false]">
      <![CDATA[java.lang.AssertionError: expected [true] but found [false]
at newCar.HPNR.Acquisition_Quotes_HPNR_PCH_without_maintenance_Test.aquisition_quotes_HPNR_PCH_quote_summary_values_verification_without_maintenance_test(Acquisition_Quotes_HPNR_PCH_without_maintenance_Test.java:311)
at java.base/java.util.ArrayList.forEach(ArrayList.java:1511)
... Removed 29 stack frames]]>
    </failure>
  </testcase> <!-- aquisition_quotes_HPNR_PCH_quote_summary_values_verification_without_maintenance_test -->
  <testcase classname="newCar.HPNR.Acquisition_Quotes_HPNR_PCH_with_maintenance_Test" name="aquisition_quotes_HPNR_PCH_OTR_calculation_with_maintenance_test" time="106.251"/>
  <testcase classname="newCar.HPNR.Acquisition_Quotes_HPNR_PCH_with_maintenance_Test" name="aquisition_quotes_HPNR_PCH_after_discount_calculations_with_maintenance_test" time="4.34"/>
  <testcase classname="newCar.HPNR.Acquisition_Quotes_HPNR_PCH_with_maintenance_Test" name="aquisition_quotes_HPNR_PCH_other_support_check_with_maintenance_test" time="21.934"/>
  <testcase classname="newCar.HPNR.Acquisition_Quotes_HPNR_PCH_with_maintenance_Test" name="aquisition_quotes_HPNR_PCH_holding_cost_calculations_with_maintenance_test" time="25.834"/>
  <testcase classname="newCar.HPNR.Acquisition_Quotes_HPNR_PCH_with_maintenance_Test" name="aquisition_quotes_HPNR_PCH_customer_quote_payment_profile_calculations_with_maintenance_test" time="155.959"/>
  <testcase classname="newCar.HPNR.Acquisition_Quotes_HPNR_PCH_with_maintenance_Test" name="aquisition_quotes_HPNR_PCH_quote_summary_values_verification_with_maintenance_test" time="197.067">
    <failure type="java.lang.AssertionError" message="expected [true] but found [false]">
      <![CDATA[java.lang.AssertionError: expected [true] but found [false]
at newCar.HPNR.Acquisition_Quotes_HPNR_PCH_with_maintenance_Test.aquisition_quotes_HPNR_PCH_quote_summary_values_verification_with_maintenance_test(Acquisition_Quotes_HPNR_PCH_with_maintenance_Test.java:335)
at java.base/java.util.ArrayList.forEach(ArrayList.java:1511)
... Removed 29 stack frames]]>
    </failure>
  </testcase> <!-- aquisition_quotes_HPNR_PCH_quote_summary_values_verification_with_maintenance_test -->
  <testcase classname="newCar.BROKER.Acquisition_Quotes_Broker_CP_without_maintenance_Test" name="aquisition_quotes_user_flow_broker_CP_OTR_calculation_without_maintenance_test" time="118.29"/>
  <testcase classname="newCar.BROKER.Acquisition_Quotes_Broker_CP_without_maintenance_Test" name="aquisition_quotes_user_flow_broker_CP_after_discount_calculations_without_maintenance_test" time="4.322"/>
  <testcase classname="newCar.BROKER.Acquisition_Quotes_Broker_CP_without_maintenance_Test" name="aquisition_quotes_user_flow_broker_CP_vehicle_profit_check_without_maintenance_test" time="17.709"/>
  <testcase classname="newCar.BROKER.Acquisition_Quotes_Broker_CP_without_maintenance_Test" name="aquisition_quotes_user_flow_broker_CP_balance_to_finance_check_without_maintenance_test" time="42.811"/>
  <testcase classname="newCar.BROKER.Acquisition_Quotes_Broker_CP_without_maintenance_Test" name="aquisition_quotes_user_flow_broker_CP_quote_summary_values_verification_without_maintenance_test" time="19.931"/>
  <testcase classname="newCar.BROKER.Acquisition_Quotes_Broker_BCH_with_maintenance_Test" name="aquisition_quotes_user_flow_broker_bch_OTR_calculation_with_maintenance_test" time="112.69"/>
  <testcase classname="newCar.BROKER.Acquisition_Quotes_Broker_BCH_with_maintenance_Test" name="aquisition_quotes_user_flow_broker_bch_after_discount_calculations_with_maintenance_test" time="4.469"/>
  <testcase classname="newCar.BROKER.Acquisition_Quotes_Broker_BCH_with_maintenance_Test" name="aquisition_quotes_user_flow_broker_bch_funder_quote_addition_with_maintenance_test" time="49.855"/>
  <testcase classname="newCar.BROKER.Acquisition_Quotes_Broker_BCH_with_maintenance_Test" name="aquisition_quotes_user_flow_broker_bch_quote_summary_values_verification_with_maintenance_test" time="32.869"/>
  <testcase classname="newCar.CP.Acquisition_Quotes_CP_CP_with_funder_quote_addition_without_maintenance_Test" name="aquisition_quotes_CP_CP_OTR_calculation_without_maintenance_test" time="105.118"/>
  <testcase classname="newCar.CP.Acquisition_Quotes_CP_CP_with_funder_quote_addition_without_maintenance_Test" name="aquisition_quotes_CP_CP_after_discount_calculations_without_maintenance_test" time="4.418"/>
  <testcase classname="newCar.CP.Acquisition_Quotes_CP_CP_with_funder_quote_addition_without_maintenance_Test" name="aquisition_quotes_CP_CP_holding_cost_calculations_without_maintenance_test" time="23.452"/>
  <testcase classname="newCar.CP.Acquisition_Quotes_CP_CP_with_funder_quote_addition_without_maintenance_Test" name="aquisition_quotes_CP_CP_customer_quote_calculations_check_monthly_finance_payment_without_maintenance_test" time="29.673">
    <failure type="java.lang.AssertionError" message="expected [true] but found [false]">
      <![CDATA[java.lang.AssertionError: expected [true] but found [false]
at newCar.CP.Acquisition_Quotes_CP_CP_with_funder_quote_addition_without_maintenance_Test.aquisition_quotes_CP_CP_customer_quote_calculations_check_monthly_finance_payment_without_maintenance_test(Acquisition_Quotes_CP_CP_with_funder_quote_addition_without_maintenance_Test.java:122)
at java.base/java.util.ArrayList.forEach(ArrayList.java:1511)
... Removed 29 stack frames]]>
    </failure>
  </testcase> <!-- aquisition_quotes_CP_CP_customer_quote_calculations_check_monthly_finance_payment_without_maintenance_test -->
  <testcase classname="newCar.CP.Acquisition_Quotes_CP_CP_with_funder_quote_addition_without_maintenance_Test" name="aquisition_quotes_CP_CP_quote_summary_values_verification_without_maintenance_test" time="0.0">
    <skipped/>
  </testcase> <!-- aquisition_quotes_CP_CP_quote_summary_values_verification_without_maintenance_test -->
  <testcase classname="newCar.FL.Acquisition_Quotes_FL_FL_with_funder_quote_addition_with_maintenance_Test" name="aquisition_quotes_FL_FL_OTR_calculation_with_maintenance_test" time="107.332"/>
  <testcase classname="newCar.FL.Acquisition_Quotes_FL_FL_with_funder_quote_addition_with_maintenance_Test" name="aquisition_quotes_FL_FL_after_discount_calculations_with_maintenance_test" time="4.289"/>
  <testcase classname="newCar.FL.Acquisition_Quotes_FL_FL_with_funder_quote_addition_with_maintenance_Test" name="aquisition_quotes_FL_FL_holding_cost_calculations_with_maintenance_test" time="38.378"/>
  <testcase classname="newCar.FL.Acquisition_Quotes_FL_FL_with_funder_quote_addition_with_maintenance_Test" name="aquisition_quotes_FL_FL_customer_quote_payment_profile_calculations_with_maintenance_test" time="100.991"/>
  <testcase classname="newCar.FL.Acquisition_Quotes_FL_FL_with_funder_quote_addition_with_maintenance_Test" name="aquisition_quotes_FL_FL_quote_summary_values_verification_with_maintenance_test" time="125.534">
    <failure type="java.lang.AssertionError" message="expected [true] but found [false]">
      <![CDATA[java.lang.AssertionError: expected [true] but found [false]
at newCar.FL.Acquisition_Quotes_FL_FL_with_funder_quote_addition_with_maintenance_Test.aquisition_quotes_FL_FL_quote_summary_values_verification_with_maintenance_test(Acquisition_Quotes_FL_FL_with_funder_quote_addition_with_maintenance_Test.java:215)
at java.base/java.util.ArrayList.forEach(ArrayList.java:1511)
... Removed 29 stack frames]]>
    </failure>
  </testcase> <!-- aquisition_quotes_FL_FL_quote_summary_values_verification_with_maintenance_test -->
  <testcase classname="newCar.OP.Acquisition_Quotes_Outright_PCP_without_maintenance_Test" name="aquisition_quotes_outright_PCP_OTR_calculation_without_maintenance_test" time="107.123"/>
  <testcase classname="newCar.OP.Acquisition_Quotes_Outright_PCP_without_maintenance_Test" name="aquisition_quotes_outright_PCP_after_discount_calculations_without_maintenance_test" time="4.449"/>
  <testcase classname="newCar.OP.Acquisition_Quotes_Outright_PCP_without_maintenance_Test" name="aquisition_quotes_outright_PCP_holding_cost_calculations_without_maintenance_test" time="43.059"/>
  <testcase classname="newCar.OP.Acquisition_Quotes_Outright_PCP_without_maintenance_Test" name="aquisition_quotes_outright_PCP_customer_quote_calculations_check_monthly_finance_payment_without_maintenance_test" time="94.705"/>
  <testcase classname="newCar.OP.Acquisition_Quotes_Outright_PCP_without_maintenance_Test" name="aquisition_quotes_outright_PCP_customer_quote_vehicle_profit_edit_check_without_maintenance_test" time="47.194"/>
  <testcase classname="newCar.OP.Acquisition_Quotes_Outright_PCP_without_maintenance_Test" name="aquisition_quotes_outright_PCP_customer_quote_part_exchange_value_edit_check_without_maintenance_test" time="84.57"/>
  <testcase classname="newCar.OP.Acquisition_Quotes_Outright_PCP_without_maintenance_Test" name="aquisition_quotes_outright_PCP_quote_summary_values_verification_without_maintenance_test" time="131.177"/>
  <testcase classname="newCar.HPNR.Acquisition_Quotes_HPNR_CP_with_funder_quote_addition_with_maintenance_Test" name="aquisition_quotes_HPNR_CP_OTR_calculation_with_maintenance_test" time="106.457"/>
  <testcase classname="newCar.HPNR.Acquisition_Quotes_HPNR_CP_with_funder_quote_addition_with_maintenance_Test" name="aquisition_quotes_HPNR_CP_after_discount_calculations_with_maintenance_test" time="4.271"/>
  <testcase classname="newCar.HPNR.Acquisition_Quotes_HPNR_CP_with_funder_quote_addition_with_maintenance_Test" name="aquisition_quotes_HPNR_CP_holding_cost_calculations_with_maintenance_test" time="30.361">
    <failure type="java.lang.AssertionError" message="expected [true] but found [false]">
      <![CDATA[java.lang.AssertionError: expected [true] but found [false]
at newCar.HPNR.Acquisition_Quotes_HPNR_CP_with_funder_quote_addition_with_maintenance_Test.aquisition_quotes_HPNR_CP_holding_cost_calculations_with_maintenance_test(Acquisition_Quotes_HPNR_CP_with_funder_quote_addition_with_maintenance_Test.java:98)
at java.base/java.util.ArrayList.forEach(ArrayList.java:1511)
... Removed 29 stack frames]]>
    </failure>
  </testcase> <!-- aquisition_quotes_HPNR_CP_holding_cost_calculations_with_maintenance_test -->
  <testcase classname="newCar.HPNR.Acquisition_Quotes_HPNR_CP_with_funder_quote_addition_with_maintenance_Test" name="aquisition_quotes_HPNR_CP_customer_quote_calculations_check_monthly_finance_payment_with_maintenance_test" time="0.0">
    <skipped/>
  </testcase> <!-- aquisition_quotes_HPNR_CP_customer_quote_calculations_check_monthly_finance_payment_with_maintenance_test -->
  <testcase classname="newCar.HPNR.Acquisition_Quotes_HPNR_CP_with_funder_quote_addition_with_maintenance_Test" name="aquisition_quotes_HPNR_CP_quote_summary_values_verification_with_maintenance_test" time="0.0">
    <skipped/>
  </testcase> <!-- aquisition_quotes_HPNR_CP_quote_summary_values_verification_with_maintenance_test -->
  <testcase classname="newCar.BROKER.Acquisition_Quotes_Broker_PCH_without_maintenance_Test" name="aquisition_quotes_user_flow_broker_pch_OTR_calculations_without_maintenance_test" time="124.328"/>
  <testcase classname="newCar.BROKER.Acquisition_Quotes_Broker_PCH_without_maintenance_Test" name="aquisition_quotes_user_flow_broker_pch_after_discount_calculations_without_maintenance_test" time="4.509"/>
  <testcase classname="newCar.BROKER.Acquisition_Quotes_Broker_PCH_without_maintenance_Test" name="aquisition_quotes_user_flow_broker_pch_without_maintenance_test" time="47.127"/>
  <testcase classname="newCar.BROKER.Acquisition_Quotes_Broker_PCH_without_maintenance_Test" name="aquisition_quotes_user_flow_broker_pch_quote_summary_values_verification_without_maintenance_test" time="22.486"/>
  <testcase classname="newCar.HPNR.Acquisition_Quotes_HPNR_CP_without_maintenance_Test" name="aquisition_quotes_HPNR_CP_OTR_calculation_without_maintenance_test" time="107.139"/>
  <testcase classname="newCar.HPNR.Acquisition_Quotes_HPNR_CP_without_maintenance_Test" name="aquisition_quotes_HPNR_CP_after_discount_calculations_without_maintenance_test" time="4.455"/>
  <testcase classname="newCar.HPNR.Acquisition_Quotes_HPNR_CP_without_maintenance_Test" name="aquisition_quotes_HPNR_CP_holding_cost_calculations_without_maintenance_test" time="39.863"/>
  <testcase classname="newCar.HPNR.Acquisition_Quotes_HPNR_CP_without_maintenance_Test" name="aquisition_quotes_HPNR_CP_customer_quote_calculations_check_monthly_finance_payment_without_maintenance_test" time="99.502"/>
  <testcase classname="newCar.HPNR.Acquisition_Quotes_HPNR_CP_without_maintenance_Test" name="aquisition_quotes_HPNR_CP_customer_quote_vehicle_profit_edit_check_without_maintenance_test" time="48.929"/>
  <testcase classname="newCar.HPNR.Acquisition_Quotes_HPNR_CP_without_maintenance_Test" name="aquisition_quotes_HPNR_CP_customer_quote_part_exchange_value_edit_check_without_maintenance_test" time="92.287">
    <failure type="java.lang.AssertionError" message="expected [true] but found [false]">
      <![CDATA[java.lang.AssertionError: expected [true] but found [false]
at newCar.HPNR.Acquisition_Quotes_HPNR_CP_without_maintenance_Test.aquisition_quotes_HPNR_CP_customer_quote_part_exchange_value_edit_check_without_maintenance_test(Acquisition_Quotes_HPNR_CP_without_maintenance_Test.java:161)
at java.base/java.util.ArrayList.forEach(ArrayList.java:1511)
... Removed 29 stack frames]]>
    </failure>
  </testcase> <!-- aquisition_quotes_HPNR_CP_customer_quote_part_exchange_value_edit_check_without_maintenance_test -->
  <testcase classname="newCar.HPNR.Acquisition_Quotes_HPNR_CP_without_maintenance_Test" name="aquisition_quotes_HPNR_CP_quote_summary_values_verification_without_maintenance_test" time="0.0">
    <skipped/>
  </testcase> <!-- aquisition_quotes_HPNR_CP_quote_summary_values_verification_without_maintenance_test -->
  <testcase classname="newCar.HPNR.Acquisition_Quotes_HPNR_HPNR_with_maintenance_Test" name="aquisition_quotes_HPNR_HPNR_OTR_calculation_with_maintenance_test" time="119.634"/>
  <testcase classname="newCar.HPNR.Acquisition_Quotes_HPNR_HPNR_with_maintenance_Test" name="aquisition_quotes_HPNR_HPNR_after_discount_calculations_with_maintenance_test" time="4.501"/>
  <testcase classname="newCar.HPNR.Acquisition_Quotes_HPNR_HPNR_with_maintenance_Test" name="aquisition_quotes_HPNR_HPNR_holding_cost_calculations_with_maintenance_test" time="51.699"/>
  <testcase classname="newCar.HPNR.Acquisition_Quotes_HPNR_HPNR_with_maintenance_Test" name="aquisition_quotes_HPNR_HPNR_customer_quote_calculations_check_monthly_finance_payment_with_maintenance_test" time="124.063"/>
  <testcase classname="newCar.HPNR.Acquisition_Quotes_HPNR_HPNR_with_maintenance_Test" name="aquisition_quotes_HPNR_HPNR_customer_quote_vehicle_profit_edit_check_with_maintenance_test" time="43.483"/>
  <testcase classname="newCar.HPNR.Acquisition_Quotes_HPNR_HPNR_with_maintenance_Test" name="aquisition_quotes_HPNR_HPNR_customer_quote_part_exchange_value_edit_check_with_maintenance_test" time="75.041"/>
  <testcase classname="newCar.HPNR.Acquisition_Quotes_HPNR_HPNR_with_maintenance_Test" name="aquisition_quotes_HPNR_HPNR_customer_quote_monthly_finance_payment_after_balloon_payment_off_with_maintenance_test" time="25.53"/>
  <testcase classname="newCar.HPNR.Acquisition_Quotes_HPNR_HPNR_with_maintenance_Test" name="aquisition_quotes_HPNR_HPNR_quote_summary_values_verification_with_maintenance_test" time="92.54">
    <failure type="java.lang.AssertionError" message="expected [true] but found [false]">
      <![CDATA[java.lang.AssertionError: expected [true] but found [false]
at newCar.HPNR.Acquisition_Quotes_HPNR_HPNR_with_maintenance_Test.aquisition_quotes_HPNR_HPNR_quote_summary_values_verification_with_maintenance_test(Acquisition_Quotes_HPNR_HPNR_with_maintenance_Test.java:247)
at java.base/java.util.ArrayList.forEach(ArrayList.java:1511)
... Removed 29 stack frames]]>
    </failure>
  </testcase> <!-- aquisition_quotes_HPNR_HPNR_quote_summary_values_verification_with_maintenance_test -->
  <testcase classname="newCar.OP.Acquisition_Quotes_OP_OP_Test" name="aquisition_quotes_OP_OP_OTR_calculation_test" time="106.434"/>
  <testcase classname="newCar.OP.Acquisition_Quotes_OP_OP_Test" name="aquisition_quotes_OP_OP_after_discount_calculations_test" time="4.467"/>
  <testcase classname="newCar.OP.Acquisition_Quotes_OP_OP_Test" name="aquisition_quotes_OP_OP_customer_quote_vehicle_profit_edit_test" time="5.204"/>
  <testcase classname="newCar.OP.Acquisition_Quotes_OP_OP_Test" name="aquisition_quotes_OP_OP_customer_quote_part_exchange_value_edit_test" time="26.834"/>
  <testcase classname="newCar.OP.Acquisition_Quotes_OP_OP_Test" name="aquisition_quotes_OP_OP_quote_summary_values_verification_with_maintenance_test" time="11.599"/>
  <testcase classname="newCar.OP.Acquisition_Quotes_Outright_CP_without_maintenance_Test" name="aquisition_quotes_outright_CP_OTR_calculation_without_maintenance_test" time="107.584"/>
  <testcase classname="newCar.OP.Acquisition_Quotes_Outright_CP_without_maintenance_Test" name="aquisition_quotes_outright_CP_after_discount_calculations_without_maintenance_test" time="4.427"/>
  <testcase classname="newCar.OP.Acquisition_Quotes_Outright_CP_without_maintenance_Test" name="aquisition_quotes_outright_CP_holding_cost_calculations_without_maintenance_test" time="40.077"/>
  <testcase classname="newCar.OP.Acquisition_Quotes_Outright_CP_without_maintenance_Test" name="aquisition_quotes_outright_CP_customer_quote_calculations_check_monthly_finance_payment_without_maintenance_test" time="95.257"/>
  <testcase classname="newCar.OP.Acquisition_Quotes_Outright_CP_without_maintenance_Test" name="aquisition_quotes_outright_CP_customer_quote_vehicle_profit_edit_check_without_maintenance_test" time="47.931"/>
  <testcase classname="newCar.OP.Acquisition_Quotes_Outright_CP_without_maintenance_Test" name="aquisition_quotes_outright_CP_customer_quote_part_exchange_value_edit_check_without_maintenance_test" time="87.77"/>
  <testcase classname="newCar.OP.Acquisition_Quotes_Outright_CP_without_maintenance_Test" name="aquisition_quotes_outright_CP_quote_summary_values_verification_without_maintenance_test" time="126.066"/>
  <testcase classname="newCar.HPNR.Acquisition_Quotes_HPNR_BCH_with_funder_quote_addition_without_maintenance_Test" name="aquisition_quotes_HPNR_BCH_OTR_calculation_without_maintenance_test" time="106.48"/>
  <testcase classname="newCar.HPNR.Acquisition_Quotes_HPNR_BCH_with_funder_quote_addition_without_maintenance_Test" name="aquisition_quotes_HPNR_BCH_after_discount_calculations_without_maintenance_test" time="4.356"/>
  <testcase classname="newCar.HPNR.Acquisition_Quotes_HPNR_BCH_with_funder_quote_addition_without_maintenance_Test" name="aquisition_quotes_HPNR_BCH_holding_cost_calculations_without_maintenance_test" time="27.447"/>
  <testcase classname="newCar.HPNR.Acquisition_Quotes_HPNR_BCH_with_funder_quote_addition_without_maintenance_Test" name="aquisition_quotes_HPNR_BCH_customer_quote_payment_profile_calculations_without_maintenance_test" time="241.74"/>
  <testcase classname="newCar.HPNR.Acquisition_Quotes_HPNR_BCH_with_funder_quote_addition_without_maintenance_Test" name="aquisition_quotes_HPNR_BCH_quote_summary_values_verification_without_maintenance_test" time="165.855"/>
  <testcase classname="newCar.HPNR.Acquisition_Quotes_HPNR_PCP_with_maintenance_Test" name="aquisition_quotes_HPNR_PCP_OTR_calculation_with_maintenance_test" time="106.945"/>
  <testcase classname="newCar.HPNR.Acquisition_Quotes_HPNR_PCP_with_maintenance_Test" name="aquisition_quotes_HPNR_PCP_after_discount_calculations_with_maintenance_test" time="4.276"/>
  <testcase classname="newCar.HPNR.Acquisition_Quotes_HPNR_PCP_with_maintenance_Test" name="aquisition_quotes_HPNR_PCP_holding_cost_calculations_with_maintenance_test" time="51.502"/>
  <testcase classname="newCar.HPNR.Acquisition_Quotes_HPNR_PCP_with_maintenance_Test" name="aquisition_quotes_HPNR_PCP_customer_quote_calculations_check_monthly_finance_payment_with_maintenance_test" time="58.109">
    <failure type="java.lang.AssertionError" message="expected [true] but found [false]">
      <![CDATA[java.lang.AssertionError: expected [true] but found [false]
at newCar.HPNR.Acquisition_Quotes_HPNR_PCP_with_maintenance_Test.aquisition_quotes_HPNR_PCP_customer_quote_calculations_check_monthly_finance_payment_with_maintenance_test(Acquisition_Quotes_HPNR_PCP_with_maintenance_Test.java:124)
at java.base/java.util.ArrayList.forEach(ArrayList.java:1511)
... Removed 29 stack frames]]>
    </failure>
  </testcase> <!-- aquisition_quotes_HPNR_PCP_customer_quote_calculations_check_monthly_finance_payment_with_maintenance_test -->
  <testcase classname="newCar.HPNR.Acquisition_Quotes_HPNR_PCP_with_maintenance_Test" name="aquisition_quotes_HPNR_PCP_customer_quote_vehicle_profit_edit_check_with_maintenance_test" time="0.0">
    <skipped/>
  </testcase> <!-- aquisition_quotes_HPNR_PCP_customer_quote_vehicle_profit_edit_check_with_maintenance_test -->
  <testcase classname="newCar.HPNR.Acquisition_Quotes_HPNR_PCP_with_maintenance_Test" name="aquisition_quotes_HPNR_PCP_customer_quote_part_exchange_value_edit_check_with_maintenance_test" time="0.0">
    <skipped/>
  </testcase> <!-- aquisition_quotes_HPNR_PCP_customer_quote_part_exchange_value_edit_check_with_maintenance_test -->
  <testcase classname="newCar.HPNR.Acquisition_Quotes_HPNR_PCP_with_maintenance_Test" name="aquisition_quotes_HPNR_PCP_quote_summary_values_verification_with_maintenance_test" time="0.0">
    <skipped/>
  </testcase> <!-- aquisition_quotes_HPNR_PCP_quote_summary_values_verification_with_maintenance_test -->
  <testcase classname="newCar.OP.Acquisition_Quotes_Outright_HPR_with_maintenance_Test" name="aquisition_quotes_outright_HPR_OTR_calculation_with_maintenance_test" time="118.475"/>
  <testcase classname="newCar.OP.Acquisition_Quotes_Outright_HPR_with_maintenance_Test" name="aquisition_quotes_outright_HPR_after_discount_calculations_with_maintenance_test" time="4.419"/>
  <testcase classname="newCar.OP.Acquisition_Quotes_Outright_HPR_with_maintenance_Test" name="aquisition_quotes_outright_HPR_holding_cost_calculations_with_maintenance_test" time="56.365"/>
  <testcase classname="newCar.OP.Acquisition_Quotes_Outright_HPR_with_maintenance_Test" name="aquisition_quotes_outright_HPR_customer_quote_calculations_check_monthly_finance_payment_with_maintenance_test" time="125.832"/>
  <testcase classname="newCar.OP.Acquisition_Quotes_Outright_HPR_with_maintenance_Test" name="aquisition_quotes_outright_HPR_customer_quote_vehicle_profit_edit_check_with_maintenance_test" time="44.358"/>
  <testcase classname="newCar.OP.Acquisition_Quotes_Outright_HPR_with_maintenance_Test" name="aquisition_quotes_outright_HPR_customer_quote_part_exchange_value_edit_check_with_maintenance_test" time="69.156"/>
  <testcase classname="newCar.OP.Acquisition_Quotes_Outright_HPR_with_maintenance_Test" name="aquisition_quotes_outright_HPR_customer_quote_monthly_finance_payment_after_balloon_payment_off_with_maintenance_test" time="25.575"/>
  <testcase classname="newCar.OP.Acquisition_Quotes_Outright_HPR_with_maintenance_Test" name="aquisition_quotes_outright_HPR_quote_summary_values_verification_with_maintenance_test" time="137.276"/>
  <testcase classname="newCar.FL.Acquisition_Quotes_FL_BCH_with_maintenance_Test" name="aquisition_quotes_FL_BCH_OTR_calculation_with_maintenance_test" time="112.817"/>
  <testcase classname="newCar.FL.Acquisition_Quotes_FL_BCH_with_maintenance_Test" name="aquisition_quotes_FL_BCH_after_discount_calculations_with_maintenance_test" time="4.226"/>
  <testcase classname="newCar.FL.Acquisition_Quotes_FL_BCH_with_maintenance_Test" name="aquisition_quotes_FL_BCH_holding_cost_calculations_with_maintenance_test" time="69.831"/>
  <testcase classname="newCar.FL.Acquisition_Quotes_FL_BCH_with_maintenance_Test" name="aquisition_quotes_FL_BCH_customer_quote_payment_profile_calculations_with_maintenance_test" time="131.759"/>
  <testcase classname="newCar.FL.Acquisition_Quotes_FL_BCH_with_maintenance_Test" name="aquisition_quotes_FL_BCH_quote_summary_values_verification_with_maintenance_test" time="127.336">
    <failure type="java.lang.AssertionError" message="expected [true] but found [false]">
      <![CDATA[java.lang.AssertionError: expected [true] but found [false]
at newCar.FL.Acquisition_Quotes_FL_BCH_with_maintenance_Test.aquisition_quotes_FL_BCH_quote_summary_values_verification_with_maintenance_test(Acquisition_Quotes_FL_BCH_with_maintenance_Test.java:229)
at java.base/java.util.ArrayList.forEach(ArrayList.java:1511)
... Removed 29 stack frames]]>
    </failure>
  </testcase> <!-- aquisition_quotes_FL_BCH_quote_summary_values_verification_with_maintenance_test -->
  <testcase classname="newCar.HPNR.Acquisition_Quotes_HPNR_PCP_with_funder_quote_addition_without_maintenance_Test" name="aquisition_quotes_HPNR_PCP_OTR_calculation_without_maintenance_test" time="506.31">
    <failure type="org.openqa.selenium.ElementClickInterceptedException" message="element click intercepted: Element &amp;lt;p _ngcontent-elh-c3=&amp;quot;&amp;quot; class=&amp;quot;text-center&amp;quot; style=&amp;quot; border: 1px solid white;&amp;quot;&amp;gt;...&amp;lt;/p&amp;gt; is not clickable at point (814, 206). Other element would receive the click: &amp;lt;div _ngcontent-elh-c0=&amp;quot;&amp;quot; class=&amp;quot;loader_div&amp;quot;&amp;gt;...&amp;lt;/div&amp;gt;
  (Session info: chrome=122.0.6261.95)
Build info: version: &amp;apos;4.1.0&amp;apos;, revision: &amp;apos;87802e897b&amp;apos;
System info: host: &amp;apos;DSK-4052&amp;apos;, ip: &amp;apos;172.16.1.80&amp;apos;, os.name: &amp;apos;Windows 10&amp;apos;, os.arch: &amp;apos;amd64&amp;apos;, os.version: &amp;apos;10.0&amp;apos;, java.version: &amp;apos;19.0.1&amp;apos;
Driver info: org.openqa.selenium.chrome.ChromeDriver
Command: [0d7dbdd5eea9bf05a4077575469a8f88, clickElement {id=9FA17186D16FD0E203EEA70FC690F5C8_element_558}]
Capabilities {acceptInsecureCerts: false, browserName: chrome, browserVersion: 122.0.6261.95, chrome: {chromedriverVersion: 121.0.6167.85 (3f98d690ad7e..., userDataDir: C:\Users\NITEIN~1.KUR\AppDa...}, fedcm:accounts: true, goog:chromeOptions: {debuggerAddress: localhost:63132}, javascriptEnabled: true, networkConnectionEnabled: false, pageLoadStrategy: normal, platform: WINDOWS, platformName: WINDOWS, proxy: Proxy(), se:cdp: ws://localhost:63132/devtoo..., se:cdpVersion: 122.0.6261.95, setWindowRect: true, strictFileInteractability: false, timeouts: {implicit: 0, pageLoad: 300000, script: 30000}, unhandledPromptBehavior: dismiss and notify, webauthn:extension:credBlob: true, webauthn:extension:largeBlob: true, webauthn:extension:minPinLength: true, webauthn:extension:prf: true, webauthn:virtualAuthenticators: true}
Element: [[ChromeDriver: chrome on WINDOWS (0d7dbdd5eea9bf05a4077575469a8f88)] -&amp;gt; xpath: (//p[contains(text(),&amp;apos; Hire Purchase Non-Regulated&amp;apos;)])[1]]
Session ID: 0d7dbdd5eea9bf05a4077575469a8f88">
      <![CDATA[org.openqa.selenium.ElementClickInterceptedException: element click intercepted: Element <p _ngcontent-elh-c3="" class="text-center" style=" border: 1px solid white;">...</p> is not clickable at point (814, 206). Other element would receive the click: <div _ngcontent-elh-c0="" class="loader_div">...</div>
  (Session info: chrome=122.0.6261.95)
Build info: version: '4.1.0', revision: '87802e897b'
System info: host: 'DSK-4052', ip: '172.16.1.80', os.name: 'Windows 10', os.arch: 'amd64', os.version: '10.0', java.version: '19.0.1'
Driver info: org.openqa.selenium.chrome.ChromeDriver
Command: [0d7dbdd5eea9bf05a4077575469a8f88, clickElement {id=9FA17186D16FD0E203EEA70FC690F5C8_element_558}]
Capabilities {acceptInsecureCerts: false, browserName: chrome, browserVersion: 122.0.6261.95, chrome: {chromedriverVersion: 121.0.6167.85 (3f98d690ad7e..., userDataDir: C:\Users\NITEIN~1.KUR\AppDa...}, fedcm:accounts: true, goog:chromeOptions: {debuggerAddress: localhost:63132}, javascriptEnabled: true, networkConnectionEnabled: false, pageLoadStrategy: normal, platform: WINDOWS, platformName: WINDOWS, proxy: Proxy(), se:cdp: ws://localhost:63132/devtoo..., se:cdpVersion: 122.0.6261.95, setWindowRect: true, strictFileInteractability: false, timeouts: {implicit: 0, pageLoad: 300000, script: 30000}, unhandledPromptBehavior: dismiss and notify, webauthn:extension:credBlob: true, webauthn:extension:largeBlob: true, webauthn:extension:minPinLength: true, webauthn:extension:prf: true, webauthn:virtualAuthenticators: true}
Element: [[ChromeDriver: chrome on WINDOWS (0d7dbdd5eea9bf05a4077575469a8f88)] -> xpath: (//p[contains(text(),' Hire Purchase Non-Regulated')])[1]]
Session ID: 0d7dbdd5eea9bf05a4077575469a8f88
at org.openqa.selenium.remote.codec.w3c.W3CHttpResponseCodec.createException(W3CHttpResponseCodec.java:200)
at org.openqa.selenium.remote.codec.w3c.W3CHttpResponseCodec.decode(W3CHttpResponseCodec.java:133)
at org.openqa.selenium.remote.codec.w3c.W3CHttpResponseCodec.decode(W3CHttpResponseCodec.java:53)
at org.openqa.selenium.remote.HttpCommandExecutor.execute(HttpCommandExecutor.java:184)
at org.openqa.selenium.remote.service.DriverCommandExecutor.invokeExecute(DriverCommandExecutor.java:164)
at org.openqa.selenium.remote.service.DriverCommandExecutor.execute(DriverCommandExecutor.java:139)
at org.openqa.selenium.remote.RemoteWebDriver.execute(RemoteWebDriver.java:559)
at org.openqa.selenium.remote.RemoteWebElement.execute(RemoteWebElement.java:251)
at org.openqa.selenium.remote.RemoteWebElement.click(RemoteWebElement.java:77)
at org.openqa.selenium.support.pagefactory.internal.LocatingElementHandler.invoke(LocatingElementHandler.java:52)
at jdk.proxy2/jdk.proxy2.$Proxy23.click(Unknown Source)
at com.amt.testUtil.Click.on(Click.java:22)
at com.amt.pages.ContractTypesAndOTRPages.ContractTypesAndOTR_HPNR_PCP_Page.contractTypes_and_OTR_selection_HPNR_PCP_Ownbook_calculation(ContractTypesAndOTR_HPNR_PCP_Page.java:211)
at newCar.HPNR.Acquisition_Quotes_HPNR_PCP_with_funder_quote_addition_without_maintenance_Test.aquisition_quotes_HPNR_PCP_OTR_calculation_without_maintenance_test(Acquisition_Quotes_HPNR_PCP_with_funder_quote_addition_without_maintenance_Test.java:54)
at java.base/java.util.ArrayList.forEach(ArrayList.java:1511)
... Removed 30 stack frames]]>
    </failure>
  </testcase> <!-- aquisition_quotes_HPNR_PCP_OTR_calculation_without_maintenance_test -->
  <testcase classname="newCar.HPNR.Acquisition_Quotes_HPNR_PCP_with_funder_quote_addition_without_maintenance_Test" name="aquisition_quotes_HPNR_PCP_after_discount_calculations_without_maintenance_test" time="0.0">
    <skipped/>
  </testcase> <!-- aquisition_quotes_HPNR_PCP_after_discount_calculations_without_maintenance_test -->
  <testcase classname="newCar.HPNR.Acquisition_Quotes_HPNR_PCP_with_funder_quote_addition_without_maintenance_Test" name="aquisition_quotes_HPNR_PCP_holding_cost_calculations_without_maintenance_test" time="0.0">
    <skipped/>
  </testcase> <!-- aquisition_quotes_HPNR_PCP_holding_cost_calculations_without_maintenance_test -->
  <testcase classname="newCar.HPNR.Acquisition_Quotes_HPNR_PCP_with_funder_quote_addition_without_maintenance_Test" name="aquisition_quotes_HPNR_PCP_customer_quote_calculations_check_monthly_finance_payment_without_maintenance_test" time="0.0">
    <skipped/>
  </testcase> <!-- aquisition_quotes_HPNR_PCP_customer_quote_calculations_check_monthly_finance_payment_without_maintenance_test -->
  <testcase classname="newCar.HPNR.Acquisition_Quotes_HPNR_PCP_with_funder_quote_addition_without_maintenance_Test" name="aquisition_quotes_HPNR_PCP_quote_summary_values_verification_without_maintenance_test" time="0.0">
    <skipped/>
  </testcase> <!-- aquisition_quotes_HPNR_PCP_quote_summary_values_verification_without_maintenance_test -->
  <testcase classname="newCar.OP.Acquisition_Quotes_Outright_BCH_without_maintenance_Test" name="aquisition_quotes_outright_BCH_OTR_calculation_without_maintenance_test" time="106.142"/>
  <testcase classname="newCar.OP.Acquisition_Quotes_Outright_BCH_without_maintenance_Test" name="aquisition_quotes_outright_BCH_after_discount_calculations_without_maintenance_test" time="4.532"/>
  <testcase classname="newCar.OP.Acquisition_Quotes_Outright_BCH_without_maintenance_Test" name="aquisition_quotes_outright_BCH_other_support_check_with_maintenance_test" time="21.827"/>
  <testcase classname="newCar.OP.Acquisition_Quotes_Outright_BCH_without_maintenance_Test" name="aquisition_quotes_outright_BCH_holding_cost_calculations_without_maintenance_test" time="55.624"/>
  <testcase classname="newCar.OP.Acquisition_Quotes_Outright_BCH_without_maintenance_Test" name="aquisition_quotes_outright_BCH_customer_quote_payment_profile_calculations_without_maintenance_test" time="205.262"/>
  <testcase classname="newCar.OP.Acquisition_Quotes_Outright_BCH_without_maintenance_Test" name="aquisition_quotes_outright_BCH_quote_summary_values_verification_without_maintenance_test" time="110.889"/>
  <testcase classname="newCar.CP.Acquisition_Quotes_CP_BCH_with_maintenance_Test" name="aquisition_quotes_CP_BCH_OTR_calculation_with_maintenance_test" time="107.108"/>
  <testcase classname="newCar.CP.Acquisition_Quotes_CP_BCH_with_maintenance_Test" name="aquisition_quotes_CP_BCH_after_discount_calculations_with_maintenance_test" time="4.264"/>
  <testcase classname="newCar.CP.Acquisition_Quotes_CP_BCH_with_maintenance_Test" name="aquisition_quotes_CP_BCH_holding_cost_calculations_with_maintenance_test" time="73.878"/>
  <testcase classname="newCar.CP.Acquisition_Quotes_CP_BCH_with_maintenance_Test" name="aquisition_quotes_CP_BCH_customer_quote_payment_profile_calculations_with_maintenance_test" time="151.17"/>
  <testcase classname="newCar.CP.Acquisition_Quotes_CP_BCH_with_maintenance_Test" name="aquisition_quotes_CP_BCH_quote_summary_values_verification_with_maintenance_test" time="107.615">
    <failure type="org.openqa.selenium.ElementClickInterceptedException" message="element click intercepted: Element &amp;lt;p style=&amp;quot; border: 1px solid white;&amp;quot;&amp;gt;...&amp;lt;/p&amp;gt; is not clickable at point (784, 98). Other element would receive the click: &amp;lt;div _ngcontent-pmb-c0=&amp;quot;&amp;quot; class=&amp;quot;loader_div&amp;quot;&amp;gt;...&amp;lt;/div&amp;gt;
  (Session info: chrome=122.0.6261.95)
Build info: version: &amp;apos;4.1.0&amp;apos;, revision: &amp;apos;87802e897b&amp;apos;
System info: host: &amp;apos;DSK-4052&amp;apos;, ip: &amp;apos;172.16.1.80&amp;apos;, os.name: &amp;apos;Windows 10&amp;apos;, os.arch: &amp;apos;amd64&amp;apos;, os.version: &amp;apos;10.0&amp;apos;, java.version: &amp;apos;19.0.1&amp;apos;
Driver info: org.openqa.selenium.chrome.ChromeDriver
Command: [1ccb1e7fb7a534b3ddfaaab671d46cff, clickElement {id=C37F3CD6642E6ADE9F395962C1450524_element_2360}]
Capabilities {acceptInsecureCerts: false, browserName: chrome, browserVersion: 122.0.6261.95, chrome: {chromedriverVersion: 121.0.6167.85 (3f98d690ad7e..., userDataDir: C:\Users\NITEIN~1.KUR\AppDa...}, fedcm:accounts: true, goog:chromeOptions: {debuggerAddress: localhost:63468}, javascriptEnabled: true, networkConnectionEnabled: false, pageLoadStrategy: normal, platform: WINDOWS, platformName: WINDOWS, proxy: Proxy(), se:cdp: ws://localhost:63468/devtoo..., se:cdpVersion: 122.0.6261.95, setWindowRect: true, strictFileInteractability: false, timeouts: {implicit: 0, pageLoad: 300000, script: 30000}, unhandledPromptBehavior: dismiss and notify, webauthn:extension:credBlob: true, webauthn:extension:largeBlob: true, webauthn:extension:minPinLength: true, webauthn:extension:prf: true, webauthn:virtualAuthenticators: true}
Element: [[ChromeDriver: chrome on WINDOWS (1ccb1e7fb7a534b3ddfaaab671d46cff)] -&amp;gt; xpath: //p[normalize-space()=&amp;apos;Quote summary&amp;apos;]]
Session ID: 1ccb1e7fb7a534b3ddfaaab671d46cff">
      <![CDATA[org.openqa.selenium.ElementClickInterceptedException: element click intercepted: Element <p style=" border: 1px solid white;">...</p> is not clickable at point (784, 98). Other element would receive the click: <div _ngcontent-pmb-c0="" class="loader_div">...</div>
  (Session info: chrome=122.0.6261.95)
Build info: version: '4.1.0', revision: '87802e897b'
System info: host: 'DSK-4052', ip: '172.16.1.80', os.name: 'Windows 10', os.arch: 'amd64', os.version: '10.0', java.version: '19.0.1'
Driver info: org.openqa.selenium.chrome.ChromeDriver
Command: [1ccb1e7fb7a534b3ddfaaab671d46cff, clickElement {id=C37F3CD6642E6ADE9F395962C1450524_element_2360}]
Capabilities {acceptInsecureCerts: false, browserName: chrome, browserVersion: 122.0.6261.95, chrome: {chromedriverVersion: 121.0.6167.85 (3f98d690ad7e..., userDataDir: C:\Users\NITEIN~1.KUR\AppDa...}, fedcm:accounts: true, goog:chromeOptions: {debuggerAddress: localhost:63468}, javascriptEnabled: true, networkConnectionEnabled: false, pageLoadStrategy: normal, platform: WINDOWS, platformName: WINDOWS, proxy: Proxy(), se:cdp: ws://localhost:63468/devtoo..., se:cdpVersion: 122.0.6261.95, setWindowRect: true, strictFileInteractability: false, timeouts: {implicit: 0, pageLoad: 300000, script: 30000}, unhandledPromptBehavior: dismiss and notify, webauthn:extension:credBlob: true, webauthn:extension:largeBlob: true, webauthn:extension:minPinLength: true, webauthn:extension:prf: true, webauthn:virtualAuthenticators: true}
Element: [[ChromeDriver: chrome on WINDOWS (1ccb1e7fb7a534b3ddfaaab671d46cff)] -> xpath: //p[normalize-space()='Quote summary']]
Session ID: 1ccb1e7fb7a534b3ddfaaab671d46cff
at org.openqa.selenium.remote.codec.w3c.W3CHttpResponseCodec.createException(W3CHttpResponseCodec.java:200)
at org.openqa.selenium.remote.codec.w3c.W3CHttpResponseCodec.decode(W3CHttpResponseCodec.java:133)
at org.openqa.selenium.remote.codec.w3c.W3CHttpResponseCodec.decode(W3CHttpResponseCodec.java:53)
at org.openqa.selenium.remote.HttpCommandExecutor.execute(HttpCommandExecutor.java:184)
at org.openqa.selenium.remote.service.DriverCommandExecutor.invokeExecute(DriverCommandExecutor.java:164)
at org.openqa.selenium.remote.service.DriverCommandExecutor.execute(DriverCommandExecutor.java:139)
at org.openqa.selenium.remote.RemoteWebDriver.execute(RemoteWebDriver.java:559)
at org.openqa.selenium.remote.RemoteWebElement.execute(RemoteWebElement.java:251)
at org.openqa.selenium.remote.RemoteWebElement.click(RemoteWebElement.java:77)
at org.openqa.selenium.support.pagefactory.internal.LocatingElementHandler.invoke(LocatingElementHandler.java:52)
at jdk.proxy2/jdk.proxy2.$Proxy23.click(Unknown Source)
at com.amt.testUtil.Click.on(Click.java:22)
at com.amt.QuoteSummaryPages.QuoteSummary_CP_BCH_Page.quote_summary_OTR_calculation(QuoteSummary_CP_BCH_Page.java:338)
at newCar.CP.Acquisition_Quotes_CP_BCH_with_maintenance_Test.aquisition_quotes_CP_BCH_quote_summary_values_verification_with_maintenance_test(Acquisition_Quotes_CP_BCH_with_maintenance_Test.java:193)
at java.base/java.util.ArrayList.forEach(ArrayList.java:1511)
... Removed 30 stack frames]]>
    </failure>
  </testcase> <!-- aquisition_quotes_CP_BCH_quote_summary_values_verification_with_maintenance_test -->
  <testcase classname="newCar.HPNR.Acquisition_Quotes_HPNR_CP_with_funder_quote_addition_without_maintenance_Test" name="aquisition_quotes_HPNR_CP_OTR_calculation_without_maintenance_test" time="106.53"/>
  <testcase classname="newCar.HPNR.Acquisition_Quotes_HPNR_CP_with_funder_quote_addition_without_maintenance_Test" name="aquisition_quotes_HPNR_CP_after_discount_calculations_without_maintenance_test" time="4.535"/>
  <testcase classname="newCar.HPNR.Acquisition_Quotes_HPNR_CP_with_funder_quote_addition_without_maintenance_Test" name="aquisition_quotes_HPNR_CP_holding_cost_calculations_without_maintenance_test" time="24.402"/>
  <testcase classname="newCar.HPNR.Acquisition_Quotes_HPNR_CP_with_funder_quote_addition_without_maintenance_Test" name="aquisition_quotes_HPNR_CP_customer_quote_calculations_check_monthly_finance_payment_without_maintenance_test" time="41.775"/>
  <testcase classname="newCar.HPNR.Acquisition_Quotes_HPNR_CP_with_funder_quote_addition_without_maintenance_Test" name="aquisition_quotes_HPNR_CP_quote_summary_values_verification_without_maintenance_test" time="221.153"/>
  <testcase classname="newCar.HPNR.Acquisition_Quotes_HPNR_HPR_without_maintenance_Test" name="aquisition_quotes_HPNR_HPR_OTR_calculation_without_maintenance_test" time="106.74"/>
  <testcase classname="newCar.HPNR.Acquisition_Quotes_HPNR_HPR_without_maintenance_Test" name="aquisition_quotes_HPNR_HPR_after_discount_calculations_without_maintenance_test" time="4.344"/>
  <testcase classname="newCar.HPNR.Acquisition_Quotes_HPNR_HPR_without_maintenance_Test" name="aquisition_quotes_HPNR_HPR_holding_cost_calculations_without_maintenance_test" time="39.913"/>
  <testcase classname="newCar.HPNR.Acquisition_Quotes_HPNR_HPR_without_maintenance_Test" name="aquisition_quotes_HPNR_HPR_customer_quote_calculations_check_monthly_finance_payment_without_maintenance_test" time="97.655"/>
  <testcase classname="newCar.HPNR.Acquisition_Quotes_HPNR_HPR_without_maintenance_Test" name="aquisition_quotes_HPNR_HPR_customer_quote_vehicle_profit_edit_check_without_maintenance_test" time="47.263"/>
  <testcase classname="newCar.HPNR.Acquisition_Quotes_HPNR_HPR_without_maintenance_Test" name="aquisition_quotes_HPNR_HPR_customer_quote_part_exchange_value_edit_check_without_maintenance_test" time="89.758"/>
  <testcase classname="newCar.HPNR.Acquisition_Quotes_HPNR_HPR_without_maintenance_Test" name="aquisition_quotes_HPNR_HPR_customer_quote_monthly_finance_payment_after_balloon_payment_off_without_maintenance_test" time="20.366"/>
  <testcase classname="newCar.HPNR.Acquisition_Quotes_HPNR_HPR_without_maintenance_Test" name="aquisition_quotes_HPNR_HPR_quote_summary_values_verification_without_maintenance_test" time="209.656"/>
  <testcase classname="newCar.FL.Acquisition_Quotes_FL_PCH_with_funder_quote_addition_without_maintenance_Test" name="aquisition_quotes_FL_PCH_OTR_calculation_without_maintenance_test" time="107.819"/>
  <testcase classname="newCar.FL.Acquisition_Quotes_FL_PCH_with_funder_quote_addition_without_maintenance_Test" name="aquisition_quotes_FL_PCH_after_discount_calculations_without_maintenance_test" time="4.395"/>
  <testcase classname="newCar.FL.Acquisition_Quotes_FL_PCH_with_funder_quote_addition_without_maintenance_Test" name="aquisition_quotes_FL_PCH_holding_cost_calculations_without_maintenance_test" time="32.361"/>
  <testcase classname="newCar.FL.Acquisition_Quotes_FL_PCH_with_funder_quote_addition_without_maintenance_Test" name="aquisition_quotes_FL_PCH_customer_quote_payment_profile_calculations_without_maintenance_test" time="98.859"/>
  <testcase classname="newCar.FL.Acquisition_Quotes_FL_PCH_with_funder_quote_addition_without_maintenance_Test" name="aquisition_quotes_FL_PCH_quote_summary_values_verification_without_maintenance_test" time="156.931"/>
  <testcase classname="com.amt.testBase.TestBase" name="@AfterSuite end" time="0.0">
    <ignored/>
  </testcase> <!-- @AfterSuite end -->
  <testcase classname="com.amt.testBase.TestBase" name="@AfterSuite end" time="0.0">
    <ignored/>
  </testcase> <!-- @AfterSuite end -->
  <testcase classname="com.amt.testBase.TestBase" name="@AfterSuite end" time="0.0">
    <ignored/>
  </testcase> <!-- @AfterSuite end -->
  <testcase classname="com.amt.testBase.TestBase" name="@AfterSuite end" time="0.0">
    <ignored/>
  </testcase> <!-- @AfterSuite end -->
  <testcase classname="com.amt.testBase.TestBase" name="@AfterSuite end" time="0.0">
    <ignored/>
  </testcase> <!-- @AfterSuite end -->
  <testcase classname="com.amt.testBase.TestBase" name="@AfterSuite end" time="0.0">
    <ignored/>
  </testcase> <!-- @AfterSuite end -->
  <testcase classname="com.amt.testBase.TestBase" name="@AfterSuite end" time="0.0">
    <ignored/>
  </testcase> <!-- @AfterSuite end -->
  <testcase classname="com.amt.testBase.TestBase" name="@AfterSuite end" time="0.0">
    <ignored/>
  </testcase> <!-- @AfterSuite end -->
  <testcase classname="com.amt.testBase.TestBase" name="@AfterSuite end" time="0.0">
    <ignored/>
  </testcase> <!-- @AfterSuite end -->
  <testcase classname="com.amt.testBase.TestBase" name="@AfterSuite end" time="0.0">
    <ignored/>
  </testcase> <!-- @AfterSuite end -->
  <testcase classname="com.amt.testBase.TestBase" name="@AfterSuite end" time="0.0">
    <ignored/>
  </testcase> <!-- @AfterSuite end -->
  <testcase classname="com.amt.testBase.TestBase" name="@AfterSuite end" time="0.0">
    <ignored/>
  </testcase> <!-- @AfterSuite end -->
  <testcase classname="com.amt.testBase.TestBase" name="@AfterSuite end" time="0.0">
    <ignored/>
  </testcase> <!-- @AfterSuite end -->
  <testcase classname="com.amt.testBase.TestBase" name="@AfterSuite end" time="0.0">
    <ignored/>
  </testcase> <!-- @AfterSuite end -->
  <testcase classname="com.amt.testBase.TestBase" name="@AfterSuite end" time="0.0">
    <ignored/>
  </testcase> <!-- @AfterSuite end -->
  <testcase classname="com.amt.testBase.TestBase" name="@AfterSuite end" time="0.0">
    <ignored/>
  </testcase> <!-- @AfterSuite end -->
  <testcase classname="com.amt.testBase.TestBase" name="@AfterSuite end" time="0.0">
    <ignored/>
  </testcase> <!-- @AfterSuite end -->
  <testcase classname="com.amt.testBase.TestBase" name="@AfterSuite end" time="0.0">
    <ignored/>
  </testcase> <!-- @AfterSuite end -->
  <testcase classname="com.amt.testBase.TestBase" name="@AfterSuite end" time="0.0">
    <ignored/>
  </testcase> <!-- @AfterSuite end -->
  <testcase classname="com.amt.testBase.TestBase" name="@AfterSuite end" time="0.0">
    <ignored/>
  </testcase> <!-- @AfterSuite end -->
  <testcase classname="com.amt.testBase.TestBase" name="@AfterSuite end" time="0.0">
    <ignored/>
  </testcase> <!-- @AfterSuite end -->
  <testcase classname="com.amt.testBase.TestBase" name="@AfterSuite end" time="0.0">
    <ignored/>
  </testcase> <!-- @AfterSuite end -->
  <testcase classname="com.amt.testBase.TestBase" name="@AfterSuite end" time="0.0">
    <ignored/>
  </testcase> <!-- @AfterSuite end -->
  <testcase classname="com.amt.testBase.TestBase" name="@AfterSuite end" time="0.0">
    <ignored/>
  </testcase> <!-- @AfterSuite end -->
  <testcase classname="com.amt.testBase.TestBase" name="@AfterSuite end" time="0.0">
    <ignored/>
  </testcase> <!-- @AfterSuite end -->
  <testcase classname="com.amt.testBase.TestBase" name="@AfterSuite end" time="0.0">
    <ignored/>
  </testcase> <!-- @AfterSuite end -->
  <testcase classname="com.amt.testBase.TestBase" name="@AfterSuite end" time="0.0">
    <ignored/>
  </testcase> <!-- @AfterSuite end -->
  <testcase classname="com.amt.testBase.TestBase" name="@AfterSuite end" time="0.0">
    <ignored/>
  </testcase> <!-- @AfterSuite end -->
  <testcase classname="com.amt.testBase.TestBase" name="@AfterSuite end" time="0.0">
    <ignored/>
  </testcase> <!-- @AfterSuite end -->
  <testcase classname="com.amt.testBase.TestBase" name="@AfterSuite end" time="0.0">
    <ignored/>
  </testcase> <!-- @AfterSuite end -->
  <testcase classname="com.amt.testBase.TestBase" name="@AfterSuite end" time="0.0">
    <ignored/>
  </testcase> <!-- @AfterSuite end -->
  <testcase classname="com.amt.testBase.TestBase" name="@AfterSuite end" time="0.0">
    <ignored/>
  </testcase> <!-- @AfterSuite end -->
  <testcase classname="com.amt.testBase.TestBase" name="@AfterSuite end" time="0.0">
    <ignored/>
  </testcase> <!-- @AfterSuite end -->
  <testcase classname="com.amt.testBase.TestBase" name="@AfterSuite end" time="0.0">
    <ignored/>
  </testcase> <!-- @AfterSuite end -->
  <testcase classname="com.amt.testBase.TestBase" name="@AfterSuite end" time="0.0">
    <ignored/>
  </testcase> <!-- @AfterSuite end -->
  <testcase classname="com.amt.testBase.TestBase" name="@AfterSuite end" time="0.0">
    <ignored/>
  </testcase> <!-- @AfterSuite end -->
  <testcase classname="com.amt.testBase.TestBase" name="@AfterSuite end" time="0.0">
    <ignored/>
  </testcase> <!-- @AfterSuite end -->
  <testcase classname="com.amt.testBase.TestBase" name="@AfterSuite end" time="0.0">
    <ignored/>
  </testcase> <!-- @AfterSuite end -->
  <testcase classname="com.amt.testBase.TestBase" name="@AfterSuite end" time="0.0">
    <ignored/>
  </testcase> <!-- @AfterSuite end -->
  <testcase classname="com.amt.testBase.TestBase" name="@AfterSuite end" time="0.0">
    <ignored/>
  </testcase> <!-- @AfterSuite end -->
  <testcase classname="com.amt.testBase.TestBase" name="@AfterSuite end" time="0.0">
    <ignored/>
  </testcase> <!-- @AfterSuite end -->
  <testcase classname="com.amt.testBase.TestBase" name="@AfterSuite end" time="0.0">
    <ignored/>
  </testcase> <!-- @AfterSuite end -->
  <testcase classname="com.amt.testBase.TestBase" name="@AfterSuite end" time="0.0">
    <ignored/>
  </testcase> <!-- @AfterSuite end -->
  <testcase classname="com.amt.testBase.TestBase" name="@AfterSuite end" time="0.0">
    <ignored/>
  </testcase> <!-- @AfterSuite end -->
  <testcase classname="com.amt.testBase.TestBase" name="@AfterSuite end" time="0.0">
    <ignored/>
  </testcase> <!-- @AfterSuite end -->
  <testcase classname="com.amt.testBase.TestBase" name="@AfterSuite end" time="0.0">
    <ignored/>
  </testcase> <!-- @AfterSuite end -->
  <testcase classname="com.amt.testBase.TestBase" name="@AfterSuite end" time="0.0">
    <ignored/>
  </testcase> <!-- @AfterSuite end -->
  <testcase classname="com.amt.testBase.TestBase" name="@AfterSuite end" time="0.0">
    <ignored/>
  </testcase> <!-- @AfterSuite end -->
  <testcase classname="com.amt.testBase.TestBase" name="@AfterSuite end" time="0.0">
    <ignored/>
  </testcase> <!-- @AfterSuite end -->
  <testcase classname="com.amt.testBase.TestBase" name="@AfterSuite end" time="0.0">
    <ignored/>
  </testcase> <!-- @AfterSuite end -->
  <testcase classname="com.amt.testBase.TestBase" name="@AfterSuite end" time="0.0">
    <ignored/>
  </testcase> <!-- @AfterSuite end -->
  <testcase classname="com.amt.testBase.TestBase" name="@AfterSuite end" time="0.0">
    <ignored/>
  </testcase> <!-- @AfterSuite end -->
  <testcase classname="com.amt.testBase.TestBase" name="@AfterSuite end" time="0.0">
    <ignored/>
  </testcase> <!-- @AfterSuite end -->
  <testcase classname="com.amt.testBase.TestBase" name="@AfterSuite end" time="0.0">
    <ignored/>
  </testcase> <!-- @AfterSuite end -->
  <testcase classname="com.amt.testBase.TestBase" name="@AfterSuite end" time="0.0">
    <ignored/>
  </testcase> <!-- @AfterSuite end -->
  <testcase classname="com.amt.testBase.TestBase" name="@AfterSuite end" time="0.0">
    <ignored/>
  </testcase> <!-- @AfterSuite end -->
  <testcase classname="com.amt.testBase.TestBase" name="@AfterSuite end" time="0.0">
    <ignored/>
  </testcase> <!-- @AfterSuite end -->
  <testcase classname="com.amt.testBase.TestBase" name="@AfterSuite end" time="0.0">
    <ignored/>
  </testcase> <!-- @AfterSuite end -->
  <testcase classname="com.amt.testBase.TestBase" name="@AfterSuite end" time="0.0">
    <ignored/>
  </testcase> <!-- @AfterSuite end -->
  <testcase classname="com.amt.testBase.TestBase" name="@AfterSuite end" time="0.0">
    <ignored/>
  </testcase> <!-- @AfterSuite end -->
  <testcase classname="com.amt.testBase.TestBase" name="@AfterSuite end" time="0.0">
    <ignored/>
  </testcase> <!-- @AfterSuite end -->
  <testcase classname="com.amt.testBase.TestBase" name="@AfterSuite end" time="0.0">
    <ignored/>
  </testcase> <!-- @AfterSuite end -->
  <testcase classname="com.amt.testBase.TestBase" name="@AfterSuite end" time="0.0">
    <ignored/>
  </testcase> <!-- @AfterSuite end -->
  <testcase classname="com.amt.testBase.TestBase" name="@AfterSuite end" time="0.0">
    <ignored/>
  </testcase> <!-- @AfterSuite end -->
  <testcase classname="com.amt.testBase.TestBase" name="@AfterSuite end" time="0.0">
    <ignored/>
  </testcase> <!-- @AfterSuite end -->
  <testcase classname="com.amt.testBase.TestBase" name="@AfterSuite end" time="0.0">
    <ignored/>
  </testcase> <!-- @AfterSuite end -->
  <testcase classname="com.amt.testBase.TestBase" name="@AfterSuite end" time="0.0">
    <ignored/>
  </testcase> <!-- @AfterSuite end -->
  <testcase classname="com.amt.testBase.TestBase" name="@AfterSuite end" time="0.0">
    <ignored/>
  </testcase> <!-- @AfterSuite end -->
  <testcase classname="com.amt.testBase.TestBase" name="@AfterSuite end" time="0.0">
    <ignored/>
  </testcase> <!-- @AfterSuite end -->
  <testcase classname="com.amt.testBase.TestBase" name="@AfterSuite end" time="0.0">
    <ignored/>
  </testcase> <!-- @AfterSuite end -->
  <testcase classname="com.amt.testBase.TestBase" name="@AfterSuite end" time="0.0">
    <ignored/>
  </testcase> <!-- @AfterSuite end -->
  <testcase classname="com.amt.testBase.TestBase" name="@AfterSuite end" time="0.0">
    <ignored/>
  </testcase> <!-- @AfterSuite end -->
  <testcase classname="com.amt.testBase.TestBase" name="@AfterSuite end" time="0.0">
    <ignored/>
  </testcase> <!-- @AfterSuite end -->
  <testcase classname="com.amt.testBase.TestBase" name="@AfterSuite end" time="0.0">
    <ignored/>
  </testcase> <!-- @AfterSuite end -->
  <testcase classname="com.amt.testBase.TestBase" name="@AfterSuite end" time="0.0">
    <ignored/>
  </testcase> <!-- @AfterSuite end -->
  <testcase classname="com.amt.testBase.TestBase" name="@AfterSuite end" time="0.0">
    <ignored/>
  </testcase> <!-- @AfterSuite end -->
  <testcase classname="com.amt.testBase.TestBase" name="@AfterSuite end" time="0.0">
    <ignored/>
  </testcase> <!-- @AfterSuite end -->
  <testcase classname="com.amt.testBase.TestBase" name="@AfterSuite end" time="0.0">
    <ignored/>
  </testcase> <!-- @AfterSuite end -->
  <testcase classname="com.amt.testBase.TestBase" name="@AfterSuite end" time="0.0">
    <ignored/>
  </testcase> <!-- @AfterSuite end -->
  <testcase classname="com.amt.testBase.TestBase" name="@AfterSuite end" time="0.0">
    <ignored/>
  </testcase> <!-- @AfterSuite end -->
  <testcase classname="com.amt.testBase.TestBase" name="@AfterSuite end" time="0.0">
    <ignored/>
  </testcase> <!-- @AfterSuite end -->
  <testcase classname="com.amt.testBase.TestBase" name="@BeforeTest start_info" time="0.0">
    <ignored/>
  </testcase> <!-- @BeforeTest start_info -->
  <testcase classname="com.amt.testBase.TestBase" name="@BeforeTest start_info" time="0.0">
    <ignored/>
  </testcase> <!-- @BeforeTest start_info -->
  <testcase classname="com.amt.testBase.TestBase" name="@BeforeTest start_info" time="0.0">
    <ignored/>
  </testcase> <!-- @BeforeTest start_info -->
  <testcase classname="com.amt.testBase.TestBase" name="@BeforeTest start_info" time="0.0">
    <ignored/>
  </testcase> <!-- @BeforeTest start_info -->
  <testcase classname="com.amt.testBase.TestBase" name="@BeforeTest start_info" time="0.0">
    <ignored/>
  </testcase> <!-- @BeforeTest start_info -->
  <testcase classname="com.amt.testBase.TestBase" name="@BeforeTest start_info" time="0.0">
    <ignored/>
  </testcase> <!-- @BeforeTest start_info -->
  <testcase classname="com.amt.testBase.TestBase" name="@BeforeTest start_info" time="0.0">
    <ignored/>
  </testcase> <!-- @BeforeTest start_info -->
  <testcase classname="com.amt.testBase.TestBase" name="@BeforeTest start_info" time="0.0">
    <ignored/>
  </testcase> <!-- @BeforeTest start_info -->
  <testcase classname="com.amt.testBase.TestBase" name="@BeforeTest start_info" time="0.0">
    <ignored/>
  </testcase> <!-- @BeforeTest start_info -->
  <testcase classname="com.amt.testBase.TestBase" name="@BeforeTest start_info" time="0.0">
    <ignored/>
  </testcase> <!-- @BeforeTest start_info -->
  <testcase classname="com.amt.testBase.TestBase" name="@BeforeTest start_info" time="0.0">
    <ignored/>
  </testcase> <!-- @BeforeTest start_info -->
  <testcase classname="com.amt.testBase.TestBase" name="@BeforeTest start_info" time="0.0">
    <ignored/>
  </testcase> <!-- @BeforeTest start_info -->
  <testcase classname="com.amt.testBase.TestBase" name="@BeforeTest start_info" time="0.0">
    <ignored/>
  </testcase> <!-- @BeforeTest start_info -->
  <testcase classname="com.amt.testBase.TestBase" name="@BeforeTest start_info" time="0.0">
    <ignored/>
  </testcase> <!-- @BeforeTest start_info -->
  <testcase classname="com.amt.testBase.TestBase" name="@BeforeTest start_info" time="0.0">
    <ignored/>
  </testcase> <!-- @BeforeTest start_info -->
  <testcase classname="com.amt.testBase.TestBase" name="@BeforeTest start_info" time="0.0">
    <ignored/>
  </testcase> <!-- @BeforeTest start_info -->
  <testcase classname="com.amt.testBase.TestBase" name="@BeforeTest start_info" time="0.0">
    <ignored/>
  </testcase> <!-- @BeforeTest start_info -->
  <testcase classname="com.amt.testBase.TestBase" name="@BeforeTest start_info" time="0.0">
    <ignored/>
  </testcase> <!-- @BeforeTest start_info -->
  <testcase classname="com.amt.testBase.TestBase" name="@BeforeTest start_info" time="0.0">
    <ignored/>
  </testcase> <!-- @BeforeTest start_info -->
  <testcase classname="com.amt.testBase.TestBase" name="@BeforeTest start_info" time="0.0">
    <ignored/>
  </testcase> <!-- @BeforeTest start_info -->
  <testcase classname="com.amt.testBase.TestBase" name="@BeforeTest start_info" time="0.0">
    <ignored/>
  </testcase> <!-- @BeforeTest start_info -->
  <testcase classname="com.amt.testBase.TestBase" name="@BeforeTest start_info" time="0.0">
    <ignored/>
  </testcase> <!-- @BeforeTest start_info -->
  <testcase classname="com.amt.testBase.TestBase" name="@BeforeTest start_info" time="0.0">
    <ignored/>
  </testcase> <!-- @BeforeTest start_info -->
  <testcase classname="com.amt.testBase.TestBase" name="@BeforeTest start_info" time="0.0">
    <ignored/>
  </testcase> <!-- @BeforeTest start_info -->
  <testcase classname="com.amt.testBase.TestBase" name="@BeforeTest start_info" time="0.0">
    <ignored/>
  </testcase> <!-- @BeforeTest start_info -->
  <testcase classname="com.amt.testBase.TestBase" name="@BeforeTest start_info" time="0.0">
    <ignored/>
  </testcase> <!-- @BeforeTest start_info -->
  <testcase classname="com.amt.testBase.TestBase" name="@BeforeTest start_info" time="0.0">
    <ignored/>
  </testcase> <!-- @BeforeTest start_info -->
  <testcase classname="com.amt.testBase.TestBase" name="@BeforeTest start_info" time="0.0">
    <ignored/>
  </testcase> <!-- @BeforeTest start_info -->
  <testcase classname="com.amt.testBase.TestBase" name="@BeforeTest start_info" time="0.0">
    <ignored/>
  </testcase> <!-- @BeforeTest start_info -->
  <testcase classname="com.amt.testBase.TestBase" name="@BeforeTest start_info" time="0.0">
    <ignored/>
  </testcase> <!-- @BeforeTest start_info -->
  <testcase classname="com.amt.testBase.TestBase" name="@BeforeTest start_info" time="0.0">
    <ignored/>
  </testcase> <!-- @BeforeTest start_info -->
  <testcase classname="com.amt.testBase.TestBase" name="@BeforeTest start_info" time="0.0">
    <ignored/>
  </testcase> <!-- @BeforeTest start_info -->
  <testcase classname="com.amt.testBase.TestBase" name="@BeforeTest start_info" time="0.0">
    <ignored/>
  </testcase> <!-- @BeforeTest start_info -->
  <testcase classname="com.amt.testBase.TestBase" name="@BeforeTest start_info" time="0.0">
    <ignored/>
  </testcase> <!-- @BeforeTest start_info -->
  <testcase classname="com.amt.testBase.TestBase" name="@BeforeTest start_info" time="0.0">
    <ignored/>
  </testcase> <!-- @BeforeTest start_info -->
  <testcase classname="com.amt.testBase.TestBase" name="@BeforeTest start_info" time="0.0">
    <ignored/>
  </testcase> <!-- @BeforeTest start_info -->
  <testcase classname="com.amt.testBase.TestBase" name="@BeforeTest start_info" time="0.0">
    <ignored/>
  </testcase> <!-- @BeforeTest start_info -->
  <testcase classname="com.amt.testBase.TestBase" name="@BeforeTest start_info" time="0.0">
    <ignored/>
  </testcase> <!-- @BeforeTest start_info -->
  <testcase classname="com.amt.testBase.TestBase" name="@BeforeTest start_info" time="0.0">
    <ignored/>
  </testcase> <!-- @BeforeTest start_info -->
  <testcase classname="com.amt.testBase.TestBase" name="@BeforeTest start_info" time="0.0">
    <ignored/>
  </testcase> <!-- @BeforeTest start_info -->
  <testcase classname="com.amt.testBase.TestBase" name="@BeforeTest start_info" time="0.0">
    <ignored/>
  </testcase> <!-- @BeforeTest start_info -->
  <testcase classname="com.amt.testBase.TestBase" name="@BeforeTest start_info" time="0.0">
    <ignored/>
  </testcase> <!-- @BeforeTest start_info -->
  <testcase classname="com.amt.testBase.TestBase" name="@BeforeTest start_info" time="0.0">
    <ignored/>
  </testcase> <!-- @BeforeTest start_info -->
  <testcase classname="com.amt.testBase.TestBase" name="@BeforeTest start_info" time="0.0">
    <ignored/>
  </testcase> <!-- @BeforeTest start_info -->
  <testcase classname="com.amt.testBase.TestBase" name="@BeforeTest start_info" time="0.0">
    <ignored/>
  </testcase> <!-- @BeforeTest start_info -->
  <testcase classname="com.amt.testBase.TestBase" name="@BeforeTest start_info" time="0.0">
    <ignored/>
  </testcase> <!-- @BeforeTest start_info -->
  <testcase classname="com.amt.testBase.TestBase" name="@BeforeTest start_info" time="0.0">
    <ignored/>
  </testcase> <!-- @BeforeTest start_info -->
  <testcase classname="com.amt.testBase.TestBase" name="@BeforeTest start_info" time="0.0">
    <ignored/>
  </testcase> <!-- @BeforeTest start_info -->
  <testcase classname="com.amt.testBase.TestBase" name="@BeforeTest start_info" time="0.0">
    <ignored/>
  </testcase> <!-- @BeforeTest start_info -->
  <testcase classname="com.amt.testBase.TestBase" name="@BeforeTest start_info" time="0.0">
    <ignored/>
  </testcase> <!-- @BeforeTest start_info -->
  <testcase classname="com.amt.testBase.TestBase" name="@BeforeTest start_info" time="0.0">
    <ignored/>
  </testcase> <!-- @BeforeTest start_info -->
  <testcase classname="com.amt.testBase.TestBase" name="@BeforeTest start_info" time="0.0">
    <ignored/>
  </testcase> <!-- @BeforeTest start_info -->
  <testcase classname="com.amt.testBase.TestBase" name="@BeforeTest start_info" time="0.0">
    <ignored/>
  </testcase> <!-- @BeforeTest start_info -->
  <testcase classname="com.amt.testBase.TestBase" name="@BeforeTest start_info" time="0.0">
    <ignored/>
  </testcase> <!-- @BeforeTest start_info -->
  <testcase classname="com.amt.testBase.TestBase" name="@BeforeTest start_info" time="0.0">
    <ignored/>
  </testcase> <!-- @BeforeTest start_info -->
  <testcase classname="com.amt.testBase.TestBase" name="@BeforeTest start_info" time="0.0">
    <ignored/>
  </testcase> <!-- @BeforeTest start_info -->
  <testcase classname="com.amt.testBase.TestBase" name="@BeforeTest start_info" time="0.0">
    <ignored/>
  </testcase> <!-- @BeforeTest start_info -->
  <testcase classname="com.amt.testBase.TestBase" name="@BeforeTest start_info" time="0.0">
    <ignored/>
  </testcase> <!-- @BeforeTest start_info -->
  <testcase classname="com.amt.testBase.TestBase" name="@BeforeTest start_info" time="0.0">
    <ignored/>
  </testcase> <!-- @BeforeTest start_info -->
  <testcase classname="com.amt.testBase.TestBase" name="@BeforeTest start_info" time="0.0">
    <ignored/>
  </testcase> <!-- @BeforeTest start_info -->
  <testcase classname="com.amt.testBase.TestBase" name="@BeforeTest start_info" time="0.0">
    <ignored/>
  </testcase> <!-- @BeforeTest start_info -->
  <testcase classname="com.amt.testBase.TestBase" name="@BeforeTest start_info" time="0.0">
    <ignored/>
  </testcase> <!-- @BeforeTest start_info -->
  <testcase classname="com.amt.testBase.TestBase" name="@BeforeTest start_info" time="0.0">
    <ignored/>
  </testcase> <!-- @BeforeTest start_info -->
  <testcase classname="com.amt.testBase.TestBase" name="@BeforeTest start_info" time="0.0">
    <ignored/>
  </testcase> <!-- @BeforeTest start_info -->
  <testcase classname="com.amt.testBase.TestBase" name="@BeforeTest start_info" time="0.0">
    <ignored/>
  </testcase> <!-- @BeforeTest start_info -->
  <testcase classname="com.amt.testBase.TestBase" name="@BeforeTest start_info" time="0.0">
    <ignored/>
  </testcase> <!-- @BeforeTest start_info -->
  <testcase classname="com.amt.testBase.TestBase" name="@BeforeTest start_info" time="0.0">
    <ignored/>
  </testcase> <!-- @BeforeTest start_info -->
  <testcase classname="com.amt.testBase.TestBase" name="@BeforeTest start_info" time="0.0">
    <ignored/>
  </testcase> <!-- @BeforeTest start_info -->
  <testcase classname="com.amt.testBase.TestBase" name="@BeforeTest start_info" time="0.0">
    <ignored/>
  </testcase> <!-- @BeforeTest start_info -->
  <testcase classname="com.amt.testBase.TestBase" name="@BeforeTest start_info" time="0.0">
    <ignored/>
  </testcase> <!-- @BeforeTest start_info -->
  <testcase classname="com.amt.testBase.TestBase" name="@BeforeTest start_info" time="0.0">
    <ignored/>
  </testcase> <!-- @BeforeTest start_info -->
  <testcase classname="com.amt.testBase.TestBase" name="@BeforeTest start_info" time="0.0">
    <ignored/>
  </testcase> <!-- @BeforeTest start_info -->
  <testcase classname="com.amt.testBase.TestBase" name="@BeforeTest start_info" time="0.0">
    <ignored/>
  </testcase> <!-- @BeforeTest start_info -->
  <testcase classname="com.amt.testBase.TestBase" name="@BeforeTest start_info" time="0.0">
    <ignored/>
  </testcase> <!-- @BeforeTest start_info -->
  <testcase classname="com.amt.testBase.TestBase" name="@BeforeTest start_info" time="0.0">
    <ignored/>
  </testcase> <!-- @BeforeTest start_info -->
  <testcase classname="com.amt.testBase.TestBase" name="@BeforeTest start_info" time="0.0">
    <ignored/>
  </testcase> <!-- @BeforeTest start_info -->
  <testcase classname="com.amt.testBase.TestBase" name="@BeforeTest start_info" time="0.0">
    <ignored/>
  </testcase> <!-- @BeforeTest start_info -->
  <testcase classname="com.amt.testBase.TestBase" name="@BeforeTest start_info" time="0.0">
    <ignored/>
  </testcase> <!-- @BeforeTest start_info -->
  <testcase classname="com.amt.testBase.TestBase" name="@BeforeTest start_info" time="0.0">
    <ignored/>
  </testcase> <!-- @BeforeTest start_info -->
  <testcase classname="com.amt.testBase.TestBase" name="@BeforeTest start_info" time="0.0">
    <ignored/>
  </testcase> <!-- @BeforeTest start_info -->
  <testcase classname="com.amt.testBase.TestBase" name="@BeforeTest start_info" time="0.0">
    <ignored/>
  </testcase> <!-- @BeforeTest start_info -->
</testsuite> <!-- Acquisition New Car -->
