<?xml version="1.0" encoding="UTF-8"?>
<!-- Generated by org.testng.reporters.JUnitXMLReporter -->
<testsuite ignored="172" hostname="DSK-4052" failures="27" tests="493" name="Test New LCV " time="37329.199" errors="0" timestamp="2024-03-03T20:06:14 IST">
  <testcase classname="com.amt.testBase.TestBase" name="@BeforeClass setup" time="6.916">
    <failure type="org.openqa.selenium.NoSuchElementException" message="no such element: Unable to locate element: {&amp;quot;method&amp;quot;:&amp;quot;xpath&amp;quot;,&amp;quot;selector&amp;quot;:&amp;quot;//input[@placeholder=&amp;apos;Email&amp;apos;]&amp;quot;}
  (Session info: chrome=122.0.6261.95)
For documentation on this error, please visit: https://selenium.dev/exceptions/#no_such_element
Build info: version: &amp;apos;4.1.0&amp;apos;, revision: &amp;apos;87802e897b&amp;apos;
System info: host: &amp;apos;DSK-4052&amp;apos;, ip: &amp;apos;172.16.1.80&amp;apos;, os.name: &amp;apos;Windows 10&amp;apos;, os.arch: &amp;apos;amd64&amp;apos;, os.version: &amp;apos;10.0&amp;apos;, java.version: &amp;apos;19.0.1&amp;apos;
Driver info: org.openqa.selenium.chrome.ChromeDriver
Command: [53d28911873d7686354a9b2a9697548d, findElement {using=xpath, value=//input[@placeholder=&amp;apos;Email&amp;apos;]}]
Capabilities {acceptInsecureCerts: false, browserName: chrome, browserVersion: 122.0.6261.95, chrome: {chromedriverVersion: 121.0.6167.85 (3f98d690ad7e..., userDataDir: C:\Users\NITEIN~1.KUR\AppDa...}, fedcm:accounts: true, goog:chromeOptions: {debuggerAddress: localhost:59750}, javascriptEnabled: true, networkConnectionEnabled: false, pageLoadStrategy: normal, platform: WINDOWS, platformName: WINDOWS, proxy: Proxy(), se:cdp: ws://localhost:59750/devtoo..., se:cdpVersion: 122.0.6261.95, setWindowRect: true, strictFileInteractability: false, timeouts: {implicit: 0, pageLoad: 300000, script: 30000}, unhandledPromptBehavior: dismiss and notify, webauthn:extension:credBlob: true, webauthn:extension:largeBlob: true, webauthn:extension:minPinLength: true, webauthn:extension:prf: true, webauthn:virtualAuthenticators: true}
Session ID: 53d28911873d7686354a9b2a9697548d">
      <![CDATA[org.openqa.selenium.NoSuchElementException: no such element: Unable to locate element: {"method":"xpath","selector":"//input[@placeholder='Email']"}
  (Session info: chrome=122.0.6261.95)
For documentation on this error, please visit: https://selenium.dev/exceptions/#no_such_element
Build info: version: '4.1.0', revision: '87802e897b'
System info: host: 'DSK-4052', ip: '172.16.1.80', os.name: 'Windows 10', os.arch: 'amd64', os.version: '10.0', java.version: '19.0.1'
Driver info: org.openqa.selenium.chrome.ChromeDriver
Command: [53d28911873d7686354a9b2a9697548d, findElement {using=xpath, value=//input[@placeholder='Email']}]
Capabilities {acceptInsecureCerts: false, browserName: chrome, browserVersion: 122.0.6261.95, chrome: {chromedriverVersion: 121.0.6167.85 (3f98d690ad7e..., userDataDir: C:\Users\NITEIN~1.KUR\AppDa...}, fedcm:accounts: true, goog:chromeOptions: {debuggerAddress: localhost:59750}, javascriptEnabled: true, networkConnectionEnabled: false, pageLoadStrategy: normal, platform: WINDOWS, platformName: WINDOWS, proxy: Proxy(), se:cdp: ws://localhost:59750/devtoo..., se:cdpVersion: 122.0.6261.95, setWindowRect: true, strictFileInteractability: false, timeouts: {implicit: 0, pageLoad: 300000, script: 30000}, unhandledPromptBehavior: dismiss and notify, webauthn:extension:credBlob: true, webauthn:extension:largeBlob: true, webauthn:extension:minPinLength: true, webauthn:extension:prf: true, webauthn:virtualAuthenticators: true}
Session ID: 53d28911873d7686354a9b2a9697548d
at org.openqa.selenium.remote.codec.w3c.W3CHttpResponseCodec.createException(W3CHttpResponseCodec.java:200)
at org.openqa.selenium.remote.codec.w3c.W3CHttpResponseCodec.decode(W3CHttpResponseCodec.java:133)
at org.openqa.selenium.remote.codec.w3c.W3CHttpResponseCodec.decode(W3CHttpResponseCodec.java:53)
at org.openqa.selenium.remote.HttpCommandExecutor.execute(HttpCommandExecutor.java:184)
at org.openqa.selenium.remote.service.DriverCommandExecutor.invokeExecute(DriverCommandExecutor.java:164)
at org.openqa.selenium.remote.service.DriverCommandExecutor.execute(DriverCommandExecutor.java:139)
at org.openqa.selenium.remote.RemoteWebDriver.execute(RemoteWebDriver.java:559)
at org.openqa.selenium.remote.ElementLocation$ElementFinder$2.findElement(ElementLocation.java:162)
at org.openqa.selenium.remote.ElementLocation.findElement(ElementLocation.java:60)
at org.openqa.selenium.remote.RemoteWebDriver.findElement(RemoteWebDriver.java:383)
at org.openqa.selenium.remote.RemoteWebDriver.findElement(RemoteWebDriver.java:375)
at org.openqa.selenium.support.pagefactory.DefaultElementLocator.findElement(DefaultElementLocator.java:70)
at org.openqa.selenium.support.pagefactory.internal.LocatingElementHandler.invoke(LocatingElementHandler.java:39)
at jdk.proxy2/jdk.proxy2.$Proxy23.getWrappedElement(Unknown Source)
at org.openqa.selenium.remote.internal.WebElementToJsonConverter.apply(WebElementToJsonConverter.java:51)
at java.base/java.util.stream.ReferencePipeline$3$1.accept(ReferencePipeline.java:197)
at java.base/java.util.Spliterators$ArraySpliterator.forEachRemaining(Spliterators.java:1006)
at java.base/java.util.stream.AbstractPipeline.copyInto(AbstractPipeline.java:509)
at java.base/java.util.stream.AbstractPipeline.wrapAndCopyInto(AbstractPipeline.java:499)
at java.base/java.util.stream.ReduceOps$ReduceOp.evaluateSequential(ReduceOps.java:921)
at java.base/java.util.stream.AbstractPipeline.evaluate(AbstractPipeline.java:234)
at java.base/java.util.stream.ReferencePipeline.collect(ReferencePipeline.java:682)
at org.openqa.selenium.remote.RemoteWebDriver.executeScript(RemoteWebDriver.java:490)
at com.amt.testUtil.HelperClass.highlightElement(HelperClass.java:15)
at com.amt.pages.LoginPage.enter_credentials(LoginPage.java:50)
at com.amt.testBase.TestBase.setup(TestBase.java:133)
at java.base/java.util.ArrayList.forEach(ArrayList.java:1511)
... Removed 26 stack frames]]>
    </failure>
  </testcase> <!-- @BeforeClass setup -->
  <testcase classname="com.amt.testBase.TestBase" name="@AfterClass tearDown" time="-1.709459693311E9">
    <skipped/>
  </testcase> <!-- @AfterClass tearDown -->
  <testcase classname="newLCV.FL.Acquisition_Quotes_FL_BCH_LCV_with_funder_quote_addition_without_maintenance_Test" name="aquisition_quotes_FL_BCH_OTR_calculation_without_maintenance_test" time="118.578"/>
  <testcase classname="newLCV.FL.Acquisition_Quotes_FL_BCH_LCV_with_funder_quote_addition_without_maintenance_Test" name="aquisition_quotes_FL_BCH_after_discount_calculations_without_maintenance_test" time="4.741"/>
  <testcase classname="newLCV.FL.Acquisition_Quotes_FL_BCH_LCV_with_funder_quote_addition_without_maintenance_Test" name="aquisition_quotes_FL_BCH_holding_cost_calculations_without_maintenance_test" time="36.976"/>
  <testcase classname="newLCV.FL.Acquisition_Quotes_FL_BCH_LCV_with_funder_quote_addition_without_maintenance_Test" name="aquisition_quotes_FL_BCH_customer_quote_payment_profile_calculations_without_maintenance_test" time="93.427"/>
  <testcase classname="newLCV.FL.Acquisition_Quotes_FL_BCH_LCV_with_funder_quote_addition_without_maintenance_Test" name="aquisition_quotes_FL_BCH_quote_summary_values_verification_without_maintenance_test" time="119.594">
    <failure type="java.lang.AssertionError" message="expected [true] but found [false]">
      <![CDATA[java.lang.AssertionError: expected [true] but found [false]
at newLCV.FL.Acquisition_Quotes_FL_BCH_LCV_with_funder_quote_addition_without_maintenance_Test.aquisition_quotes_FL_BCH_quote_summary_values_verification_without_maintenance_test(Acquisition_Quotes_FL_BCH_LCV_with_funder_quote_addition_without_maintenance_Test.java:189)
at java.base/java.util.ArrayList.forEach(ArrayList.java:1511)
... Removed 29 stack frames]]>
    </failure>
  </testcase> <!-- aquisition_quotes_FL_BCH_quote_summary_values_verification_without_maintenance_test -->
  <testcase classname="newLCV.CP.Acquisition_Quotes_CP_PCP_LCV_without_maintenance_Test" name="aquisition_quotes_CP_PCP_OTR_calculation_without_maintenance_test" time="113.112"/>
  <testcase classname="newLCV.CP.Acquisition_Quotes_CP_PCP_LCV_without_maintenance_Test" name="aquisition_quotes_CP_PCP_after_discount_calculations_without_maintenance_test" time="4.571"/>
  <testcase classname="newLCV.CP.Acquisition_Quotes_CP_PCP_LCV_without_maintenance_Test" name="aquisition_quotes_CP_PCP_holding_cost_calculations_without_maintenance_test" time="40.786"/>
  <testcase classname="newLCV.CP.Acquisition_Quotes_CP_PCP_LCV_without_maintenance_Test" name="aquisition_quotes_CP_PCP_customer_quote_calculations_check_monthly_finance_payment_without_maintenance_test" time="96.732"/>
  <testcase classname="newLCV.CP.Acquisition_Quotes_CP_PCP_LCV_without_maintenance_Test" name="aquisition_quotes_CP_PCP_customer_quote_vehicle_profit_edit_check_without_maintenance_test" time="47.24"/>
  <testcase classname="newLCV.CP.Acquisition_Quotes_CP_PCP_LCV_without_maintenance_Test" name="aquisition_quotes_CP_PCP_customer_quote_part_exchange_value_edit_check_without_maintenance_test" time="86.408"/>
  <testcase classname="newLCV.CP.Acquisition_Quotes_CP_PCP_LCV_without_maintenance_Test" name="aquisition_quotes_CP_PCP_quote_summary_values_verification_without_maintenance_test" time="227.869"/>
  <testcase classname="newLCV.BROKER.Acquisition_Quotes_Broker_BCH_LCV_without_maintenance_Test" name="aquisition_quotes_user_flow_broker_bch_OTR_calculation_without_maintenance_test" time="117.724"/>
  <testcase classname="newLCV.BROKER.Acquisition_Quotes_Broker_BCH_LCV_without_maintenance_Test" name="aquisition_quotes_user_flow_broker_bch_after_discount_calculation_without_maintenance_test" time="4.624"/>
  <testcase classname="newLCV.BROKER.Acquisition_Quotes_Broker_BCH_LCV_without_maintenance_Test" name="aquisition_quotes_user_flow_broker_bch_funder_quote_addition_without_maintenance_test" time="47.118"/>
  <testcase classname="newLCV.BROKER.Acquisition_Quotes_Broker_BCH_LCV_without_maintenance_Test" name="aquisition_quotes_user_flow_broker_bch_quote_summary_values_verification_without_maintenance_test" time="20.363"/>
  <testcase classname="newLCV.CP.Acquisition_Quotes_CP_BCH_LCV_with_funder_quote_addition_without_maintenance_Test" name="aquisition_quotes_CP_BCH_OTR_calculation_without_maintenance_test" time="113.07"/>
  <testcase classname="newLCV.CP.Acquisition_Quotes_CP_BCH_LCV_with_funder_quote_addition_without_maintenance_Test" name="aquisition_quotes_CP_BCH_after_discount_calculations_without_maintenance_test" time="4.616"/>
  <testcase classname="newLCV.CP.Acquisition_Quotes_CP_BCH_LCV_with_funder_quote_addition_without_maintenance_Test" name="aquisition_quotes_CP_BCH_holding_cost_calculations_without_maintenance_test" time="28.613"/>
  <testcase classname="newLCV.CP.Acquisition_Quotes_CP_BCH_LCV_with_funder_quote_addition_without_maintenance_Test" name="aquisition_quotes_CP_BCH_customer_quote_payment_profile_calculations_without_maintenance_test" time="87.094"/>
  <testcase classname="newLCV.CP.Acquisition_Quotes_CP_BCH_LCV_with_funder_quote_addition_without_maintenance_Test" name="aquisition_quotes_CP_BCH_quote_summary_values_verification_without_maintenance_test" time="97.791">
    <failure type="org.openqa.selenium.ElementClickInterceptedException" message="element click intercepted: Element &amp;lt;p style=&amp;quot; border: 1px solid white;&amp;quot;&amp;gt;...&amp;lt;/p&amp;gt; is not clickable at point (783, 98). Other element would receive the click: &amp;lt;div _ngcontent-jvc-c0=&amp;quot;&amp;quot; class=&amp;quot;loader_div&amp;quot;&amp;gt;...&amp;lt;/div&amp;gt;
  (Session info: chrome=122.0.6261.95)
Build info: version: &amp;apos;4.1.0&amp;apos;, revision: &amp;apos;87802e897b&amp;apos;
System info: host: &amp;apos;DSK-4052&amp;apos;, ip: &amp;apos;172.16.1.80&amp;apos;, os.name: &amp;apos;Windows 10&amp;apos;, os.arch: &amp;apos;amd64&amp;apos;, os.version: &amp;apos;10.0&amp;apos;, java.version: &amp;apos;19.0.1&amp;apos;
Driver info: org.openqa.selenium.chrome.ChromeDriver
Command: [25bd5b742bbfda67c3144f7439b7b4e9, clickElement {id=AE4630458AF39170C101391C4630EA1E_element_1532}]
Capabilities {acceptInsecureCerts: false, browserName: chrome, browserVersion: 122.0.6261.95, chrome: {chromedriverVersion: 121.0.6167.85 (3f98d690ad7e..., userDataDir: C:\Users\NITEIN~1.KUR\AppDa...}, fedcm:accounts: true, goog:chromeOptions: {debuggerAddress: localhost:52414}, javascriptEnabled: true, networkConnectionEnabled: false, pageLoadStrategy: normal, platform: WINDOWS, platformName: WINDOWS, proxy: Proxy(), se:cdp: ws://localhost:52414/devtoo..., se:cdpVersion: 122.0.6261.95, setWindowRect: true, strictFileInteractability: false, timeouts: {implicit: 0, pageLoad: 300000, script: 30000}, unhandledPromptBehavior: dismiss and notify, webauthn:extension:credBlob: true, webauthn:extension:largeBlob: true, webauthn:extension:minPinLength: true, webauthn:extension:prf: true, webauthn:virtualAuthenticators: true}
Element: [[ChromeDriver: chrome on WINDOWS (25bd5b742bbfda67c3144f7439b7b4e9)] -&amp;gt; xpath: //p[normalize-space()=&amp;apos;Quote summary&amp;apos;]]
Session ID: 25bd5b742bbfda67c3144f7439b7b4e9">
      <![CDATA[org.openqa.selenium.ElementClickInterceptedException: element click intercepted: Element <p style=" border: 1px solid white;">...</p> is not clickable at point (783, 98). Other element would receive the click: <div _ngcontent-jvc-c0="" class="loader_div">...</div>
  (Session info: chrome=122.0.6261.95)
Build info: version: '4.1.0', revision: '87802e897b'
System info: host: 'DSK-4052', ip: '172.16.1.80', os.name: 'Windows 10', os.arch: 'amd64', os.version: '10.0', java.version: '19.0.1'
Driver info: org.openqa.selenium.chrome.ChromeDriver
Command: [25bd5b742bbfda67c3144f7439b7b4e9, clickElement {id=AE4630458AF39170C101391C4630EA1E_element_1532}]
Capabilities {acceptInsecureCerts: false, browserName: chrome, browserVersion: 122.0.6261.95, chrome: {chromedriverVersion: 121.0.6167.85 (3f98d690ad7e..., userDataDir: C:\Users\NITEIN~1.KUR\AppDa...}, fedcm:accounts: true, goog:chromeOptions: {debuggerAddress: localhost:52414}, javascriptEnabled: true, networkConnectionEnabled: false, pageLoadStrategy: normal, platform: WINDOWS, platformName: WINDOWS, proxy: Proxy(), se:cdp: ws://localhost:52414/devtoo..., se:cdpVersion: 122.0.6261.95, setWindowRect: true, strictFileInteractability: false, timeouts: {implicit: 0, pageLoad: 300000, script: 30000}, unhandledPromptBehavior: dismiss and notify, webauthn:extension:credBlob: true, webauthn:extension:largeBlob: true, webauthn:extension:minPinLength: true, webauthn:extension:prf: true, webauthn:virtualAuthenticators: true}
Element: [[ChromeDriver: chrome on WINDOWS (25bd5b742bbfda67c3144f7439b7b4e9)] -> xpath: //p[normalize-space()='Quote summary']]
Session ID: 25bd5b742bbfda67c3144f7439b7b4e9
at org.openqa.selenium.remote.codec.w3c.W3CHttpResponseCodec.createException(W3CHttpResponseCodec.java:200)
at org.openqa.selenium.remote.codec.w3c.W3CHttpResponseCodec.decode(W3CHttpResponseCodec.java:133)
at org.openqa.selenium.remote.codec.w3c.W3CHttpResponseCodec.decode(W3CHttpResponseCodec.java:53)
at org.openqa.selenium.remote.HttpCommandExecutor.execute(HttpCommandExecutor.java:184)
at org.openqa.selenium.remote.service.DriverCommandExecutor.invokeExecute(DriverCommandExecutor.java:164)
at org.openqa.selenium.remote.service.DriverCommandExecutor.execute(DriverCommandExecutor.java:139)
at org.openqa.selenium.remote.RemoteWebDriver.execute(RemoteWebDriver.java:559)
at org.openqa.selenium.remote.RemoteWebElement.execute(RemoteWebElement.java:251)
at org.openqa.selenium.remote.RemoteWebElement.click(RemoteWebElement.java:77)
at org.openqa.selenium.support.pagefactory.internal.LocatingElementHandler.invoke(LocatingElementHandler.java:52)
at jdk.proxy2/jdk.proxy2.$Proxy23.click(Unknown Source)
at com.amt.testUtil.Click.on(Click.java:22)
at com.amt.QuoteSummaryPages.QuoteSummary_CP_BCH_Page.quote_summary_OTR_calculation(QuoteSummary_CP_BCH_Page.java:338)
at newLCV.CP.Acquisition_Quotes_CP_BCH_LCV_with_funder_quote_addition_without_maintenance_Test.aquisition_quotes_CP_BCH_quote_summary_values_verification_without_maintenance_test(Acquisition_Quotes_CP_BCH_LCV_with_funder_quote_addition_without_maintenance_Test.java:181)
at java.base/java.util.ArrayList.forEach(ArrayList.java:1511)
... Removed 30 stack frames]]>
    </failure>
  </testcase> <!-- aquisition_quotes_CP_BCH_quote_summary_values_verification_without_maintenance_test -->
  <testcase classname="newLCV.FL.Acquisition_Quotes_FL_BCH_LCV_with_maintenance_Test" name="aquisition_quotes_FL_BCH_OTR_calculation_with_maintenance_test" time="111.809"/>
  <testcase classname="newLCV.FL.Acquisition_Quotes_FL_BCH_LCV_with_maintenance_Test" name="aquisition_quotes_FL_BCH_after_discount_calculations_with_maintenance_test" time="4.604"/>
  <testcase classname="newLCV.FL.Acquisition_Quotes_FL_BCH_LCV_with_maintenance_Test" name="aquisition_quotes_FL_BCH_holding_cost_calculations_with_maintenance_test" time="70.532"/>
  <testcase classname="newLCV.FL.Acquisition_Quotes_FL_BCH_LCV_with_maintenance_Test" name="aquisition_quotes_FL_BCH_customer_quote_payment_profile_calculations_with_maintenance_test" time="117.758">
    <failure type="org.openqa.selenium.TimeoutException" message="Expected condition failed: waiting for visibility of Proxy element for: DefaultElementLocator &amp;apos;By.xpath: //*[normalize-space()=&amp;apos;Monthly maint. payment&amp;apos;]//ancestor::div[1]//div//p//strong|//*[normalize-space()=&amp;apos;Monthly maint. rental&amp;apos;]//ancestor::div[1]//div//p//strong&amp;apos; (tried for 60 second(s) with 500 milliseconds interval)">
      <![CDATA[org.openqa.selenium.TimeoutException: Expected condition failed: waiting for visibility of Proxy element for: DefaultElementLocator 'By.xpath: //*[normalize-space()='Monthly maint. payment']//ancestor::div[1]//div//p//strong|//*[normalize-space()='Monthly maint. rental']//ancestor::div[1]//div//p//strong' (tried for 60 second(s) with 500 milliseconds interval)
at org.openqa.selenium.support.ui.WebDriverWait.timeoutException(WebDriverWait.java:138)
at org.openqa.selenium.support.ui.FluentWait.until(FluentWait.java:231)
at com.amt.testUtil.ExplicitWait.visibleElement(ExplicitWait.java:23)
at com.amt.testUtil.ReadExcelCalculation.verify_customer_quote_calculations_for_one_payment_options_with_maintenance(ReadExcelCalculation.java:3767)
at com.amt.CustomerQuotePackage.CustomerQuotePage_FL_BCHPage.customer_Quote_FL_BCH_for_one_payment_option_with_maintenance_calculation(CustomerQuotePage_FL_BCHPage.java:708)
at newLCV.FL.Acquisition_Quotes_FL_BCH_LCV_with_maintenance_Test.aquisition_quotes_FL_BCH_customer_quote_payment_profile_calculations_with_maintenance_test(Acquisition_Quotes_FL_BCH_LCV_with_maintenance_Test.java:140)
at java.base/java.util.ArrayList.forEach(ArrayList.java:1511)
Caused by: org.openqa.selenium.NoSuchElementException: no such element: Unable to locate element: {"method":"xpath","selector":"//*[normalize-space()='Monthly maint. payment']//ancestor::div[1]//div//p//strong|//*[normalize-space()='Monthly maint. rental']//ancestor::div[1]//div//p//strong"}
  (Session info: chrome=122.0.6261.95)
For documentation on this error, please visit: https://selenium.dev/exceptions/#no_such_element
Build info: version: '4.1.0', revision: '87802e897b'
System info: host: 'DSK-4052', ip: '172.16.1.80', os.name: 'Windows 10', os.arch: 'amd64', os.version: '10.0', java.version: '19.0.1'
Driver info: org.openqa.selenium.chrome.ChromeDriver
Command: [98e7035eff1c85f1dc042f0eb29d2f74, findElement {using=xpath, value=//*[normalize-space()='Monthly maint. payment']//ancestor::div[1]//div//p//strong|//*[normalize-space()='Monthly maint. rental']//ancestor::div[1]//div//p//strong}]
Capabilities {acceptInsecureCerts: false, browserName: chrome, browserVersion: 122.0.6261.95, chrome: {chromedriverVersion: 121.0.6167.85 (3f98d690ad7e..., userDataDir: C:\Users\NITEIN~1.KUR\AppDa...}, fedcm:accounts: true, goog:chromeOptions: {debuggerAddress: localhost:52544}, javascriptEnabled: true, networkConnectionEnabled: false, pageLoadStrategy: normal, platform: WINDOWS, platformName: WINDOWS, proxy: Proxy(), se:cdp: ws://localhost:52544/devtoo..., se:cdpVersion: 122.0.6261.95, setWindowRect: true, strictFileInteractability: false, timeouts: {implicit: 0, pageLoad: 300000, script: 30000}, unhandledPromptBehavior: dismiss and notify, webauthn:extension:credBlob: true, webauthn:extension:largeBlob: true, webauthn:extension:minPinLength: true, webauthn:extension:prf: true, webauthn:virtualAuthenticators: true}
Session ID: 98e7035eff1c85f1dc042f0eb29d2f74
at org.openqa.selenium.remote.codec.w3c.W3CHttpResponseCodec.createException(W3CHttpResponseCodec.java:200)
at org.openqa.selenium.remote.codec.w3c.W3CHttpResponseCodec.decode(W3CHttpResponseCodec.java:133)
at org.openqa.selenium.remote.codec.w3c.W3CHttpResponseCodec.decode(W3CHttpResponseCodec.java:53)
at org.openqa.selenium.remote.HttpCommandExecutor.execute(HttpCommandExecutor.java:184)
at org.openqa.selenium.remote.service.DriverCommandExecutor.invokeExecute(DriverCommandExecutor.java:164)
at org.openqa.selenium.remote.service.DriverCommandExecutor.execute(DriverCommandExecutor.java:139)
at org.openqa.selenium.remote.RemoteWebDriver.execute(RemoteWebDriver.java:559)
at org.openqa.selenium.remote.ElementLocation$ElementFinder$2.findElement(ElementLocation.java:162)
at org.openqa.selenium.remote.ElementLocation.findElement(ElementLocation.java:60)
at org.openqa.selenium.remote.RemoteWebDriver.findElement(RemoteWebDriver.java:383)
at org.openqa.selenium.remote.RemoteWebDriver.findElement(RemoteWebDriver.java:375)
at org.openqa.selenium.support.pagefactory.DefaultElementLocator.findElement(DefaultElementLocator.java:70)
at org.openqa.selenium.support.pagefactory.internal.LocatingElementHandler.invoke(LocatingElementHandler.java:39)
at jdk.proxy2/jdk.proxy2.$Proxy23.isDisplayed(Unknown Source)
at org.openqa.selenium.support.ui.ExpectedConditions.elementIfVisible(ExpectedConditions.java:307)
at org.openqa.selenium.support.ui.ExpectedConditions.access$000(ExpectedConditions.java:40)
at org.openqa.selenium.support.ui.ExpectedConditions$10.apply(ExpectedConditions.java:293)
at org.openqa.selenium.support.ui.ExpectedConditions$10.apply(ExpectedConditions.java:290)
at org.openqa.selenium.support.ui.FluentWait.until(FluentWait.java:208)
... 30 more
... Removed 28 stack frames]]>
    </failure>
  </testcase> <!-- aquisition_quotes_FL_BCH_customer_quote_payment_profile_calculations_with_maintenance_test -->
  <testcase classname="newLCV.FL.Acquisition_Quotes_FL_BCH_LCV_with_maintenance_Test" name="aquisition_quotes_FL_BCH_quote_summary_values_verification_with_maintenance_test" time="0.0">
    <skipped/>
  </testcase> <!-- aquisition_quotes_FL_BCH_quote_summary_values_verification_with_maintenance_test -->
  <testcase classname="newLCV.OP.Acquisition_Quotes_Outright_CP_LCV_without_maintenance_Test" name="aquisition_quotes_outright_CP_OTR_calculation_without_maintenance_test" time="111.933"/>
  <testcase classname="newLCV.OP.Acquisition_Quotes_Outright_CP_LCV_without_maintenance_Test" name="aquisition_quotes_outright_CP_after_discount_calculations_without_maintenance_test" time="4.64"/>
  <testcase classname="newLCV.OP.Acquisition_Quotes_Outright_CP_LCV_without_maintenance_Test" name="aquisition_quotes_outright_CP_holding_cost_calculations_without_maintenance_test" time="40.787"/>
  <testcase classname="newLCV.OP.Acquisition_Quotes_Outright_CP_LCV_without_maintenance_Test" name="aquisition_quotes_outright_CP_customer_quote_calculations_check_monthly_finance_payment_without_maintenance_test" time="95.49"/>
  <testcase classname="newLCV.OP.Acquisition_Quotes_Outright_CP_LCV_without_maintenance_Test" name="aquisition_quotes_outright_CP_customer_quote_vehicle_profit_edit_check_without_maintenance_test" time="51.989"/>
  <testcase classname="newLCV.OP.Acquisition_Quotes_Outright_CP_LCV_without_maintenance_Test" name="aquisition_quotes_outright_CP_customer_quote_part_exchange_value_edit_check_without_maintenance_test" time="89.621"/>
  <testcase classname="newLCV.OP.Acquisition_Quotes_Outright_CP_LCV_without_maintenance_Test" name="aquisition_quotes_outright_CP_quote_summary_values_verification_without_maintenance_test" time="127.14"/>
  <testcase classname="newLCV.HPNR.Acquisition_Quotes_HPNR_HPR_LCV_without_maintenance_Test" name="aquisition_quotes_HPNR_HPR_OTR_calculation_without_maintenance_test" time="116.054"/>
  <testcase classname="newLCV.HPNR.Acquisition_Quotes_HPNR_HPR_LCV_without_maintenance_Test" name="aquisition_quotes_HPNR_HPR_after_discount_calculations_without_maintenance_test" time="4.562"/>
  <testcase classname="newLCV.HPNR.Acquisition_Quotes_HPNR_HPR_LCV_without_maintenance_Test" name="aquisition_quotes_HPNR_HPR_holding_cost_calculations_without_maintenance_test" time="40.578"/>
  <testcase classname="newLCV.HPNR.Acquisition_Quotes_HPNR_HPR_LCV_without_maintenance_Test" name="aquisition_quotes_HPNR_HPR_customer_quote_calculations_check_monthly_finance_payment_without_maintenance_test" time="95.076"/>
  <testcase classname="newLCV.HPNR.Acquisition_Quotes_HPNR_HPR_LCV_without_maintenance_Test" name="aquisition_quotes_HPNR_HPR_customer_quote_vehicle_profit_edit_check_without_maintenance_test" time="46.927"/>
  <testcase classname="newLCV.HPNR.Acquisition_Quotes_HPNR_HPR_LCV_without_maintenance_Test" name="aquisition_quotes_HPNR_HPR_customer_quote_part_exchange_value_edit_check_without_maintenance_test" time="89.436"/>
  <testcase classname="newLCV.HPNR.Acquisition_Quotes_HPNR_HPR_LCV_without_maintenance_Test" name="aquisition_quotes_HPNR_HPR_customer_quote_monthly_finance_payment_after_balloon_payment_off_without_maintenance_test" time="20.716"/>
  <testcase classname="newLCV.HPNR.Acquisition_Quotes_HPNR_HPR_LCV_without_maintenance_Test" name="aquisition_quotes_HPNR_HPR_quote_summary_values_verification_without_maintenance_test" time="195.567"/>
  <testcase classname="newLCV.HPNR.Acquisition_Quotes_HPNR_BCH_LCV_with_funder_quote_addition_without_maintenance_Test" name="aquisition_quotes_HPNR_BCH_OTR_calculation_without_maintenance_test" time="111.906"/>
  <testcase classname="newLCV.HPNR.Acquisition_Quotes_HPNR_BCH_LCV_with_funder_quote_addition_without_maintenance_Test" name="aquisition_quotes_HPNR_BCH_after_discount_calculations_without_maintenance_test" time="4.453"/>
  <testcase classname="newLCV.HPNR.Acquisition_Quotes_HPNR_BCH_LCV_with_funder_quote_addition_without_maintenance_Test" name="aquisition_quotes_HPNR_BCH_holding_cost_calculations_without_maintenance_test" time="26.381"/>
  <testcase classname="newLCV.HPNR.Acquisition_Quotes_HPNR_BCH_LCV_with_funder_quote_addition_without_maintenance_Test" name="aquisition_quotes_HPNR_BCH_customer_quote_payment_profile_calculations_without_maintenance_test" time="92.933"/>
  <testcase classname="newLCV.HPNR.Acquisition_Quotes_HPNR_BCH_LCV_with_funder_quote_addition_without_maintenance_Test" name="aquisition_quotes_HPNR_BCH_quote_summary_values_verification_without_maintenance_test" time="177.401"/>
  <testcase classname="newLCV.BROKER.Acquisition_Quotes_Broker_CP_LCV_without_maintenance_Test" name="aquisition_quotes_user_flow_broker_CP_OTR_calculation_without_maintenance_test" time="119.879"/>
  <testcase classname="newLCV.BROKER.Acquisition_Quotes_Broker_CP_LCV_without_maintenance_Test" name="aquisition_quotes_user_flow_broker_CP_after_discount_calculations_without_maintenance_test" time="4.407"/>
  <testcase classname="newLCV.BROKER.Acquisition_Quotes_Broker_CP_LCV_without_maintenance_Test" name="aquisition_quotes_user_flow_broker_CP_vehicle_profit_check_without_maintenance_test" time="21.735"/>
  <testcase classname="newLCV.BROKER.Acquisition_Quotes_Broker_CP_LCV_without_maintenance_Test" name="aquisition_quotes_user_flow_broker_CP_balance_to_finance_check_without_maintenance_test" time="42.858"/>
  <testcase classname="newLCV.BROKER.Acquisition_Quotes_Broker_CP_LCV_without_maintenance_Test" name="aquisition_quotes_user_flow_broker_CP_quote_summary_values_verification_without_maintenance_test" time="23.362"/>
  <testcase classname="newLCV.BCH.Acquisition_Quotes_BCH_PCH_LCV_with_maintenance_Test" name="aquisition_quotes_BCH_PCH_OTR_calculation_with_maintenance_test" time="111.979"/>
  <testcase classname="newLCV.BCH.Acquisition_Quotes_BCH_PCH_LCV_with_maintenance_Test" name="aquisition_quotes_BCH_PCH_after_discount_calculations_with_maintenance_test" time="4.571"/>
  <testcase classname="newLCV.BCH.Acquisition_Quotes_BCH_PCH_LCV_with_maintenance_Test" name="aquisition_quotes_BCH_PCH_holding_cost_calculations_with_maintenance_test" time="29.042"/>
  <testcase classname="newLCV.BCH.Acquisition_Quotes_BCH_PCH_LCV_with_maintenance_Test" name="aquisition_quotes_BCH_PCH_customer_quote_payment_profile_calculations_with_maintenance_test" time="292.31"/>
  <testcase classname="newLCV.BCH.Acquisition_Quotes_BCH_PCH_LCV_with_maintenance_Test" name="aquisition_quotes_BCH_PCH_quote_summary_values_verification_with_maintenance_test" time="189.173">
    <failure type="org.openqa.selenium.ElementClickInterceptedException" message="element click intercepted: Element &amp;lt;div class=&amp;quot;acc-head&amp;quot; style=&amp;quot; border: 1px solid white;&amp;quot;&amp;gt;...&amp;lt;/div&amp;gt; is not clickable at point (598, 747). Other element would receive the click: &amp;lt;div _ngcontent-pjx-c4=&amp;quot;&amp;quot; class=&amp;quot;acc-head&amp;quot;&amp;gt;...&amp;lt;/div&amp;gt;
  (Session info: chrome=122.0.6261.95)
Build info: version: &amp;apos;4.1.0&amp;apos;, revision: &amp;apos;87802e897b&amp;apos;
System info: host: &amp;apos;DSK-4052&amp;apos;, ip: &amp;apos;172.16.1.80&amp;apos;, os.name: &amp;apos;Windows 10&amp;apos;, os.arch: &amp;apos;amd64&amp;apos;, os.version: &amp;apos;10.0&amp;apos;, java.version: &amp;apos;19.0.1&amp;apos;
Driver info: org.openqa.selenium.chrome.ChromeDriver
Command: [0b11c26eac0c8540d4285a0c83314845, clickElement {id=896B70C7CC9F3A697C8AF3B98951E994_element_2319}]
Capabilities {acceptInsecureCerts: false, browserName: chrome, browserVersion: 122.0.6261.95, chrome: {chromedriverVersion: 121.0.6167.85 (3f98d690ad7e..., userDataDir: C:\Users\NITEIN~1.KUR\AppDa...}, fedcm:accounts: true, goog:chromeOptions: {debuggerAddress: localhost:53281}, javascriptEnabled: true, networkConnectionEnabled: false, pageLoadStrategy: normal, platform: WINDOWS, platformName: WINDOWS, proxy: Proxy(), se:cdp: ws://localhost:53281/devtoo..., se:cdpVersion: 122.0.6261.95, setWindowRect: true, strictFileInteractability: false, timeouts: {implicit: 0, pageLoad: 300000, script: 30000}, unhandledPromptBehavior: dismiss and notify, webauthn:extension:credBlob: true, webauthn:extension:largeBlob: true, webauthn:extension:minPinLength: true, webauthn:extension:prf: true, webauthn:virtualAuthenticators: true}
Element: [[ChromeDriver: chrome on WINDOWS (0b11c26eac0c8540d4285a0c83314845)] -&amp;gt; xpath: //*[@id=&amp;apos;headingCustomerQuote&amp;apos;]/div[1]/button/div]
Session ID: 0b11c26eac0c8540d4285a0c83314845">
      <![CDATA[org.openqa.selenium.ElementClickInterceptedException: element click intercepted: Element <div class="acc-head" style=" border: 1px solid white;">...</div> is not clickable at point (598, 747). Other element would receive the click: <div _ngcontent-pjx-c4="" class="acc-head">...</div>
  (Session info: chrome=122.0.6261.95)
Build info: version: '4.1.0', revision: '87802e897b'
System info: host: 'DSK-4052', ip: '172.16.1.80', os.name: 'Windows 10', os.arch: 'amd64', os.version: '10.0', java.version: '19.0.1'
Driver info: org.openqa.selenium.chrome.ChromeDriver
Command: [0b11c26eac0c8540d4285a0c83314845, clickElement {id=896B70C7CC9F3A697C8AF3B98951E994_element_2319}]
Capabilities {acceptInsecureCerts: false, browserName: chrome, browserVersion: 122.0.6261.95, chrome: {chromedriverVersion: 121.0.6167.85 (3f98d690ad7e..., userDataDir: C:\Users\NITEIN~1.KUR\AppDa...}, fedcm:accounts: true, goog:chromeOptions: {debuggerAddress: localhost:53281}, javascriptEnabled: true, networkConnectionEnabled: false, pageLoadStrategy: normal, platform: WINDOWS, platformName: WINDOWS, proxy: Proxy(), se:cdp: ws://localhost:53281/devtoo..., se:cdpVersion: 122.0.6261.95, setWindowRect: true, strictFileInteractability: false, timeouts: {implicit: 0, pageLoad: 300000, script: 30000}, unhandledPromptBehavior: dismiss and notify, webauthn:extension:credBlob: true, webauthn:extension:largeBlob: true, webauthn:extension:minPinLength: true, webauthn:extension:prf: true, webauthn:virtualAuthenticators: true}
Element: [[ChromeDriver: chrome on WINDOWS (0b11c26eac0c8540d4285a0c83314845)] -> xpath: //*[@id='headingCustomerQuote']/div[1]/button/div]
Session ID: 0b11c26eac0c8540d4285a0c83314845
at org.openqa.selenium.remote.codec.w3c.W3CHttpResponseCodec.createException(W3CHttpResponseCodec.java:200)
at org.openqa.selenium.remote.codec.w3c.W3CHttpResponseCodec.decode(W3CHttpResponseCodec.java:133)
at org.openqa.selenium.remote.codec.w3c.W3CHttpResponseCodec.decode(W3CHttpResponseCodec.java:53)
at org.openqa.selenium.remote.HttpCommandExecutor.execute(HttpCommandExecutor.java:184)
at org.openqa.selenium.remote.service.DriverCommandExecutor.invokeExecute(DriverCommandExecutor.java:164)
at org.openqa.selenium.remote.service.DriverCommandExecutor.execute(DriverCommandExecutor.java:139)
at org.openqa.selenium.remote.RemoteWebDriver.execute(RemoteWebDriver.java:559)
at org.openqa.selenium.remote.RemoteWebElement.execute(RemoteWebElement.java:251)
at org.openqa.selenium.remote.RemoteWebElement.click(RemoteWebElement.java:77)
at org.openqa.selenium.support.pagefactory.internal.LocatingElementHandler.invoke(LocatingElementHandler.java:52)
at jdk.proxy2/jdk.proxy2.$Proxy23.click(Unknown Source)
at com.amt.testUtil.Click.on(Click.java:22)
at com.amt.QuoteSummaryPages.QuoteSummary_BCH_PCH_Page.quote_summary_edit_finance_margin_value_verification(QuoteSummary_BCH_PCH_Page.java:1623)
at newLCV.BCH.Acquisition_Quotes_BCH_PCH_LCV_with_maintenance_Test.aquisition_quotes_BCH_PCH_quote_summary_values_verification_with_maintenance_test(Acquisition_Quotes_BCH_PCH_LCV_with_maintenance_Test.java:254)
at java.base/java.util.ArrayList.forEach(ArrayList.java:1511)
... Removed 30 stack frames]]>
    </failure>
  </testcase> <!-- aquisition_quotes_BCH_PCH_quote_summary_values_verification_with_maintenance_test -->
  <testcase classname="newLCV.BROKER.Acquisition_Quotes_Broker_PCH_LCV_without_maintenance_Test" name="aquisition_quotes_user_flow_broker_pch_OTR_calculations_without_maintenance_test" time="119.652"/>
  <testcase classname="newLCV.BROKER.Acquisition_Quotes_Broker_PCH_LCV_without_maintenance_Test" name="aquisition_quotes_user_flow_broker_pch_after_discount_calculations_without_maintenance_test" time="4.577"/>
  <testcase classname="newLCV.BROKER.Acquisition_Quotes_Broker_PCH_LCV_without_maintenance_Test" name="aquisition_quotes_user_flow_broker_pch_without_maintenance_test" time="46.832"/>
  <testcase classname="newLCV.BROKER.Acquisition_Quotes_Broker_PCH_LCV_without_maintenance_Test" name="aquisition_quotes_user_flow_broker_pch_quote_summary_values_verification_without_maintenance_test" time="23.366"/>
  <testcase classname="newLCV.FL.Acquisition_Quotes_FL_FL_LCV_with_maintenance_Test" name="aquisition_quotes_FL_FL_OTR_calculation_with_maintenance_test" time="114.733"/>
  <testcase classname="newLCV.FL.Acquisition_Quotes_FL_FL_LCV_with_maintenance_Test" name="aquisition_quotes_FL_FL_after_discount_calculations_with_maintenance_test" time="4.639"/>
  <testcase classname="newLCV.FL.Acquisition_Quotes_FL_FL_LCV_with_maintenance_Test" name="aquisition_quotes_FL_FL_holding_cost_calculations_with_maintenance_test" time="71.208"/>
  <testcase classname="newLCV.FL.Acquisition_Quotes_FL_FL_LCV_with_maintenance_Test" name="aquisition_quotes_FL_FL_customer_quote_payment_profile_calculations_with_maintenance_test" time="117.451">
    <failure type="org.openqa.selenium.TimeoutException" message="Expected condition failed: waiting for visibility of Proxy element for: DefaultElementLocator &amp;apos;By.xpath: //*[normalize-space()=&amp;apos;Monthly maint. payment&amp;apos;]//ancestor::div[1]//div//p//strong|//*[normalize-space()=&amp;apos;Monthly maint. rental&amp;apos;]//ancestor::div[1]//div//p//strong&amp;apos; (tried for 60 second(s) with 500 milliseconds interval)">
      <![CDATA[org.openqa.selenium.TimeoutException: Expected condition failed: waiting for visibility of Proxy element for: DefaultElementLocator 'By.xpath: //*[normalize-space()='Monthly maint. payment']//ancestor::div[1]//div//p//strong|//*[normalize-space()='Monthly maint. rental']//ancestor::div[1]//div//p//strong' (tried for 60 second(s) with 500 milliseconds interval)
at org.openqa.selenium.support.ui.WebDriverWait.timeoutException(WebDriverWait.java:138)
at org.openqa.selenium.support.ui.FluentWait.until(FluentWait.java:231)
at com.amt.testUtil.ExplicitWait.visibleElement(ExplicitWait.java:23)
at com.amt.testUtil.ReadExcelCalculation.verify_customer_quote_calculations_for_one_payment_options_with_maintenance(ReadExcelCalculation.java:3767)
at com.amt.CustomerQuotePackage.CustomerQuotePage_FL_FLPage.customer_Quote_FL_FL_for_one_payment_option_with_maintenance_calculation(CustomerQuotePage_FL_FLPage.java:829)
at newLCV.FL.Acquisition_Quotes_FL_FL_LCV_with_maintenance_Test.aquisition_quotes_FL_FL_customer_quote_payment_profile_calculations_with_maintenance_test(Acquisition_Quotes_FL_FL_LCV_with_maintenance_Test.java:140)
at java.base/java.util.ArrayList.forEach(ArrayList.java:1511)
Caused by: org.openqa.selenium.NoSuchElementException: no such element: Unable to locate element: {"method":"xpath","selector":"//*[normalize-space()='Monthly maint. payment']//ancestor::div[1]//div//p//strong|//*[normalize-space()='Monthly maint. rental']//ancestor::div[1]//div//p//strong"}
  (Session info: chrome=122.0.6261.95)
For documentation on this error, please visit: https://selenium.dev/exceptions/#no_such_element
Build info: version: '4.1.0', revision: '87802e897b'
System info: host: 'DSK-4052', ip: '172.16.1.80', os.name: 'Windows 10', os.arch: 'amd64', os.version: '10.0', java.version: '19.0.1'
Driver info: org.openqa.selenium.chrome.ChromeDriver
Command: [01e376ab08599a1371b0db4fc340e6d6, findElement {using=xpath, value=//*[normalize-space()='Monthly maint. payment']//ancestor::div[1]//div//p//strong|//*[normalize-space()='Monthly maint. rental']//ancestor::div[1]//div//p//strong}]
Capabilities {acceptInsecureCerts: false, browserName: chrome, browserVersion: 122.0.6261.95, chrome: {chromedriverVersion: 121.0.6167.85 (3f98d690ad7e..., userDataDir: C:\Users\NITEIN~1.KUR\AppDa...}, fedcm:accounts: true, goog:chromeOptions: {debuggerAddress: localhost:53562}, javascriptEnabled: true, networkConnectionEnabled: false, pageLoadStrategy: normal, platform: WINDOWS, platformName: WINDOWS, proxy: Proxy(), se:cdp: ws://localhost:53562/devtoo..., se:cdpVersion: 122.0.6261.95, setWindowRect: true, strictFileInteractability: false, timeouts: {implicit: 0, pageLoad: 300000, script: 30000}, unhandledPromptBehavior: dismiss and notify, webauthn:extension:credBlob: true, webauthn:extension:largeBlob: true, webauthn:extension:minPinLength: true, webauthn:extension:prf: true, webauthn:virtualAuthenticators: true}
Session ID: 01e376ab08599a1371b0db4fc340e6d6
at org.openqa.selenium.remote.codec.w3c.W3CHttpResponseCodec.createException(W3CHttpResponseCodec.java:200)
at org.openqa.selenium.remote.codec.w3c.W3CHttpResponseCodec.decode(W3CHttpResponseCodec.java:133)
at org.openqa.selenium.remote.codec.w3c.W3CHttpResponseCodec.decode(W3CHttpResponseCodec.java:53)
at org.openqa.selenium.remote.HttpCommandExecutor.execute(HttpCommandExecutor.java:184)
at org.openqa.selenium.remote.service.DriverCommandExecutor.invokeExecute(DriverCommandExecutor.java:164)
at org.openqa.selenium.remote.service.DriverCommandExecutor.execute(DriverCommandExecutor.java:139)
at org.openqa.selenium.remote.RemoteWebDriver.execute(RemoteWebDriver.java:559)
at org.openqa.selenium.remote.ElementLocation$ElementFinder$2.findElement(ElementLocation.java:162)
at org.openqa.selenium.remote.ElementLocation.findElement(ElementLocation.java:60)
at org.openqa.selenium.remote.RemoteWebDriver.findElement(RemoteWebDriver.java:383)
at org.openqa.selenium.remote.RemoteWebDriver.findElement(RemoteWebDriver.java:375)
at org.openqa.selenium.support.pagefactory.DefaultElementLocator.findElement(DefaultElementLocator.java:70)
at org.openqa.selenium.support.pagefactory.internal.LocatingElementHandler.invoke(LocatingElementHandler.java:39)
at jdk.proxy2/jdk.proxy2.$Proxy23.isDisplayed(Unknown Source)
at org.openqa.selenium.support.ui.ExpectedConditions.elementIfVisible(ExpectedConditions.java:307)
at org.openqa.selenium.support.ui.ExpectedConditions.access$000(ExpectedConditions.java:40)
at org.openqa.selenium.support.ui.ExpectedConditions$10.apply(ExpectedConditions.java:293)
at org.openqa.selenium.support.ui.ExpectedConditions$10.apply(ExpectedConditions.java:290)
at org.openqa.selenium.support.ui.FluentWait.until(FluentWait.java:208)
... 30 more
... Removed 28 stack frames]]>
    </failure>
  </testcase> <!-- aquisition_quotes_FL_FL_customer_quote_payment_profile_calculations_with_maintenance_test -->
  <testcase classname="newLCV.FL.Acquisition_Quotes_FL_FL_LCV_with_maintenance_Test" name="aquisition_quotes_FL_FL_quote_summary_values_verification_with_maintenance_test" time="0.0">
    <skipped/>
  </testcase> <!-- aquisition_quotes_FL_FL_quote_summary_values_verification_with_maintenance_test -->
  <testcase classname="newLCV.CP.Acquisition_Quotes_CP_PCP_LCV_with_funder_quote_addition_without_maintenance_Test" name="aquisition_quotes_CP_PCP_OTR_calculation_without_maintenance_test" time="112.801"/>
  <testcase classname="newLCV.CP.Acquisition_Quotes_CP_PCP_LCV_with_funder_quote_addition_without_maintenance_Test" name="aquisition_quotes_CP_PCP_after_discount_calculations_without_maintenance_test" time="4.629"/>
  <testcase classname="newLCV.CP.Acquisition_Quotes_CP_PCP_LCV_with_funder_quote_addition_without_maintenance_Test" name="aquisition_quotes_CP_PCP_holding_cost_calculations_without_maintenance_test" time="24.442"/>
  <testcase classname="newLCV.CP.Acquisition_Quotes_CP_PCP_LCV_with_funder_quote_addition_without_maintenance_Test" name="aquisition_quotes_CP_PCP_customer_quote_calculations_check_monthly_finance_payment_without_maintenance_test" time="31.37"/>
  <testcase classname="newLCV.CP.Acquisition_Quotes_CP_PCP_LCV_with_funder_quote_addition_without_maintenance_Test" name="aquisition_quotes_CP_PCP_quote_summary_values_verification_without_maintenance_test" time="225.617"/>
  <testcase classname="newLCV.HPNR.Acquisition_Quotes_HPNR_HPNR_LCV_with_maintenance_Test" name="aquisition_quotes_HPNR_HPNR_OTR_calculation_with_maintenance_test" time="111.441"/>
  <testcase classname="newLCV.HPNR.Acquisition_Quotes_HPNR_HPNR_LCV_with_maintenance_Test" name="aquisition_quotes_HPNR_HPNR_after_discount_calculations_with_maintenance_test" time="4.599"/>
  <testcase classname="newLCV.HPNR.Acquisition_Quotes_HPNR_HPNR_LCV_with_maintenance_Test" name="aquisition_quotes_HPNR_HPNR_holding_cost_calculations_with_maintenance_test" time="19.829"/>
  <testcase classname="newLCV.HPNR.Acquisition_Quotes_HPNR_HPNR_LCV_with_maintenance_Test" name="aquisition_quotes_HPNR_HPNR_customer_quote_calculations_check_monthly_finance_payment_with_maintenance_test" time="125.62"/>
  <testcase classname="newLCV.HPNR.Acquisition_Quotes_HPNR_HPNR_LCV_with_maintenance_Test" name="aquisition_quotes_HPNR_HPNR_customer_quote_vehicle_profit_edit_check_with_maintenance_test" time="40.525"/>
  <testcase classname="newLCV.HPNR.Acquisition_Quotes_HPNR_HPNR_LCV_with_maintenance_Test" name="aquisition_quotes_HPNR_HPNR_customer_quote_part_exchange_value_edit_check_with_maintenance_test" time="66.607"/>
  <testcase classname="newLCV.HPNR.Acquisition_Quotes_HPNR_HPNR_LCV_with_maintenance_Test" name="aquisition_quotes_HPNR_HPNR_customer_quote_monthly_finance_payment_after_balloon_payment_off_with_maintenance_test" time="22.723"/>
  <testcase classname="newLCV.HPNR.Acquisition_Quotes_HPNR_HPNR_LCV_with_maintenance_Test" name="aquisition_quotes_HPNR_HPNR_quote_summary_values_verification_with_maintenance_test" time="116.23">
    <failure type="org.openqa.selenium.ElementClickInterceptedException" message="element click intercepted: Element &amp;lt;p style=&amp;quot; border: 1px solid white;&amp;quot;&amp;gt;...&amp;lt;/p&amp;gt; is not clickable at point (784, 98). Other element would receive the click: &amp;lt;div _ngcontent-bdp-c0=&amp;quot;&amp;quot; class=&amp;quot;loader_div&amp;quot;&amp;gt;...&amp;lt;/div&amp;gt;
  (Session info: chrome=122.0.6261.95)
Build info: version: &amp;apos;4.1.0&amp;apos;, revision: &amp;apos;87802e897b&amp;apos;
System info: host: &amp;apos;DSK-4052&amp;apos;, ip: &amp;apos;172.16.1.80&amp;apos;, os.name: &amp;apos;Windows 10&amp;apos;, os.arch: &amp;apos;amd64&amp;apos;, os.version: &amp;apos;10.0&amp;apos;, java.version: &amp;apos;19.0.1&amp;apos;
Driver info: org.openqa.selenium.chrome.ChromeDriver
Command: [088c0c80c812b65bc15dc5fcef77d2ee, clickElement {id=900FB51DF20DAF36D8B743859D2C1319_element_3459}]
Capabilities {acceptInsecureCerts: false, browserName: chrome, browserVersion: 122.0.6261.95, chrome: {chromedriverVersion: 121.0.6167.85 (3f98d690ad7e..., userDataDir: C:\Users\NITEIN~1.KUR\AppDa...}, fedcm:accounts: true, goog:chromeOptions: {debuggerAddress: localhost:53899}, javascriptEnabled: true, networkConnectionEnabled: false, pageLoadStrategy: normal, platform: WINDOWS, platformName: WINDOWS, proxy: Proxy(), se:cdp: ws://localhost:53899/devtoo..., se:cdpVersion: 122.0.6261.95, setWindowRect: true, strictFileInteractability: false, timeouts: {implicit: 0, pageLoad: 300000, script: 30000}, unhandledPromptBehavior: dismiss and notify, webauthn:extension:credBlob: true, webauthn:extension:largeBlob: true, webauthn:extension:minPinLength: true, webauthn:extension:prf: true, webauthn:virtualAuthenticators: true}
Element: [[ChromeDriver: chrome on WINDOWS (088c0c80c812b65bc15dc5fcef77d2ee)] -&amp;gt; xpath: //p[normalize-space()=&amp;apos;Quote summary&amp;apos;]]
Session ID: 088c0c80c812b65bc15dc5fcef77d2ee">
      <![CDATA[org.openqa.selenium.ElementClickInterceptedException: element click intercepted: Element <p style=" border: 1px solid white;">...</p> is not clickable at point (784, 98). Other element would receive the click: <div _ngcontent-bdp-c0="" class="loader_div">...</div>
  (Session info: chrome=122.0.6261.95)
Build info: version: '4.1.0', revision: '87802e897b'
System info: host: 'DSK-4052', ip: '172.16.1.80', os.name: 'Windows 10', os.arch: 'amd64', os.version: '10.0', java.version: '19.0.1'
Driver info: org.openqa.selenium.chrome.ChromeDriver
Command: [088c0c80c812b65bc15dc5fcef77d2ee, clickElement {id=900FB51DF20DAF36D8B743859D2C1319_element_3459}]
Capabilities {acceptInsecureCerts: false, browserName: chrome, browserVersion: 122.0.6261.95, chrome: {chromedriverVersion: 121.0.6167.85 (3f98d690ad7e..., userDataDir: C:\Users\NITEIN~1.KUR\AppDa...}, fedcm:accounts: true, goog:chromeOptions: {debuggerAddress: localhost:53899}, javascriptEnabled: true, networkConnectionEnabled: false, pageLoadStrategy: normal, platform: WINDOWS, platformName: WINDOWS, proxy: Proxy(), se:cdp: ws://localhost:53899/devtoo..., se:cdpVersion: 122.0.6261.95, setWindowRect: true, strictFileInteractability: false, timeouts: {implicit: 0, pageLoad: 300000, script: 30000}, unhandledPromptBehavior: dismiss and notify, webauthn:extension:credBlob: true, webauthn:extension:largeBlob: true, webauthn:extension:minPinLength: true, webauthn:extension:prf: true, webauthn:virtualAuthenticators: true}
Element: [[ChromeDriver: chrome on WINDOWS (088c0c80c812b65bc15dc5fcef77d2ee)] -> xpath: //p[normalize-space()='Quote summary']]
Session ID: 088c0c80c812b65bc15dc5fcef77d2ee
at org.openqa.selenium.remote.codec.w3c.W3CHttpResponseCodec.createException(W3CHttpResponseCodec.java:200)
at org.openqa.selenium.remote.codec.w3c.W3CHttpResponseCodec.decode(W3CHttpResponseCodec.java:133)
at org.openqa.selenium.remote.codec.w3c.W3CHttpResponseCodec.decode(W3CHttpResponseCodec.java:53)
at org.openqa.selenium.remote.HttpCommandExecutor.execute(HttpCommandExecutor.java:184)
at org.openqa.selenium.remote.service.DriverCommandExecutor.invokeExecute(DriverCommandExecutor.java:164)
at org.openqa.selenium.remote.service.DriverCommandExecutor.execute(DriverCommandExecutor.java:139)
at org.openqa.selenium.remote.RemoteWebDriver.execute(RemoteWebDriver.java:559)
at org.openqa.selenium.remote.RemoteWebElement.execute(RemoteWebElement.java:251)
at org.openqa.selenium.remote.RemoteWebElement.click(RemoteWebElement.java:77)
at org.openqa.selenium.support.pagefactory.internal.LocatingElementHandler.invoke(LocatingElementHandler.java:52)
at jdk.proxy2/jdk.proxy2.$Proxy23.click(Unknown Source)
at com.amt.testUtil.Click.on(Click.java:22)
at com.amt.QuoteSummaryPages.QuoteSummary_HPNR_HPRPage.quote_summary_OTR_calculation(QuoteSummary_HPNR_HPRPage.java:439)
at newLCV.HPNR.Acquisition_Quotes_HPNR_HPNR_LCV_with_maintenance_Test.aquisition_quotes_HPNR_HPNR_quote_summary_values_verification_with_maintenance_test(Acquisition_Quotes_HPNR_HPNR_LCV_with_maintenance_Test.java:244)
at java.base/java.util.ArrayList.forEach(ArrayList.java:1511)
... Removed 30 stack frames]]>
    </failure>
  </testcase> <!-- aquisition_quotes_HPNR_HPNR_quote_summary_values_verification_with_maintenance_test -->
  <testcase classname="newLCV.HPNR.Acquisition_Quotes_HPNR_CP_LCV_with_funder_quote_addition_with_maintenance_Test" name="aquisition_quotes_HPNR_CP_OTR_calculation_with_maintenance_test" time="114.116"/>
  <testcase classname="newLCV.HPNR.Acquisition_Quotes_HPNR_CP_LCV_with_funder_quote_addition_with_maintenance_Test" name="aquisition_quotes_HPNR_CP_after_discount_calculations_with_maintenance_test" time="4.657"/>
  <testcase classname="newLCV.HPNR.Acquisition_Quotes_HPNR_CP_LCV_with_funder_quote_addition_with_maintenance_Test" name="aquisition_quotes_HPNR_CP_holding_cost_calculations_with_maintenance_test" time="30.662"/>
  <testcase classname="newLCV.HPNR.Acquisition_Quotes_HPNR_CP_LCV_with_funder_quote_addition_with_maintenance_Test" name="aquisition_quotes_HPNR_CP_customer_quote_calculations_check_monthly_finance_payment_with_maintenance_test" time="54.822"/>
  <testcase classname="newLCV.HPNR.Acquisition_Quotes_HPNR_CP_LCV_with_funder_quote_addition_with_maintenance_Test" name="aquisition_quotes_HPNR_CP_quote_summary_values_verification_with_maintenance_test" time="292.343"/>
  <testcase classname="newLCV.HPNR.Acquisition_Quotes_HPNR_PCP_LCV_with_funder_quote_addition_without_maintenance_Test" name="aquisition_quotes_HPNR_PCP_OTR_calculation_without_maintenance_test" time="112.651"/>
  <testcase classname="newLCV.HPNR.Acquisition_Quotes_HPNR_PCP_LCV_with_funder_quote_addition_without_maintenance_Test" name="aquisition_quotes_HPNR_PCP_after_discount_calculations_without_maintenance_test" time="4.477"/>
  <testcase classname="newLCV.HPNR.Acquisition_Quotes_HPNR_PCP_LCV_with_funder_quote_addition_without_maintenance_Test" name="aquisition_quotes_HPNR_PCP_holding_cost_calculations_without_maintenance_test" time="25.524"/>
  <testcase classname="newLCV.HPNR.Acquisition_Quotes_HPNR_PCP_LCV_with_funder_quote_addition_without_maintenance_Test" name="aquisition_quotes_HPNR_PCP_customer_quote_calculations_check_monthly_finance_payment_without_maintenance_test" time="44.623"/>
  <testcase classname="newLCV.HPNR.Acquisition_Quotes_HPNR_PCP_LCV_with_funder_quote_addition_without_maintenance_Test" name="aquisition_quotes_HPNR_PCP_quote_summary_values_verification_without_maintenance_test" time="228.35"/>
  <testcase classname="newLCV.HPNR.Acquisition_Quotes_HPNR_HPR_LCV_with_funder_quote_addition_without_maintenance_Test" name="aquisition_quotes_HPNR_HPR_OTR_calculation_without_maintenance_test" time="112.062"/>
  <testcase classname="newLCV.HPNR.Acquisition_Quotes_HPNR_HPR_LCV_with_funder_quote_addition_without_maintenance_Test" name="aquisition_quotes_HPNR_HPR_after_discount_calculations_without_maintenance_test" time="4.243"/>
  <testcase classname="newLCV.HPNR.Acquisition_Quotes_HPNR_HPR_LCV_with_funder_quote_addition_without_maintenance_Test" name="aquisition_quotes_HPNR_HPR_holding_cost_calculations_without_maintenance_test" time="21.355"/>
  <testcase classname="newLCV.HPNR.Acquisition_Quotes_HPNR_HPR_LCV_with_funder_quote_addition_without_maintenance_Test" name="aquisition_quotes_HPNR_HPR_customer_quote_calculations_check_monthly_finance_payment_without_maintenance_test" time="44.871"/>
  <testcase classname="newLCV.HPNR.Acquisition_Quotes_HPNR_HPR_LCV_with_funder_quote_addition_without_maintenance_Test" name="aquisition_quotes_HPNR_HPR_customer_quote_monthly_finance_payment_after_balloon_payment_off_without_maintenance_test" time="19.805"/>
  <testcase classname="newLCV.HPNR.Acquisition_Quotes_HPNR_HPR_LCV_with_funder_quote_addition_without_maintenance_Test" name="aquisition_quotes_HPNR_HPR_quote_summary_values_verification_without_maintenance_test" time="219.999"/>
  <testcase classname="newLCV.OP.Acquisition_Quotes_Outright_CP_LCV_with_maintenance_Test" name="aquisition_quotes_outright_CP_OTR_calculation_with_maintenance_test" time="112.906"/>
  <testcase classname="newLCV.OP.Acquisition_Quotes_Outright_CP_LCV_with_maintenance_Test" name="aquisition_quotes_outright_CP_after_discount_calculations_with_maintenance_test" time="4.35"/>
  <testcase classname="newLCV.OP.Acquisition_Quotes_Outright_CP_LCV_with_maintenance_Test" name="aquisition_quotes_outright_CP_holding_cost_calculations_with_maintenance_test" time="56.085"/>
  <testcase classname="newLCV.OP.Acquisition_Quotes_Outright_CP_LCV_with_maintenance_Test" name="aquisition_quotes_outright_CP_customer_quote_calculations_check_monthly_finance_payment_with_maintenance_test" time="131.088"/>
  <testcase classname="newLCV.OP.Acquisition_Quotes_Outright_CP_LCV_with_maintenance_Test" name="aquisition_quotes_outright_CP_customer_quote_vehicle_profit_edit_check_with_maintenance_test" time="45.362"/>
  <testcase classname="newLCV.OP.Acquisition_Quotes_Outright_CP_LCV_with_maintenance_Test" name="aquisition_quotes_outright_CP_customer_quote_part_exchange_value_edit_check_with_maintenance_test" time="67.462"/>
  <testcase classname="newLCV.OP.Acquisition_Quotes_Outright_CP_LCV_with_maintenance_Test" name="aquisition_quotes_outright_CP_quote_summary_values_verification_with_maintenance_test" time="150.088"/>
  <testcase classname="newLCV.FL.Acquisition_Quotes_FL_FL_LCV_without_maintenance_Test" name="aquisition_quotes_FL_FL_OTR_calculation_without_maintenance_test" time="112.021"/>
  <testcase classname="newLCV.FL.Acquisition_Quotes_FL_FL_LCV_without_maintenance_Test" name="aquisition_quotes_FL_FL_after_discount_calculations_without_maintenance_test" time="4.502"/>
  <testcase classname="newLCV.FL.Acquisition_Quotes_FL_FL_LCV_without_maintenance_Test" name="aquisition_quotes_FL_FL_holding_cost_calculations_without_maintenance_test" time="65.754"/>
  <testcase classname="newLCV.FL.Acquisition_Quotes_FL_FL_LCV_without_maintenance_Test" name="aquisition_quotes_FL_FL_customer_quote_payment_profile_calculations_without_maintenance_test" time="91.145"/>
  <testcase classname="newLCV.FL.Acquisition_Quotes_FL_FL_LCV_without_maintenance_Test" name="aquisition_quotes_FL_FL_quote_summary_values_verification_without_maintenance_test" time="109.336">
    <failure type="java.lang.AssertionError" message="expected [true] but found [false]">
      <![CDATA[java.lang.AssertionError: expected [true] but found [false]
at newLCV.FL.Acquisition_Quotes_FL_FL_LCV_without_maintenance_Test.aquisition_quotes_FL_FL_quote_summary_values_verification_without_maintenance_test(Acquisition_Quotes_FL_FL_LCV_without_maintenance_Test.java:232)
at java.base/java.util.ArrayList.forEach(ArrayList.java:1511)
... Removed 29 stack frames]]>
    </failure>
  </testcase> <!-- aquisition_quotes_FL_FL_quote_summary_values_verification_without_maintenance_test -->
  <testcase classname="newLCV.FL.Acquisition_Quotes_FL_PCH_LCV_with_funder_quote_addition_without_maintenance_Test" name="aquisition_quotes_FL_PCH_OTR_calculation_without_maintenance_test" time="110.019"/>
  <testcase classname="newLCV.FL.Acquisition_Quotes_FL_PCH_LCV_with_funder_quote_addition_without_maintenance_Test" name="aquisition_quotes_FL_PCH_after_discount_calculations_without_maintenance_test" time="4.789"/>
  <testcase classname="newLCV.FL.Acquisition_Quotes_FL_PCH_LCV_with_funder_quote_addition_without_maintenance_Test" name="aquisition_quotes_FL_PCH_holding_cost_calculations_without_maintenance_test" time="33.454"/>
  <testcase classname="newLCV.FL.Acquisition_Quotes_FL_PCH_LCV_with_funder_quote_addition_without_maintenance_Test" name="aquisition_quotes_FL_PCH_customer_quote_payment_profile_calculations_without_maintenance_test" time="92.644"/>
  <testcase classname="newLCV.FL.Acquisition_Quotes_FL_PCH_LCV_with_funder_quote_addition_without_maintenance_Test" name="aquisition_quotes_FL_PCH_quote_summary_values_verification_without_maintenance_test" time="174.925"/>
  <testcase classname="newLCV.HPNR.Acquisition_Quotes_HPNR_PCH_LCV_without_maintenance_Test" name="aquisition_quotes_HPNR_PCH_OTR_calculation_without_maintenance_test" time="112.857"/>
  <testcase classname="newLCV.HPNR.Acquisition_Quotes_HPNR_PCH_LCV_without_maintenance_Test" name="aquisition_quotes_HPNR_PCH_after_discount_calculations_without_maintenance_test" time="4.613"/>
  <testcase classname="newLCV.HPNR.Acquisition_Quotes_HPNR_PCH_LCV_without_maintenance_Test" name="aquisition_quotes_HPNR_PCH_other_support_check_without_maintenance_test" time="21.898"/>
  <testcase classname="newLCV.HPNR.Acquisition_Quotes_HPNR_PCH_LCV_without_maintenance_Test" name="aquisition_quotes_HPNR_PCH_holding_cost_calculations_without_maintenance_test" time="56.391"/>
  <testcase classname="newLCV.HPNR.Acquisition_Quotes_HPNR_PCH_LCV_without_maintenance_Test" name="aquisition_quotes_HPNR_PCH_customer_quote_payment_profile_calculations_without_maintenance_test" time="90.47"/>
  <testcase classname="newLCV.HPNR.Acquisition_Quotes_HPNR_PCH_LCV_without_maintenance_Test" name="aquisition_quotes_HPNR_PCH_quote_summary_values_verification_without_maintenance_test" time="178.988">
    <failure type="java.lang.AssertionError" message="expected [true] but found [false]">
      <![CDATA[java.lang.AssertionError: expected [true] but found [false]
at newLCV.HPNR.Acquisition_Quotes_HPNR_PCH_LCV_without_maintenance_Test.aquisition_quotes_HPNR_PCH_quote_summary_values_verification_without_maintenance_test(Acquisition_Quotes_HPNR_PCH_LCV_without_maintenance_Test.java:314)
at java.base/java.util.ArrayList.forEach(ArrayList.java:1511)
... Removed 29 stack frames]]>
    </failure>
  </testcase> <!-- aquisition_quotes_HPNR_PCH_quote_summary_values_verification_without_maintenance_test -->
  <testcase classname="newLCV.BROKER.Acquisition_Quotes_Broker_PCP_LCV_with_maintenance_Test" name="aquisition_quotes_user_flow_broker_PCP_OTR_calculation_with_maintenance_test" time="126.674"/>
  <testcase classname="newLCV.BROKER.Acquisition_Quotes_Broker_PCP_LCV_with_maintenance_Test" name="aquisition_quotes_user_flow_broker_PCP_after_discount_calculations_with_maintenance_test" time="4.406"/>
  <testcase classname="newLCV.BROKER.Acquisition_Quotes_Broker_PCP_LCV_with_maintenance_Test" name="aquisition_quotes_user_flow_broker_PCP_vehicle_profit_check_with_maintenance_test" time="11.583"/>
  <testcase classname="newLCV.BROKER.Acquisition_Quotes_Broker_PCP_LCV_with_maintenance_Test" name="aquisition_quotes_user_flow_broker_PCP_balance_to_finance_check_with_maintenance_test" time="42.871"/>
  <testcase classname="newLCV.BROKER.Acquisition_Quotes_Broker_PCP_LCV_with_maintenance_Test" name="aquisition_quotes_user_flow_broker_PCP_quote_summary_values_verification_with_maintenance_test" time="27.772"/>
  <testcase classname="newLCV.HPNR.Acquisition_Quotes_HPNR_CP_LCV_with_funder_quote_addition_without_maintenance_Test" name="aquisition_quotes_HPNR_CP_OTR_calculation_without_maintenance_test" time="114.48"/>
  <testcase classname="newLCV.HPNR.Acquisition_Quotes_HPNR_CP_LCV_with_funder_quote_addition_without_maintenance_Test" name="aquisition_quotes_HPNR_CP_after_discount_calculations_without_maintenance_test" time="4.765"/>
  <testcase classname="newLCV.HPNR.Acquisition_Quotes_HPNR_CP_LCV_with_funder_quote_addition_without_maintenance_Test" name="aquisition_quotes_HPNR_CP_holding_cost_calculations_without_maintenance_test" time="24.835"/>
  <testcase classname="newLCV.HPNR.Acquisition_Quotes_HPNR_CP_LCV_with_funder_quote_addition_without_maintenance_Test" name="aquisition_quotes_HPNR_CP_customer_quote_calculations_check_monthly_finance_payment_without_maintenance_test" time="42.058"/>
  <testcase classname="newLCV.HPNR.Acquisition_Quotes_HPNR_CP_LCV_with_funder_quote_addition_without_maintenance_Test" name="aquisition_quotes_HPNR_CP_quote_summary_values_verification_without_maintenance_test" time="244.53"/>
  <testcase classname="newLCV.CP.Acquisition_Quotes_CP_BCH_LCV_without_maintenance_Test" name="aquisition_quotes_CP_BCH_OTR_calculation_without_maintenance_test" time="111.571"/>
  <testcase classname="newLCV.CP.Acquisition_Quotes_CP_BCH_LCV_without_maintenance_Test" name="aquisition_quotes_CP_BCH_after_discount_calculations_without_maintenance_test" time="4.6"/>
  <testcase classname="newLCV.CP.Acquisition_Quotes_CP_BCH_LCV_without_maintenance_Test" name="aquisition_quotes_CP_BCH_holding_cost_calculations_without_maintenance_test" time="55.671"/>
  <testcase classname="newLCV.CP.Acquisition_Quotes_CP_BCH_LCV_without_maintenance_Test" name="aquisition_quotes_CP_BCH_customer_quote_payment_profile_calculations_without_maintenance_test" time="85.228"/>
  <testcase classname="newLCV.CP.Acquisition_Quotes_CP_BCH_LCV_without_maintenance_Test" name="aquisition_quotes_CP_BCH_quote_summary_values_verification_without_maintenance_test" time="198.787"/>
  <testcase classname="newLCV.HPNR.Acquisition_Quotes_HPNR_FL_LCV_without_maintenance_Test" name="aquisition_quotes_HPNR_FL_OTR_calculation_without_maintenance_test" time="113.286"/>
  <testcase classname="newLCV.HPNR.Acquisition_Quotes_HPNR_FL_LCV_without_maintenance_Test" name="aquisition_quotes_HPNR_FL_after_discount_calculations_without_maintenance_test" time="4.581"/>
  <testcase classname="newLCV.HPNR.Acquisition_Quotes_HPNR_FL_LCV_without_maintenance_Test" name="aquisition_quotes_HPNR_FL_other_support_check_without_maintenance_test" time="22.015"/>
  <testcase classname="newLCV.HPNR.Acquisition_Quotes_HPNR_FL_LCV_without_maintenance_Test" name="aquisition_quotes_HPNR_FL_holding_cost_calculations_without_maintenance_test" time="59.088"/>
  <testcase classname="newLCV.HPNR.Acquisition_Quotes_HPNR_FL_LCV_without_maintenance_Test" name="aquisition_quotes_HPNR_FL_customer_quote_payment_profile_calculations_without_maintenance_test" time="89.841"/>
  <testcase classname="newLCV.HPNR.Acquisition_Quotes_HPNR_FL_LCV_without_maintenance_Test" name="aquisition_quotes_HPNR_FL_quote_summary_values_verification_without_maintenance_test" time="166.278">
    <failure type="java.lang.AssertionError" message="expected [true] but found [false]">
      <![CDATA[java.lang.AssertionError: expected [true] but found [false]
at newLCV.HPNR.Acquisition_Quotes_HPNR_FL_LCV_without_maintenance_Test.aquisition_quotes_HPNR_FL_quote_summary_values_verification_without_maintenance_test(Acquisition_Quotes_HPNR_FL_LCV_without_maintenance_Test.java:264)
at java.base/java.util.ArrayList.forEach(ArrayList.java:1511)
... Removed 29 stack frames]]>
    </failure>
  </testcase> <!-- aquisition_quotes_HPNR_FL_quote_summary_values_verification_without_maintenance_test -->
  <testcase classname="newLCV.HPNR.Acquisition_Quotes_HPNR_CP_LCV_without_maintenance_Test" name="aquisition_quotes_HPNR_CP_OTR_calculation_without_maintenance_test" time="111.935"/>
  <testcase classname="newLCV.HPNR.Acquisition_Quotes_HPNR_CP_LCV_without_maintenance_Test" name="aquisition_quotes_HPNR_CP_after_discount_calculations_without_maintenance_test" time="4.387"/>
  <testcase classname="newLCV.HPNR.Acquisition_Quotes_HPNR_CP_LCV_without_maintenance_Test" name="aquisition_quotes_HPNR_CP_holding_cost_calculations_without_maintenance_test" time="44.432"/>
  <testcase classname="newLCV.HPNR.Acquisition_Quotes_HPNR_CP_LCV_without_maintenance_Test" name="aquisition_quotes_HPNR_CP_customer_quote_calculations_check_monthly_finance_payment_without_maintenance_test" time="97.107"/>
  <testcase classname="newLCV.HPNR.Acquisition_Quotes_HPNR_CP_LCV_without_maintenance_Test" name="aquisition_quotes_HPNR_CP_customer_quote_vehicle_profit_edit_check_without_maintenance_test" time="46.818"/>
  <testcase classname="newLCV.HPNR.Acquisition_Quotes_HPNR_CP_LCV_without_maintenance_Test" name="aquisition_quotes_HPNR_CP_customer_quote_part_exchange_value_edit_check_without_maintenance_test" time="90.39"/>
  <testcase classname="newLCV.HPNR.Acquisition_Quotes_HPNR_CP_LCV_without_maintenance_Test" name="aquisition_quotes_HPNR_CP_quote_summary_values_verification_without_maintenance_test" time="212.058"/>
  <testcase classname="newLCV.FL.Acquisition_Quotes_FL_BCH_LCV_with_funder_quote_addition_with_maintenance_Test" name="aquisition_quotes_FL_BCH_OTR_calculation_with_maintenance_test" time="111.335"/>
  <testcase classname="newLCV.FL.Acquisition_Quotes_FL_BCH_LCV_with_funder_quote_addition_with_maintenance_Test" name="aquisition_quotes_FL_BCH_after_discount_calculations_with_maintenance_test" time="4.284"/>
  <testcase classname="newLCV.FL.Acquisition_Quotes_FL_BCH_LCV_with_funder_quote_addition_with_maintenance_Test" name="aquisition_quotes_FL_BCH_holding_cost_calculations_with_maintenance_test" time="41.344"/>
  <testcase classname="newLCV.FL.Acquisition_Quotes_FL_BCH_LCV_with_funder_quote_addition_with_maintenance_Test" name="aquisition_quotes_FL_BCH_customer_quote_payment_profile_calculations_with_maintenance_test" time="134.733"/>
  <testcase classname="newLCV.FL.Acquisition_Quotes_FL_BCH_LCV_with_funder_quote_addition_with_maintenance_Test" name="aquisition_quotes_FL_BCH_quote_summary_values_verification_with_maintenance_test" time="277.714"/>
  <testcase classname="newLCV.CP.Acquisition_Quotes_CP_BCH_LCV_with_funder_quote_addition_with_maintenance_Test" name="aquisition_quotes_CP_BCH_OTR_calculation_with_maintenance_test" time="112.613"/>
  <testcase classname="newLCV.CP.Acquisition_Quotes_CP_BCH_LCV_with_funder_quote_addition_with_maintenance_Test" name="aquisition_quotes_CP_BCH_after_discount_calculations_with_maintenance_test" time="4.394"/>
  <testcase classname="newLCV.CP.Acquisition_Quotes_CP_BCH_LCV_with_funder_quote_addition_with_maintenance_Test" name="aquisition_quotes_CP_BCH_holding_cost_calculations_with_maintenance_test" time="39.555"/>
  <testcase classname="newLCV.CP.Acquisition_Quotes_CP_BCH_LCV_with_funder_quote_addition_with_maintenance_Test" name="aquisition_quotes_CP_BCH_customer_quote_payment_profile_calculations_with_maintenance_test" time="99.683"/>
  <testcase classname="newLCV.CP.Acquisition_Quotes_CP_BCH_LCV_with_funder_quote_addition_with_maintenance_Test" name="aquisition_quotes_CP_BCH_quote_summary_values_verification_with_maintenance_test" time="212.786"/>
  <testcase classname="newLCV.CP.Acquisition_Quotes_CP_CP_LCV_without_maintenance_Test" name="aquisition_quotes_CP_CP_OTR_calculation_without_maintenance_test" time="115.03"/>
  <testcase classname="newLCV.CP.Acquisition_Quotes_CP_CP_LCV_without_maintenance_Test" name="aquisition_quotes_CP_CP_after_discount_calculations_without_maintenance_test" time="4.544"/>
  <testcase classname="newLCV.CP.Acquisition_Quotes_CP_CP_LCV_without_maintenance_Test" name="aquisition_quotes_CP_CP_holding_cost_calculations_without_maintenance_test" time="40.285"/>
  <testcase classname="newLCV.CP.Acquisition_Quotes_CP_CP_LCV_without_maintenance_Test" name="aquisition_quotes_CP_CP_customer_quote_calculations_check_monthly_finance_payment_without_maintenance_test" time="94.736"/>
  <testcase classname="newLCV.CP.Acquisition_Quotes_CP_CP_LCV_without_maintenance_Test" name="aquisition_quotes_CP_CP_customer_quote_vehicle_profit_edit_check_without_maintenance_test" time="47.771"/>
  <testcase classname="newLCV.CP.Acquisition_Quotes_CP_CP_LCV_without_maintenance_Test" name="aquisition_quotes_CP_CP_customer_quote_part_exchange_value_edit_check_without_maintenance_test" time="89.156"/>
  <testcase classname="newLCV.CP.Acquisition_Quotes_CP_CP_LCV_without_maintenance_Test" name="aquisition_quotes_CP_CP_quote_summary_values_verification_without_maintenance_test" time="114.204">
    <failure type="org.openqa.selenium.ElementClickInterceptedException" message="element click intercepted: Element &amp;lt;p style=&amp;quot; border: 1px solid white;&amp;quot;&amp;gt;...&amp;lt;/p&amp;gt; is not clickable at point (783, 98). Other element would receive the click: &amp;lt;div _ngcontent-nxk-c0=&amp;quot;&amp;quot; class=&amp;quot;loader_div&amp;quot;&amp;gt;...&amp;lt;/div&amp;gt;
  (Session info: chrome=122.0.6261.95)
Build info: version: &amp;apos;4.1.0&amp;apos;, revision: &amp;apos;87802e897b&amp;apos;
System info: host: &amp;apos;DSK-4052&amp;apos;, ip: &amp;apos;172.16.1.80&amp;apos;, os.name: &amp;apos;Windows 10&amp;apos;, os.arch: &amp;apos;amd64&amp;apos;, os.version: &amp;apos;10.0&amp;apos;, java.version: &amp;apos;19.0.1&amp;apos;
Driver info: org.openqa.selenium.chrome.ChromeDriver
Command: [3b59958c38680b1dec446e1ca79aba6f, clickElement {id=EC67B4CDA8EBE5CFED56C665E87BFDA4_element_3183}]
Capabilities {acceptInsecureCerts: false, browserName: chrome, browserVersion: 122.0.6261.95, chrome: {chromedriverVersion: 121.0.6167.85 (3f98d690ad7e..., userDataDir: C:\Users\NITEIN~1.KUR\AppDa...}, fedcm:accounts: true, goog:chromeOptions: {debuggerAddress: localhost:56529}, javascriptEnabled: true, networkConnectionEnabled: false, pageLoadStrategy: normal, platform: WINDOWS, platformName: WINDOWS, proxy: Proxy(), se:cdp: ws://localhost:56529/devtoo..., se:cdpVersion: 122.0.6261.95, setWindowRect: true, strictFileInteractability: false, timeouts: {implicit: 0, pageLoad: 300000, script: 30000}, unhandledPromptBehavior: dismiss and notify, webauthn:extension:credBlob: true, webauthn:extension:largeBlob: true, webauthn:extension:minPinLength: true, webauthn:extension:prf: true, webauthn:virtualAuthenticators: true}
Element: [[ChromeDriver: chrome on WINDOWS (3b59958c38680b1dec446e1ca79aba6f)] -&amp;gt; xpath: //p[normalize-space()=&amp;apos;Quote summary&amp;apos;]]
Session ID: 3b59958c38680b1dec446e1ca79aba6f">
      <![CDATA[org.openqa.selenium.ElementClickInterceptedException: element click intercepted: Element <p style=" border: 1px solid white;">...</p> is not clickable at point (783, 98). Other element would receive the click: <div _ngcontent-nxk-c0="" class="loader_div">...</div>
  (Session info: chrome=122.0.6261.95)
Build info: version: '4.1.0', revision: '87802e897b'
System info: host: 'DSK-4052', ip: '172.16.1.80', os.name: 'Windows 10', os.arch: 'amd64', os.version: '10.0', java.version: '19.0.1'
Driver info: org.openqa.selenium.chrome.ChromeDriver
Command: [3b59958c38680b1dec446e1ca79aba6f, clickElement {id=EC67B4CDA8EBE5CFED56C665E87BFDA4_element_3183}]
Capabilities {acceptInsecureCerts: false, browserName: chrome, browserVersion: 122.0.6261.95, chrome: {chromedriverVersion: 121.0.6167.85 (3f98d690ad7e..., userDataDir: C:\Users\NITEIN~1.KUR\AppDa...}, fedcm:accounts: true, goog:chromeOptions: {debuggerAddress: localhost:56529}, javascriptEnabled: true, networkConnectionEnabled: false, pageLoadStrategy: normal, platform: WINDOWS, platformName: WINDOWS, proxy: Proxy(), se:cdp: ws://localhost:56529/devtoo..., se:cdpVersion: 122.0.6261.95, setWindowRect: true, strictFileInteractability: false, timeouts: {implicit: 0, pageLoad: 300000, script: 30000}, unhandledPromptBehavior: dismiss and notify, webauthn:extension:credBlob: true, webauthn:extension:largeBlob: true, webauthn:extension:minPinLength: true, webauthn:extension:prf: true, webauthn:virtualAuthenticators: true}
Element: [[ChromeDriver: chrome on WINDOWS (3b59958c38680b1dec446e1ca79aba6f)] -> xpath: //p[normalize-space()='Quote summary']]
Session ID: 3b59958c38680b1dec446e1ca79aba6f
at org.openqa.selenium.remote.codec.w3c.W3CHttpResponseCodec.createException(W3CHttpResponseCodec.java:200)
at org.openqa.selenium.remote.codec.w3c.W3CHttpResponseCodec.decode(W3CHttpResponseCodec.java:133)
at org.openqa.selenium.remote.codec.w3c.W3CHttpResponseCodec.decode(W3CHttpResponseCodec.java:53)
at org.openqa.selenium.remote.HttpCommandExecutor.execute(HttpCommandExecutor.java:184)
at org.openqa.selenium.remote.service.DriverCommandExecutor.invokeExecute(DriverCommandExecutor.java:164)
at org.openqa.selenium.remote.service.DriverCommandExecutor.execute(DriverCommandExecutor.java:139)
at org.openqa.selenium.remote.RemoteWebDriver.execute(RemoteWebDriver.java:559)
at org.openqa.selenium.remote.RemoteWebElement.execute(RemoteWebElement.java:251)
at org.openqa.selenium.remote.RemoteWebElement.click(RemoteWebElement.java:77)
at org.openqa.selenium.support.pagefactory.internal.LocatingElementHandler.invoke(LocatingElementHandler.java:52)
at jdk.proxy2/jdk.proxy2.$Proxy23.click(Unknown Source)
at com.amt.testUtil.Click.on(Click.java:22)
at com.amt.QuoteSummaryPages.QuoteSummary_CP_CP_Page.quote_summary_OTR_calculation(QuoteSummary_CP_CP_Page.java:457)
at newLCV.CP.Acquisition_Quotes_CP_CP_LCV_without_maintenance_Test.aquisition_quotes_CP_CP_quote_summary_values_verification_without_maintenance_test(Acquisition_Quotes_CP_CP_LCV_without_maintenance_Test.java:196)
at java.base/java.util.ArrayList.forEach(ArrayList.java:1511)
... Removed 30 stack frames]]>
    </failure>
  </testcase> <!-- aquisition_quotes_CP_CP_quote_summary_values_verification_without_maintenance_test -->
  <testcase classname="newLCV.FL.Acquisition_Quotes_FL_FL_LCV_with_funder_quote_addition_with_maintenance_Test" name="aquisition_quotes_FL_FL_OTR_calculation_with_maintenance_test" time="112.183"/>
  <testcase classname="newLCV.FL.Acquisition_Quotes_FL_FL_LCV_with_funder_quote_addition_with_maintenance_Test" name="aquisition_quotes_FL_FL_after_discount_calculations_with_maintenance_test" time="4.528"/>
  <testcase classname="newLCV.FL.Acquisition_Quotes_FL_FL_LCV_with_funder_quote_addition_with_maintenance_Test" name="aquisition_quotes_FL_FL_holding_cost_calculations_with_maintenance_test" time="42.418"/>
  <testcase classname="newLCV.FL.Acquisition_Quotes_FL_FL_LCV_with_funder_quote_addition_with_maintenance_Test" name="aquisition_quotes_FL_FL_customer_quote_payment_profile_calculations_with_maintenance_test" time="129.332"/>
  <testcase classname="newLCV.FL.Acquisition_Quotes_FL_FL_LCV_with_funder_quote_addition_with_maintenance_Test" name="aquisition_quotes_FL_FL_quote_summary_values_verification_with_maintenance_test" time="276.106"/>
  <testcase classname="newLCV.FL.Acquisition_Quotes_FL_PCH_LCV_with_funder_quote_addition_with_maintenance_Test" name="aquisition_quotes_FL_PCH_OTR_calculation_with_maintenance_test" time="110.53"/>
  <testcase classname="newLCV.FL.Acquisition_Quotes_FL_PCH_LCV_with_funder_quote_addition_with_maintenance_Test" name="aquisition_quotes_FL_PCH_after_discount_calculations_with_maintenance_test" time="4.344"/>
  <testcase classname="newLCV.FL.Acquisition_Quotes_FL_PCH_LCV_with_funder_quote_addition_with_maintenance_Test" name="aquisition_quotes_FL_PCH_holding_cost_calculations_with_maintenance_test" time="39.261"/>
  <testcase classname="newLCV.FL.Acquisition_Quotes_FL_PCH_LCV_with_funder_quote_addition_with_maintenance_Test" name="aquisition_quotes_FL_PCH_customer_quote_payment_profile_calculations_with_maintenance_test" time="124.161"/>
  <testcase classname="newLCV.FL.Acquisition_Quotes_FL_PCH_LCV_with_funder_quote_addition_with_maintenance_Test" name="aquisition_quotes_FL_PCH_quote_summary_values_verification_with_maintenance_test" time="280.393"/>
  <testcase classname="newLCV.CP.Acquisition_Quotes_CP_PCH_LCV_with_maintenance_Test" name="aquisition_quotes_CP_PCH_OTR_calculation_with_maintenance_test" time="112.29"/>
  <testcase classname="newLCV.CP.Acquisition_Quotes_CP_PCH_LCV_with_maintenance_Test" name="aquisition_quotes_CP_PCH_after_discount_calculations_with_maintenance_test" time="4.348"/>
  <testcase classname="newLCV.CP.Acquisition_Quotes_CP_PCH_LCV_with_maintenance_Test" name="aquisition_quotes_CP_PCH_holding_cost_calculations_with_maintenance_test" time="78.367"/>
  <testcase classname="newLCV.CP.Acquisition_Quotes_CP_PCH_LCV_with_maintenance_Test" name="aquisition_quotes_CP_PCH_customer_quote_payment_profile_calculations_with_maintenance_test" time="121.229">
    <failure type="org.openqa.selenium.TimeoutException" message="Expected condition failed: waiting for visibility of Proxy element for: DefaultElementLocator &amp;apos;By.xpath: //*[normalize-space()=&amp;apos;Monthly maint. payment&amp;apos;]//ancestor::div[1]//div//p//strong|//*[normalize-space()=&amp;apos;Monthly maint. rental&amp;apos;]//ancestor::div[1]//div//p//strong&amp;apos; (tried for 60 second(s) with 500 milliseconds interval)">
      <![CDATA[org.openqa.selenium.TimeoutException: Expected condition failed: waiting for visibility of Proxy element for: DefaultElementLocator 'By.xpath: //*[normalize-space()='Monthly maint. payment']//ancestor::div[1]//div//p//strong|//*[normalize-space()='Monthly maint. rental']//ancestor::div[1]//div//p//strong' (tried for 60 second(s) with 500 milliseconds interval)
at org.openqa.selenium.support.ui.WebDriverWait.timeoutException(WebDriverWait.java:138)
at org.openqa.selenium.support.ui.FluentWait.until(FluentWait.java:231)
at com.amt.testUtil.ExplicitWait.visibleElement(ExplicitWait.java:23)
at com.amt.testUtil.ReadExcelCalculation.verify_customer_quote_calculations_for_one_payment_options_with_maintenance(ReadExcelCalculation.java:3767)
at com.amt.CustomerQuotePackage.CustomerQuotePage_HPNR_PCHPage.customer_Quote_HPNR_PCH_for_one_payment_option_with_maintenance_calculation(CustomerQuotePage_HPNR_PCHPage.java:797)
at newLCV.CP.Acquisition_Quotes_CP_PCH_LCV_with_maintenance_Test.aquisition_quotes_CP_PCH_customer_quote_payment_profile_calculations_with_maintenance_test(Acquisition_Quotes_CP_PCH_LCV_with_maintenance_Test.java:125)
at java.base/java.util.ArrayList.forEach(ArrayList.java:1511)
Caused by: org.openqa.selenium.NoSuchElementException: no such element: Unable to locate element: {"method":"xpath","selector":"//*[normalize-space()='Monthly maint. payment']//ancestor::div[1]//div//p//strong|//*[normalize-space()='Monthly maint. rental']//ancestor::div[1]//div//p//strong"}
  (Session info: chrome=122.0.6261.95)
For documentation on this error, please visit: https://selenium.dev/exceptions/#no_such_element
Build info: version: '4.1.0', revision: '87802e897b'
System info: host: 'DSK-4052', ip: '172.16.1.80', os.name: 'Windows 10', os.arch: 'amd64', os.version: '10.0', java.version: '19.0.1'
Driver info: org.openqa.selenium.chrome.ChromeDriver
Command: [3c711d5911b75a7f2d57253f3d4e4161, findElement {using=xpath, value=//*[normalize-space()='Monthly maint. payment']//ancestor::div[1]//div//p//strong|//*[normalize-space()='Monthly maint. rental']//ancestor::div[1]//div//p//strong}]
Capabilities {acceptInsecureCerts: false, browserName: chrome, browserVersion: 122.0.6261.95, chrome: {chromedriverVersion: 121.0.6167.85 (3f98d690ad7e..., userDataDir: C:\Users\NITEIN~1.KUR\AppDa...}, fedcm:accounts: true, goog:chromeOptions: {debuggerAddress: localhost:57160}, javascriptEnabled: true, networkConnectionEnabled: false, pageLoadStrategy: normal, platform: WINDOWS, platformName: WINDOWS, proxy: Proxy(), se:cdp: ws://localhost:57160/devtoo..., se:cdpVersion: 122.0.6261.95, setWindowRect: true, strictFileInteractability: false, timeouts: {implicit: 0, pageLoad: 300000, script: 30000}, unhandledPromptBehavior: dismiss and notify, webauthn:extension:credBlob: true, webauthn:extension:largeBlob: true, webauthn:extension:minPinLength: true, webauthn:extension:prf: true, webauthn:virtualAuthenticators: true}
Session ID: 3c711d5911b75a7f2d57253f3d4e4161
at org.openqa.selenium.remote.codec.w3c.W3CHttpResponseCodec.createException(W3CHttpResponseCodec.java:200)
at org.openqa.selenium.remote.codec.w3c.W3CHttpResponseCodec.decode(W3CHttpResponseCodec.java:133)
at org.openqa.selenium.remote.codec.w3c.W3CHttpResponseCodec.decode(W3CHttpResponseCodec.java:53)
at org.openqa.selenium.remote.HttpCommandExecutor.execute(HttpCommandExecutor.java:184)
at org.openqa.selenium.remote.service.DriverCommandExecutor.invokeExecute(DriverCommandExecutor.java:164)
at org.openqa.selenium.remote.service.DriverCommandExecutor.execute(DriverCommandExecutor.java:139)
at org.openqa.selenium.remote.RemoteWebDriver.execute(RemoteWebDriver.java:559)
at org.openqa.selenium.remote.ElementLocation$ElementFinder$2.findElement(ElementLocation.java:162)
at org.openqa.selenium.remote.ElementLocation.findElement(ElementLocation.java:60)
at org.openqa.selenium.remote.RemoteWebDriver.findElement(RemoteWebDriver.java:383)
at org.openqa.selenium.remote.RemoteWebDriver.findElement(RemoteWebDriver.java:375)
at org.openqa.selenium.support.pagefactory.DefaultElementLocator.findElement(DefaultElementLocator.java:70)
at org.openqa.selenium.support.pagefactory.internal.LocatingElementHandler.invoke(LocatingElementHandler.java:39)
at jdk.proxy2/jdk.proxy2.$Proxy23.isDisplayed(Unknown Source)
at org.openqa.selenium.support.ui.ExpectedConditions.elementIfVisible(ExpectedConditions.java:307)
at org.openqa.selenium.support.ui.ExpectedConditions.access$000(ExpectedConditions.java:40)
at org.openqa.selenium.support.ui.ExpectedConditions$10.apply(ExpectedConditions.java:293)
at org.openqa.selenium.support.ui.ExpectedConditions$10.apply(ExpectedConditions.java:290)
at org.openqa.selenium.support.ui.FluentWait.until(FluentWait.java:208)
... 30 more
... Removed 28 stack frames]]>
    </failure>
  </testcase> <!-- aquisition_quotes_CP_PCH_customer_quote_payment_profile_calculations_with_maintenance_test -->
  <testcase classname="newLCV.CP.Acquisition_Quotes_CP_PCH_LCV_with_maintenance_Test" name="aquisition_quotes_CP_PCH_quote_summary_values_verification_with_maintenance_test" time="0.0">
    <skipped/>
  </testcase> <!-- aquisition_quotes_CP_PCH_quote_summary_values_verification_with_maintenance_test -->
  <testcase classname="newLCV.OP.Acquisition_Quotes_Outright_PCH_LCV_with_maintenance_Test" name="aquisition_quotes_outright_PCH_OTR_calculation_with_maintenance_test" time="111.935"/>
  <testcase classname="newLCV.OP.Acquisition_Quotes_Outright_PCH_LCV_with_maintenance_Test" name="aquisition_quotes_outright_PCH_after_discount_calculations_with_maintenance_test" time="4.512"/>
  <testcase classname="newLCV.OP.Acquisition_Quotes_Outright_PCH_LCV_with_maintenance_Test" name="aquisition_quotes_outright_PCH_other_support_check_with_maintenance_test" time="21.849"/>
  <testcase classname="newLCV.OP.Acquisition_Quotes_Outright_PCH_LCV_with_maintenance_Test" name="aquisition_quotes_outright_PCH_holding_cost_calculations_with_maintenance_test" time="79.423"/>
  <testcase classname="newLCV.OP.Acquisition_Quotes_Outright_PCH_LCV_with_maintenance_Test" name="aquisition_quotes_outright_PCH_customer_quote_payment_profile_calculations_with_maintenance_test" time="117.264">
    <failure type="org.openqa.selenium.TimeoutException" message="Expected condition failed: waiting for visibility of Proxy element for: DefaultElementLocator &amp;apos;By.xpath: //*[normalize-space()=&amp;apos;Monthly maint. payment&amp;apos;]//ancestor::div[1]//div//p//strong|//*[normalize-space()=&amp;apos;Monthly maint. rental&amp;apos;]//ancestor::div[1]//div//p//strong&amp;apos; (tried for 60 second(s) with 500 milliseconds interval)">
      <![CDATA[org.openqa.selenium.TimeoutException: Expected condition failed: waiting for visibility of Proxy element for: DefaultElementLocator 'By.xpath: //*[normalize-space()='Monthly maint. payment']//ancestor::div[1]//div//p//strong|//*[normalize-space()='Monthly maint. rental']//ancestor::div[1]//div//p//strong' (tried for 60 second(s) with 500 milliseconds interval)
at org.openqa.selenium.support.ui.WebDriverWait.timeoutException(WebDriverWait.java:138)
at org.openqa.selenium.support.ui.FluentWait.until(FluentWait.java:231)
at com.amt.testUtil.ExplicitWait.visibleElement(ExplicitWait.java:23)
at com.amt.testUtil.ReadExcelCalculation.verify_customer_quote_calculations_for_one_payment_options_with_maintenance(ReadExcelCalculation.java:3767)
at com.amt.CustomerQuotePackage.CustomerQuotePageOutrightPCHPage.customer_Quote_outright_PCH_for_one_payment_option_with_maintenance_calculation(CustomerQuotePageOutrightPCHPage.java:310)
at newLCV.OP.Acquisition_Quotes_Outright_PCH_LCV_with_maintenance_Test.aquisition_quotes_outright_PCH_customer_quote_payment_profile_calculations_with_maintenance_test(Acquisition_Quotes_Outright_PCH_LCV_with_maintenance_Test.java:188)
at java.base/java.util.ArrayList.forEach(ArrayList.java:1511)
Caused by: org.openqa.selenium.NoSuchElementException: no such element: Unable to locate element: {"method":"xpath","selector":"//*[normalize-space()='Monthly maint. payment']//ancestor::div[1]//div//p//strong|//*[normalize-space()='Monthly maint. rental']//ancestor::div[1]//div//p//strong"}
  (Session info: chrome=122.0.6261.95)
For documentation on this error, please visit: https://selenium.dev/exceptions/#no_such_element
Build info: version: '4.1.0', revision: '87802e897b'
System info: host: 'DSK-4052', ip: '172.16.1.80', os.name: 'Windows 10', os.arch: 'amd64', os.version: '10.0', java.version: '19.0.1'
Driver info: org.openqa.selenium.chrome.ChromeDriver
Command: [002b68c426d911b0928e10a995993a74, findElement {using=xpath, value=//*[normalize-space()='Monthly maint. payment']//ancestor::div[1]//div//p//strong|//*[normalize-space()='Monthly maint. rental']//ancestor::div[1]//div//p//strong}]
Capabilities {acceptInsecureCerts: false, browserName: chrome, browserVersion: 122.0.6261.95, chrome: {chromedriverVersion: 121.0.6167.85 (3f98d690ad7e..., userDataDir: C:\Users\NITEIN~1.KUR\AppDa...}, fedcm:accounts: true, goog:chromeOptions: {debuggerAddress: localhost:57273}, javascriptEnabled: true, networkConnectionEnabled: false, pageLoadStrategy: normal, platform: WINDOWS, platformName: WINDOWS, proxy: Proxy(), se:cdp: ws://localhost:57273/devtoo..., se:cdpVersion: 122.0.6261.95, setWindowRect: true, strictFileInteractability: false, timeouts: {implicit: 0, pageLoad: 300000, script: 30000}, unhandledPromptBehavior: dismiss and notify, webauthn:extension:credBlob: true, webauthn:extension:largeBlob: true, webauthn:extension:minPinLength: true, webauthn:extension:prf: true, webauthn:virtualAuthenticators: true}
Session ID: 002b68c426d911b0928e10a995993a74
at org.openqa.selenium.remote.codec.w3c.W3CHttpResponseCodec.createException(W3CHttpResponseCodec.java:200)
at org.openqa.selenium.remote.codec.w3c.W3CHttpResponseCodec.decode(W3CHttpResponseCodec.java:133)
at org.openqa.selenium.remote.codec.w3c.W3CHttpResponseCodec.decode(W3CHttpResponseCodec.java:53)
at org.openqa.selenium.remote.HttpCommandExecutor.execute(HttpCommandExecutor.java:184)
at org.openqa.selenium.remote.service.DriverCommandExecutor.invokeExecute(DriverCommandExecutor.java:164)
at org.openqa.selenium.remote.service.DriverCommandExecutor.execute(DriverCommandExecutor.java:139)
at org.openqa.selenium.remote.RemoteWebDriver.execute(RemoteWebDriver.java:559)
at org.openqa.selenium.remote.ElementLocation$ElementFinder$2.findElement(ElementLocation.java:162)
at org.openqa.selenium.remote.ElementLocation.findElement(ElementLocation.java:60)
at org.openqa.selenium.remote.RemoteWebDriver.findElement(RemoteWebDriver.java:383)
at org.openqa.selenium.remote.RemoteWebDriver.findElement(RemoteWebDriver.java:375)
at org.openqa.selenium.support.pagefactory.DefaultElementLocator.findElement(DefaultElementLocator.java:70)
at org.openqa.selenium.support.pagefactory.internal.LocatingElementHandler.invoke(LocatingElementHandler.java:39)
at jdk.proxy2/jdk.proxy2.$Proxy23.isDisplayed(Unknown Source)
at org.openqa.selenium.support.ui.ExpectedConditions.elementIfVisible(ExpectedConditions.java:307)
at org.openqa.selenium.support.ui.ExpectedConditions.access$000(ExpectedConditions.java:40)
at org.openqa.selenium.support.ui.ExpectedConditions$10.apply(ExpectedConditions.java:293)
at org.openqa.selenium.support.ui.ExpectedConditions$10.apply(ExpectedConditions.java:290)
at org.openqa.selenium.support.ui.FluentWait.until(FluentWait.java:208)
... 30 more
... Removed 28 stack frames]]>
    </failure>
  </testcase> <!-- aquisition_quotes_outright_PCH_customer_quote_payment_profile_calculations_with_maintenance_test -->
  <testcase classname="newLCV.OP.Acquisition_Quotes_Outright_PCH_LCV_with_maintenance_Test" name="aquisition_quotes_outright_PCH_quote_summary_values_verification_with_maintenance_test" time="0.0">
    <skipped/>
  </testcase> <!-- aquisition_quotes_outright_PCH_quote_summary_values_verification_with_maintenance_test -->
  <testcase classname="newLCV.BROKER.Acquisition_Quotes_Broker_PCH_LCV_with_maintenance_Test" name="aquisition_quotes_user_flow_broker_pch_OTR_calculation_with_maintenance_test" time="120.813"/>
  <testcase classname="newLCV.BROKER.Acquisition_Quotes_Broker_PCH_LCV_with_maintenance_Test" name="aquisition_quotes_user_flow_broker_pch_after_discount_calculation_with_maintenance_test" time="4.523"/>
  <testcase classname="newLCV.BROKER.Acquisition_Quotes_Broker_PCH_LCV_with_maintenance_Test" name="aquisition_quotes_user_flow_broker_pch_with_maintenance_test" time="49.007"/>
  <testcase classname="newLCV.BROKER.Acquisition_Quotes_Broker_PCH_LCV_with_maintenance_Test" name="aquisition_quotes_user_flow_broker_pch_quote_summary_values_verification_with_maintenance_test" time="27.988"/>
  <testcase classname="newLCV.CP.Acquisition_Quotes_CP_PCH_LCV_without_maintenance_Test" name="aquisition_quotes_CP_PCH_OTR_calculation_without_maintenance_test" time="112.317"/>
  <testcase classname="newLCV.CP.Acquisition_Quotes_CP_PCH_LCV_without_maintenance_Test" name="aquisition_quotes_CP_PCH_after_discount_calculations_without_maintenance_test" time="4.584"/>
  <testcase classname="newLCV.CP.Acquisition_Quotes_CP_PCH_LCV_without_maintenance_Test" name="aquisition_quotes_CP_PCH_holding_cost_calculations_without_maintenance_test" time="54.558"/>
  <testcase classname="newLCV.CP.Acquisition_Quotes_CP_PCH_LCV_without_maintenance_Test" name="aquisition_quotes_CP_PCH_customer_quote_payment_profile_calculations_without_maintenance_test" time="94.082"/>
  <testcase classname="newLCV.CP.Acquisition_Quotes_CP_PCH_LCV_without_maintenance_Test" name="aquisition_quotes_CP_PCH_quote_summary_values_verification_without_maintenance_test" time="192.544"/>
  <testcase classname="newLCV.BCH.Acquisition_Quotes_BCH_BCH_LCV_with_maintenance_Test" name="aquisition_quotes_BCH_BCH_OTR_calculation_with_maintenance_test" time="112.85"/>
  <testcase classname="newLCV.BCH.Acquisition_Quotes_BCH_BCH_LCV_with_maintenance_Test" name="aquisition_quotes_BCH_BCH_after_discount_calculations_with_maintenance_test" time="4.5"/>
  <testcase classname="newLCV.BCH.Acquisition_Quotes_BCH_BCH_LCV_with_maintenance_Test" name="aquisition_quotes_BCH_BCH_holding_cost_calculations_with_maintenance_test" time="28.87"/>
  <testcase classname="newLCV.BCH.Acquisition_Quotes_BCH_BCH_LCV_with_maintenance_Test" name="aquisition_quotes_BCH_BCH_customer_quote_payment_profile_calculations_with_maintenance_test" time="297.419"/>
  <testcase classname="newLCV.BCH.Acquisition_Quotes_BCH_BCH_LCV_with_maintenance_Test" name="aquisition_quotes_BCH_BCH_quote_summary_values_verification_with_maintenance_test" time="195.553">
    <failure type="org.openqa.selenium.ElementClickInterceptedException" message="element click intercepted: Element &amp;lt;div class=&amp;quot;acc-head&amp;quot; style=&amp;quot; border: 1px solid white;&amp;quot;&amp;gt;...&amp;lt;/div&amp;gt; is not clickable at point (598, 747). Other element would receive the click: &amp;lt;div _ngcontent-xfy-c4=&amp;quot;&amp;quot; class=&amp;quot;acc-head&amp;quot;&amp;gt;...&amp;lt;/div&amp;gt;
  (Session info: chrome=122.0.6261.95)
Build info: version: &amp;apos;4.1.0&amp;apos;, revision: &amp;apos;87802e897b&amp;apos;
System info: host: &amp;apos;DSK-4052&amp;apos;, ip: &amp;apos;172.16.1.80&amp;apos;, os.name: &amp;apos;Windows 10&amp;apos;, os.arch: &amp;apos;amd64&amp;apos;, os.version: &amp;apos;10.0&amp;apos;, java.version: &amp;apos;19.0.1&amp;apos;
Driver info: org.openqa.selenium.chrome.ChromeDriver
Command: [9e059cca432d3dd9fdb25b43cc231e12, clickElement {id=4F43CBD982E3BAB938B0EDD1C3D9D428_element_2326}]
Capabilities {acceptInsecureCerts: false, browserName: chrome, browserVersion: 122.0.6261.95, chrome: {chromedriverVersion: 121.0.6167.85 (3f98d690ad7e..., userDataDir: C:\Users\NITEIN~1.KUR\AppDa...}, fedcm:accounts: true, goog:chromeOptions: {debuggerAddress: localhost:57732}, javascriptEnabled: true, networkConnectionEnabled: false, pageLoadStrategy: normal, platform: WINDOWS, platformName: WINDOWS, proxy: Proxy(), se:cdp: ws://localhost:57732/devtoo..., se:cdpVersion: 122.0.6261.95, setWindowRect: true, strictFileInteractability: false, timeouts: {implicit: 0, pageLoad: 300000, script: 30000}, unhandledPromptBehavior: dismiss and notify, webauthn:extension:credBlob: true, webauthn:extension:largeBlob: true, webauthn:extension:minPinLength: true, webauthn:extension:prf: true, webauthn:virtualAuthenticators: true}
Element: [[ChromeDriver: chrome on WINDOWS (9e059cca432d3dd9fdb25b43cc231e12)] -&amp;gt; xpath: //*[@id=&amp;apos;headingCustomerQuote&amp;apos;]/div[1]/button/div]
Session ID: 9e059cca432d3dd9fdb25b43cc231e12">
      <![CDATA[org.openqa.selenium.ElementClickInterceptedException: element click intercepted: Element <div class="acc-head" style=" border: 1px solid white;">...</div> is not clickable at point (598, 747). Other element would receive the click: <div _ngcontent-xfy-c4="" class="acc-head">...</div>
  (Session info: chrome=122.0.6261.95)
Build info: version: '4.1.0', revision: '87802e897b'
System info: host: 'DSK-4052', ip: '172.16.1.80', os.name: 'Windows 10', os.arch: 'amd64', os.version: '10.0', java.version: '19.0.1'
Driver info: org.openqa.selenium.chrome.ChromeDriver
Command: [9e059cca432d3dd9fdb25b43cc231e12, clickElement {id=4F43CBD982E3BAB938B0EDD1C3D9D428_element_2326}]
Capabilities {acceptInsecureCerts: false, browserName: chrome, browserVersion: 122.0.6261.95, chrome: {chromedriverVersion: 121.0.6167.85 (3f98d690ad7e..., userDataDir: C:\Users\NITEIN~1.KUR\AppDa...}, fedcm:accounts: true, goog:chromeOptions: {debuggerAddress: localhost:57732}, javascriptEnabled: true, networkConnectionEnabled: false, pageLoadStrategy: normal, platform: WINDOWS, platformName: WINDOWS, proxy: Proxy(), se:cdp: ws://localhost:57732/devtoo..., se:cdpVersion: 122.0.6261.95, setWindowRect: true, strictFileInteractability: false, timeouts: {implicit: 0, pageLoad: 300000, script: 30000}, unhandledPromptBehavior: dismiss and notify, webauthn:extension:credBlob: true, webauthn:extension:largeBlob: true, webauthn:extension:minPinLength: true, webauthn:extension:prf: true, webauthn:virtualAuthenticators: true}
Element: [[ChromeDriver: chrome on WINDOWS (9e059cca432d3dd9fdb25b43cc231e12)] -> xpath: //*[@id='headingCustomerQuote']/div[1]/button/div]
Session ID: 9e059cca432d3dd9fdb25b43cc231e12
at org.openqa.selenium.remote.codec.w3c.W3CHttpResponseCodec.createException(W3CHttpResponseCodec.java:200)
at org.openqa.selenium.remote.codec.w3c.W3CHttpResponseCodec.decode(W3CHttpResponseCodec.java:133)
at org.openqa.selenium.remote.codec.w3c.W3CHttpResponseCodec.decode(W3CHttpResponseCodec.java:53)
at org.openqa.selenium.remote.HttpCommandExecutor.execute(HttpCommandExecutor.java:184)
at org.openqa.selenium.remote.service.DriverCommandExecutor.invokeExecute(DriverCommandExecutor.java:164)
at org.openqa.selenium.remote.service.DriverCommandExecutor.execute(DriverCommandExecutor.java:139)
at org.openqa.selenium.remote.RemoteWebDriver.execute(RemoteWebDriver.java:559)
at org.openqa.selenium.remote.RemoteWebElement.execute(RemoteWebElement.java:251)
at org.openqa.selenium.remote.RemoteWebElement.click(RemoteWebElement.java:77)
at org.openqa.selenium.support.pagefactory.internal.LocatingElementHandler.invoke(LocatingElementHandler.java:52)
at jdk.proxy2/jdk.proxy2.$Proxy23.click(Unknown Source)
at com.amt.testUtil.Click.on(Click.java:22)
at com.amt.QuoteSummaryPages.QuoteSummary_BCH_BCH_Page.quote_summary_edit_finance_margin_value_verification(QuoteSummary_BCH_BCH_Page.java:1619)
at newLCV.BCH.Acquisition_Quotes_BCH_BCH_LCV_with_maintenance_Test.aquisition_quotes_BCH_BCH_quote_summary_values_verification_with_maintenance_test(Acquisition_Quotes_BCH_BCH_LCV_with_maintenance_Test.java:258)
at java.base/java.util.ArrayList.forEach(ArrayList.java:1511)
... Removed 30 stack frames]]>
    </failure>
  </testcase> <!-- aquisition_quotes_BCH_BCH_quote_summary_values_verification_with_maintenance_test -->
  <testcase classname="newLCV.BCH.Acquisition_Quotes_BCH_BCH_LCV_without_maintenance_Test" name="aquisition_quotes_BCH_BCH_OTR_calculation_without_maintenance_test" time="106.541"/>
  <testcase classname="newLCV.BCH.Acquisition_Quotes_BCH_BCH_LCV_without_maintenance_Test" name="aquisition_quotes_BCH_BCH_after_discount_calculations_without_maintenance_test" time="4.49"/>
  <testcase classname="newLCV.BCH.Acquisition_Quotes_BCH_BCH_LCV_without_maintenance_Test" name="aquisition_quotes_BCH_BCH_holding_cost_calculations_without_maintenance_test" time="22.102"/>
  <testcase classname="newLCV.BCH.Acquisition_Quotes_BCH_BCH_LCV_without_maintenance_Test" name="aquisition_quotes_BCH_BCH_customer_quote_payment_profile_calculations_without_maintenance_test" time="210.733"/>
  <testcase classname="newLCV.BCH.Acquisition_Quotes_BCH_BCH_LCV_without_maintenance_Test" name="aquisition_quotes_BCH_BCH_quote_summary_values_verification_without_maintenance_test" time="168.881"/>
  <testcase classname="newLCV.CP.Acquisition_Quotes_CP_CP_LCV_with_maintenance_Test" name="aquisition_quotes_CP_CP_OTR_calculation_with_maintenance_test" time="113.227"/>
  <testcase classname="newLCV.CP.Acquisition_Quotes_CP_CP_LCV_with_maintenance_Test" name="aquisition_quotes_CP_CP_after_discount_calculations_with_maintenance_test" time="4.532"/>
  <testcase classname="newLCV.CP.Acquisition_Quotes_CP_CP_LCV_with_maintenance_Test" name="aquisition_quotes_CP_CP_holding_cost_calculations_with_maintenance_test" time="56.573"/>
  <testcase classname="newLCV.CP.Acquisition_Quotes_CP_CP_LCV_with_maintenance_Test" name="aquisition_quotes_CP_CP_customer_quote_calculations_check_monthly_finance_payment_with_maintenance_test" time="128.32"/>
  <testcase classname="newLCV.CP.Acquisition_Quotes_CP_CP_LCV_with_maintenance_Test" name="aquisition_quotes_CP_CP_customer_quote_vehicle_profit_edit_check_with_maintenance_test" time="42.59"/>
  <testcase classname="newLCV.CP.Acquisition_Quotes_CP_CP_LCV_with_maintenance_Test" name="aquisition_quotes_CP_CP_customer_quote_part_exchange_value_edit_check_with_maintenance_test" time="74.175"/>
  <testcase classname="newLCV.CP.Acquisition_Quotes_CP_CP_LCV_with_maintenance_Test" name="aquisition_quotes_CP_CP_quote_summary_values_verification_with_maintenance_test" time="260.732"/>
  <testcase classname="newLCV.CP.Acquisition_Quotes_CP_PCP_LCV_with_funder_quote_addition_with_maintenance_Test" name="aquisition_quotes_CP_PCP_OTR_calculation_with_maintenance_test" time="113.237"/>
  <testcase classname="newLCV.CP.Acquisition_Quotes_CP_PCP_LCV_with_funder_quote_addition_with_maintenance_Test" name="aquisition_quotes_CP_PCP_after_discount_calculations_with_maintenance_test" time="4.422"/>
  <testcase classname="newLCV.CP.Acquisition_Quotes_CP_PCP_LCV_with_funder_quote_addition_with_maintenance_Test" name="aquisition_quotes_CP_PCP_holding_cost_calculations_with_maintenance_test" time="45.913"/>
  <testcase classname="newLCV.CP.Acquisition_Quotes_CP_PCP_LCV_with_funder_quote_addition_with_maintenance_Test" name="aquisition_quotes_CP_PCP_customer_quote_calculations_check_monthly_finance_payment_with_maintenance_test" time="42.17"/>
  <testcase classname="newLCV.CP.Acquisition_Quotes_CP_PCP_LCV_with_funder_quote_addition_with_maintenance_Test" name="aquisition_quotes_CP_PCP_quote_summary_values_verification_with_maintenance_test" time="257.886"/>
  <testcase classname="newLCV.CP.Acquisition_Quotes_CP_CP_LCV_with_funder_quote_addition_with_maintenance_Test" name="aquisition_quotes_CP_CP_OTR_calculation_with_maintenance_test" time="112.396"/>
  <testcase classname="newLCV.CP.Acquisition_Quotes_CP_CP_LCV_with_funder_quote_addition_with_maintenance_Test" name="aquisition_quotes_CP_CP_after_discount_calculations_with_maintenance_test" time="4.363"/>
  <testcase classname="newLCV.CP.Acquisition_Quotes_CP_CP_LCV_with_funder_quote_addition_with_maintenance_Test" name="aquisition_quotes_CP_CP_holding_cost_calculations_with_maintenance_test" time="44.0"/>
  <testcase classname="newLCV.CP.Acquisition_Quotes_CP_CP_LCV_with_funder_quote_addition_with_maintenance_Test" name="aquisition_quotes_CP_CP_customer_quote_calculations_check_monthly_finance_payment_with_maintenance_test" time="37.131"/>
  <testcase classname="newLCV.CP.Acquisition_Quotes_CP_CP_LCV_with_funder_quote_addition_with_maintenance_Test" name="aquisition_quotes_CP_CP_quote_summary_values_verification_with_maintenance_test" time="260.885"/>
  <testcase classname="newLCV.HPNR.Acquisition_Quotes_HPNR_BCH_LCV_without_maintenance_Test" name="aquisition_quotes_OTR_calculation_without_maintenance_test" time="111.73"/>
  <testcase classname="newLCV.HPNR.Acquisition_Quotes_HPNR_BCH_LCV_without_maintenance_Test" name="aquisition_quotes_after_discount_calculations_without_maintenance_test" time="4.205"/>
  <testcase classname="newLCV.HPNR.Acquisition_Quotes_HPNR_BCH_LCV_without_maintenance_Test" name="aquisition_quotes_other_support_check_without_maintenance_test" time="21.919"/>
  <testcase classname="newLCV.HPNR.Acquisition_Quotes_HPNR_BCH_LCV_without_maintenance_Test" name="aquisition_quotes_holding_cost_calculations_without_maintenance_test" time="55.469"/>
  <testcase classname="newLCV.HPNR.Acquisition_Quotes_HPNR_BCH_LCV_without_maintenance_Test" name="aquisition_quotes_customer_quote_payment_profile_calculations_without_maintenance_test" time="98.244"/>
  <testcase classname="newLCV.HPNR.Acquisition_Quotes_HPNR_BCH_LCV_without_maintenance_Test" name="aquisition_quotes_quote_summary_values_verification_without_maintenance_test" time="199.253"/>
  <testcase classname="newLCV.HPNR.Acquisition_Quotes_HPNR_CP_LCV_with_maintenance_Test" name="aquisition_quotes_HPNR_CP_OTR_calculation_with_maintenance_test" time="113.4"/>
  <testcase classname="newLCV.HPNR.Acquisition_Quotes_HPNR_CP_LCV_with_maintenance_Test" name="aquisition_quotes_HPNR_CP_after_discount_calculations_with_maintenance_test" time="4.544"/>
  <testcase classname="newLCV.HPNR.Acquisition_Quotes_HPNR_CP_LCV_with_maintenance_Test" name="aquisition_quotes_HPNR_CP_holding_cost_calculations_with_maintenance_test" time="50.594"/>
  <testcase classname="newLCV.HPNR.Acquisition_Quotes_HPNR_CP_LCV_with_maintenance_Test" name="aquisition_quotes_HPNR_CP_customer_quote_calculations_check_monthly_finance_payment_with_maintenance_test" time="126.856"/>
  <testcase classname="newLCV.HPNR.Acquisition_Quotes_HPNR_CP_LCV_with_maintenance_Test" name="aquisition_quotes_HPNR_CP_customer_quote_vehicle_profit_edit_check_with_maintenance_test" time="43.045"/>
  <testcase classname="newLCV.HPNR.Acquisition_Quotes_HPNR_CP_LCV_with_maintenance_Test" name="aquisition_quotes_HPNR_CP_customer_quote_part_exchange_value_edit_check_with_maintenance_test" time="67.605"/>
  <testcase classname="newLCV.HPNR.Acquisition_Quotes_HPNR_CP_LCV_with_maintenance_Test" name="aquisition_quotes_HPNR_CP_quote_summary_values_verification_with_maintenance_test" time="204.538"/>
  <testcase classname="newLCV.OP.Acquisition_Quotes_Outright_HPR_LCV_without_maintenance_Test" name="aquisition_quotes_outright_HPR_OTR_calculation_without_maintenance_test" time="111.874"/>
  <testcase classname="newLCV.OP.Acquisition_Quotes_Outright_HPR_LCV_without_maintenance_Test" name="aquisition_quotes_outright_HPR_after_discount_calculations_without_maintenance_test" time="4.44"/>
  <testcase classname="newLCV.OP.Acquisition_Quotes_Outright_HPR_LCV_without_maintenance_Test" name="aquisition_quotes_outright_HPR_holding_cost_calculations_without_maintenance_test" time="40.323"/>
  <testcase classname="newLCV.OP.Acquisition_Quotes_Outright_HPR_LCV_without_maintenance_Test" name="aquisition_quotes_outright_HPR_customer_quote_calculations_check_monthly_finance_payment_without_maintenance_test" time="68.698"/>
  <testcase classname="newLCV.OP.Acquisition_Quotes_Outright_HPR_LCV_without_maintenance_Test" name="aquisition_quotes_outright_HPR_customer_quote_vehicle_profit_edit_check_without_maintenance_test" time="20.696"/>
  <testcase classname="newLCV.OP.Acquisition_Quotes_Outright_HPR_LCV_without_maintenance_Test" name="aquisition_quotes_outright_HPR_customer_quote_part_exchange_value_edit_check_without_maintenance_test" time="49.047">
    <failure type="org.openqa.selenium.TimeoutException" message="Expected condition failed: waiting for visibility of Proxy element for: DefaultElementLocator &amp;apos;By.xpath: //div[@class=&amp;apos;partex-value&amp;apos;]//input[@name=&amp;apos;orderDeposit&amp;apos;]&amp;apos; (tried for 20 second(s) with 500 milliseconds interval)">
      <![CDATA[org.openqa.selenium.TimeoutException: Expected condition failed: waiting for visibility of Proxy element for: DefaultElementLocator 'By.xpath: //div[@class='partex-value']//input[@name='orderDeposit']' (tried for 20 second(s) with 500 milliseconds interval)
at org.openqa.selenium.support.ui.WebDriverWait.timeoutException(WebDriverWait.java:138)
at org.openqa.selenium.support.ui.FluentWait.until(FluentWait.java:231)
at com.amt.testUtil.ExplicitWait.visibleElement(ExplicitWait.java:23)
at com.amt.CustomerQuotePackage.CustomerQuotePageOutrightHPRPage.put_part_exchange_values_and_check_monthly_finance_payment(CustomerQuotePageOutrightHPRPage.java:1192)
at newLCV.OP.Acquisition_Quotes_Outright_HPR_LCV_without_maintenance_Test.aquisition_quotes_outright_HPR_customer_quote_part_exchange_value_edit_check_without_maintenance_test(Acquisition_Quotes_Outright_HPR_LCV_without_maintenance_Test.java:161)
at java.base/java.util.ArrayList.forEach(ArrayList.java:1511)
Caused by: org.openqa.selenium.NoSuchElementException: no such element: Unable to locate element: {"method":"xpath","selector":"//div[@class='partex-value']//input[@name='orderDeposit']"}
  (Session info: chrome=122.0.6261.95)
For documentation on this error, please visit: https://selenium.dev/exceptions/#no_such_element
Build info: version: '4.1.0', revision: '87802e897b'
System info: host: 'DSK-4052', ip: '172.16.1.80', os.name: 'Windows 10', os.arch: 'amd64', os.version: '10.0', java.version: '19.0.1'
Driver info: org.openqa.selenium.chrome.ChromeDriver
Command: [0249ce5869a001e256e4c75464da9887, findElement {using=xpath, value=//div[@class='partex-value']//input[@name='orderDeposit']}]
Capabilities {acceptInsecureCerts: false, browserName: chrome, browserVersion: 122.0.6261.95, chrome: {chromedriverVersion: 121.0.6167.85 (3f98d690ad7e..., userDataDir: C:\Users\NITEIN~1.KUR\AppDa...}, fedcm:accounts: true, goog:chromeOptions: {debuggerAddress: localhost:59079}, javascriptEnabled: true, networkConnectionEnabled: false, pageLoadStrategy: normal, platform: WINDOWS, platformName: WINDOWS, proxy: Proxy(), se:cdp: ws://localhost:59079/devtoo..., se:cdpVersion: 122.0.6261.95, setWindowRect: true, strictFileInteractability: false, timeouts: {implicit: 0, pageLoad: 300000, script: 30000}, unhandledPromptBehavior: dismiss and notify, webauthn:extension:credBlob: true, webauthn:extension:largeBlob: true, webauthn:extension:minPinLength: true, webauthn:extension:prf: true, webauthn:virtualAuthenticators: true}
Session ID: 0249ce5869a001e256e4c75464da9887
at org.openqa.selenium.remote.codec.w3c.W3CHttpResponseCodec.createException(W3CHttpResponseCodec.java:200)
at org.openqa.selenium.remote.codec.w3c.W3CHttpResponseCodec.decode(W3CHttpResponseCodec.java:133)
at org.openqa.selenium.remote.codec.w3c.W3CHttpResponseCodec.decode(W3CHttpResponseCodec.java:53)
at org.openqa.selenium.remote.HttpCommandExecutor.execute(HttpCommandExecutor.java:184)
at org.openqa.selenium.remote.service.DriverCommandExecutor.invokeExecute(DriverCommandExecutor.java:164)
at org.openqa.selenium.remote.service.DriverCommandExecutor.execute(DriverCommandExecutor.java:139)
at org.openqa.selenium.remote.RemoteWebDriver.execute(RemoteWebDriver.java:559)
at org.openqa.selenium.remote.ElementLocation$ElementFinder$2.findElement(ElementLocation.java:162)
at org.openqa.selenium.remote.ElementLocation.findElement(ElementLocation.java:60)
at org.openqa.selenium.remote.RemoteWebDriver.findElement(RemoteWebDriver.java:383)
at org.openqa.selenium.remote.RemoteWebDriver.findElement(RemoteWebDriver.java:375)
at org.openqa.selenium.support.pagefactory.DefaultElementLocator.findElement(DefaultElementLocator.java:70)
at org.openqa.selenium.support.pagefactory.internal.LocatingElementHandler.invoke(LocatingElementHandler.java:39)
at jdk.proxy2/jdk.proxy2.$Proxy23.isDisplayed(Unknown Source)
at org.openqa.selenium.support.ui.ExpectedConditions.elementIfVisible(ExpectedConditions.java:307)
at org.openqa.selenium.support.ui.ExpectedConditions.access$000(ExpectedConditions.java:40)
at org.openqa.selenium.support.ui.ExpectedConditions$10.apply(ExpectedConditions.java:293)
at org.openqa.selenium.support.ui.ExpectedConditions$10.apply(ExpectedConditions.java:290)
at org.openqa.selenium.support.ui.FluentWait.until(FluentWait.java:208)
... 29 more
... Removed 28 stack frames]]>
    </failure>
  </testcase> <!-- aquisition_quotes_outright_HPR_customer_quote_part_exchange_value_edit_check_without_maintenance_test -->
  <testcase classname="newLCV.OP.Acquisition_Quotes_Outright_HPR_LCV_without_maintenance_Test" name="aquisition_quotes_outright_HPR_customer_quote_monthly_finance_payment_after_balloon_payment_off_without_maintenance_test" time="0.0">
    <skipped/>
  </testcase> <!-- aquisition_quotes_outright_HPR_customer_quote_monthly_finance_payment_after_balloon_payment_off_without_maintenance_test -->
  <testcase classname="newLCV.OP.Acquisition_Quotes_Outright_HPR_LCV_without_maintenance_Test" name="aquisition_quotes_outright_HPR_quote_summary_values_verification_without_maintenance_test" time="0.0">
    <skipped/>
  </testcase> <!-- aquisition_quotes_outright_HPR_quote_summary_values_verification_without_maintenance_test -->
  <testcase classname="newLCV.CP.Acquisition_Quotes_CP_PCP_LCV_with_maintenance_Test" name="aquisition_quotes_CP_PCP_OTR_calculation_with_maintenance_test" time="112.465"/>
  <testcase classname="newLCV.CP.Acquisition_Quotes_CP_PCP_LCV_with_maintenance_Test" name="aquisition_quotes_CP_PCP_after_discount_calculations_with_maintenance_test" time="4.443"/>
  <testcase classname="newLCV.CP.Acquisition_Quotes_CP_PCP_LCV_with_maintenance_Test" name="aquisition_quotes_CP_PCP_holding_cost_calculations_with_maintenance_test" time="51.734"/>
  <testcase classname="newLCV.CP.Acquisition_Quotes_CP_PCP_LCV_with_maintenance_Test" name="aquisition_quotes_CP_PCP_customer_quote_calculations_check_monthly_finance_payment_with_maintenance_test" time="126.06"/>
  <testcase classname="newLCV.CP.Acquisition_Quotes_CP_PCP_LCV_with_maintenance_Test" name="aquisition_quotes_CP_PCP_customer_quote_vehicle_profit_edit_check_with_maintenance_test" time="44.075"/>
  <testcase classname="newLCV.CP.Acquisition_Quotes_CP_PCP_LCV_with_maintenance_Test" name="aquisition_quotes_CP_PCP_customer_quote_part_exchange_value_edit_check_with_maintenance_test" time="73.989"/>
  <testcase classname="newLCV.CP.Acquisition_Quotes_CP_PCP_LCV_with_maintenance_Test" name="aquisition_quotes_CP_PCP_quote_summary_values_verification_with_maintenance_test" time="258.746"/>
  <testcase classname="newLCV.BROKER.Acquisition_Quotes_Broker_FL_LCV_without_maintenance_Test" name="aquisition_quotes_user_flow_broker_fl_OTR_calculation_without_maintenance_test" time="122.139"/>
  <testcase classname="newLCV.BROKER.Acquisition_Quotes_Broker_FL_LCV_without_maintenance_Test" name="aquisition_quotes_user_flow_broker_fl_after_discount_calculation_without_maintenance_test" time="4.564"/>
  <testcase classname="newLCV.BROKER.Acquisition_Quotes_Broker_FL_LCV_without_maintenance_Test" name="aquisition_quotes_user_flow_broker_fl_funder_quote_addition_without_maintenance_test" time="49.362"/>
  <testcase classname="newLCV.BROKER.Acquisition_Quotes_Broker_FL_LCV_without_maintenance_Test" name="aquisition_quotes_user_flow_broker_fl_quote_summary_values_verification_without_maintenance_test" time="23.272"/>
  <testcase classname="newLCV.CP.Acquisition_Quotes_CP_BCH_LCV_with_maintenance_Test" name="aquisition_quotes_CP_BCH_OTR_calculation_with_maintenance_test" time="0.0">
    <skipped/>
  </testcase> <!-- aquisition_quotes_CP_BCH_OTR_calculation_with_maintenance_test -->
  <testcase classname="newLCV.CP.Acquisition_Quotes_CP_BCH_LCV_with_maintenance_Test" name="aquisition_quotes_CP_BCH_after_discount_calculations_with_maintenance_test" time="0.0">
    <skipped/>
  </testcase> <!-- aquisition_quotes_CP_BCH_after_discount_calculations_with_maintenance_test -->
  <testcase classname="newLCV.CP.Acquisition_Quotes_CP_BCH_LCV_with_maintenance_Test" name="aquisition_quotes_CP_BCH_holding_cost_calculations_with_maintenance_test" time="0.0">
    <skipped/>
  </testcase> <!-- aquisition_quotes_CP_BCH_holding_cost_calculations_with_maintenance_test -->
  <testcase classname="newLCV.CP.Acquisition_Quotes_CP_BCH_LCV_with_maintenance_Test" name="aquisition_quotes_CP_BCH_customer_quote_payment_profile_calculations_with_maintenance_test" time="0.0">
    <skipped/>
  </testcase> <!-- aquisition_quotes_CP_BCH_customer_quote_payment_profile_calculations_with_maintenance_test -->
  <testcase classname="newLCV.CP.Acquisition_Quotes_CP_BCH_LCV_with_maintenance_Test" name="aquisition_quotes_CP_BCH_quote_summary_values_verification_with_maintenance_test" time="0.0">
    <skipped/>
  </testcase> <!-- aquisition_quotes_CP_BCH_quote_summary_values_verification_with_maintenance_test -->
  <testcase classname="newLCV.HPNR.Acquisition_Quotes_HPNR_HPNR_LCV_with_funder_quote_addition_with_maintenance_Test" name="aquisition_quotes_HPNR_HPNR_OTR_calculation_with_maintenance_test" time="111.573"/>
  <testcase classname="newLCV.HPNR.Acquisition_Quotes_HPNR_HPNR_LCV_with_funder_quote_addition_with_maintenance_Test" name="aquisition_quotes_HPNR_HPNR_after_discount_calculations_with_maintenance_test" time="4.487"/>
  <testcase classname="newLCV.HPNR.Acquisition_Quotes_HPNR_HPNR_LCV_with_funder_quote_addition_with_maintenance_Test" name="aquisition_quotes_HPNR_HPNR_holding_cost_calculations_with_maintenance_test" time="28.142"/>
  <testcase classname="newLCV.HPNR.Acquisition_Quotes_HPNR_HPNR_LCV_with_funder_quote_addition_with_maintenance_Test" name="aquisition_quotes_HPNR_HPNR_customer_quote_calculations_check_monthly_finance_payment_with_maintenance_test" time="57.031"/>
  <testcase classname="newLCV.HPNR.Acquisition_Quotes_HPNR_HPNR_LCV_with_funder_quote_addition_with_maintenance_Test" name="aquisition_quotes_HPNR_HPNR_customer_quote_monthly_total_payment_after_balloon_payment_off_with_maintenance_test" time="21.514"/>
  <testcase classname="newLCV.HPNR.Acquisition_Quotes_HPNR_HPNR_LCV_with_funder_quote_addition_with_maintenance_Test" name="aquisition_quotes_HPNR_HPNR_quote_summary_values_verification_with_maintenance_test" time="255.023"/>
  <testcase classname="newLCV.HPNR.Acquisition_Quotes_HPNR_PCH_LCV_with_funder_quote_addition_with_maintenance_Test" name="aquisition_quotes_HPNR_PCH_OTR_calculation_with_maintenance_test" time="114.483"/>
  <testcase classname="newLCV.HPNR.Acquisition_Quotes_HPNR_PCH_LCV_with_funder_quote_addition_with_maintenance_Test" name="aquisition_quotes_HPNR_PCH_after_discount_calculations_with_maintenance_test" time="4.463"/>
  <testcase classname="newLCV.HPNR.Acquisition_Quotes_HPNR_PCH_LCV_with_funder_quote_addition_with_maintenance_Test" name="aquisition_quotes_HPNR_PCH_holding_cost_calculations_with_maintenance_test" time="33.426"/>
  <testcase classname="newLCV.HPNR.Acquisition_Quotes_HPNR_PCH_LCV_with_funder_quote_addition_with_maintenance_Test" name="aquisition_quotes_HPNR_PCH_customer_quote_payment_profile_calculations_with_maintenance_test" time="123.592"/>
  <testcase classname="newLCV.HPNR.Acquisition_Quotes_HPNR_PCH_LCV_with_funder_quote_addition_with_maintenance_Test" name="aquisition_quotes_HPNR_PCH_quote_summary_values_verification_with_maintenance_test" time="284.563"/>
  <testcase classname="newLCV.HPNR.Acquisition_Quotes_HPNR_HPNR_LCV_with_funder_quote_addition_without_maintenance_Test" name="aquisition_quotes_HPNR_HPNR_OTR_calculation_without_maintenance_test" time="113.14"/>
  <testcase classname="newLCV.HPNR.Acquisition_Quotes_HPNR_HPNR_LCV_with_funder_quote_addition_without_maintenance_Test" name="aquisition_quotes_HPNR_HPNR_after_discount_calculations_without_maintenance_test" time="4.566"/>
  <testcase classname="newLCV.HPNR.Acquisition_Quotes_HPNR_HPNR_LCV_with_funder_quote_addition_without_maintenance_Test" name="aquisition_quotes_HPNR_HPNR_holding_cost_calculations_without_maintenance_test" time="23.261"/>
  <testcase classname="newLCV.HPNR.Acquisition_Quotes_HPNR_HPNR_LCV_with_funder_quote_addition_without_maintenance_Test" name="aquisition_quotes_HPNR_HPNR_customer_quote_calculations_check_monthly_finance_payment_without_maintenance_test" time="44.774"/>
  <testcase classname="newLCV.HPNR.Acquisition_Quotes_HPNR_HPNR_LCV_with_funder_quote_addition_without_maintenance_Test" name="aquisition_quotes_HPNR_HPNR_customer_quote_monthly_finance_payment_after_balloon_payment_off_without_maintenance_test" time="18.429"/>
  <testcase classname="newLCV.HPNR.Acquisition_Quotes_HPNR_HPNR_LCV_with_funder_quote_addition_without_maintenance_Test" name="aquisition_quotes_HPNR_HPNR_quote_summary_values_verification_without_maintenance_test" time="237.876"/>
  <testcase classname="newLCV.FL.Acquisition_Quotes_FL_BCH_LCV_without_maintenance_Test" name="aquisition_quotes_FL_BCH_OTR_calculation_without_maintenance_test" time="113.882"/>
  <testcase classname="newLCV.FL.Acquisition_Quotes_FL_BCH_LCV_without_maintenance_Test" name="aquisition_quotes_FL_BCH_after_discount_calculations_without_maintenance_test" time="4.602"/>
  <testcase classname="newLCV.FL.Acquisition_Quotes_FL_BCH_LCV_without_maintenance_Test" name="aquisition_quotes_FL_BCH_holding_cost_calculations_without_maintenance_test" time="64.64"/>
  <testcase classname="newLCV.FL.Acquisition_Quotes_FL_BCH_LCV_without_maintenance_Test" name="aquisition_quotes_FL_BCH_customer_quote_payment_profile_calculations_without_maintenance_test" time="90.485"/>
  <testcase classname="newLCV.FL.Acquisition_Quotes_FL_BCH_LCV_without_maintenance_Test" name="aquisition_quotes_FL_BCH_quote_summary_values_verification_without_maintenance_test" time="114.528">
    <failure type="java.lang.AssertionError" message="expected [true] but found [false]">
      <![CDATA[java.lang.AssertionError: expected [true] but found [false]
at newLCV.FL.Acquisition_Quotes_FL_BCH_LCV_without_maintenance_Test.aquisition_quotes_FL_BCH_quote_summary_values_verification_without_maintenance_test(Acquisition_Quotes_FL_BCH_LCV_without_maintenance_Test.java:195)
at java.base/java.util.ArrayList.forEach(ArrayList.java:1511)
... Removed 29 stack frames]]>
    </failure>
  </testcase> <!-- aquisition_quotes_FL_BCH_quote_summary_values_verification_without_maintenance_test -->
  <testcase classname="newLCV.OP.Acquisition_Quotes_Outright_BCH_LCV_without_maintenance_Test" name="aquisition_quotes_outright_BCH_OTR_calculation_without_maintenance_test" time="111.584"/>
  <testcase classname="newLCV.OP.Acquisition_Quotes_Outright_BCH_LCV_without_maintenance_Test" name="aquisition_quotes_outright_BCH_after_discount_calculations_without_maintenance_test" time="4.679"/>
  <testcase classname="newLCV.OP.Acquisition_Quotes_Outright_BCH_LCV_without_maintenance_Test" name="aquisition_quotes_outright_BCH_other_support_check_with_maintenance_test" time="22.028"/>
  <testcase classname="newLCV.OP.Acquisition_Quotes_Outright_BCH_LCV_without_maintenance_Test" name="aquisition_quotes_outright_BCH_holding_cost_calculations_without_maintenance_test" time="57.902"/>
  <testcase classname="newLCV.OP.Acquisition_Quotes_Outright_BCH_LCV_without_maintenance_Test" name="aquisition_quotes_outright_BCH_customer_quote_payment_profile_calculations_without_maintenance_test" time="200.45"/>
  <testcase classname="newLCV.OP.Acquisition_Quotes_Outright_BCH_LCV_without_maintenance_Test" name="aquisition_quotes_outright_BCH_quote_summary_values_verification_without_maintenance_test" time="109.245"/>
  <testcase classname="newLCV.BROKER.Acquisition_Quotes_Broker_CP_LCV_with_maintenance_Test" name="aquisition_quotes_user_flow_broker_CP_OTR_calculation_with_maintenance_test" time="120.987"/>
  <testcase classname="newLCV.BROKER.Acquisition_Quotes_Broker_CP_LCV_with_maintenance_Test" name="aquisition_quotes_user_flow_broker_CP_after_discount_calculations_with_maintenance_test" time="4.413"/>
  <testcase classname="newLCV.BROKER.Acquisition_Quotes_Broker_CP_LCV_with_maintenance_Test" name="aquisition_quotes_user_flow_broker_CP_vehicle_profit_check_with_maintenance_test" time="18.68"/>
  <testcase classname="newLCV.BROKER.Acquisition_Quotes_Broker_CP_LCV_with_maintenance_Test" name="aquisition_quotes_user_flow_broker_CP_balance_to_finance_check_with_maintenance_test" time="45.017"/>
  <testcase classname="newLCV.BROKER.Acquisition_Quotes_Broker_CP_LCV_with_maintenance_Test" name="aquisition_quotes_user_flow_broker_CP_quote_summary_values_verification_with_maintenance_test" time="22.525"/>
  <testcase classname="newLCV.OP.Acquisition_Quotes_Outright_FL_LCV_without_maintenance_Test" name="aquisition_quotes_outright_FL_OTR_calculation_without_maintenance_test" time="112.113"/>
  <testcase classname="newLCV.OP.Acquisition_Quotes_Outright_FL_LCV_without_maintenance_Test" name="aquisition_quotes_outright_FL_after_discount_calculations_without_maintenance_test" time="4.429"/>
  <testcase classname="newLCV.OP.Acquisition_Quotes_Outright_FL_LCV_without_maintenance_Test" name="aquisition_quotes_outright_FL_other_support_check_without_maintenance_test" time="22.142"/>
  <testcase classname="newLCV.OP.Acquisition_Quotes_Outright_FL_LCV_without_maintenance_Test" name="aquisition_quotes_outright_FL_holding_cost_calculations_without_maintenance_test" time="51.526"/>
  <testcase classname="newLCV.OP.Acquisition_Quotes_Outright_FL_LCV_without_maintenance_Test" name="aquisition_quotes_outright_FL_customer_quote_payment_profile_calculations_without_maintenance_test" time="106.35"/>
  <testcase classname="newLCV.OP.Acquisition_Quotes_Outright_FL_LCV_without_maintenance_Test" name="aquisition_quotes_outright_FL_quote_summary_values_verification_without_maintenance_test" time="104.399"/>
  <testcase classname="newLCV.HPNR.Acquisition_Quotes_HPNR_PCH_LCV_with_maintenance_Test" name="aquisition_quotes_HPNR_PCH_OTR_calculation_with_maintenance_test" time="113.04"/>
  <testcase classname="newLCV.HPNR.Acquisition_Quotes_HPNR_PCH_LCV_with_maintenance_Test" name="aquisition_quotes_HPNR_PCH_after_discount_calculations_with_maintenance_test" time="4.501"/>
  <testcase classname="newLCV.HPNR.Acquisition_Quotes_HPNR_PCH_LCV_with_maintenance_Test" name="aquisition_quotes_HPNR_PCH_other_support_check_with_maintenance_test" time="22.488"/>
  <testcase classname="newLCV.HPNR.Acquisition_Quotes_HPNR_PCH_LCV_with_maintenance_Test" name="aquisition_quotes_HPNR_PCH_holding_cost_calculations_with_maintenance_test" time="69.937"/>
  <testcase classname="newLCV.HPNR.Acquisition_Quotes_HPNR_PCH_LCV_with_maintenance_Test" name="aquisition_quotes_HPNR_PCH_customer_quote_payment_profile_calculations_with_maintenance_test" time="119.42">
    <failure type="org.openqa.selenium.TimeoutException" message="Expected condition failed: waiting for visibility of Proxy element for: DefaultElementLocator &amp;apos;By.xpath: //*[normalize-space()=&amp;apos;Monthly maint. payment&amp;apos;]//ancestor::div[1]//div//p//strong|//*[normalize-space()=&amp;apos;Monthly maint. rental&amp;apos;]//ancestor::div[1]//div//p//strong&amp;apos; (tried for 60 second(s) with 500 milliseconds interval)">
      <![CDATA[org.openqa.selenium.TimeoutException: Expected condition failed: waiting for visibility of Proxy element for: DefaultElementLocator 'By.xpath: //*[normalize-space()='Monthly maint. payment']//ancestor::div[1]//div//p//strong|//*[normalize-space()='Monthly maint. rental']//ancestor::div[1]//div//p//strong' (tried for 60 second(s) with 500 milliseconds interval)
at org.openqa.selenium.support.ui.WebDriverWait.timeoutException(WebDriverWait.java:138)
at org.openqa.selenium.support.ui.FluentWait.until(FluentWait.java:231)
at com.amt.testUtil.ExplicitWait.visibleElement(ExplicitWait.java:23)
at com.amt.testUtil.ReadExcelCalculation.verify_customer_quote_calculations_for_one_payment_options_with_maintenance(ReadExcelCalculation.java:3767)
at com.amt.CustomerQuotePackage.CustomerQuotePage_HPNR_PCHPage.customer_Quote_HPNR_PCH_for_one_payment_option_with_maintenance_calculation(CustomerQuotePage_HPNR_PCHPage.java:797)
at newLCV.HPNR.Acquisition_Quotes_HPNR_PCH_LCV_with_maintenance_Test.aquisition_quotes_HPNR_PCH_customer_quote_payment_profile_calculations_with_maintenance_test(Acquisition_Quotes_HPNR_PCH_LCV_with_maintenance_Test.java:193)
at java.base/java.util.ArrayList.forEach(ArrayList.java:1511)
Caused by: org.openqa.selenium.NoSuchElementException: no such element: Unable to locate element: {"method":"xpath","selector":"//*[normalize-space()='Monthly maint. payment']//ancestor::div[1]//div//p//strong|//*[normalize-space()='Monthly maint. rental']//ancestor::div[1]//div//p//strong"}
  (Session info: chrome=122.0.6261.95)
For documentation on this error, please visit: https://selenium.dev/exceptions/#no_such_element
Build info: version: '4.1.0', revision: '87802e897b'
System info: host: 'DSK-4052', ip: '172.16.1.80', os.name: 'Windows 10', os.arch: 'amd64', os.version: '10.0', java.version: '19.0.1'
Driver info: org.openqa.selenium.chrome.ChromeDriver
Command: [2599e7dc746c091091cfbadb8b676b39, findElement {using=xpath, value=//*[normalize-space()='Monthly maint. payment']//ancestor::div[1]//div//p//strong|//*[normalize-space()='Monthly maint. rental']//ancestor::div[1]//div//p//strong}]
Capabilities {acceptInsecureCerts: false, browserName: chrome, browserVersion: 122.0.6261.95, chrome: {chromedriverVersion: 121.0.6167.85 (3f98d690ad7e..., userDataDir: C:\Users\NITEIN~1.KUR\AppDa...}, fedcm:accounts: true, goog:chromeOptions: {debuggerAddress: localhost:61535}, javascriptEnabled: true, networkConnectionEnabled: false, pageLoadStrategy: normal, platform: WINDOWS, platformName: WINDOWS, proxy: Proxy(), se:cdp: ws://localhost:61535/devtoo..., se:cdpVersion: 122.0.6261.95, setWindowRect: true, strictFileInteractability: false, timeouts: {implicit: 0, pageLoad: 300000, script: 30000}, unhandledPromptBehavior: dismiss and notify, webauthn:extension:credBlob: true, webauthn:extension:largeBlob: true, webauthn:extension:minPinLength: true, webauthn:extension:prf: true, webauthn:virtualAuthenticators: true}
Session ID: 2599e7dc746c091091cfbadb8b676b39
at org.openqa.selenium.remote.codec.w3c.W3CHttpResponseCodec.createException(W3CHttpResponseCodec.java:200)
at org.openqa.selenium.remote.codec.w3c.W3CHttpResponseCodec.decode(W3CHttpResponseCodec.java:133)
at org.openqa.selenium.remote.codec.w3c.W3CHttpResponseCodec.decode(W3CHttpResponseCodec.java:53)
at org.openqa.selenium.remote.HttpCommandExecutor.execute(HttpCommandExecutor.java:184)
at org.openqa.selenium.remote.service.DriverCommandExecutor.invokeExecute(DriverCommandExecutor.java:164)
at org.openqa.selenium.remote.service.DriverCommandExecutor.execute(DriverCommandExecutor.java:139)
at org.openqa.selenium.remote.RemoteWebDriver.execute(RemoteWebDriver.java:559)
at org.openqa.selenium.remote.ElementLocation$ElementFinder$2.findElement(ElementLocation.java:162)
at org.openqa.selenium.remote.ElementLocation.findElement(ElementLocation.java:60)
at org.openqa.selenium.remote.RemoteWebDriver.findElement(RemoteWebDriver.java:383)
at org.openqa.selenium.remote.RemoteWebDriver.findElement(RemoteWebDriver.java:375)
at org.openqa.selenium.support.pagefactory.DefaultElementLocator.findElement(DefaultElementLocator.java:70)
at org.openqa.selenium.support.pagefactory.internal.LocatingElementHandler.invoke(LocatingElementHandler.java:39)
at jdk.proxy2/jdk.proxy2.$Proxy23.isDisplayed(Unknown Source)
at org.openqa.selenium.support.ui.ExpectedConditions.elementIfVisible(ExpectedConditions.java:307)
at org.openqa.selenium.support.ui.ExpectedConditions.access$000(ExpectedConditions.java:40)
at org.openqa.selenium.support.ui.ExpectedConditions$10.apply(ExpectedConditions.java:293)
at org.openqa.selenium.support.ui.ExpectedConditions$10.apply(ExpectedConditions.java:290)
at org.openqa.selenium.support.ui.FluentWait.until(FluentWait.java:208)
... 30 more
... Removed 28 stack frames]]>
    </failure>
  </testcase> <!-- aquisition_quotes_HPNR_PCH_customer_quote_payment_profile_calculations_with_maintenance_test -->
  <testcase classname="newLCV.HPNR.Acquisition_Quotes_HPNR_PCH_LCV_with_maintenance_Test" name="aquisition_quotes_HPNR_PCH_quote_summary_values_verification_with_maintenance_test" time="0.0">
    <skipped/>
  </testcase> <!-- aquisition_quotes_HPNR_PCH_quote_summary_values_verification_with_maintenance_test -->
  <testcase classname="newLCV.HPNR.Acquisition_Quotes_HPNR_FL_LCV_with_funder_quote_addition_without_maintenance_Test" name="aquisition_quotes_HPNR_FL_OTR_calculation_without_maintenance_test" time="111.855"/>
  <testcase classname="newLCV.HPNR.Acquisition_Quotes_HPNR_FL_LCV_with_funder_quote_addition_without_maintenance_Test" name="aquisition_quotes_HPNR_FL_after_discount_calculations_without_maintenance_test" time="4.577"/>
  <testcase classname="newLCV.HPNR.Acquisition_Quotes_HPNR_FL_LCV_with_funder_quote_addition_without_maintenance_Test" name="aquisition_quotes_HPNR_FL_holding_cost_calculations_without_maintenance_test" time="25.238"/>
  <testcase classname="newLCV.HPNR.Acquisition_Quotes_HPNR_FL_LCV_with_funder_quote_addition_without_maintenance_Test" name="aquisition_quotes_HPNR_FL_customer_quote_payment_profile_calculations_without_maintenance_test" time="92.666"/>
  <testcase classname="newLCV.HPNR.Acquisition_Quotes_HPNR_FL_LCV_with_funder_quote_addition_without_maintenance_Test" name="aquisition_quotes_HPNR_FL_quote_summary_values_verification_without_maintenance_test" time="105.353">
    <failure type="java.lang.AssertionError" message="expected [true] but found [false]">
      <![CDATA[java.lang.AssertionError: expected [true] but found [false]
at newLCV.HPNR.Acquisition_Quotes_HPNR_FL_LCV_with_funder_quote_addition_without_maintenance_Test.aquisition_quotes_HPNR_FL_quote_summary_values_verification_without_maintenance_test(Acquisition_Quotes_HPNR_FL_LCV_with_funder_quote_addition_without_maintenance_Test.java:209)
at java.base/java.util.ArrayList.forEach(ArrayList.java:1511)
... Removed 29 stack frames]]>
    </failure>
  </testcase> <!-- aquisition_quotes_HPNR_FL_quote_summary_values_verification_without_maintenance_test -->
  <testcase classname="newLCV.FL.Acquisition_Quotes_FL_PCH_LCV_without_maintenance_Test" name="aquisition_quotes_FL_PCH_OTR_calculation_without_maintenance_test" time="109.869"/>
  <testcase classname="newLCV.FL.Acquisition_Quotes_FL_PCH_LCV_without_maintenance_Test" name="aquisition_quotes_FL_PCH_after_discount_calculations_without_maintenance_test" time="4.545"/>
  <testcase classname="newLCV.FL.Acquisition_Quotes_FL_PCH_LCV_without_maintenance_Test" name="aquisition_quotes_FL_PCH_holding_cost_calculations_without_maintenance_test" time="57.713"/>
  <testcase classname="newLCV.FL.Acquisition_Quotes_FL_PCH_LCV_without_maintenance_Test" name="aquisition_quotes_FL_PCH_customer_quote_payment_profile_calculations_without_maintenance_test" time="89.876"/>
  <testcase classname="newLCV.FL.Acquisition_Quotes_FL_PCH_LCV_without_maintenance_Test" name="aquisition_quotes_FL_PCH_quote_summary_values_verification_without_maintenance_test" time="191.833"/>
  <testcase classname="newLCV.HPNR.Acquisition_Quotes_HPNR_BCH_LCV_with_funder_quote_addition_with_maintenance_Test" name="aquisition_quotes_HPNR_BCH_OTR_calculation_with_maintenance_test" time="114.684"/>
  <testcase classname="newLCV.HPNR.Acquisition_Quotes_HPNR_BCH_LCV_with_funder_quote_addition_with_maintenance_Test" name="aquisition_quotes_HPNR_BCH_after_discount_calculations_with_maintenance_test" time="4.577"/>
  <testcase classname="newLCV.HPNR.Acquisition_Quotes_HPNR_BCH_LCV_with_funder_quote_addition_with_maintenance_Test" name="aquisition_quotes_HPNR_BCH_holding_cost_calculations_with_maintenance_test" time="35.564"/>
  <testcase classname="newLCV.HPNR.Acquisition_Quotes_HPNR_BCH_LCV_with_funder_quote_addition_with_maintenance_Test" name="aquisition_quotes_HPNR_BCH_customer_quote_payment_profile_calculations_with_maintenance_test" time="130.259"/>
  <testcase classname="newLCV.HPNR.Acquisition_Quotes_HPNR_BCH_LCV_with_funder_quote_addition_with_maintenance_Test" name="aquisition_quotes_HPNR_BCH_quote_summary_values_verification_with_maintenance_test" time="280.129"/>
  <testcase classname="newLCV.OP.Acquisition_Quotes_Outright_BCH_LCV_with_maintenance_Test" name="aquisition_quotes_outright_BCH_OTR_calculation_with_maintenance_test" time="112.228"/>
  <testcase classname="newLCV.OP.Acquisition_Quotes_Outright_BCH_LCV_with_maintenance_Test" name="aquisition_quotes_outright_BCH_after_discount_calculations_with_maintenance_test" time="4.351"/>
  <testcase classname="newLCV.OP.Acquisition_Quotes_Outright_BCH_LCV_with_maintenance_Test" name="aquisition_quotes_outright_BCH_other_support_check_with_maintenance_test" time="21.879"/>
  <testcase classname="newLCV.OP.Acquisition_Quotes_Outright_BCH_LCV_with_maintenance_Test" name="aquisition_quotes_outright_BCH_holding_cost_calculations_with_maintenance_test" time="69.109"/>
  <testcase classname="newLCV.OP.Acquisition_Quotes_Outright_BCH_LCV_with_maintenance_Test" name="aquisition_quotes_outright_BCH_customer_quote_payment_profile_calculations_with_maintenance_test" time="117.089">
    <failure type="org.openqa.selenium.TimeoutException" message="Expected condition failed: waiting for visibility of Proxy element for: DefaultElementLocator &amp;apos;By.xpath: //*[normalize-space()=&amp;apos;Monthly maint. payment&amp;apos;]//ancestor::div[1]//div//p//strong|//*[normalize-space()=&amp;apos;Monthly maint. rental&amp;apos;]//ancestor::div[1]//div//p//strong&amp;apos; (tried for 60 second(s) with 500 milliseconds interval)">
      <![CDATA[org.openqa.selenium.TimeoutException: Expected condition failed: waiting for visibility of Proxy element for: DefaultElementLocator 'By.xpath: //*[normalize-space()='Monthly maint. payment']//ancestor::div[1]//div//p//strong|//*[normalize-space()='Monthly maint. rental']//ancestor::div[1]//div//p//strong' (tried for 60 second(s) with 500 milliseconds interval)
at org.openqa.selenium.support.ui.WebDriverWait.timeoutException(WebDriverWait.java:138)
at org.openqa.selenium.support.ui.FluentWait.until(FluentWait.java:231)
at com.amt.testUtil.ExplicitWait.visibleElement(ExplicitWait.java:23)
at com.amt.testUtil.ReadExcelCalculation.verify_customer_quote_calculations_for_one_payment_options_with_maintenance(ReadExcelCalculation.java:3767)
at com.amt.CustomerQuotePackage.CustomerQuotePageOutrightBCHPage.customer_Quote_outright_BCH_for_one_payment_option_with_maintenance_calculation(CustomerQuotePageOutrightBCHPage.java:634)
at newLCV.OP.Acquisition_Quotes_Outright_BCH_LCV_with_maintenance_Test.aquisition_quotes_outright_BCH_customer_quote_payment_profile_calculations_with_maintenance_test(Acquisition_Quotes_Outright_BCH_LCV_with_maintenance_Test.java:175)
at java.base/java.util.ArrayList.forEach(ArrayList.java:1511)
Caused by: org.openqa.selenium.NoSuchElementException: no such element: Unable to locate element: {"method":"xpath","selector":"//*[normalize-space()='Monthly maint. payment']//ancestor::div[1]//div//p//strong|//*[normalize-space()='Monthly maint. rental']//ancestor::div[1]//div//p//strong"}
  (Session info: chrome=122.0.6261.95)
For documentation on this error, please visit: https://selenium.dev/exceptions/#no_such_element
Build info: version: '4.1.0', revision: '87802e897b'
System info: host: 'DSK-4052', ip: '172.16.1.80', os.name: 'Windows 10', os.arch: 'amd64', os.version: '10.0', java.version: '19.0.1'
Driver info: org.openqa.selenium.chrome.ChromeDriver
Command: [8809bcdf75d1b2e4367848ca1ac99974, findElement {using=xpath, value=//*[normalize-space()='Monthly maint. payment']//ancestor::div[1]//div//p//strong|//*[normalize-space()='Monthly maint. rental']//ancestor::div[1]//div//p//strong}]
Capabilities {acceptInsecureCerts: false, browserName: chrome, browserVersion: 122.0.6261.95, chrome: {chromedriverVersion: 121.0.6167.85 (3f98d690ad7e..., userDataDir: C:\Users\NITEIN~1.KUR\AppDa...}, fedcm:accounts: true, goog:chromeOptions: {debuggerAddress: localhost:62176}, javascriptEnabled: true, networkConnectionEnabled: false, pageLoadStrategy: normal, platform: WINDOWS, platformName: WINDOWS, proxy: Proxy(), se:cdp: ws://localhost:62176/devtoo..., se:cdpVersion: 122.0.6261.95, setWindowRect: true, strictFileInteractability: false, timeouts: {implicit: 0, pageLoad: 300000, script: 30000}, unhandledPromptBehavior: dismiss and notify, webauthn:extension:credBlob: true, webauthn:extension:largeBlob: true, webauthn:extension:minPinLength: true, webauthn:extension:prf: true, webauthn:virtualAuthenticators: true}
Session ID: 8809bcdf75d1b2e4367848ca1ac99974
at org.openqa.selenium.remote.codec.w3c.W3CHttpResponseCodec.createException(W3CHttpResponseCodec.java:200)
at org.openqa.selenium.remote.codec.w3c.W3CHttpResponseCodec.decode(W3CHttpResponseCodec.java:133)
at org.openqa.selenium.remote.codec.w3c.W3CHttpResponseCodec.decode(W3CHttpResponseCodec.java:53)
at org.openqa.selenium.remote.HttpCommandExecutor.execute(HttpCommandExecutor.java:184)
at org.openqa.selenium.remote.service.DriverCommandExecutor.invokeExecute(DriverCommandExecutor.java:164)
at org.openqa.selenium.remote.service.DriverCommandExecutor.execute(DriverCommandExecutor.java:139)
at org.openqa.selenium.remote.RemoteWebDriver.execute(RemoteWebDriver.java:559)
at org.openqa.selenium.remote.ElementLocation$ElementFinder$2.findElement(ElementLocation.java:162)
at org.openqa.selenium.remote.ElementLocation.findElement(ElementLocation.java:60)
at org.openqa.selenium.remote.RemoteWebDriver.findElement(RemoteWebDriver.java:383)
at org.openqa.selenium.remote.RemoteWebDriver.findElement(RemoteWebDriver.java:375)
at org.openqa.selenium.support.pagefactory.DefaultElementLocator.findElement(DefaultElementLocator.java:70)
at org.openqa.selenium.support.pagefactory.internal.LocatingElementHandler.invoke(LocatingElementHandler.java:39)
at jdk.proxy2/jdk.proxy2.$Proxy23.isDisplayed(Unknown Source)
at org.openqa.selenium.support.ui.ExpectedConditions.elementIfVisible(ExpectedConditions.java:307)
at org.openqa.selenium.support.ui.ExpectedConditions.access$000(ExpectedConditions.java:40)
at org.openqa.selenium.support.ui.ExpectedConditions$10.apply(ExpectedConditions.java:293)
at org.openqa.selenium.support.ui.ExpectedConditions$10.apply(ExpectedConditions.java:290)
at org.openqa.selenium.support.ui.FluentWait.until(FluentWait.java:208)
... 30 more
... Removed 28 stack frames]]>
    </failure>
  </testcase> <!-- aquisition_quotes_outright_BCH_customer_quote_payment_profile_calculations_with_maintenance_test -->
  <testcase classname="newLCV.OP.Acquisition_Quotes_Outright_BCH_LCV_with_maintenance_Test" name="aquisition_quotes_outright_BCH_quote_summary_values_verification_with_maintenance_test" time="0.0">
    <skipped/>
  </testcase> <!-- aquisition_quotes_outright_BCH_quote_summary_values_verification_with_maintenance_test -->
  <testcase classname="newLCV.OP.Acquisition_Quotes_Outright_PCH_LCV_without_maintenance_Test" name="aquisition_quotes_outright_PCH_OTR_calculation_without_maintenance_test" time="112.134"/>
  <testcase classname="newLCV.OP.Acquisition_Quotes_Outright_PCH_LCV_without_maintenance_Test" name="aquisition_quotes_outright_PCH_after_discount_calculations_without_maintenance_test" time="4.449"/>
  <testcase classname="newLCV.OP.Acquisition_Quotes_Outright_PCH_LCV_without_maintenance_Test" name="aquisition_quotes_outright_PCH_other_support_check_without_maintenance_test" time="21.819"/>
  <testcase classname="newLCV.OP.Acquisition_Quotes_Outright_PCH_LCV_without_maintenance_Test" name="aquisition_quotes_outright_PCH_holding_cost_calculations_without_maintenance_test" time="59.634"/>
  <testcase classname="newLCV.OP.Acquisition_Quotes_Outright_PCH_LCV_without_maintenance_Test" name="aquisition_quotes_outright_PCH_customer_quote_payment_profile_calculations_without_maintenance_test" time="207.369"/>
  <testcase classname="newLCV.OP.Acquisition_Quotes_Outright_PCH_LCV_without_maintenance_Test" name="aquisition_quotes_outright_PCH_quote_summary_values_verification_without_maintenance_test" time="98.413"/>
  <testcase classname="newLCV.OP.Acquisition_Quotes_Outright_PCP_LCV_with_maintenance_Test" name="aquisition_quotes_outright_PCP_OTR_calculation_with_maintenance_test" time="112.876"/>
  <testcase classname="newLCV.OP.Acquisition_Quotes_Outright_PCP_LCV_with_maintenance_Test" name="aquisition_quotes_outright_PCP_after_discount_calculations_with_maintenance_test" time="4.539"/>
  <testcase classname="newLCV.OP.Acquisition_Quotes_Outright_PCP_LCV_with_maintenance_Test" name="aquisition_quotes_outright_PCP_holding_cost_calculations_with_maintenance_test" time="54.514"/>
  <testcase classname="newLCV.OP.Acquisition_Quotes_Outright_PCP_LCV_with_maintenance_Test" name="aquisition_quotes_outright_PCP_customer_quote_calculations_check_monthly_finance_payment_with_maintenance_test" time="126.606"/>
  <testcase classname="newLCV.OP.Acquisition_Quotes_Outright_PCP_LCV_with_maintenance_Test" name="aquisition_quotes_outright_PCP_customer_quote_vehicle_profit_edit_check_with_maintenance_test" time="43.013"/>
  <testcase classname="newLCV.OP.Acquisition_Quotes_Outright_PCP_LCV_with_maintenance_Test" name="aquisition_quotes_outright_PCP_customer_quote_part_exchange_value_edit_check_with_maintenance_test" time="73.031"/>
  <testcase classname="newLCV.OP.Acquisition_Quotes_Outright_PCP_LCV_with_maintenance_Test" name="aquisition_quotes_outright_PCP_quote_summary_values_verification_with_maintenance_test" time="141.643"/>
  <testcase classname="newLCV.CP.Acquisition_Quotes_CP_CP_LCV_with_funder_quote_addition_without_maintenance_Test" name="aquisition_quotes_CP_CP_OTR_calculation_without_maintenance_test" time="112.012"/>
  <testcase classname="newLCV.CP.Acquisition_Quotes_CP_CP_LCV_with_funder_quote_addition_without_maintenance_Test" name="aquisition_quotes_CP_CP_after_discount_calculations_without_maintenance_test" time="4.278"/>
  <testcase classname="newLCV.CP.Acquisition_Quotes_CP_CP_LCV_with_funder_quote_addition_without_maintenance_Test" name="aquisition_quotes_CP_CP_holding_cost_calculations_without_maintenance_test" time="23.264"/>
  <testcase classname="newLCV.CP.Acquisition_Quotes_CP_CP_LCV_with_funder_quote_addition_without_maintenance_Test" name="aquisition_quotes_CP_CP_customer_quote_calculations_check_monthly_finance_payment_without_maintenance_test" time="29.947"/>
  <testcase classname="newLCV.CP.Acquisition_Quotes_CP_CP_LCV_with_funder_quote_addition_without_maintenance_Test" name="aquisition_quotes_CP_CP_quote_summary_values_verification_without_maintenance_test" time="230.914"/>
  <testcase classname="newLCV.BROKER.Acquisition_Quotes_Broker_BCH_LCV_with_maintenance_Test" name="aquisition_quotes_user_flow_broker_bch_OTR_calculation_with_maintenance_test" time="118.441"/>
  <testcase classname="newLCV.BROKER.Acquisition_Quotes_Broker_BCH_LCV_with_maintenance_Test" name="aquisition_quotes_user_flow_broker_bch_after_discount_calculations_with_maintenance_test" time="4.329"/>
  <testcase classname="newLCV.BROKER.Acquisition_Quotes_Broker_BCH_LCV_with_maintenance_Test" name="aquisition_quotes_user_flow_broker_bch_funder_quote_addition_with_maintenance_test" time="50.053"/>
  <testcase classname="newLCV.BROKER.Acquisition_Quotes_Broker_BCH_LCV_with_maintenance_Test" name="aquisition_quotes_user_flow_broker_bch_quote_summary_values_verification_with_maintenance_test" time="34.354"/>
  <testcase classname="newLCV.OP.Acquisition_Quotes_Outright_FL_LCV_with_maintenance_Test" name="aquisition_quotes_outright_FL_OTR_calculation_with_maintenance_test" time="114.628"/>
  <testcase classname="newLCV.OP.Acquisition_Quotes_Outright_FL_LCV_with_maintenance_Test" name="aquisition_quotes_outright_FL_after_discount_calculations_with_maintenance_test" time="4.66"/>
  <testcase classname="newLCV.OP.Acquisition_Quotes_Outright_FL_LCV_with_maintenance_Test" name="aquisition_quotes_outright_FL_other_support_check_with_maintenance_test" time="21.804"/>
  <testcase classname="newLCV.OP.Acquisition_Quotes_Outright_FL_LCV_with_maintenance_Test" name="aquisition_quotes_outright_FL_holding_cost_calculations_with_maintenance_test" time="66.223"/>
  <testcase classname="newLCV.OP.Acquisition_Quotes_Outright_FL_LCV_with_maintenance_Test" name="aquisition_quotes_outright_FL_customer_quote_payment_profile_calculations_with_maintenance_test" time="118.328">
    <failure type="org.openqa.selenium.TimeoutException" message="Expected condition failed: waiting for visibility of Proxy element for: DefaultElementLocator &amp;apos;By.xpath: //*[normalize-space()=&amp;apos;Monthly maint. payment&amp;apos;]//ancestor::div[1]//div//p//strong|//*[normalize-space()=&amp;apos;Monthly maint. rental&amp;apos;]//ancestor::div[1]//div//p//strong&amp;apos; (tried for 60 second(s) with 500 milliseconds interval)">
      <![CDATA[org.openqa.selenium.TimeoutException: Expected condition failed: waiting for visibility of Proxy element for: DefaultElementLocator 'By.xpath: //*[normalize-space()='Monthly maint. payment']//ancestor::div[1]//div//p//strong|//*[normalize-space()='Monthly maint. rental']//ancestor::div[1]//div//p//strong' (tried for 60 second(s) with 500 milliseconds interval)
at org.openqa.selenium.support.ui.WebDriverWait.timeoutException(WebDriverWait.java:138)
at org.openqa.selenium.support.ui.FluentWait.until(FluentWait.java:231)
at com.amt.testUtil.ExplicitWait.visibleElement(ExplicitWait.java:23)
at com.amt.testUtil.ReadExcelCalculation.verify_customer_quote_calculations_for_one_payment_options_with_maintenance(ReadExcelCalculation.java:3767)
at com.amt.CustomerQuotePackage.CustomerQuotePageOutrightFLPage.customer_Quote_outright_FL_for_one_payment_option_with_maintenance_calculation(CustomerQuotePageOutrightFLPage.java:792)
at newLCV.OP.Acquisition_Quotes_Outright_FL_LCV_with_maintenance_Test.aquisition_quotes_outright_FL_customer_quote_payment_profile_calculations_with_maintenance_test(Acquisition_Quotes_Outright_FL_LCV_with_maintenance_Test.java:154)
at java.base/java.util.ArrayList.forEach(ArrayList.java:1511)
Caused by: org.openqa.selenium.NoSuchElementException: no such element: Unable to locate element: {"method":"xpath","selector":"//*[normalize-space()='Monthly maint. payment']//ancestor::div[1]//div//p//strong|//*[normalize-space()='Monthly maint. rental']//ancestor::div[1]//div//p//strong"}
  (Session info: chrome=122.0.6261.95)
For documentation on this error, please visit: https://selenium.dev/exceptions/#no_such_element
Build info: version: '4.1.0', revision: '87802e897b'
System info: host: 'DSK-4052', ip: '172.16.1.80', os.name: 'Windows 10', os.arch: 'amd64', os.version: '10.0', java.version: '19.0.1'
Driver info: org.openqa.selenium.chrome.ChromeDriver
Command: [da2f6c0a818812eddb94df9b55d57acb, findElement {using=xpath, value=//*[normalize-space()='Monthly maint. payment']//ancestor::div[1]//div//p//strong|//*[normalize-space()='Monthly maint. rental']//ancestor::div[1]//div//p//strong}]
Capabilities {acceptInsecureCerts: false, browserName: chrome, browserVersion: 122.0.6261.95, chrome: {chromedriverVersion: 121.0.6167.85 (3f98d690ad7e..., userDataDir: C:\Users\NITEIN~1.KUR\AppDa...}, fedcm:accounts: true, goog:chromeOptions: {debuggerAddress: localhost:63259}, javascriptEnabled: true, networkConnectionEnabled: false, pageLoadStrategy: normal, platform: WINDOWS, platformName: WINDOWS, proxy: Proxy(), se:cdp: ws://localhost:63259/devtoo..., se:cdpVersion: 122.0.6261.95, setWindowRect: true, strictFileInteractability: false, timeouts: {implicit: 0, pageLoad: 300000, script: 30000}, unhandledPromptBehavior: dismiss and notify, webauthn:extension:credBlob: true, webauthn:extension:largeBlob: true, webauthn:extension:minPinLength: true, webauthn:extension:prf: true, webauthn:virtualAuthenticators: true}
Session ID: da2f6c0a818812eddb94df9b55d57acb
at org.openqa.selenium.remote.codec.w3c.W3CHttpResponseCodec.createException(W3CHttpResponseCodec.java:200)
at org.openqa.selenium.remote.codec.w3c.W3CHttpResponseCodec.decode(W3CHttpResponseCodec.java:133)
at org.openqa.selenium.remote.codec.w3c.W3CHttpResponseCodec.decode(W3CHttpResponseCodec.java:53)
at org.openqa.selenium.remote.HttpCommandExecutor.execute(HttpCommandExecutor.java:184)
at org.openqa.selenium.remote.service.DriverCommandExecutor.invokeExecute(DriverCommandExecutor.java:164)
at org.openqa.selenium.remote.service.DriverCommandExecutor.execute(DriverCommandExecutor.java:139)
at org.openqa.selenium.remote.RemoteWebDriver.execute(RemoteWebDriver.java:559)
at org.openqa.selenium.remote.ElementLocation$ElementFinder$2.findElement(ElementLocation.java:162)
at org.openqa.selenium.remote.ElementLocation.findElement(ElementLocation.java:60)
at org.openqa.selenium.remote.RemoteWebDriver.findElement(RemoteWebDriver.java:383)
at org.openqa.selenium.remote.RemoteWebDriver.findElement(RemoteWebDriver.java:375)
at org.openqa.selenium.support.pagefactory.DefaultElementLocator.findElement(DefaultElementLocator.java:70)
at org.openqa.selenium.support.pagefactory.internal.LocatingElementHandler.invoke(LocatingElementHandler.java:39)
at jdk.proxy2/jdk.proxy2.$Proxy23.isDisplayed(Unknown Source)
at org.openqa.selenium.support.ui.ExpectedConditions.elementIfVisible(ExpectedConditions.java:307)
at org.openqa.selenium.support.ui.ExpectedConditions.access$000(ExpectedConditions.java:40)
at org.openqa.selenium.support.ui.ExpectedConditions$10.apply(ExpectedConditions.java:293)
at org.openqa.selenium.support.ui.ExpectedConditions$10.apply(ExpectedConditions.java:290)
at org.openqa.selenium.support.ui.FluentWait.until(FluentWait.java:208)
... 30 more
... Removed 28 stack frames]]>
    </failure>
  </testcase> <!-- aquisition_quotes_outright_FL_customer_quote_payment_profile_calculations_with_maintenance_test -->
  <testcase classname="newLCV.OP.Acquisition_Quotes_Outright_FL_LCV_with_maintenance_Test" name="aquisition_quotes_outright_FL_quote_summary_values_verification_with_maintenance_test" time="0.0">
    <skipped/>
  </testcase> <!-- aquisition_quotes_outright_FL_quote_summary_values_verification_with_maintenance_test -->
  <testcase classname="newLCV.BROKER.Acquisition_Quotes_Broker_PCP_LCV_without_maintenance_Test" name="aquisition_quotes_user_flow_broker_PCP_OTR_calculation_without_maintenance_test" time="120.426"/>
  <testcase classname="newLCV.BROKER.Acquisition_Quotes_Broker_PCP_LCV_without_maintenance_Test" name="aquisition_quotes_user_flow_broker_PCP_after_discount_calculations_without_maintenance_test" time="4.479"/>
  <testcase classname="newLCV.BROKER.Acquisition_Quotes_Broker_PCP_LCV_without_maintenance_Test" name="aquisition_quotes_user_flow_broker_PCP_vehicle_profit_check_without_maintenance_test" time="10.763"/>
  <testcase classname="newLCV.BROKER.Acquisition_Quotes_Broker_PCP_LCV_without_maintenance_Test" name="aquisition_quotes_user_flow_broker_PCP_balance_to_finance_check_without_maintenance_test" time="41.382"/>
  <testcase classname="newLCV.BROKER.Acquisition_Quotes_Broker_PCP_LCV_without_maintenance_Test" name="aquisition_quotes_user_flow_broker_PCP_quote_summary_values_verification_without_maintenance_test" time="17.792"/>
  <testcase classname="newLCV.OP.Acquisition_Quotes_Outright_PCP_LCV_without_maintenance_Test" name="aquisition_quotes_outright_PCP_OTR_calculation_without_maintenance_test" time="112.885"/>
  <testcase classname="newLCV.OP.Acquisition_Quotes_Outright_PCP_LCV_without_maintenance_Test" name="aquisition_quotes_outright_PCP_after_discount_calculations_without_maintenance_test" time="4.574"/>
  <testcase classname="newLCV.OP.Acquisition_Quotes_Outright_PCP_LCV_without_maintenance_Test" name="aquisition_quotes_outright_PCP_holding_cost_calculations_without_maintenance_test" time="43.187"/>
  <testcase classname="newLCV.OP.Acquisition_Quotes_Outright_PCP_LCV_without_maintenance_Test" name="aquisition_quotes_outright_PCP_customer_quote_calculations_check_monthly_finance_payment_without_maintenance_test" time="94.568"/>
  <testcase classname="newLCV.OP.Acquisition_Quotes_Outright_PCP_LCV_without_maintenance_Test" name="aquisition_quotes_outright_PCP_customer_quote_vehicle_profit_edit_check_without_maintenance_test" time="46.76"/>
  <testcase classname="newLCV.OP.Acquisition_Quotes_Outright_PCP_LCV_without_maintenance_Test" name="aquisition_quotes_outright_PCP_customer_quote_part_exchange_value_edit_check_without_maintenance_test" time="88.563"/>
  <testcase classname="newLCV.OP.Acquisition_Quotes_Outright_PCP_LCV_without_maintenance_Test" name="aquisition_quotes_outright_PCP_quote_summary_values_verification_without_maintenance_test" time="120.155"/>
  <testcase classname="newLCV.CP.Acquisition_Quotes_CP_PCH_LCV_with_funder_quote_addition_without_maintenance_Test" name="aquisition_quotes_CP_PCH_OTR_calculation_without_maintenance_test" time="112.995"/>
  <testcase classname="newLCV.CP.Acquisition_Quotes_CP_PCH_LCV_with_funder_quote_addition_without_maintenance_Test" name="aquisition_quotes_CP_PCH_after_discount_calculations_without_maintenance_test" time="4.421"/>
  <testcase classname="newLCV.CP.Acquisition_Quotes_CP_PCH_LCV_with_funder_quote_addition_without_maintenance_Test" name="aquisition_quotes_CP_PCH_holding_cost_calculations_without_maintenance_test" time="31.603"/>
  <testcase classname="newLCV.CP.Acquisition_Quotes_CP_PCH_LCV_with_funder_quote_addition_without_maintenance_Test" name="aquisition_quotes_CP_PCH_customer_quote_payment_profile_calculations_without_maintenance_test" time="92.882"/>
  <testcase classname="newLCV.CP.Acquisition_Quotes_CP_PCH_LCV_with_funder_quote_addition_without_maintenance_Test" name="aquisition_quotes_CP_PCH_quote_summary_values_verification_without_maintenance_test" time="172.535"/>
  <testcase classname="newLCV.HPNR.Acquisition_Quotes_HPNR_BCH_LCV_with_maintenance_Test" name="aquisition_quotes_OTR_calculation_with_maintenance_test" time="115.416"/>
  <testcase classname="newLCV.HPNR.Acquisition_Quotes_HPNR_BCH_LCV_with_maintenance_Test" name="aquisition_quotes_after_discount_calculations_with_maintenance_test" time="4.294"/>
  <testcase classname="newLCV.HPNR.Acquisition_Quotes_HPNR_BCH_LCV_with_maintenance_Test" name="aquisition_quotes_other_support_check_with_maintenance_test" time="0.001"/>
  <testcase classname="newLCV.HPNR.Acquisition_Quotes_HPNR_BCH_LCV_with_maintenance_Test" name="aquisition_quotes_holding_cost_calculations_with_maintenance_test" time="79.236"/>
  <testcase classname="newLCV.HPNR.Acquisition_Quotes_HPNR_BCH_LCV_with_maintenance_Test" name="aquisition_quotes_customer_quote_payment_profile_calculations_with_maintenance_test" time="118.706">
    <failure type="org.openqa.selenium.TimeoutException" message="Expected condition failed: waiting for visibility of Proxy element for: DefaultElementLocator &amp;apos;By.xpath: //*[normalize-space()=&amp;apos;Monthly maint. payment&amp;apos;]//ancestor::div[1]//div//p//strong|//*[normalize-space()=&amp;apos;Monthly maint. rental&amp;apos;]//ancestor::div[1]//div//p//strong&amp;apos; (tried for 60 second(s) with 500 milliseconds interval)">
      <![CDATA[org.openqa.selenium.TimeoutException: Expected condition failed: waiting for visibility of Proxy element for: DefaultElementLocator 'By.xpath: //*[normalize-space()='Monthly maint. payment']//ancestor::div[1]//div//p//strong|//*[normalize-space()='Monthly maint. rental']//ancestor::div[1]//div//p//strong' (tried for 60 second(s) with 500 milliseconds interval)
at org.openqa.selenium.support.ui.WebDriverWait.timeoutException(WebDriverWait.java:138)
at org.openqa.selenium.support.ui.FluentWait.until(FluentWait.java:231)
at com.amt.testUtil.ExplicitWait.visibleElement(ExplicitWait.java:23)
at com.amt.testUtil.ReadExcelCalculation.verify_customer_quote_calculations_for_one_payment_options_with_maintenance(ReadExcelCalculation.java:3767)
at com.amt.CustomerQuotePackage.CustomerQuotePage_HPNR_BCHPage.customer_Quote_HPNR_BCH_for_one_payment_option_with_maintenance_calculation(CustomerQuotePage_HPNR_BCHPage.java:850)
at newLCV.HPNR.Acquisition_Quotes_HPNR_BCH_LCV_with_maintenance_Test.aquisition_quotes_customer_quote_payment_profile_calculations_with_maintenance_test(Acquisition_Quotes_HPNR_BCH_LCV_with_maintenance_Test.java:193)
at java.base/java.util.ArrayList.forEach(ArrayList.java:1511)
Caused by: org.openqa.selenium.NoSuchElementException: no such element: Unable to locate element: {"method":"xpath","selector":"//*[normalize-space()='Monthly maint. payment']//ancestor::div[1]//div//p//strong|//*[normalize-space()='Monthly maint. rental']//ancestor::div[1]//div//p//strong"}
  (Session info: chrome=122.0.6261.95)
For documentation on this error, please visit: https://selenium.dev/exceptions/#no_such_element
Build info: version: '4.1.0', revision: '87802e897b'
System info: host: 'DSK-4052', ip: '172.16.1.80', os.name: 'Windows 10', os.arch: 'amd64', os.version: '10.0', java.version: '19.0.1'
Driver info: org.openqa.selenium.chrome.ChromeDriver
Command: [95cdde97acbe2a9c2bef6808960f8f8b, findElement {using=xpath, value=//*[normalize-space()='Monthly maint. payment']//ancestor::div[1]//div//p//strong|//*[normalize-space()='Monthly maint. rental']//ancestor::div[1]//div//p//strong}]
Capabilities {acceptInsecureCerts: false, browserName: chrome, browserVersion: 122.0.6261.95, chrome: {chromedriverVersion: 121.0.6167.85 (3f98d690ad7e..., userDataDir: C:\Users\NITEIN~1.KUR\AppDa...}, fedcm:accounts: true, goog:chromeOptions: {debuggerAddress: localhost:64113}, javascriptEnabled: true, networkConnectionEnabled: false, pageLoadStrategy: normal, platform: WINDOWS, platformName: WINDOWS, proxy: Proxy(), se:cdp: ws://localhost:64113/devtoo..., se:cdpVersion: 122.0.6261.95, setWindowRect: true, strictFileInteractability: false, timeouts: {implicit: 0, pageLoad: 300000, script: 30000}, unhandledPromptBehavior: dismiss and notify, webauthn:extension:credBlob: true, webauthn:extension:largeBlob: true, webauthn:extension:minPinLength: true, webauthn:extension:prf: true, webauthn:virtualAuthenticators: true}
Session ID: 95cdde97acbe2a9c2bef6808960f8f8b
at org.openqa.selenium.remote.codec.w3c.W3CHttpResponseCodec.createException(W3CHttpResponseCodec.java:200)
at org.openqa.selenium.remote.codec.w3c.W3CHttpResponseCodec.decode(W3CHttpResponseCodec.java:133)
at org.openqa.selenium.remote.codec.w3c.W3CHttpResponseCodec.decode(W3CHttpResponseCodec.java:53)
at org.openqa.selenium.remote.HttpCommandExecutor.execute(HttpCommandExecutor.java:184)
at org.openqa.selenium.remote.service.DriverCommandExecutor.invokeExecute(DriverCommandExecutor.java:164)
at org.openqa.selenium.remote.service.DriverCommandExecutor.execute(DriverCommandExecutor.java:139)
at org.openqa.selenium.remote.RemoteWebDriver.execute(RemoteWebDriver.java:559)
at org.openqa.selenium.remote.ElementLocation$ElementFinder$2.findElement(ElementLocation.java:162)
at org.openqa.selenium.remote.ElementLocation.findElement(ElementLocation.java:60)
at org.openqa.selenium.remote.RemoteWebDriver.findElement(RemoteWebDriver.java:383)
at org.openqa.selenium.remote.RemoteWebDriver.findElement(RemoteWebDriver.java:375)
at org.openqa.selenium.support.pagefactory.DefaultElementLocator.findElement(DefaultElementLocator.java:70)
at org.openqa.selenium.support.pagefactory.internal.LocatingElementHandler.invoke(LocatingElementHandler.java:39)
at jdk.proxy2/jdk.proxy2.$Proxy23.isDisplayed(Unknown Source)
at org.openqa.selenium.support.ui.ExpectedConditions.elementIfVisible(ExpectedConditions.java:307)
at org.openqa.selenium.support.ui.ExpectedConditions.access$000(ExpectedConditions.java:40)
at org.openqa.selenium.support.ui.ExpectedConditions$10.apply(ExpectedConditions.java:293)
at org.openqa.selenium.support.ui.ExpectedConditions$10.apply(ExpectedConditions.java:290)
at org.openqa.selenium.support.ui.FluentWait.until(FluentWait.java:208)
... 30 more
... Removed 28 stack frames]]>
    </failure>
  </testcase> <!-- aquisition_quotes_customer_quote_payment_profile_calculations_with_maintenance_test -->
  <testcase classname="newLCV.HPNR.Acquisition_Quotes_HPNR_BCH_LCV_with_maintenance_Test" name="aquisition_quotes_quote_summary_values_verification_with_maintenance_test" time="0.0">
    <skipped/>
  </testcase> <!-- aquisition_quotes_quote_summary_values_verification_with_maintenance_test -->
  <testcase classname="newLCV.BROKER.Acquisition_Quotes_Broker_HPR_LCV_Test" name="aquisition_quotes_user_flow_broker_HPR_OTR_calculation" time="119.433"/>
  <testcase classname="newLCV.BROKER.Acquisition_Quotes_Broker_HPR_LCV_Test" name="aquisition_quotes_user_flow_broker_HPR_after_discount_calculations_test" time="4.566"/>
  <testcase classname="newLCV.BROKER.Acquisition_Quotes_Broker_HPR_LCV_Test" name="aquisition_quotes_user_flow_broker_HPR_vehicle_profit_check_test" time="19.551"/>
  <testcase classname="newLCV.BROKER.Acquisition_Quotes_Broker_HPR_LCV_Test" name="aquisition_quotes_user_flow_broker_HPR_balance_to_finance_check_test" time="39.642"/>
  <testcase classname="newLCV.BROKER.Acquisition_Quotes_Broker_HPR_LCV_Test" name="aquisition_quotes_user_flow_broker_HPR_quote_summary_values_verification_test" time="17.546"/>
  <testcase classname="newLCV.HPNR.Acquisition_Quotes_HPNR_HPR_LCV_with_maintenance_Test" name="aquisition_quotes_HPNR_HPR_OTR_calculation_with_maintenance_test" time="111.591"/>
  <testcase classname="newLCV.HPNR.Acquisition_Quotes_HPNR_HPR_LCV_with_maintenance_Test" name="aquisition_quotes_HPNR_HPR_after_discount_calculations_with_maintenance_test" time="4.604"/>
  <testcase classname="newLCV.HPNR.Acquisition_Quotes_HPNR_HPR_LCV_with_maintenance_Test" name="aquisition_quotes_HPNR_HPR_holding_cost_calculations_with_maintenance_test" time="54.676"/>
  <testcase classname="newLCV.HPNR.Acquisition_Quotes_HPNR_HPR_LCV_with_maintenance_Test" name="aquisition_quotes_HPNR_HPR_customer_quote_calculations_check_monthly_finance_payment_with_maintenance_test" time="128.118"/>
  <testcase classname="newLCV.HPNR.Acquisition_Quotes_HPNR_HPR_LCV_with_maintenance_Test" name="aquisition_quotes_HPNR_HPR_customer_quote_vehicle_profit_edit_check_with_maintenance_test" time="42.896"/>
  <testcase classname="newLCV.HPNR.Acquisition_Quotes_HPNR_HPR_LCV_with_maintenance_Test" name="aquisition_quotes_HPNR_HPR_customer_quote_part_exchange_value_edit_check_with_maintenance_test" time="72.819"/>
  <testcase classname="newLCV.HPNR.Acquisition_Quotes_HPNR_HPR_LCV_with_maintenance_Test" name="aquisition_quotes_HPNR_HPR_customer_quote_monthly_finance_payment_after_balloon_payment_off_with_maintenance_test" time="30.764"/>
  <testcase classname="newLCV.HPNR.Acquisition_Quotes_HPNR_HPR_LCV_with_maintenance_Test" name="aquisition_quotes_HPNR_HPR_quote_summary_values_verification_with_maintenance_test" time="241.095"/>
  <testcase classname="newLCV.CP.Acquisition_Quotes_CP_PCH_LCV_with_funder_quote_addition_with_maintenance_Test" name="aquisition_quotes_CP_PCH_OTR_calculation_with_maintenance_test" time="114.636"/>
  <testcase classname="newLCV.CP.Acquisition_Quotes_CP_PCH_LCV_with_funder_quote_addition_with_maintenance_Test" name="aquisition_quotes_CP_PCH_after_discount_calculations_with_maintenance_test" time="4.199"/>
  <testcase classname="newLCV.CP.Acquisition_Quotes_CP_PCH_LCV_with_funder_quote_addition_with_maintenance_Test" name="aquisition_quotes_CP_PCH_holding_cost_calculations_with_maintenance_test" time="38.24"/>
  <testcase classname="newLCV.CP.Acquisition_Quotes_CP_PCH_LCV_with_funder_quote_addition_with_maintenance_Test" name="aquisition_quotes_CP_PCH_customer_quote_payment_profile_calculations_with_maintenance_test" time="94.511"/>
  <testcase classname="newLCV.CP.Acquisition_Quotes_CP_PCH_LCV_with_funder_quote_addition_with_maintenance_Test" name="aquisition_quotes_CP_PCH_quote_summary_values_verification_with_maintenance_test" time="214.733"/>
  <testcase classname="newLCV.HPNR.Acquisition_Quotes_HPNR_PCP_LCV_with_funder_quote_addition_with_maintenance_Test" name="aquisition_quotes_HPNR_PCP_OTR_calculation_with_maintenance_test" time="112.726"/>
  <testcase classname="newLCV.HPNR.Acquisition_Quotes_HPNR_PCP_LCV_with_funder_quote_addition_with_maintenance_Test" name="aquisition_quotes_HPNR_PCP_after_discount_calculations_with_maintenance_test" time="4.33"/>
  <testcase classname="newLCV.HPNR.Acquisition_Quotes_HPNR_PCP_LCV_with_funder_quote_addition_with_maintenance_Test" name="aquisition_quotes_HPNR_PCP_holding_cost_calculations_with_maintenance_test" time="29.511"/>
  <testcase classname="newLCV.HPNR.Acquisition_Quotes_HPNR_PCP_LCV_with_funder_quote_addition_with_maintenance_Test" name="aquisition_quotes_HPNR_PCP_customer_quote_calculations_check_monthly_finance_payment_with_maintenance_test" time="54.918"/>
  <testcase classname="newLCV.HPNR.Acquisition_Quotes_HPNR_PCP_LCV_with_funder_quote_addition_with_maintenance_Test" name="aquisition_quotes_HPNR_PCP_quote_summary_values_verification_with_maintenance_test" time="125.922">
    <failure type="org.openqa.selenium.ElementClickInterceptedException" message="element click intercepted: Element &amp;lt;p style=&amp;quot; border: 1px solid white;&amp;quot;&amp;gt;...&amp;lt;/p&amp;gt; is not clickable at point (784, 98). Other element would receive the click: &amp;lt;div _ngcontent-hnk-c0=&amp;quot;&amp;quot; class=&amp;quot;loader_div&amp;quot;&amp;gt;...&amp;lt;/div&amp;gt;
  (Session info: chrome=122.0.6261.95)
Build info: version: &amp;apos;4.1.0&amp;apos;, revision: &amp;apos;87802e897b&amp;apos;
System info: host: &amp;apos;DSK-4052&amp;apos;, ip: &amp;apos;172.16.1.80&amp;apos;, os.name: &amp;apos;Windows 10&amp;apos;, os.arch: &amp;apos;amd64&amp;apos;, os.version: &amp;apos;10.0&amp;apos;, java.version: &amp;apos;19.0.1&amp;apos;
Driver info: org.openqa.selenium.chrome.ChromeDriver
Command: [92ce70676933fe4722471c19d2e844e1, clickElement {id=927C5A98D255B3DCB9C3007CE4A0DA73_element_2004}]
Capabilities {acceptInsecureCerts: false, browserName: chrome, browserVersion: 122.0.6261.95, chrome: {chromedriverVersion: 121.0.6167.85 (3f98d690ad7e..., userDataDir: C:\Users\NITEIN~1.KUR\AppDa...}, fedcm:accounts: true, goog:chromeOptions: {debuggerAddress: localhost:64786}, javascriptEnabled: true, networkConnectionEnabled: false, pageLoadStrategy: normal, platform: WINDOWS, platformName: WINDOWS, proxy: Proxy(), se:cdp: ws://localhost:64786/devtoo..., se:cdpVersion: 122.0.6261.95, setWindowRect: true, strictFileInteractability: false, timeouts: {implicit: 0, pageLoad: 300000, script: 30000}, unhandledPromptBehavior: dismiss and notify, webauthn:extension:credBlob: true, webauthn:extension:largeBlob: true, webauthn:extension:minPinLength: true, webauthn:extension:prf: true, webauthn:virtualAuthenticators: true}
Element: [[ChromeDriver: chrome on WINDOWS (92ce70676933fe4722471c19d2e844e1)] -&amp;gt; xpath: //p[normalize-space()=&amp;apos;Quote summary&amp;apos;]]
Session ID: 92ce70676933fe4722471c19d2e844e1">
      <![CDATA[org.openqa.selenium.ElementClickInterceptedException: element click intercepted: Element <p style=" border: 1px solid white;">...</p> is not clickable at point (784, 98). Other element would receive the click: <div _ngcontent-hnk-c0="" class="loader_div">...</div>
  (Session info: chrome=122.0.6261.95)
Build info: version: '4.1.0', revision: '87802e897b'
System info: host: 'DSK-4052', ip: '172.16.1.80', os.name: 'Windows 10', os.arch: 'amd64', os.version: '10.0', java.version: '19.0.1'
Driver info: org.openqa.selenium.chrome.ChromeDriver
Command: [92ce70676933fe4722471c19d2e844e1, clickElement {id=927C5A98D255B3DCB9C3007CE4A0DA73_element_2004}]
Capabilities {acceptInsecureCerts: false, browserName: chrome, browserVersion: 122.0.6261.95, chrome: {chromedriverVersion: 121.0.6167.85 (3f98d690ad7e..., userDataDir: C:\Users\NITEIN~1.KUR\AppDa...}, fedcm:accounts: true, goog:chromeOptions: {debuggerAddress: localhost:64786}, javascriptEnabled: true, networkConnectionEnabled: false, pageLoadStrategy: normal, platform: WINDOWS, platformName: WINDOWS, proxy: Proxy(), se:cdp: ws://localhost:64786/devtoo..., se:cdpVersion: 122.0.6261.95, setWindowRect: true, strictFileInteractability: false, timeouts: {implicit: 0, pageLoad: 300000, script: 30000}, unhandledPromptBehavior: dismiss and notify, webauthn:extension:credBlob: true, webauthn:extension:largeBlob: true, webauthn:extension:minPinLength: true, webauthn:extension:prf: true, webauthn:virtualAuthenticators: true}
Element: [[ChromeDriver: chrome on WINDOWS (92ce70676933fe4722471c19d2e844e1)] -> xpath: //p[normalize-space()='Quote summary']]
Session ID: 92ce70676933fe4722471c19d2e844e1
at org.openqa.selenium.remote.codec.w3c.W3CHttpResponseCodec.createException(W3CHttpResponseCodec.java:200)
at org.openqa.selenium.remote.codec.w3c.W3CHttpResponseCodec.decode(W3CHttpResponseCodec.java:133)
at org.openqa.selenium.remote.codec.w3c.W3CHttpResponseCodec.decode(W3CHttpResponseCodec.java:53)
at org.openqa.selenium.remote.HttpCommandExecutor.execute(HttpCommandExecutor.java:184)
at org.openqa.selenium.remote.service.DriverCommandExecutor.invokeExecute(DriverCommandExecutor.java:164)
at org.openqa.selenium.remote.service.DriverCommandExecutor.execute(DriverCommandExecutor.java:139)
at org.openqa.selenium.remote.RemoteWebDriver.execute(RemoteWebDriver.java:559)
at org.openqa.selenium.remote.RemoteWebElement.execute(RemoteWebElement.java:251)
at org.openqa.selenium.remote.RemoteWebElement.click(RemoteWebElement.java:77)
at org.openqa.selenium.support.pagefactory.internal.LocatingElementHandler.invoke(LocatingElementHandler.java:52)
at jdk.proxy2/jdk.proxy2.$Proxy23.click(Unknown Source)
at com.amt.testUtil.Click.on(Click.java:22)
at com.amt.QuoteSummaryPages.QuoteSummary_HPNR_PCP_Page.quote_summary_OTR_calculation(QuoteSummary_HPNR_PCP_Page.java:904)
at newLCV.HPNR.Acquisition_Quotes_HPNR_PCP_LCV_with_funder_quote_addition_with_maintenance_Test.aquisition_quotes_HPNR_PCP_quote_summary_values_verification_with_maintenance_test(Acquisition_Quotes_HPNR_PCP_LCV_with_funder_quote_addition_with_maintenance_Test.java:158)
at java.base/java.util.ArrayList.forEach(ArrayList.java:1511)
... Removed 30 stack frames]]>
    </failure>
  </testcase> <!-- aquisition_quotes_HPNR_PCP_quote_summary_values_verification_with_maintenance_test -->
  <testcase classname="newLCV.HPNR.Acquisition_Quotes_HPNR_FL_LCV_with_maintenance_Test" name="aquisition_quotes_HPNR_FL_OTR_calculation_with_maintenance_test" time="111.832"/>
  <testcase classname="newLCV.HPNR.Acquisition_Quotes_HPNR_FL_LCV_with_maintenance_Test" name="aquisition_quotes_HPNR_FL_after_discount_calculations_with_maintenance_test" time="4.328"/>
  <testcase classname="newLCV.HPNR.Acquisition_Quotes_HPNR_FL_LCV_with_maintenance_Test" name="aquisition_quotes_HPNR_FL_other_support_check_with_maintenance_test" time="21.716"/>
  <testcase classname="newLCV.HPNR.Acquisition_Quotes_HPNR_FL_LCV_with_maintenance_Test" name="aquisition_quotes_HPNR_FL_holding_cost_calculations_with_maintenance_test" time="69.824"/>
  <testcase classname="newLCV.HPNR.Acquisition_Quotes_HPNR_FL_LCV_with_maintenance_Test" name="aquisition_quotes_HPNR_FL_customer_quote_payment_profile_calculations_with_maintenance_test" time="118.143">
    <failure type="org.openqa.selenium.TimeoutException" message="Expected condition failed: waiting for visibility of Proxy element for: DefaultElementLocator &amp;apos;By.xpath: //*[normalize-space()=&amp;apos;Monthly maint. payment&amp;apos;]//ancestor::div[1]//div//p//strong|//*[normalize-space()=&amp;apos;Monthly maint. rental&amp;apos;]//ancestor::div[1]//div//p//strong&amp;apos; (tried for 60 second(s) with 500 milliseconds interval)">
      <![CDATA[org.openqa.selenium.TimeoutException: Expected condition failed: waiting for visibility of Proxy element for: DefaultElementLocator 'By.xpath: //*[normalize-space()='Monthly maint. payment']//ancestor::div[1]//div//p//strong|//*[normalize-space()='Monthly maint. rental']//ancestor::div[1]//div//p//strong' (tried for 60 second(s) with 500 milliseconds interval)
at org.openqa.selenium.support.ui.WebDriverWait.timeoutException(WebDriverWait.java:138)
at org.openqa.selenium.support.ui.FluentWait.until(FluentWait.java:231)
at com.amt.testUtil.ExplicitWait.visibleElement(ExplicitWait.java:23)
at com.amt.testUtil.ReadExcelCalculation.verify_customer_quote_calculations_for_one_payment_options_with_maintenance(ReadExcelCalculation.java:3767)
at com.amt.CustomerQuotePackage.CustomerQuotePage_HPNR_FL_Page.customer_Quote_HPNR_FL_for_one_payment_option_with_maintenance_calculation(CustomerQuotePage_HPNR_FL_Page.java:1028)
at newLCV.HPNR.Acquisition_Quotes_HPNR_FL_LCV_with_maintenance_Test.aquisition_quotes_HPNR_FL_customer_quote_payment_profile_calculations_with_maintenance_test(Acquisition_Quotes_HPNR_FL_LCV_with_maintenance_Test.java:193)
at java.base/java.util.ArrayList.forEach(ArrayList.java:1511)
Caused by: org.openqa.selenium.NoSuchElementException: no such element: Unable to locate element: {"method":"xpath","selector":"//*[normalize-space()='Monthly maint. payment']//ancestor::div[1]//div//p//strong|//*[normalize-space()='Monthly maint. rental']//ancestor::div[1]//div//p//strong"}
  (Session info: chrome=122.0.6261.95)
For documentation on this error, please visit: https://selenium.dev/exceptions/#no_such_element
Build info: version: '4.1.0', revision: '87802e897b'
System info: host: 'DSK-4052', ip: '172.16.1.80', os.name: 'Windows 10', os.arch: 'amd64', os.version: '10.0', java.version: '19.0.1'
Driver info: org.openqa.selenium.chrome.ChromeDriver
Command: [5b0c8fc02c6266804edede799f10d706, findElement {using=xpath, value=//*[normalize-space()='Monthly maint. payment']//ancestor::div[1]//div//p//strong|//*[normalize-space()='Monthly maint. rental']//ancestor::div[1]//div//p//strong}]
Capabilities {acceptInsecureCerts: false, browserName: chrome, browserVersion: 122.0.6261.95, chrome: {chromedriverVersion: 121.0.6167.85 (3f98d690ad7e..., userDataDir: C:\Users\NITEIN~1.KUR\AppDa...}, fedcm:accounts: true, goog:chromeOptions: {debuggerAddress: localhost:64909}, javascriptEnabled: true, networkConnectionEnabled: false, pageLoadStrategy: normal, platform: WINDOWS, platformName: WINDOWS, proxy: Proxy(), se:cdp: ws://localhost:64909/devtoo..., se:cdpVersion: 122.0.6261.95, setWindowRect: true, strictFileInteractability: false, timeouts: {implicit: 0, pageLoad: 300000, script: 30000}, unhandledPromptBehavior: dismiss and notify, webauthn:extension:credBlob: true, webauthn:extension:largeBlob: true, webauthn:extension:minPinLength: true, webauthn:extension:prf: true, webauthn:virtualAuthenticators: true}
Session ID: 5b0c8fc02c6266804edede799f10d706
at org.openqa.selenium.remote.codec.w3c.W3CHttpResponseCodec.createException(W3CHttpResponseCodec.java:200)
at org.openqa.selenium.remote.codec.w3c.W3CHttpResponseCodec.decode(W3CHttpResponseCodec.java:133)
at org.openqa.selenium.remote.codec.w3c.W3CHttpResponseCodec.decode(W3CHttpResponseCodec.java:53)
at org.openqa.selenium.remote.HttpCommandExecutor.execute(HttpCommandExecutor.java:184)
at org.openqa.selenium.remote.service.DriverCommandExecutor.invokeExecute(DriverCommandExecutor.java:164)
at org.openqa.selenium.remote.service.DriverCommandExecutor.execute(DriverCommandExecutor.java:139)
at org.openqa.selenium.remote.RemoteWebDriver.execute(RemoteWebDriver.java:559)
at org.openqa.selenium.remote.ElementLocation$ElementFinder$2.findElement(ElementLocation.java:162)
at org.openqa.selenium.remote.ElementLocation.findElement(ElementLocation.java:60)
at org.openqa.selenium.remote.RemoteWebDriver.findElement(RemoteWebDriver.java:383)
at org.openqa.selenium.remote.RemoteWebDriver.findElement(RemoteWebDriver.java:375)
at org.openqa.selenium.support.pagefactory.DefaultElementLocator.findElement(DefaultElementLocator.java:70)
at org.openqa.selenium.support.pagefactory.internal.LocatingElementHandler.invoke(LocatingElementHandler.java:39)
at jdk.proxy2/jdk.proxy2.$Proxy23.isDisplayed(Unknown Source)
at org.openqa.selenium.support.ui.ExpectedConditions.elementIfVisible(ExpectedConditions.java:307)
at org.openqa.selenium.support.ui.ExpectedConditions.access$000(ExpectedConditions.java:40)
at org.openqa.selenium.support.ui.ExpectedConditions$10.apply(ExpectedConditions.java:293)
at org.openqa.selenium.support.ui.ExpectedConditions$10.apply(ExpectedConditions.java:290)
at org.openqa.selenium.support.ui.FluentWait.until(FluentWait.java:208)
... 30 more
... Removed 28 stack frames]]>
    </failure>
  </testcase> <!-- aquisition_quotes_HPNR_FL_customer_quote_payment_profile_calculations_with_maintenance_test -->
  <testcase classname="newLCV.HPNR.Acquisition_Quotes_HPNR_FL_LCV_with_maintenance_Test" name="aquisition_quotes_HPNR_FL_quote_summary_values_verification_with_maintenance_test" time="0.0">
    <skipped/>
  </testcase> <!-- aquisition_quotes_HPNR_FL_quote_summary_values_verification_with_maintenance_test -->
  <testcase classname="newLCV.BCH.Acquisition_Quotes_BCH_PCH_LCV_without_maintenance_Test" name="aquisition_quotes_BCH_PCH_OTR_calculation_without_maintenance_test" time="109.902">
    <failure type="org.openqa.selenium.NoSuchElementException" message="no such element: Unable to locate element: {&amp;quot;method&amp;quot;:&amp;quot;xpath&amp;quot;,&amp;quot;selector&amp;quot;:&amp;quot;//*[contains(text(),&amp;apos;Paint -&amp;apos;)]//ancestor::div[1]//div/div/div/div/label&amp;quot;}
  (Session info: chrome=122.0.6261.95)
For documentation on this error, please visit: https://selenium.dev/exceptions/#no_such_element
Build info: version: &amp;apos;4.1.0&amp;apos;, revision: &amp;apos;87802e897b&amp;apos;
System info: host: &amp;apos;DSK-4052&amp;apos;, ip: &amp;apos;172.16.1.80&amp;apos;, os.name: &amp;apos;Windows 10&amp;apos;, os.arch: &amp;apos;amd64&amp;apos;, os.version: &amp;apos;10.0&amp;apos;, java.version: &amp;apos;19.0.1&amp;apos;
Driver info: org.openqa.selenium.chrome.ChromeDriver
Command: [7bf2075b748a581f927ae84715bc4dda, findElement {using=xpath, value=//*[contains(text(),&amp;apos;Paint -&amp;apos;)]//ancestor::div[1]//div/div/div/div/label}]
Capabilities {acceptInsecureCerts: false, browserName: chrome, browserVersion: 122.0.6261.95, chrome: {chromedriverVersion: 121.0.6167.85 (3f98d690ad7e..., userDataDir: C:\Users\NITEIN~1.KUR\AppDa...}, fedcm:accounts: true, goog:chromeOptions: {debuggerAddress: localhost:64989}, javascriptEnabled: true, networkConnectionEnabled: false, pageLoadStrategy: normal, platform: WINDOWS, platformName: WINDOWS, proxy: Proxy(), se:cdp: ws://localhost:64989/devtoo..., se:cdpVersion: 122.0.6261.95, setWindowRect: true, strictFileInteractability: false, timeouts: {implicit: 0, pageLoad: 300000, script: 30000}, unhandledPromptBehavior: dismiss and notify, webauthn:extension:credBlob: true, webauthn:extension:largeBlob: true, webauthn:extension:minPinLength: true, webauthn:extension:prf: true, webauthn:virtualAuthenticators: true}
Session ID: 7bf2075b748a581f927ae84715bc4dda">
      <![CDATA[org.openqa.selenium.NoSuchElementException: no such element: Unable to locate element: {"method":"xpath","selector":"//*[contains(text(),'Paint -')]//ancestor::div[1]//div/div/div/div/label"}
  (Session info: chrome=122.0.6261.95)
For documentation on this error, please visit: https://selenium.dev/exceptions/#no_such_element
Build info: version: '4.1.0', revision: '87802e897b'
System info: host: 'DSK-4052', ip: '172.16.1.80', os.name: 'Windows 10', os.arch: 'amd64', os.version: '10.0', java.version: '19.0.1'
Driver info: org.openqa.selenium.chrome.ChromeDriver
Command: [7bf2075b748a581f927ae84715bc4dda, findElement {using=xpath, value=//*[contains(text(),'Paint -')]//ancestor::div[1]//div/div/div/div/label}]
Capabilities {acceptInsecureCerts: false, browserName: chrome, browserVersion: 122.0.6261.95, chrome: {chromedriverVersion: 121.0.6167.85 (3f98d690ad7e..., userDataDir: C:\Users\NITEIN~1.KUR\AppDa...}, fedcm:accounts: true, goog:chromeOptions: {debuggerAddress: localhost:64989}, javascriptEnabled: true, networkConnectionEnabled: false, pageLoadStrategy: normal, platform: WINDOWS, platformName: WINDOWS, proxy: Proxy(), se:cdp: ws://localhost:64989/devtoo..., se:cdpVersion: 122.0.6261.95, setWindowRect: true, strictFileInteractability: false, timeouts: {implicit: 0, pageLoad: 300000, script: 30000}, unhandledPromptBehavior: dismiss and notify, webauthn:extension:credBlob: true, webauthn:extension:largeBlob: true, webauthn:extension:minPinLength: true, webauthn:extension:prf: true, webauthn:virtualAuthenticators: true}
Session ID: 7bf2075b748a581f927ae84715bc4dda
at org.openqa.selenium.remote.codec.w3c.W3CHttpResponseCodec.createException(W3CHttpResponseCodec.java:200)
at org.openqa.selenium.remote.codec.w3c.W3CHttpResponseCodec.decode(W3CHttpResponseCodec.java:133)
at org.openqa.selenium.remote.codec.w3c.W3CHttpResponseCodec.decode(W3CHttpResponseCodec.java:53)
at org.openqa.selenium.remote.HttpCommandExecutor.execute(HttpCommandExecutor.java:184)
at org.openqa.selenium.remote.service.DriverCommandExecutor.invokeExecute(DriverCommandExecutor.java:164)
at org.openqa.selenium.remote.service.DriverCommandExecutor.execute(DriverCommandExecutor.java:139)
at org.openqa.selenium.remote.RemoteWebDriver.execute(RemoteWebDriver.java:559)
at org.openqa.selenium.remote.ElementLocation$ElementFinder$2.findElement(ElementLocation.java:162)
at org.openqa.selenium.remote.ElementLocation.findElement(ElementLocation.java:60)
at org.openqa.selenium.remote.RemoteWebDriver.findElement(RemoteWebDriver.java:383)
at org.openqa.selenium.remote.RemoteWebDriver.findElement(RemoteWebDriver.java:375)
at org.openqa.selenium.support.pagefactory.DefaultElementLocator.findElement(DefaultElementLocator.java:70)
at org.openqa.selenium.support.pagefactory.internal.LocatingElementHandler.invoke(LocatingElementHandler.java:39)
at jdk.proxy2/jdk.proxy2.$Proxy23.getWrappedElement(Unknown Source)
at org.openqa.selenium.remote.internal.WebElementToJsonConverter.apply(WebElementToJsonConverter.java:51)
at java.base/java.util.stream.ReferencePipeline$3$1.accept(ReferencePipeline.java:197)
at java.base/java.util.Spliterators$ArraySpliterator.forEachRemaining(Spliterators.java:1006)
at java.base/java.util.stream.AbstractPipeline.copyInto(AbstractPipeline.java:509)
at java.base/java.util.stream.AbstractPipeline.wrapAndCopyInto(AbstractPipeline.java:499)
at java.base/java.util.stream.ReduceOps$ReduceOp.evaluateSequential(ReduceOps.java:921)
at java.base/java.util.stream.AbstractPipeline.evaluate(AbstractPipeline.java:234)
at java.base/java.util.stream.ReferencePipeline.collect(ReferencePipeline.java:682)
at org.openqa.selenium.remote.RemoteWebDriver.executeScript(RemoteWebDriver.java:490)
at com.amt.pages.OptionsAccessoriesPage.options_And_Accessories_selection(OptionsAccessoriesPage.java:70)
at newLCV.BCH.Acquisition_Quotes_BCH_PCH_LCV_without_maintenance_Test.aquisition_quotes_BCH_PCH_OTR_calculation_without_maintenance_test(Acquisition_Quotes_BCH_PCH_LCV_without_maintenance_Test.java:54)
at java.base/java.util.ArrayList.forEach(ArrayList.java:1511)
... Removed 28 stack frames]]>
    </failure>
  </testcase> <!-- aquisition_quotes_BCH_PCH_OTR_calculation_without_maintenance_test -->
  <testcase classname="newLCV.BCH.Acquisition_Quotes_BCH_PCH_LCV_without_maintenance_Test" name="aquisition_quotes_BCH_PCH_after_discount_calculations_without_maintenance_test" time="0.0">
    <skipped/>
  </testcase> <!-- aquisition_quotes_BCH_PCH_after_discount_calculations_without_maintenance_test -->
  <testcase classname="newLCV.BCH.Acquisition_Quotes_BCH_PCH_LCV_without_maintenance_Test" name="aquisition_quotes_BCH_PCH_holding_cost_calculations_without_maintenance_test" time="0.0">
    <skipped/>
  </testcase> <!-- aquisition_quotes_BCH_PCH_holding_cost_calculations_without_maintenance_test -->
  <testcase classname="newLCV.BCH.Acquisition_Quotes_BCH_PCH_LCV_without_maintenance_Test" name="aquisition_quotes_BCH_PCH_customer_quote_payment_profile_calculations_without_maintenance_test" time="0.0">
    <skipped/>
  </testcase> <!-- aquisition_quotes_BCH_PCH_customer_quote_payment_profile_calculations_without_maintenance_test -->
  <testcase classname="newLCV.BCH.Acquisition_Quotes_BCH_PCH_LCV_without_maintenance_Test" name="aquisition_quotes_BCH_PCH_quote_summary_values_verification_without_maintenance_test" time="0.0">
    <skipped/>
  </testcase> <!-- aquisition_quotes_BCH_PCH_quote_summary_values_verification_without_maintenance_test -->
  <testcase classname="newLCV.HPNR.Acquisition_Quotes_HPNR_PCH_LCV_with_funder_quote_addition_without_maintenance_Test" name="aquisition_quotes_HPNR_PCH_OTR_calculation_without_maintenance_test" time="112.562"/>
  <testcase classname="newLCV.HPNR.Acquisition_Quotes_HPNR_PCH_LCV_with_funder_quote_addition_without_maintenance_Test" name="aquisition_quotes_HPNR_PCH_after_discount_calculations_without_maintenance_test" time="4.501"/>
  <testcase classname="newLCV.HPNR.Acquisition_Quotes_HPNR_PCH_LCV_with_funder_quote_addition_without_maintenance_Test" name="aquisition_quotes_HPNR_PCH_holding_cost_calculations_without_maintenance_test" time="26.302"/>
  <testcase classname="newLCV.HPNR.Acquisition_Quotes_HPNR_PCH_LCV_with_funder_quote_addition_without_maintenance_Test" name="aquisition_quotes_HPNR_PCH_customer_quote_payment_profile_calculations_without_maintenance_test" time="92.569"/>
  <testcase classname="newLCV.HPNR.Acquisition_Quotes_HPNR_PCH_LCV_with_funder_quote_addition_without_maintenance_Test" name="aquisition_quotes_HPNR_PCH_quote_summary_values_verification_without_maintenance_test" time="166.771"/>
  <testcase classname="newLCV.OP.Acquisition_Quotes_OP_OP_LCV_Test" name="aquisition_quotes_OP_OP_OTR_calculation_test" time="112.236"/>
  <testcase classname="newLCV.OP.Acquisition_Quotes_OP_OP_LCV_Test" name="aquisition_quotes_OP_OP_after_discount_calculations_test" time="4.373"/>
  <testcase classname="newLCV.OP.Acquisition_Quotes_OP_OP_LCV_Test" name="aquisition_quotes_OP_OP_customer_quote_vehicle_profit_edit_test" time="5.245"/>
  <testcase classname="newLCV.OP.Acquisition_Quotes_OP_OP_LCV_Test" name="aquisition_quotes_OP_OP_customer_quote_part_exchange_value_edit_test" time="26.865"/>
  <testcase classname="newLCV.OP.Acquisition_Quotes_OP_OP_LCV_Test" name="aquisition_quotes_OP_OP_quote_summary_values_verification_with_maintenance_test" time="11.266"/>
  <testcase classname="newLCV.OP.Acquisition_Quotes_Outright_HPNR_LCV_with_maintenance_Test" name="aquisition_quotes_outright_HPNR_OTR_calculation_with_maintenance_test" time="111.665"/>
  <testcase classname="newLCV.OP.Acquisition_Quotes_Outright_HPNR_LCV_with_maintenance_Test" name="aquisition_quotes_outright_HPNR_after_discount_calculations_with_maintenance_test" time="4.64"/>
  <testcase classname="newLCV.OP.Acquisition_Quotes_Outright_HPNR_LCV_with_maintenance_Test" name="aquisition_quotes_outright_HPNR_holding_cost_calculations_with_maintenance_test" time="51.413"/>
  <testcase classname="newLCV.OP.Acquisition_Quotes_Outright_HPNR_LCV_with_maintenance_Test" name="aquisition_quotes_outright_HPNR_customer_quote_calculations_check_monthly_finance_payment_with_maintenance_test" time="128.808"/>
  <testcase classname="newLCV.OP.Acquisition_Quotes_Outright_HPNR_LCV_with_maintenance_Test" name="aquisition_quotes_outright_HPNR_customer_quote_vehicle_profit_edit_check_with_maintenance_test" time="42.746"/>
  <testcase classname="newLCV.OP.Acquisition_Quotes_Outright_HPNR_LCV_with_maintenance_Test" name="aquisition_quotes_outright_HPNR_customer_quote_part_exchange_value_edit_check_with_maintenance_test" time="68.522"/>
  <testcase classname="newLCV.OP.Acquisition_Quotes_Outright_HPNR_LCV_with_maintenance_Test" name="aquisition_quotes_outright_HPNR_customer_quote_monthly_finance_payment_after_balloon_payment_off_with_maintenance_test" time="24.521"/>
  <testcase classname="newLCV.OP.Acquisition_Quotes_Outright_HPNR_LCV_with_maintenance_Test" name="aquisition_quotes_outright_HPNR_quote_summary_values_verification_with_maintenance_test" time="139.597"/>
  <testcase classname="newLCV.OP.Acquisition_Quotes_Outright_HPR_LCV_with_maintenance_Test" name="aquisition_quotes_outright_HPR_OTR_calculation_with_maintenance_test" time="111.45"/>
  <testcase classname="newLCV.OP.Acquisition_Quotes_Outright_HPR_LCV_with_maintenance_Test" name="aquisition_quotes_outright_HPR_after_discount_calculations_with_maintenance_test" time="4.343"/>
  <testcase classname="newLCV.OP.Acquisition_Quotes_Outright_HPR_LCV_with_maintenance_Test" name="aquisition_quotes_outright_HPR_holding_cost_calculations_with_maintenance_test" time="51.512"/>
  <testcase classname="newLCV.OP.Acquisition_Quotes_Outright_HPR_LCV_with_maintenance_Test" name="aquisition_quotes_outright_HPR_customer_quote_calculations_check_monthly_finance_payment_with_maintenance_test" time="128.253"/>
  <testcase classname="newLCV.OP.Acquisition_Quotes_Outright_HPR_LCV_with_maintenance_Test" name="aquisition_quotes_outright_HPR_customer_quote_vehicle_profit_edit_check_with_maintenance_test" time="42.244"/>
  <testcase classname="newLCV.OP.Acquisition_Quotes_Outright_HPR_LCV_with_maintenance_Test" name="aquisition_quotes_outright_HPR_customer_quote_part_exchange_value_edit_check_with_maintenance_test" time="67.347"/>
  <testcase classname="newLCV.OP.Acquisition_Quotes_Outright_HPR_LCV_with_maintenance_Test" name="aquisition_quotes_outright_HPR_customer_quote_monthly_finance_payment_after_balloon_payment_off_with_maintenance_test" time="23.476"/>
  <testcase classname="newLCV.OP.Acquisition_Quotes_Outright_HPR_LCV_with_maintenance_Test" name="aquisition_quotes_outright_HPR_quote_summary_values_verification_with_maintenance_test" time="136.791"/>
  <testcase classname="newLCV.FL.Acquisition_Quotes_FL_PCH_LCV_with_maintenance_Test" name="aquisition_quotes_FL_PCH_OTR_calculation_with_maintenance_test" time="110.704"/>
  <testcase classname="newLCV.FL.Acquisition_Quotes_FL_PCH_LCV_with_maintenance_Test" name="aquisition_quotes_FL_PCH_after_discount_calculations_with_maintenance_test" time="4.405"/>
  <testcase classname="newLCV.FL.Acquisition_Quotes_FL_PCH_LCV_with_maintenance_Test" name="aquisition_quotes_FL_PCH_holding_cost_calculations_with_maintenance_test" time="69.108"/>
  <testcase classname="newLCV.FL.Acquisition_Quotes_FL_PCH_LCV_with_maintenance_Test" name="aquisition_quotes_FL_PCH_customer_quote_payment_profile_calculations_with_maintenance_test" time="117.485">
    <failure type="org.openqa.selenium.TimeoutException" message="Expected condition failed: waiting for visibility of Proxy element for: DefaultElementLocator &amp;apos;By.xpath: //*[normalize-space()=&amp;apos;Monthly maint. payment&amp;apos;]//ancestor::div[1]//div//p//strong|//*[normalize-space()=&amp;apos;Monthly maint. rental&amp;apos;]//ancestor::div[1]//div//p//strong&amp;apos; (tried for 60 second(s) with 500 milliseconds interval)">
      <![CDATA[org.openqa.selenium.TimeoutException: Expected condition failed: waiting for visibility of Proxy element for: DefaultElementLocator 'By.xpath: //*[normalize-space()='Monthly maint. payment']//ancestor::div[1]//div//p//strong|//*[normalize-space()='Monthly maint. rental']//ancestor::div[1]//div//p//strong' (tried for 60 second(s) with 500 milliseconds interval)
at org.openqa.selenium.support.ui.WebDriverWait.timeoutException(WebDriverWait.java:138)
at org.openqa.selenium.support.ui.FluentWait.until(FluentWait.java:231)
at com.amt.testUtil.ExplicitWait.visibleElement(ExplicitWait.java:23)
at com.amt.testUtil.ReadExcelCalculation.verify_customer_quote_calculations_for_one_payment_options_with_maintenance(ReadExcelCalculation.java:3767)
at com.amt.CustomerQuotePackage.CustomerQuotePage_FL_PCHPage.customer_Quote_FL_PCH_for_one_payment_option_with_maintenance_calculation(CustomerQuotePage_FL_PCHPage.java:702)
at newLCV.FL.Acquisition_Quotes_FL_PCH_LCV_with_maintenance_Test.aquisition_quotes_FL_PCH_customer_quote_payment_profile_calculations_with_maintenance_test(Acquisition_Quotes_FL_PCH_LCV_with_maintenance_Test.java:140)
at java.base/java.util.ArrayList.forEach(ArrayList.java:1511)
Caused by: org.openqa.selenium.NoSuchElementException: no such element: Unable to locate element: {"method":"xpath","selector":"//*[normalize-space()='Monthly maint. payment']//ancestor::div[1]//div//p//strong|//*[normalize-space()='Monthly maint. rental']//ancestor::div[1]//div//p//strong"}
  (Session info: chrome=122.0.6261.95)
For documentation on this error, please visit: https://selenium.dev/exceptions/#no_such_element
Build info: version: '4.1.0', revision: '87802e897b'
System info: host: 'DSK-4052', ip: '172.16.1.80', os.name: 'Windows 10', os.arch: 'amd64', os.version: '10.0', java.version: '19.0.1'
Driver info: org.openqa.selenium.chrome.ChromeDriver
Command: [ba238797cb176182ace4852ec1e7de3b, findElement {using=xpath, value=//*[normalize-space()='Monthly maint. payment']//ancestor::div[1]//div//p//strong|//*[normalize-space()='Monthly maint. rental']//ancestor::div[1]//div//p//strong}]
Capabilities {acceptInsecureCerts: false, browserName: chrome, browserVersion: 122.0.6261.95, chrome: {chromedriverVersion: 121.0.6167.85 (3f98d690ad7e..., userDataDir: C:\Users\NITEIN~1.KUR\AppDa...}, fedcm:accounts: true, goog:chromeOptions: {debuggerAddress: localhost:49460}, javascriptEnabled: true, networkConnectionEnabled: false, pageLoadStrategy: normal, platform: WINDOWS, platformName: WINDOWS, proxy: Proxy(), se:cdp: ws://localhost:49460/devtoo..., se:cdpVersion: 122.0.6261.95, setWindowRect: true, strictFileInteractability: false, timeouts: {implicit: 0, pageLoad: 300000, script: 30000}, unhandledPromptBehavior: dismiss and notify, webauthn:extension:credBlob: true, webauthn:extension:largeBlob: true, webauthn:extension:minPinLength: true, webauthn:extension:prf: true, webauthn:virtualAuthenticators: true}
Session ID: ba238797cb176182ace4852ec1e7de3b
at org.openqa.selenium.remote.codec.w3c.W3CHttpResponseCodec.createException(W3CHttpResponseCodec.java:200)
at org.openqa.selenium.remote.codec.w3c.W3CHttpResponseCodec.decode(W3CHttpResponseCodec.java:133)
at org.openqa.selenium.remote.codec.w3c.W3CHttpResponseCodec.decode(W3CHttpResponseCodec.java:53)
at org.openqa.selenium.remote.HttpCommandExecutor.execute(HttpCommandExecutor.java:184)
at org.openqa.selenium.remote.service.DriverCommandExecutor.invokeExecute(DriverCommandExecutor.java:164)
at org.openqa.selenium.remote.service.DriverCommandExecutor.execute(DriverCommandExecutor.java:139)
at org.openqa.selenium.remote.RemoteWebDriver.execute(RemoteWebDriver.java:559)
at org.openqa.selenium.remote.ElementLocation$ElementFinder$2.findElement(ElementLocation.java:162)
at org.openqa.selenium.remote.ElementLocation.findElement(ElementLocation.java:60)
at org.openqa.selenium.remote.RemoteWebDriver.findElement(RemoteWebDriver.java:383)
at org.openqa.selenium.remote.RemoteWebDriver.findElement(RemoteWebDriver.java:375)
at org.openqa.selenium.support.pagefactory.DefaultElementLocator.findElement(DefaultElementLocator.java:70)
at org.openqa.selenium.support.pagefactory.internal.LocatingElementHandler.invoke(LocatingElementHandler.java:39)
at jdk.proxy2/jdk.proxy2.$Proxy23.isDisplayed(Unknown Source)
at org.openqa.selenium.support.ui.ExpectedConditions.elementIfVisible(ExpectedConditions.java:307)
at org.openqa.selenium.support.ui.ExpectedConditions.access$000(ExpectedConditions.java:40)
at org.openqa.selenium.support.ui.ExpectedConditions$10.apply(ExpectedConditions.java:293)
at org.openqa.selenium.support.ui.ExpectedConditions$10.apply(ExpectedConditions.java:290)
at org.openqa.selenium.support.ui.FluentWait.until(FluentWait.java:208)
... 30 more
... Removed 28 stack frames]]>
    </failure>
  </testcase> <!-- aquisition_quotes_FL_PCH_customer_quote_payment_profile_calculations_with_maintenance_test -->
  <testcase classname="newLCV.FL.Acquisition_Quotes_FL_PCH_LCV_with_maintenance_Test" name="aquisition_quotes_FL_PCH_quote_summary_values_verification_with_maintenance_test" time="0.0">
    <skipped/>
  </testcase> <!-- aquisition_quotes_FL_PCH_quote_summary_values_verification_with_maintenance_test -->
  <testcase classname="newLCV.HPNR.Acquisition_Quotes_HPNR_HPR_LCV_with_funder_quote_addition_with_maintenance_Test" name="aquisition_quotes_HPNR_HPR_OTR_calculation_with_maintenance_test" time="111.757"/>
  <testcase classname="newLCV.HPNR.Acquisition_Quotes_HPNR_HPR_LCV_with_funder_quote_addition_with_maintenance_Test" name="aquisition_quotes_HPNR_HPR_after_discount_calculations_with_maintenance_test" time="4.54"/>
  <testcase classname="newLCV.HPNR.Acquisition_Quotes_HPNR_HPR_LCV_with_funder_quote_addition_with_maintenance_Test" name="aquisition_quotes_HPNR_HPR_holding_cost_calculations_with_maintenance_test" time="27.777"/>
  <testcase classname="newLCV.HPNR.Acquisition_Quotes_HPNR_HPR_LCV_with_funder_quote_addition_with_maintenance_Test" name="aquisition_quotes_HPNR_HPR_customer_quote_calculations_check_monthly_finance_payment_with_maintenance_test" time="58.605"/>
  <testcase classname="newLCV.HPNR.Acquisition_Quotes_HPNR_HPR_LCV_with_funder_quote_addition_with_maintenance_Test" name="aquisition_quotes_HPNR_HPR_customer_quote_monthly_total_payment_after_balloon_payment_off_with_maintenance_test" time="23.621"/>
  <testcase classname="newLCV.HPNR.Acquisition_Quotes_HPNR_HPR_LCV_with_funder_quote_addition_with_maintenance_Test" name="aquisition_quotes_HPNR_HPR_quote_summary_values_verification_with_maintenance_test" time="257.62"/>
  <testcase classname="newLCV.BROKER.Acquisition_Quotes_Broker_FL_LCV_with_maintenance_Test" name="aquisition_quotes_user_flow_broker_pch_OTR_calculation_with_maintenance_test" time="124.561"/>
  <testcase classname="newLCV.BROKER.Acquisition_Quotes_Broker_FL_LCV_with_maintenance_Test" name="aquisition_quotes_user_flow_broker_pch_after_discount_calculation_with_maintenance_test" time="4.246"/>
  <testcase classname="newLCV.BROKER.Acquisition_Quotes_Broker_FL_LCV_with_maintenance_Test" name="aquisition_quotes_user_flow_broker_pch_funder_quote_addition_with_maintenance_test" time="42.186"/>
  <testcase classname="newLCV.BROKER.Acquisition_Quotes_Broker_FL_LCV_with_maintenance_Test" name="aquisition_quotes_user_flow_broker_pch_quote_summary_calculation_with_maintenance_test" time="26.701"/>
  <testcase classname="newLCV.HPNR.Acquisition_Quotes_HPNR_HPNR_LCV_without_maintenance_Test" name="aquisition_quotes_HPNR_HPNR_OTR_calculation_without_maintenance_test" time="111.642"/>
  <testcase classname="newLCV.HPNR.Acquisition_Quotes_HPNR_HPNR_LCV_without_maintenance_Test" name="aquisition_quotes_HPNR_HPNR_after_discount_calculations_without_maintenance_test" time="4.54"/>
  <testcase classname="newLCV.HPNR.Acquisition_Quotes_HPNR_HPNR_LCV_without_maintenance_Test" name="aquisition_quotes_HPNR_HPNR_holding_cost_calculations_without_maintenance_test" time="40.637"/>
  <testcase classname="newLCV.HPNR.Acquisition_Quotes_HPNR_HPNR_LCV_without_maintenance_Test" name="aquisition_quotes_HPNR_HPNR_customer_quote_calculations_check_monthly_finance_payment_without_maintenance_test" time="99.559"/>
  <testcase classname="newLCV.HPNR.Acquisition_Quotes_HPNR_HPNR_LCV_without_maintenance_Test" name="aquisition_quotes_HPNR_HPNR_customer_quote_vehicle_profit_edit_check_without_maintenance_test" time="48.895"/>
  <testcase classname="newLCV.HPNR.Acquisition_Quotes_HPNR_HPNR_LCV_without_maintenance_Test" name="aquisition_quotes_HPNR_HPNR_customer_quote_part_exchange_value_edit_check_without_maintenance_test" time="89.546"/>
  <testcase classname="newLCV.HPNR.Acquisition_Quotes_HPNR_HPNR_LCV_without_maintenance_Test" name="aquisition_quotes_HPNR_HPNR_customer_quote_monthly_finance_payment_after_balloon_payment_off_without_maintenance_test" time="20.597"/>
  <testcase classname="newLCV.HPNR.Acquisition_Quotes_HPNR_HPNR_LCV_without_maintenance_Test" name="aquisition_quotes_HPNR_HPNR_quote_summary_values_verification_without_maintenance_test" time="120.649">
    <failure type="org.openqa.selenium.ElementClickInterceptedException" message="element click intercepted: Element &amp;lt;p style=&amp;quot; border: 1px solid white;&amp;quot;&amp;gt;...&amp;lt;/p&amp;gt; is not clickable at point (783, 98). Other element would receive the click: &amp;lt;div _ngcontent-riu-c0=&amp;quot;&amp;quot; class=&amp;quot;loader_div&amp;quot;&amp;gt;...&amp;lt;/div&amp;gt;
  (Session info: chrome=122.0.6261.95)
Build info: version: &amp;apos;4.1.0&amp;apos;, revision: &amp;apos;87802e897b&amp;apos;
System info: host: &amp;apos;DSK-4052&amp;apos;, ip: &amp;apos;172.16.1.80&amp;apos;, os.name: &amp;apos;Windows 10&amp;apos;, os.arch: &amp;apos;amd64&amp;apos;, os.version: &amp;apos;10.0&amp;apos;, java.version: &amp;apos;19.0.1&amp;apos;
Driver info: org.openqa.selenium.chrome.ChromeDriver
Command: [3ac4ae290f6e3f6bf4b9eb93d95b4fd9, clickElement {id=E127E028DF98E048CEAE131C3F721188_element_3165}]
Capabilities {acceptInsecureCerts: false, browserName: chrome, browserVersion: 122.0.6261.95, chrome: {chromedriverVersion: 121.0.6167.85 (3f98d690ad7e..., userDataDir: C:\Users\NITEIN~1.KUR\AppDa...}, fedcm:accounts: true, goog:chromeOptions: {debuggerAddress: localhost:50064}, javascriptEnabled: true, networkConnectionEnabled: false, pageLoadStrategy: normal, platform: WINDOWS, platformName: WINDOWS, proxy: Proxy(), se:cdp: ws://localhost:50064/devtoo..., se:cdpVersion: 122.0.6261.95, setWindowRect: true, strictFileInteractability: false, timeouts: {implicit: 0, pageLoad: 300000, script: 30000}, unhandledPromptBehavior: dismiss and notify, webauthn:extension:credBlob: true, webauthn:extension:largeBlob: true, webauthn:extension:minPinLength: true, webauthn:extension:prf: true, webauthn:virtualAuthenticators: true}
Element: [[ChromeDriver: chrome on WINDOWS (3ac4ae290f6e3f6bf4b9eb93d95b4fd9)] -&amp;gt; xpath: //p[normalize-space()=&amp;apos;Quote summary&amp;apos;]]
Session ID: 3ac4ae290f6e3f6bf4b9eb93d95b4fd9">
      <![CDATA[org.openqa.selenium.ElementClickInterceptedException: element click intercepted: Element <p style=" border: 1px solid white;">...</p> is not clickable at point (783, 98). Other element would receive the click: <div _ngcontent-riu-c0="" class="loader_div">...</div>
  (Session info: chrome=122.0.6261.95)
Build info: version: '4.1.0', revision: '87802e897b'
System info: host: 'DSK-4052', ip: '172.16.1.80', os.name: 'Windows 10', os.arch: 'amd64', os.version: '10.0', java.version: '19.0.1'
Driver info: org.openqa.selenium.chrome.ChromeDriver
Command: [3ac4ae290f6e3f6bf4b9eb93d95b4fd9, clickElement {id=E127E028DF98E048CEAE131C3F721188_element_3165}]
Capabilities {acceptInsecureCerts: false, browserName: chrome, browserVersion: 122.0.6261.95, chrome: {chromedriverVersion: 121.0.6167.85 (3f98d690ad7e..., userDataDir: C:\Users\NITEIN~1.KUR\AppDa...}, fedcm:accounts: true, goog:chromeOptions: {debuggerAddress: localhost:50064}, javascriptEnabled: true, networkConnectionEnabled: false, pageLoadStrategy: normal, platform: WINDOWS, platformName: WINDOWS, proxy: Proxy(), se:cdp: ws://localhost:50064/devtoo..., se:cdpVersion: 122.0.6261.95, setWindowRect: true, strictFileInteractability: false, timeouts: {implicit: 0, pageLoad: 300000, script: 30000}, unhandledPromptBehavior: dismiss and notify, webauthn:extension:credBlob: true, webauthn:extension:largeBlob: true, webauthn:extension:minPinLength: true, webauthn:extension:prf: true, webauthn:virtualAuthenticators: true}
Element: [[ChromeDriver: chrome on WINDOWS (3ac4ae290f6e3f6bf4b9eb93d95b4fd9)] -> xpath: //p[normalize-space()='Quote summary']]
Session ID: 3ac4ae290f6e3f6bf4b9eb93d95b4fd9
at org.openqa.selenium.remote.codec.w3c.W3CHttpResponseCodec.createException(W3CHttpResponseCodec.java:200)
at org.openqa.selenium.remote.codec.w3c.W3CHttpResponseCodec.decode(W3CHttpResponseCodec.java:133)
at org.openqa.selenium.remote.codec.w3c.W3CHttpResponseCodec.decode(W3CHttpResponseCodec.java:53)
at org.openqa.selenium.remote.HttpCommandExecutor.execute(HttpCommandExecutor.java:184)
at org.openqa.selenium.remote.service.DriverCommandExecutor.invokeExecute(DriverCommandExecutor.java:164)
at org.openqa.selenium.remote.service.DriverCommandExecutor.execute(DriverCommandExecutor.java:139)
at org.openqa.selenium.remote.RemoteWebDriver.execute(RemoteWebDriver.java:559)
at org.openqa.selenium.remote.RemoteWebElement.execute(RemoteWebElement.java:251)
at org.openqa.selenium.remote.RemoteWebElement.click(RemoteWebElement.java:77)
at org.openqa.selenium.support.pagefactory.internal.LocatingElementHandler.invoke(LocatingElementHandler.java:52)
at jdk.proxy2/jdk.proxy2.$Proxy23.click(Unknown Source)
at com.amt.testUtil.Click.on(Click.java:22)
at com.amt.QuoteSummaryPages.QuoteSummary_HPNR_HPRPage.quote_summary_OTR_calculation(QuoteSummary_HPNR_HPRPage.java:439)
at newLCV.HPNR.Acquisition_Quotes_HPNR_HPNR_LCV_without_maintenance_Test.aquisition_quotes_HPNR_HPNR_quote_summary_values_verification_without_maintenance_test(Acquisition_Quotes_HPNR_HPNR_LCV_without_maintenance_Test.java:240)
at java.base/java.util.ArrayList.forEach(ArrayList.java:1511)
... Removed 30 stack frames]]>
    </failure>
  </testcase> <!-- aquisition_quotes_HPNR_HPNR_quote_summary_values_verification_without_maintenance_test -->
  <testcase classname="newLCV.BROKER.Acquisition_Quotes_Broker_HPNR_LCV_Test" name="aquisition_quotes_user_flow_broker_HPNR_OTR_calculation_test" time="115.11"/>
  <testcase classname="newLCV.BROKER.Acquisition_Quotes_Broker_HPNR_LCV_Test" name="aquisition_quotes_user_flow_broker_HPNR_after_discount_calculations_test" time="4.603"/>
  <testcase classname="newLCV.BROKER.Acquisition_Quotes_Broker_HPNR_LCV_Test" name="aquisition_quotes_user_flow_broker_HPNR_vehicle_profit_check_test" time="18.838"/>
  <testcase classname="newLCV.BROKER.Acquisition_Quotes_Broker_HPNR_LCV_Test" name="aquisition_quotes_user_flow_broker_HPNR_balance_to_finance_check_test" time="45.881"/>
  <testcase classname="newLCV.BROKER.Acquisition_Quotes_Broker_HPNR_LCV_Test" name="aquisition_quotes_user_flow_broker_HPNR_quote_summary_values_verification_test" time="20.859"/>
  <testcase classname="newLCV.HPNR.Acquisition_Quotes_HPNR_PCP_LCV_without_maintenance_Test" name="aquisition_quotes_HPNR_PCP_OTR_calculation_without_maintenance_test" time="113.856"/>
  <testcase classname="newLCV.HPNR.Acquisition_Quotes_HPNR_PCP_LCV_without_maintenance_Test" name="aquisition_quotes_HPNR_PCP_after_discount_calculations_without_maintenance_test" time="4.572"/>
  <testcase classname="newLCV.HPNR.Acquisition_Quotes_HPNR_PCP_LCV_without_maintenance_Test" name="aquisition_quotes_HPNR_PCP_holding_cost_calculations_without_maintenance_test" time="41.317"/>
  <testcase classname="newLCV.HPNR.Acquisition_Quotes_HPNR_PCP_LCV_without_maintenance_Test" name="aquisition_quotes_HPNR_PCP_customer_quote_calculations_check_monthly_finance_payment_without_maintenance_test" time="76.062"/>
  <testcase classname="newLCV.HPNR.Acquisition_Quotes_HPNR_PCP_LCV_without_maintenance_Test" name="aquisition_quotes_HPNR_PCP_customer_quote_vehicle_profit_edit_check_without_maintenance_test" time="35.788"/>
  <testcase classname="newLCV.HPNR.Acquisition_Quotes_HPNR_PCP_LCV_without_maintenance_Test" name="aquisition_quotes_HPNR_PCP_customer_quote_part_exchange_value_edit_check_without_maintenance_test" time="57.26"/>
  <testcase classname="newLCV.HPNR.Acquisition_Quotes_HPNR_PCP_LCV_without_maintenance_Test" name="aquisition_quotes_HPNR_PCP_quote_summary_values_verification_without_maintenance_test" time="229.302"/>
  <testcase classname="newLCV.HPNR.Acquisition_Quotes_HPNR_PCP_LCV_with_maintenance_Test" name="aquisition_quotes_HPNR_PCP_OTR_calculation_with_maintenance_test" time="113.028"/>
  <testcase classname="newLCV.HPNR.Acquisition_Quotes_HPNR_PCP_LCV_with_maintenance_Test" name="aquisition_quotes_HPNR_PCP_after_discount_calculations_with_maintenance_test" time="4.442"/>
  <testcase classname="newLCV.HPNR.Acquisition_Quotes_HPNR_PCP_LCV_with_maintenance_Test" name="aquisition_quotes_HPNR_PCP_holding_cost_calculations_with_maintenance_test" time="51.882"/>
  <testcase classname="newLCV.HPNR.Acquisition_Quotes_HPNR_PCP_LCV_with_maintenance_Test" name="aquisition_quotes_HPNR_PCP_customer_quote_calculations_check_monthly_finance_payment_with_maintenance_test" time="125.461"/>
  <testcase classname="newLCV.HPNR.Acquisition_Quotes_HPNR_PCP_LCV_with_maintenance_Test" name="aquisition_quotes_HPNR_PCP_customer_quote_vehicle_profit_edit_check_with_maintenance_test" time="43.786"/>
  <testcase classname="newLCV.HPNR.Acquisition_Quotes_HPNR_PCP_LCV_with_maintenance_Test" name="aquisition_quotes_HPNR_PCP_customer_quote_part_exchange_value_edit_check_with_maintenance_test" time="72.667"/>
  <testcase classname="newLCV.HPNR.Acquisition_Quotes_HPNR_PCP_LCV_with_maintenance_Test" name="aquisition_quotes_HPNR_PCP_quote_summary_values_verification_with_maintenance_test" time="253.909"/>
  <testcase classname="newLCV.OP.Acquisition_Quotes_Outright_HPNR_LCV_without_maintenance_Test" name="aquisition_quotes_outright_HPNR_OTR_calculation_without_maintenance_test" time="112.05"/>
  <testcase classname="newLCV.OP.Acquisition_Quotes_Outright_HPNR_LCV_without_maintenance_Test" name="aquisition_quotes_outright_HPNR_after_discount_calculations_without_maintenance_test" time="4.499"/>
  <testcase classname="newLCV.OP.Acquisition_Quotes_Outright_HPNR_LCV_without_maintenance_Test" name="aquisition_quotes_outright_HPNR_holding_cost_calculations_without_maintenance_test" time="40.512"/>
  <testcase classname="newLCV.OP.Acquisition_Quotes_Outright_HPNR_LCV_without_maintenance_Test" name="aquisition_quotes_outright_HPNR_customer_quote_calculations_check_monthly_finance_payment_without_maintenance_test" time="99.316"/>
  <testcase classname="newLCV.OP.Acquisition_Quotes_Outright_HPNR_LCV_without_maintenance_Test" name="aquisition_quotes_outright_HPNR_customer_quote_vehicle_profit_edit_check_without_maintenance_test" time="46.614"/>
  <testcase classname="newLCV.OP.Acquisition_Quotes_Outright_HPNR_LCV_without_maintenance_Test" name="aquisition_quotes_outright_HPNR_customer_quote_part_exchange_value_edit_check_without_maintenance_test" time="89.31"/>
  <testcase classname="newLCV.OP.Acquisition_Quotes_Outright_HPNR_LCV_without_maintenance_Test" name="aquisition_quotes_outright_HPNR_customer_quote_monthly_finance_payment_after_balloon_payment_off_without_maintenance_test" time="20.476"/>
  <testcase classname="newLCV.OP.Acquisition_Quotes_Outright_HPNR_LCV_without_maintenance_Test" name="aquisition_quotes_outright_HPNR_quote_summary_values_verification_without_maintenance_test" time="113.888"/>
  <testcase classname="newLCV.FL.Acquisition_Quotes_FL_FL_LCV_with_funder_quote_addition_without_maintenance_Test" name="aquisition_quotes_FL_FL_OTR_calculation_without_maintenance_test" time="115.675"/>
  <testcase classname="newLCV.FL.Acquisition_Quotes_FL_FL_LCV_with_funder_quote_addition_without_maintenance_Test" name="aquisition_quotes_FL_FL_after_discount_calculations_without_maintenance_test" time="4.327"/>
  <testcase classname="newLCV.FL.Acquisition_Quotes_FL_FL_LCV_with_funder_quote_addition_without_maintenance_Test" name="aquisition_quotes_FL_FL_holding_cost_calculations_without_maintenance_test" time="27.406"/>
  <testcase classname="newLCV.FL.Acquisition_Quotes_FL_FL_LCV_with_funder_quote_addition_without_maintenance_Test" name="aquisition_quotes_FL_FL_customer_quote_payment_profile_calculations_without_maintenance_test" time="91.941"/>
  <testcase classname="newLCV.FL.Acquisition_Quotes_FL_FL_LCV_with_funder_quote_addition_without_maintenance_Test" name="aquisition_quotes_FL_FL_quote_summary_values_verification_without_maintenance_test" time="105.237">
    <failure type="java.lang.AssertionError" message="expected [true] but found [false]">
      <![CDATA[java.lang.AssertionError: expected [true] but found [false]
at newLCV.FL.Acquisition_Quotes_FL_FL_LCV_with_funder_quote_addition_without_maintenance_Test.aquisition_quotes_FL_FL_quote_summary_values_verification_without_maintenance_test(Acquisition_Quotes_FL_FL_LCV_with_funder_quote_addition_without_maintenance_Test.java:189)
at java.base/java.util.ArrayList.forEach(ArrayList.java:1511)
... Removed 29 stack frames]]>
    </failure>
  </testcase> <!-- aquisition_quotes_FL_FL_quote_summary_values_verification_without_maintenance_test -->
  <testcase classname="newLCV.HPNR.Acquisition_Quotes_HPNR_FL_LCV_with_funder_quote_addition_with_maintenance_Test" name="aquisition_quotes_HPNR_FL_OTR_calculation_with_maintenance_test" time="112.038"/>
  <testcase classname="newLCV.HPNR.Acquisition_Quotes_HPNR_FL_LCV_with_funder_quote_addition_with_maintenance_Test" name="aquisition_quotes_HPNR_FL_after_discount_calculations_with_maintenance_test" time="4.59"/>
  <testcase classname="newLCV.HPNR.Acquisition_Quotes_HPNR_FL_LCV_with_funder_quote_addition_with_maintenance_Test" name="aquisition_quotes_HPNR_FL_holding_cost_calculations_with_maintenance_test" time="34.477"/>
  <testcase classname="newLCV.HPNR.Acquisition_Quotes_HPNR_FL_LCV_with_funder_quote_addition_with_maintenance_Test" name="aquisition_quotes_HPNR_FL_customer_quote_payment_profile_calculations_with_maintenance_test" time="129.172"/>
  <testcase classname="newLCV.HPNR.Acquisition_Quotes_HPNR_FL_LCV_with_funder_quote_addition_with_maintenance_Test" name="aquisition_quotes_HPNR_FL_quote_summary_values_verification_with_maintenance_test" time="80.464">
    <failure type="org.openqa.selenium.TimeoutException" message="Expected condition failed: waiting for visibility of Proxy element for: DefaultElementLocator &amp;apos;By.xpath: //app-acquisition-summary-configuration//*[normalize-space()=&amp;apos;Maint. margin&amp;apos;]//ancestor::div[1]//div//label/strong&amp;apos; (tried for 20 second(s) with 500 milliseconds interval)">
      <![CDATA[org.openqa.selenium.TimeoutException: Expected condition failed: waiting for visibility of Proxy element for: DefaultElementLocator 'By.xpath: //app-acquisition-summary-configuration//*[normalize-space()='Maint. margin']//ancestor::div[1]//div//label/strong' (tried for 20 second(s) with 500 milliseconds interval)
at org.openqa.selenium.support.ui.WebDriverWait.timeoutException(WebDriverWait.java:138)
at org.openqa.selenium.support.ui.FluentWait.until(FluentWait.java:231)
at com.amt.testUtil.ExplicitWait.visibleElement(ExplicitWait.java:23)
at com.amt.QuoteSummaryPages.QuoteSummary_HPNR_FL_Page.quote_summary_configuration_value_verification_with_maintenance_for_funder(QuoteSummary_HPNR_FL_Page.java:2635)
at newLCV.HPNR.Acquisition_Quotes_HPNR_FL_LCV_with_funder_quote_addition_with_maintenance_Test.aquisition_quotes_HPNR_FL_quote_summary_values_verification_with_maintenance_test(Acquisition_Quotes_HPNR_FL_LCV_with_funder_quote_addition_with_maintenance_Test.java:196)
at java.base/java.util.ArrayList.forEach(ArrayList.java:1511)
Caused by: org.openqa.selenium.NoSuchElementException: no such element: Unable to locate element: {"method":"xpath","selector":"//app-acquisition-summary-configuration//*[normalize-space()='Maint. margin']//ancestor::div[1]//div//label/strong"}
  (Session info: chrome=122.0.6261.95)
For documentation on this error, please visit: https://selenium.dev/exceptions/#no_such_element
Build info: version: '4.1.0', revision: '87802e897b'
System info: host: 'DSK-4052', ip: '172.16.1.80', os.name: 'Windows 10', os.arch: 'amd64', os.version: '10.0', java.version: '19.0.1'
Driver info: org.openqa.selenium.chrome.ChromeDriver
Command: [2c49bc06afb91c34ae0bdadc042d3c2b, findElement {using=xpath, value=//app-acquisition-summary-configuration//*[normalize-space()='Maint. margin']//ancestor::div[1]//div//label/strong}]
Capabilities {acceptInsecureCerts: false, browserName: chrome, browserVersion: 122.0.6261.95, chrome: {chromedriverVersion: 121.0.6167.85 (3f98d690ad7e..., userDataDir: C:\Users\NITEIN~1.KUR\AppDa...}, fedcm:accounts: true, goog:chromeOptions: {debuggerAddress: localhost:51238}, javascriptEnabled: true, networkConnectionEnabled: false, pageLoadStrategy: normal, platform: WINDOWS, platformName: WINDOWS, proxy: Proxy(), se:cdp: ws://localhost:51238/devtoo..., se:cdpVersion: 122.0.6261.95, setWindowRect: true, strictFileInteractability: false, timeouts: {implicit: 0, pageLoad: 300000, script: 30000}, unhandledPromptBehavior: dismiss and notify, webauthn:extension:credBlob: true, webauthn:extension:largeBlob: true, webauthn:extension:minPinLength: true, webauthn:extension:prf: true, webauthn:virtualAuthenticators: true}
Session ID: 2c49bc06afb91c34ae0bdadc042d3c2b
at org.openqa.selenium.remote.codec.w3c.W3CHttpResponseCodec.createException(W3CHttpResponseCodec.java:200)
at org.openqa.selenium.remote.codec.w3c.W3CHttpResponseCodec.decode(W3CHttpResponseCodec.java:133)
at org.openqa.selenium.remote.codec.w3c.W3CHttpResponseCodec.decode(W3CHttpResponseCodec.java:53)
at org.openqa.selenium.remote.HttpCommandExecutor.execute(HttpCommandExecutor.java:184)
at org.openqa.selenium.remote.service.DriverCommandExecutor.invokeExecute(DriverCommandExecutor.java:164)
at org.openqa.selenium.remote.service.DriverCommandExecutor.execute(DriverCommandExecutor.java:139)
at org.openqa.selenium.remote.RemoteWebDriver.execute(RemoteWebDriver.java:559)
at org.openqa.selenium.remote.ElementLocation$ElementFinder$2.findElement(ElementLocation.java:162)
at org.openqa.selenium.remote.ElementLocation.findElement(ElementLocation.java:60)
at org.openqa.selenium.remote.RemoteWebDriver.findElement(RemoteWebDriver.java:383)
at org.openqa.selenium.remote.RemoteWebDriver.findElement(RemoteWebDriver.java:375)
at org.openqa.selenium.support.pagefactory.DefaultElementLocator.findElement(DefaultElementLocator.java:70)
at org.openqa.selenium.support.pagefactory.internal.LocatingElementHandler.invoke(LocatingElementHandler.java:39)
at jdk.proxy2/jdk.proxy2.$Proxy23.isDisplayed(Unknown Source)
at org.openqa.selenium.support.ui.ExpectedConditions.elementIfVisible(ExpectedConditions.java:307)
at org.openqa.selenium.support.ui.ExpectedConditions.access$000(ExpectedConditions.java:40)
at org.openqa.selenium.support.ui.ExpectedConditions$10.apply(ExpectedConditions.java:293)
at org.openqa.selenium.support.ui.ExpectedConditions$10.apply(ExpectedConditions.java:290)
at org.openqa.selenium.support.ui.FluentWait.until(FluentWait.java:208)
... 29 more
... Removed 28 stack frames]]>
    </failure>
  </testcase> <!-- aquisition_quotes_HPNR_FL_quote_summary_values_verification_with_maintenance_test -->
  <testcase classname="com.amt.testBase.TestBase" name="@AfterSuite end" time="0.0">
    <ignored/>
  </testcase> <!-- @AfterSuite end -->
  <testcase classname="com.amt.testBase.TestBase" name="@AfterSuite end" time="0.0">
    <ignored/>
  </testcase> <!-- @AfterSuite end -->
  <testcase classname="com.amt.testBase.TestBase" name="@AfterSuite end" time="0.0">
    <ignored/>
  </testcase> <!-- @AfterSuite end -->
  <testcase classname="com.amt.testBase.TestBase" name="@AfterSuite end" time="0.0">
    <ignored/>
  </testcase> <!-- @AfterSuite end -->
  <testcase classname="com.amt.testBase.TestBase" name="@AfterSuite end" time="0.0">
    <ignored/>
  </testcase> <!-- @AfterSuite end -->
  <testcase classname="com.amt.testBase.TestBase" name="@AfterSuite end" time="0.0">
    <ignored/>
  </testcase> <!-- @AfterSuite end -->
  <testcase classname="com.amt.testBase.TestBase" name="@AfterSuite end" time="0.0">
    <ignored/>
  </testcase> <!-- @AfterSuite end -->
  <testcase classname="com.amt.testBase.TestBase" name="@AfterSuite end" time="0.0">
    <ignored/>
  </testcase> <!-- @AfterSuite end -->
  <testcase classname="com.amt.testBase.TestBase" name="@AfterSuite end" time="0.0">
    <ignored/>
  </testcase> <!-- @AfterSuite end -->
  <testcase classname="com.amt.testBase.TestBase" name="@AfterSuite end" time="0.0">
    <ignored/>
  </testcase> <!-- @AfterSuite end -->
  <testcase classname="com.amt.testBase.TestBase" name="@AfterSuite end" time="0.0">
    <ignored/>
  </testcase> <!-- @AfterSuite end -->
  <testcase classname="com.amt.testBase.TestBase" name="@AfterSuite end" time="0.0">
    <ignored/>
  </testcase> <!-- @AfterSuite end -->
  <testcase classname="com.amt.testBase.TestBase" name="@AfterSuite end" time="0.0">
    <ignored/>
  </testcase> <!-- @AfterSuite end -->
  <testcase classname="com.amt.testBase.TestBase" name="@AfterSuite end" time="0.0">
    <ignored/>
  </testcase> <!-- @AfterSuite end -->
  <testcase classname="com.amt.testBase.TestBase" name="@AfterSuite end" time="0.0">
    <ignored/>
  </testcase> <!-- @AfterSuite end -->
  <testcase classname="com.amt.testBase.TestBase" name="@AfterSuite end" time="0.0">
    <ignored/>
  </testcase> <!-- @AfterSuite end -->
  <testcase classname="com.amt.testBase.TestBase" name="@AfterSuite end" time="0.0">
    <ignored/>
  </testcase> <!-- @AfterSuite end -->
  <testcase classname="com.amt.testBase.TestBase" name="@AfterSuite end" time="0.0">
    <ignored/>
  </testcase> <!-- @AfterSuite end -->
  <testcase classname="com.amt.testBase.TestBase" name="@AfterSuite end" time="0.0">
    <ignored/>
  </testcase> <!-- @AfterSuite end -->
  <testcase classname="com.amt.testBase.TestBase" name="@AfterSuite end" time="0.0">
    <ignored/>
  </testcase> <!-- @AfterSuite end -->
  <testcase classname="com.amt.testBase.TestBase" name="@AfterSuite end" time="0.0">
    <ignored/>
  </testcase> <!-- @AfterSuite end -->
  <testcase classname="com.amt.testBase.TestBase" name="@AfterSuite end" time="0.0">
    <ignored/>
  </testcase> <!-- @AfterSuite end -->
  <testcase classname="com.amt.testBase.TestBase" name="@AfterSuite end" time="0.0">
    <ignored/>
  </testcase> <!-- @AfterSuite end -->
  <testcase classname="com.amt.testBase.TestBase" name="@AfterSuite end" time="0.0">
    <ignored/>
  </testcase> <!-- @AfterSuite end -->
  <testcase classname="com.amt.testBase.TestBase" name="@AfterSuite end" time="0.0">
    <ignored/>
  </testcase> <!-- @AfterSuite end -->
  <testcase classname="com.amt.testBase.TestBase" name="@AfterSuite end" time="0.0">
    <ignored/>
  </testcase> <!-- @AfterSuite end -->
  <testcase classname="com.amt.testBase.TestBase" name="@AfterSuite end" time="0.0">
    <ignored/>
  </testcase> <!-- @AfterSuite end -->
  <testcase classname="com.amt.testBase.TestBase" name="@AfterSuite end" time="0.0">
    <ignored/>
  </testcase> <!-- @AfterSuite end -->
  <testcase classname="com.amt.testBase.TestBase" name="@AfterSuite end" time="0.0">
    <ignored/>
  </testcase> <!-- @AfterSuite end -->
  <testcase classname="com.amt.testBase.TestBase" name="@AfterSuite end" time="0.0">
    <ignored/>
  </testcase> <!-- @AfterSuite end -->
  <testcase classname="com.amt.testBase.TestBase" name="@AfterSuite end" time="0.0">
    <ignored/>
  </testcase> <!-- @AfterSuite end -->
  <testcase classname="com.amt.testBase.TestBase" name="@AfterSuite end" time="0.0">
    <ignored/>
  </testcase> <!-- @AfterSuite end -->
  <testcase classname="com.amt.testBase.TestBase" name="@AfterSuite end" time="0.0">
    <ignored/>
  </testcase> <!-- @AfterSuite end -->
  <testcase classname="com.amt.testBase.TestBase" name="@AfterSuite end" time="0.0">
    <ignored/>
  </testcase> <!-- @AfterSuite end -->
  <testcase classname="com.amt.testBase.TestBase" name="@AfterSuite end" time="0.0">
    <ignored/>
  </testcase> <!-- @AfterSuite end -->
  <testcase classname="com.amt.testBase.TestBase" name="@AfterSuite end" time="0.0">
    <ignored/>
  </testcase> <!-- @AfterSuite end -->
  <testcase classname="com.amt.testBase.TestBase" name="@AfterSuite end" time="0.0">
    <ignored/>
  </testcase> <!-- @AfterSuite end -->
  <testcase classname="com.amt.testBase.TestBase" name="@AfterSuite end" time="0.0">
    <ignored/>
  </testcase> <!-- @AfterSuite end -->
  <testcase classname="com.amt.testBase.TestBase" name="@AfterSuite end" time="0.0">
    <ignored/>
  </testcase> <!-- @AfterSuite end -->
  <testcase classname="com.amt.testBase.TestBase" name="@AfterSuite end" time="0.0">
    <ignored/>
  </testcase> <!-- @AfterSuite end -->
  <testcase classname="com.amt.testBase.TestBase" name="@AfterSuite end" time="0.0">
    <ignored/>
  </testcase> <!-- @AfterSuite end -->
  <testcase classname="com.amt.testBase.TestBase" name="@AfterSuite end" time="0.0">
    <ignored/>
  </testcase> <!-- @AfterSuite end -->
  <testcase classname="com.amt.testBase.TestBase" name="@AfterSuite end" time="0.0">
    <ignored/>
  </testcase> <!-- @AfterSuite end -->
  <testcase classname="com.amt.testBase.TestBase" name="@AfterSuite end" time="0.0">
    <ignored/>
  </testcase> <!-- @AfterSuite end -->
  <testcase classname="com.amt.testBase.TestBase" name="@AfterSuite end" time="0.0">
    <ignored/>
  </testcase> <!-- @AfterSuite end -->
  <testcase classname="com.amt.testBase.TestBase" name="@AfterSuite end" time="0.0">
    <ignored/>
  </testcase> <!-- @AfterSuite end -->
  <testcase classname="com.amt.testBase.TestBase" name="@AfterSuite end" time="0.0">
    <ignored/>
  </testcase> <!-- @AfterSuite end -->
  <testcase classname="com.amt.testBase.TestBase" name="@AfterSuite end" time="0.0">
    <ignored/>
  </testcase> <!-- @AfterSuite end -->
  <testcase classname="com.amt.testBase.TestBase" name="@AfterSuite end" time="0.0">
    <ignored/>
  </testcase> <!-- @AfterSuite end -->
  <testcase classname="com.amt.testBase.TestBase" name="@AfterSuite end" time="0.0">
    <ignored/>
  </testcase> <!-- @AfterSuite end -->
  <testcase classname="com.amt.testBase.TestBase" name="@AfterSuite end" time="0.0">
    <ignored/>
  </testcase> <!-- @AfterSuite end -->
  <testcase classname="com.amt.testBase.TestBase" name="@AfterSuite end" time="0.0">
    <ignored/>
  </testcase> <!-- @AfterSuite end -->
  <testcase classname="com.amt.testBase.TestBase" name="@AfterSuite end" time="0.0">
    <ignored/>
  </testcase> <!-- @AfterSuite end -->
  <testcase classname="com.amt.testBase.TestBase" name="@AfterSuite end" time="0.0">
    <ignored/>
  </testcase> <!-- @AfterSuite end -->
  <testcase classname="com.amt.testBase.TestBase" name="@AfterSuite end" time="0.0">
    <ignored/>
  </testcase> <!-- @AfterSuite end -->
  <testcase classname="com.amt.testBase.TestBase" name="@AfterSuite end" time="0.0">
    <ignored/>
  </testcase> <!-- @AfterSuite end -->
  <testcase classname="com.amt.testBase.TestBase" name="@AfterSuite end" time="0.0">
    <ignored/>
  </testcase> <!-- @AfterSuite end -->
  <testcase classname="com.amt.testBase.TestBase" name="@AfterSuite end" time="0.0">
    <ignored/>
  </testcase> <!-- @AfterSuite end -->
  <testcase classname="com.amt.testBase.TestBase" name="@AfterSuite end" time="0.0">
    <ignored/>
  </testcase> <!-- @AfterSuite end -->
  <testcase classname="com.amt.testBase.TestBase" name="@AfterSuite end" time="0.0">
    <ignored/>
  </testcase> <!-- @AfterSuite end -->
  <testcase classname="com.amt.testBase.TestBase" name="@AfterSuite end" time="0.0">
    <ignored/>
  </testcase> <!-- @AfterSuite end -->
  <testcase classname="com.amt.testBase.TestBase" name="@AfterSuite end" time="0.0">
    <ignored/>
  </testcase> <!-- @AfterSuite end -->
  <testcase classname="com.amt.testBase.TestBase" name="@AfterSuite end" time="0.0">
    <ignored/>
  </testcase> <!-- @AfterSuite end -->
  <testcase classname="com.amt.testBase.TestBase" name="@AfterSuite end" time="0.0">
    <ignored/>
  </testcase> <!-- @AfterSuite end -->
  <testcase classname="com.amt.testBase.TestBase" name="@AfterSuite end" time="0.0">
    <ignored/>
  </testcase> <!-- @AfterSuite end -->
  <testcase classname="com.amt.testBase.TestBase" name="@AfterSuite end" time="0.0">
    <ignored/>
  </testcase> <!-- @AfterSuite end -->
  <testcase classname="com.amt.testBase.TestBase" name="@AfterSuite end" time="0.0">
    <ignored/>
  </testcase> <!-- @AfterSuite end -->
  <testcase classname="com.amt.testBase.TestBase" name="@AfterSuite end" time="0.0">
    <ignored/>
  </testcase> <!-- @AfterSuite end -->
  <testcase classname="com.amt.testBase.TestBase" name="@AfterSuite end" time="0.0">
    <ignored/>
  </testcase> <!-- @AfterSuite end -->
  <testcase classname="com.amt.testBase.TestBase" name="@AfterSuite end" time="0.0">
    <ignored/>
  </testcase> <!-- @AfterSuite end -->
  <testcase classname="com.amt.testBase.TestBase" name="@AfterSuite end" time="0.0">
    <ignored/>
  </testcase> <!-- @AfterSuite end -->
  <testcase classname="com.amt.testBase.TestBase" name="@AfterSuite end" time="0.0">
    <ignored/>
  </testcase> <!-- @AfterSuite end -->
  <testcase classname="com.amt.testBase.TestBase" name="@AfterSuite end" time="0.0">
    <ignored/>
  </testcase> <!-- @AfterSuite end -->
  <testcase classname="com.amt.testBase.TestBase" name="@AfterSuite end" time="0.0">
    <ignored/>
  </testcase> <!-- @AfterSuite end -->
  <testcase classname="com.amt.testBase.TestBase" name="@AfterSuite end" time="0.0">
    <ignored/>
  </testcase> <!-- @AfterSuite end -->
  <testcase classname="com.amt.testBase.TestBase" name="@AfterSuite end" time="0.0">
    <ignored/>
  </testcase> <!-- @AfterSuite end -->
  <testcase classname="com.amt.testBase.TestBase" name="@AfterSuite end" time="0.0">
    <ignored/>
  </testcase> <!-- @AfterSuite end -->
  <testcase classname="com.amt.testBase.TestBase" name="@AfterSuite end" time="0.0">
    <ignored/>
  </testcase> <!-- @AfterSuite end -->
  <testcase classname="com.amt.testBase.TestBase" name="@AfterSuite end" time="0.0">
    <ignored/>
  </testcase> <!-- @AfterSuite end -->
  <testcase classname="com.amt.testBase.TestBase" name="@AfterSuite end" time="0.0">
    <ignored/>
  </testcase> <!-- @AfterSuite end -->
  <testcase classname="com.amt.testBase.TestBase" name="@AfterSuite end" time="0.0">
    <ignored/>
  </testcase> <!-- @AfterSuite end -->
  <testcase classname="com.amt.testBase.TestBase" name="@AfterSuite end" time="0.0">
    <ignored/>
  </testcase> <!-- @AfterSuite end -->
  <testcase classname="com.amt.testBase.TestBase" name="@AfterSuite end" time="0.0">
    <ignored/>
  </testcase> <!-- @AfterSuite end -->
  <testcase classname="com.amt.testBase.TestBase" name="@AfterSuite end" time="0.0">
    <ignored/>
  </testcase> <!-- @AfterSuite end -->
  <testcase classname="com.amt.testBase.TestBase" name="@AfterSuite end" time="0.0">
    <ignored/>
  </testcase> <!-- @AfterSuite end -->
  <testcase classname="com.amt.testBase.TestBase" name="@AfterSuite end" time="0.0">
    <ignored/>
  </testcase> <!-- @AfterSuite end -->
  <testcase classname="com.amt.testBase.TestBase" name="@BeforeTest start_info" time="0.0">
    <ignored/>
  </testcase> <!-- @BeforeTest start_info -->
  <testcase classname="com.amt.testBase.TestBase" name="@BeforeTest start_info" time="0.0">
    <ignored/>
  </testcase> <!-- @BeforeTest start_info -->
  <testcase classname="com.amt.testBase.TestBase" name="@BeforeTest start_info" time="0.0">
    <ignored/>
  </testcase> <!-- @BeforeTest start_info -->
  <testcase classname="com.amt.testBase.TestBase" name="@BeforeTest start_info" time="0.0">
    <ignored/>
  </testcase> <!-- @BeforeTest start_info -->
  <testcase classname="com.amt.testBase.TestBase" name="@BeforeTest start_info" time="0.0">
    <ignored/>
  </testcase> <!-- @BeforeTest start_info -->
  <testcase classname="com.amt.testBase.TestBase" name="@BeforeTest start_info" time="0.0">
    <ignored/>
  </testcase> <!-- @BeforeTest start_info -->
  <testcase classname="com.amt.testBase.TestBase" name="@BeforeTest start_info" time="0.0">
    <ignored/>
  </testcase> <!-- @BeforeTest start_info -->
  <testcase classname="com.amt.testBase.TestBase" name="@BeforeTest start_info" time="0.0">
    <ignored/>
  </testcase> <!-- @BeforeTest start_info -->
  <testcase classname="com.amt.testBase.TestBase" name="@BeforeTest start_info" time="0.0">
    <ignored/>
  </testcase> <!-- @BeforeTest start_info -->
  <testcase classname="com.amt.testBase.TestBase" name="@BeforeTest start_info" time="0.0">
    <ignored/>
  </testcase> <!-- @BeforeTest start_info -->
  <testcase classname="com.amt.testBase.TestBase" name="@BeforeTest start_info" time="0.0">
    <ignored/>
  </testcase> <!-- @BeforeTest start_info -->
  <testcase classname="com.amt.testBase.TestBase" name="@BeforeTest start_info" time="0.0">
    <ignored/>
  </testcase> <!-- @BeforeTest start_info -->
  <testcase classname="com.amt.testBase.TestBase" name="@BeforeTest start_info" time="0.0">
    <ignored/>
  </testcase> <!-- @BeforeTest start_info -->
  <testcase classname="com.amt.testBase.TestBase" name="@BeforeTest start_info" time="0.0">
    <ignored/>
  </testcase> <!-- @BeforeTest start_info -->
  <testcase classname="com.amt.testBase.TestBase" name="@BeforeTest start_info" time="0.0">
    <ignored/>
  </testcase> <!-- @BeforeTest start_info -->
  <testcase classname="com.amt.testBase.TestBase" name="@BeforeTest start_info" time="0.0">
    <ignored/>
  </testcase> <!-- @BeforeTest start_info -->
  <testcase classname="com.amt.testBase.TestBase" name="@BeforeTest start_info" time="0.0">
    <ignored/>
  </testcase> <!-- @BeforeTest start_info -->
  <testcase classname="com.amt.testBase.TestBase" name="@BeforeTest start_info" time="0.0">
    <ignored/>
  </testcase> <!-- @BeforeTest start_info -->
  <testcase classname="com.amt.testBase.TestBase" name="@BeforeTest start_info" time="0.0">
    <ignored/>
  </testcase> <!-- @BeforeTest start_info -->
  <testcase classname="com.amt.testBase.TestBase" name="@BeforeTest start_info" time="0.0">
    <ignored/>
  </testcase> <!-- @BeforeTest start_info -->
  <testcase classname="com.amt.testBase.TestBase" name="@BeforeTest start_info" time="0.0">
    <ignored/>
  </testcase> <!-- @BeforeTest start_info -->
  <testcase classname="com.amt.testBase.TestBase" name="@BeforeTest start_info" time="0.0">
    <ignored/>
  </testcase> <!-- @BeforeTest start_info -->
  <testcase classname="com.amt.testBase.TestBase" name="@BeforeTest start_info" time="0.0">
    <ignored/>
  </testcase> <!-- @BeforeTest start_info -->
  <testcase classname="com.amt.testBase.TestBase" name="@BeforeTest start_info" time="0.0">
    <ignored/>
  </testcase> <!-- @BeforeTest start_info -->
  <testcase classname="com.amt.testBase.TestBase" name="@BeforeTest start_info" time="0.0">
    <ignored/>
  </testcase> <!-- @BeforeTest start_info -->
  <testcase classname="com.amt.testBase.TestBase" name="@BeforeTest start_info" time="0.0">
    <ignored/>
  </testcase> <!-- @BeforeTest start_info -->
  <testcase classname="com.amt.testBase.TestBase" name="@BeforeTest start_info" time="0.0">
    <ignored/>
  </testcase> <!-- @BeforeTest start_info -->
  <testcase classname="com.amt.testBase.TestBase" name="@BeforeTest start_info" time="0.0">
    <ignored/>
  </testcase> <!-- @BeforeTest start_info -->
  <testcase classname="com.amt.testBase.TestBase" name="@BeforeTest start_info" time="0.0">
    <ignored/>
  </testcase> <!-- @BeforeTest start_info -->
  <testcase classname="com.amt.testBase.TestBase" name="@BeforeTest start_info" time="0.0">
    <ignored/>
  </testcase> <!-- @BeforeTest start_info -->
  <testcase classname="com.amt.testBase.TestBase" name="@BeforeTest start_info" time="0.0">
    <ignored/>
  </testcase> <!-- @BeforeTest start_info -->
  <testcase classname="com.amt.testBase.TestBase" name="@BeforeTest start_info" time="0.0">
    <ignored/>
  </testcase> <!-- @BeforeTest start_info -->
  <testcase classname="com.amt.testBase.TestBase" name="@BeforeTest start_info" time="0.0">
    <ignored/>
  </testcase> <!-- @BeforeTest start_info -->
  <testcase classname="com.amt.testBase.TestBase" name="@BeforeTest start_info" time="0.0">
    <ignored/>
  </testcase> <!-- @BeforeTest start_info -->
  <testcase classname="com.amt.testBase.TestBase" name="@BeforeTest start_info" time="0.0">
    <ignored/>
  </testcase> <!-- @BeforeTest start_info -->
  <testcase classname="com.amt.testBase.TestBase" name="@BeforeTest start_info" time="0.0">
    <ignored/>
  </testcase> <!-- @BeforeTest start_info -->
  <testcase classname="com.amt.testBase.TestBase" name="@BeforeTest start_info" time="0.0">
    <ignored/>
  </testcase> <!-- @BeforeTest start_info -->
  <testcase classname="com.amt.testBase.TestBase" name="@BeforeTest start_info" time="0.0">
    <ignored/>
  </testcase> <!-- @BeforeTest start_info -->
  <testcase classname="com.amt.testBase.TestBase" name="@BeforeTest start_info" time="0.0">
    <ignored/>
  </testcase> <!-- @BeforeTest start_info -->
  <testcase classname="com.amt.testBase.TestBase" name="@BeforeTest start_info" time="0.0">
    <ignored/>
  </testcase> <!-- @BeforeTest start_info -->
  <testcase classname="com.amt.testBase.TestBase" name="@BeforeTest start_info" time="0.0">
    <ignored/>
  </testcase> <!-- @BeforeTest start_info -->
  <testcase classname="com.amt.testBase.TestBase" name="@BeforeTest start_info" time="0.0">
    <ignored/>
  </testcase> <!-- @BeforeTest start_info -->
  <testcase classname="com.amt.testBase.TestBase" name="@BeforeTest start_info" time="0.0">
    <ignored/>
  </testcase> <!-- @BeforeTest start_info -->
  <testcase classname="com.amt.testBase.TestBase" name="@BeforeTest start_info" time="0.0">
    <ignored/>
  </testcase> <!-- @BeforeTest start_info -->
  <testcase classname="com.amt.testBase.TestBase" name="@BeforeTest start_info" time="0.0">
    <ignored/>
  </testcase> <!-- @BeforeTest start_info -->
  <testcase classname="com.amt.testBase.TestBase" name="@BeforeTest start_info" time="0.0">
    <ignored/>
  </testcase> <!-- @BeforeTest start_info -->
  <testcase classname="com.amt.testBase.TestBase" name="@BeforeTest start_info" time="0.0">
    <ignored/>
  </testcase> <!-- @BeforeTest start_info -->
  <testcase classname="com.amt.testBase.TestBase" name="@BeforeTest start_info" time="0.0">
    <ignored/>
  </testcase> <!-- @BeforeTest start_info -->
  <testcase classname="com.amt.testBase.TestBase" name="@BeforeTest start_info" time="0.0">
    <ignored/>
  </testcase> <!-- @BeforeTest start_info -->
  <testcase classname="com.amt.testBase.TestBase" name="@BeforeTest start_info" time="0.0">
    <ignored/>
  </testcase> <!-- @BeforeTest start_info -->
  <testcase classname="com.amt.testBase.TestBase" name="@BeforeTest start_info" time="0.0">
    <ignored/>
  </testcase> <!-- @BeforeTest start_info -->
  <testcase classname="com.amt.testBase.TestBase" name="@BeforeTest start_info" time="0.0">
    <ignored/>
  </testcase> <!-- @BeforeTest start_info -->
  <testcase classname="com.amt.testBase.TestBase" name="@BeforeTest start_info" time="0.0">
    <ignored/>
  </testcase> <!-- @BeforeTest start_info -->
  <testcase classname="com.amt.testBase.TestBase" name="@BeforeTest start_info" time="0.0">
    <ignored/>
  </testcase> <!-- @BeforeTest start_info -->
  <testcase classname="com.amt.testBase.TestBase" name="@BeforeTest start_info" time="0.0">
    <ignored/>
  </testcase> <!-- @BeforeTest start_info -->
  <testcase classname="com.amt.testBase.TestBase" name="@BeforeTest start_info" time="0.0">
    <ignored/>
  </testcase> <!-- @BeforeTest start_info -->
  <testcase classname="com.amt.testBase.TestBase" name="@BeforeTest start_info" time="0.0">
    <ignored/>
  </testcase> <!-- @BeforeTest start_info -->
  <testcase classname="com.amt.testBase.TestBase" name="@BeforeTest start_info" time="0.0">
    <ignored/>
  </testcase> <!-- @BeforeTest start_info -->
  <testcase classname="com.amt.testBase.TestBase" name="@BeforeTest start_info" time="0.0">
    <ignored/>
  </testcase> <!-- @BeforeTest start_info -->
  <testcase classname="com.amt.testBase.TestBase" name="@BeforeTest start_info" time="0.0">
    <ignored/>
  </testcase> <!-- @BeforeTest start_info -->
  <testcase classname="com.amt.testBase.TestBase" name="@BeforeTest start_info" time="0.0">
    <ignored/>
  </testcase> <!-- @BeforeTest start_info -->
  <testcase classname="com.amt.testBase.TestBase" name="@BeforeTest start_info" time="0.0">
    <ignored/>
  </testcase> <!-- @BeforeTest start_info -->
  <testcase classname="com.amt.testBase.TestBase" name="@BeforeTest start_info" time="0.0">
    <ignored/>
  </testcase> <!-- @BeforeTest start_info -->
  <testcase classname="com.amt.testBase.TestBase" name="@BeforeTest start_info" time="0.0">
    <ignored/>
  </testcase> <!-- @BeforeTest start_info -->
  <testcase classname="com.amt.testBase.TestBase" name="@BeforeTest start_info" time="0.0">
    <ignored/>
  </testcase> <!-- @BeforeTest start_info -->
  <testcase classname="com.amt.testBase.TestBase" name="@BeforeTest start_info" time="0.0">
    <ignored/>
  </testcase> <!-- @BeforeTest start_info -->
  <testcase classname="com.amt.testBase.TestBase" name="@BeforeTest start_info" time="0.0">
    <ignored/>
  </testcase> <!-- @BeforeTest start_info -->
  <testcase classname="com.amt.testBase.TestBase" name="@BeforeTest start_info" time="0.0">
    <ignored/>
  </testcase> <!-- @BeforeTest start_info -->
  <testcase classname="com.amt.testBase.TestBase" name="@BeforeTest start_info" time="0.0">
    <ignored/>
  </testcase> <!-- @BeforeTest start_info -->
  <testcase classname="com.amt.testBase.TestBase" name="@BeforeTest start_info" time="0.0">
    <ignored/>
  </testcase> <!-- @BeforeTest start_info -->
  <testcase classname="com.amt.testBase.TestBase" name="@BeforeTest start_info" time="0.0">
    <ignored/>
  </testcase> <!-- @BeforeTest start_info -->
  <testcase classname="com.amt.testBase.TestBase" name="@BeforeTest start_info" time="0.0">
    <ignored/>
  </testcase> <!-- @BeforeTest start_info -->
  <testcase classname="com.amt.testBase.TestBase" name="@BeforeTest start_info" time="0.0">
    <ignored/>
  </testcase> <!-- @BeforeTest start_info -->
  <testcase classname="com.amt.testBase.TestBase" name="@BeforeTest start_info" time="0.0">
    <ignored/>
  </testcase> <!-- @BeforeTest start_info -->
  <testcase classname="com.amt.testBase.TestBase" name="@BeforeTest start_info" time="0.0">
    <ignored/>
  </testcase> <!-- @BeforeTest start_info -->
  <testcase classname="com.amt.testBase.TestBase" name="@BeforeTest start_info" time="0.0">
    <ignored/>
  </testcase> <!-- @BeforeTest start_info -->
  <testcase classname="com.amt.testBase.TestBase" name="@BeforeTest start_info" time="0.0">
    <ignored/>
  </testcase> <!-- @BeforeTest start_info -->
  <testcase classname="com.amt.testBase.TestBase" name="@BeforeTest start_info" time="0.0">
    <ignored/>
  </testcase> <!-- @BeforeTest start_info -->
  <testcase classname="com.amt.testBase.TestBase" name="@BeforeTest start_info" time="0.0">
    <ignored/>
  </testcase> <!-- @BeforeTest start_info -->
  <testcase classname="com.amt.testBase.TestBase" name="@BeforeTest start_info" time="0.0">
    <ignored/>
  </testcase> <!-- @BeforeTest start_info -->
  <testcase classname="com.amt.testBase.TestBase" name="@BeforeTest start_info" time="0.0">
    <ignored/>
  </testcase> <!-- @BeforeTest start_info -->
  <testcase classname="com.amt.testBase.TestBase" name="@BeforeTest start_info" time="0.0">
    <ignored/>
  </testcase> <!-- @BeforeTest start_info -->
  <testcase classname="com.amt.testBase.TestBase" name="@BeforeTest start_info" time="0.0">
    <ignored/>
  </testcase> <!-- @BeforeTest start_info -->
  <testcase classname="com.amt.testBase.TestBase" name="@BeforeTest start_info" time="0.0">
    <ignored/>
  </testcase> <!-- @BeforeTest start_info -->
  <testcase classname="com.amt.testBase.TestBase" name="@BeforeTest start_info" time="0.0">
    <ignored/>
  </testcase> <!-- @BeforeTest start_info -->
  <testcase classname="com.amt.testBase.TestBase" name="@BeforeTest start_info" time="0.0">
    <ignored/>
  </testcase> <!-- @BeforeTest start_info -->
</testsuite> <!-- Test New LCV  -->
