<html>
<head>
<title>TestNG:  Test</title>
<link href="../testng.css" rel="stylesheet" type="text/css" />
<link href="../my-testng.css" rel="stylesheet" type="text/css" />

<style type="text/css">
.log { display: none;} 
.stack-trace { display: none;} 
</style>
<script type="text/javascript">
<!--
function flip(e) {
  current = e.style.display;
  if (current == 'block') {
    e.style.display = 'none';
    return 0;
  }
  else {
    e.style.display = 'block';
    return 1;
  }
}

function toggleBox(szDivId, elem, msg1, msg2)
{
  var res = -1;  if (document.getElementById) {
    res = flip(document.getElementById(szDivId));
  }
  else if (document.all) {
    // this is the way old msie versions work
    res = flip(document.all[szDivId]);
  }
  if(elem) {
    if(res == 0) elem.innerHTML = msg1; else elem.innerHTML = msg2;
  }

}

function toggleAllBoxes() {
  if (document.getElementsByTagName) {
    d = document.getElementsByTagName('div');
    for (i = 0; i < d.length; i++) {
      if (d[i].className == 'log') {
        flip(d[i]);
      }
    }
  }
}

// -->
</script>

</head>
<body>
<h2 align='center'>Test</h2><table border='1' align="center">
<tr>
<td>Tests passed/Failed/Skipped:</td><td>15/2/9</td>
</tr><tr>
<td>Started on:</td><td>Tue Feb 06 18:31:56 IST 2024</td>
</tr>
<tr><td>Total time:</td><td>2120 seconds (2120639 ms)</td>
</tr><tr>
<td>Included groups:</td><td></td>
</tr><tr>
<td>Excluded groups:</td><td></td>
</tr>
</table><p/>
<small><i>(Hover the method name to see the test class name)</i></small><p/>
<table width='100%' border='1' class='invocation-failed'>
<tr><td colspan='4' align='center'><b>FAILED TESTS</b></td></tr>
<tr><td><b>Test method</b></td>
<td width="30%"><b>Exception</b></td>
<td width="10%"><b>Time (seconds)</b></td>
<td><b>Instance</b></td>
</tr>
<tr>
<td title='usedCar.FL.Acquisition_Quotes_FL_PCH_used_car_with_funder_quote_addition_with_maintenance_Test.aquisition_quotes_used_car_OTR_calculation_with_maintenance_test()'><b>aquisition_quotes_used_car_OTR_calculation_with_maintenance_test</b><br>Test class: usedCar.FL.Acquisition_Quotes_FL_PCH_used_car_with_funder_quote_addition_with_maintenance_Test<br>Parameters: GY19XAG, 15000, 60000, 1000, REF001, 05/12/26, 12, 5000, 500, 50, 6000, 12, 10, 1, 1, 1, 10000, 6000, 2000, 1000, 239.99, 500, 200, 200, 22, 22000, YES, 20, 200, YES, 0, FL(F3)-PCH_Used_car<br/>
<a href="#Output-1741224653" onClick='toggleBox("Output-1741224653", this, "Show output", "Hide output");'>Show output</a>

<a href="#Output-1741224653" onClick="toggleAllBoxes();">Show all outputs</a>
<div class='log' id="Output-1741224653">
<b>Clicked on Quote button </b> <br /><br/>
<b>Selecting used vehicle with registration no. = GY19XAG and mileage = 15000</b> <br /><br/>
<br>----------Screenshot---------<br><br/>
<img src="D:\Acquisition\AMT_Automation_Acquisition\target\surefire-reports\html\failure_screenshots\aquisition_quotes_used_car_OTR_calculation_with_maintenance_test_06_02_2024_07_07_16.png" height="800" width="1000"><br/>
</div>
</td>
<td><div><pre>org.openqa.selenium.TimeoutException: Expected condition failed: waiting for element to be clickable: Proxy element for: DefaultElementLocator &apos;By.xpath: //span[normalize-space()=&apos;Used vehicle&apos;]&apos; (tried for 120 second(s) with 500 milliseconds interval)
	at org.openqa.selenium.support.ui.WebDriverWait.timeoutException(WebDriverWait.java:138)
	at org.openqa.selenium.support.ui.FluentWait.until(FluentWait.java:231)
	at com.amt.testUtil.Click.on(Click.java:18)
	at com.amt.pages.VehicleSelectionPage.select_vehicle_for_used_car_flow(VehicleSelectionPage.java:240)
	at usedCar.FL.Acquisition_Quotes_FL_PCH_used_car_with_funder_quote_addition_with_maintenance_Test.aquisition_quotes_used_car_OTR_calculation_with_maintenance_test(Acquisition_Quotes_FL_PCH_used_car_with_funder_quote_addition_with_maintenance_Test.java:53)
	at java.base/java.util.ArrayList.forEach(ArrayList.java:1511)
Caused by: org.openqa.selenium.NoSuchElementException: no such element: Unable to locate element: {&quot;method&quot;:&quot;xpath&quot;,&quot;selector&quot;:&quot;//span[normalize-space()=&apos;Used vehicle&apos;]&quot;}
  (Session info: chrome=121.0.6167.140)
For documentation on this error, please visit: https://selenium.dev/exceptions/#no_such_element
Build info: version: &apos;4.1.0&apos;, revision: &apos;87802e897b&apos;
System info: host: &apos;DSK-4052&apos;, ip: &apos;172.16.1.80&apos;, os.name: &apos;Windows 10&apos;, os.arch: &apos;amd64&apos;, os.version: &apos;10.0&apos;, java.version: &apos;19.0.1&apos;
Driver info: org.openqa.selenium.chrome.ChromeDriver
Command: [19490f8124dc313bc8544858ce75f2b9, findElement {using=xpath, value=//span[normalize-space()=&apos;Used vehicle&apos;]}]
Capabilities {acceptInsecureCerts: false, browserName: chrome, browserVersion: 121.0.6167.140, chrome: {chromedriverVersion: 121.0.6167.85 (3f98d690ad7e..., userDataDir: C:\Users\NITEIN~1.KUR\AppDa...}, fedcm:accounts: true, goog:chromeOptions: {debuggerAddress: localhost:64525}, javascriptEnabled: true, networkConnectionEnabled: false, pageLoadStrategy: normal, platform: WINDOWS, platformName: WINDOWS, proxy: Proxy(), se:cdp: ws://localhost:64525/devtoo..., se:cdpVersion: 121.0.6167.140, setWindowRect: true, strictFileInteractability: false, timeouts: {implicit: 0, pageLoad: 300000, script: 30000}, unhandledPromptBehavior: dismiss and notify, webauthn:extension:credBlob: true, webauthn:extension:largeBlob: true, webauthn:extension:minPinLength: true, webauthn:extension:prf: true, webauthn:virtualAuthenticators: true}
Session ID: 19490f8124dc313bc8544858ce75f2b9
	at org.openqa.selenium.remote.codec.w3c.W3CHttpResponseCodec.createException(W3CHttpResponseCodec.java:200)
	at org.openqa.selenium.remote.codec.w3c.W3CHttpResponseCodec.decode(W3CHttpResponseCodec.java:133)
	at org.openqa.selenium.remote.codec.w3c.W3CHttpResponseCodec.decode(W3CHttpResponseCodec.java:53)
	at org.openqa.selenium.remote.HttpCommandExecutor.execute(HttpCommandExecutor.java:184)
	at org.openqa.selenium.remote.service.DriverCommandExecutor.invokeExecute(DriverCommandExecutor.java:164)
	at org.openqa.selenium.remote.service.DriverCommandExecutor.execute(DriverCommandExecutor.java:139)
	at org.openqa.selenium.remote.RemoteWebDriver.execute(RemoteWebDriver.java:559)
	at org.openqa.selenium.remote.ElementLocation$ElementFinder$2.findElement(ElementLocation.java:162)
	at org.openqa.selenium.remote.ElementLocation.findElement(ElementLocation.java:60)
	at org.openqa.selenium.remote.RemoteWebDriver.findElement(RemoteWebDriver.java:383)
	at org.openqa.selenium.remote.RemoteWebDriver.findElement(RemoteWebDriver.java:375)
	at org.openqa.selenium.support.pagefactory.DefaultElementLocator.findElement(DefaultElementLocator.java:70)
	at org.openqa.selenium.support.pagefactory.internal.LocatingElementHandler.invoke(LocatingElementHandler.java:39)
	at jdk.proxy2/jdk.proxy2.$Proxy22.isDisplayed(Unknown Source)
	at org.openqa.selenium.support.ui.ExpectedConditions.elementIfVisible(ExpectedConditions.java:307)
	at org.openqa.selenium.support.ui.ExpectedConditions.access$000(ExpectedConditions.java:40)
	at org.openqa.selenium.support.ui.ExpectedConditions$10.apply(ExpectedConditions.java:293)
	at org.openqa.selenium.support.ui.ExpectedConditions$10.apply(ExpectedConditions.java:290)
	at org.openqa.selenium.support.ui.ExpectedConditions$23.apply(ExpectedConditions.java:660)
	at org.openqa.selenium.support.ui.ExpectedConditions$23.apply(ExpectedConditions.java:656)
	at org.openqa.selenium.support.ui.FluentWait.until(FluentWait.java:208)
	... 29 more
... Removed 28 stack frames</pre></div><a href='#' onClick='toggleBox("stack-trace1741224653", this, "Click to show all stack frames", "Click to hide stack frames")'>Click to show all stack frames</a>
<div class='stack-trace' id='stack-trace1741224653'><pre>org.openqa.selenium.TimeoutException: Expected condition failed: waiting for element to be clickable: Proxy element for: DefaultElementLocator &apos;By.xpath: //span[normalize-space()=&apos;Used vehicle&apos;]&apos; (tried for 120 second(s) with 500 milliseconds interval)
	at org.openqa.selenium.support.ui.WebDriverWait.timeoutException(WebDriverWait.java:138)
	at org.openqa.selenium.support.ui.FluentWait.until(FluentWait.java:231)
	at com.amt.testUtil.Click.on(Click.java:18)
	at com.amt.pages.VehicleSelectionPage.select_vehicle_for_used_car_flow(VehicleSelectionPage.java:240)
	at usedCar.FL.Acquisition_Quotes_FL_PCH_used_car_with_funder_quote_addition_with_maintenance_Test.aquisition_quotes_used_car_OTR_calculation_with_maintenance_test(Acquisition_Quotes_FL_PCH_used_car_with_funder_quote_addition_with_maintenance_Test.java:53)
	at java.base/jdk.internal.reflect.DirectMethodHandleAccessor.invoke(DirectMethodHandleAccessor.java:104)
	at java.base/java.lang.reflect.Method.invoke(Method.java:578)
	at org.testng.internal.MethodInvocationHelper.invokeMethod(MethodInvocationHelper.java:133)
	at org.testng.internal.TestInvoker.invokeMethod(TestInvoker.java:598)
	at org.testng.internal.TestInvoker.invokeTestMethod(TestInvoker.java:173)
	at org.testng.internal.MethodRunner.runInSequence(MethodRunner.java:46)
	at org.testng.internal.TestInvoker$MethodInvocationAgent.invoke(TestInvoker.java:824)
	at org.testng.internal.TestInvoker.invokeTestMethods(TestInvoker.java:146)
	at org.testng.internal.TestMethodWorker.invokeTestMethods(TestMethodWorker.java:146)
	at org.testng.internal.TestMethodWorker.run(TestMethodWorker.java:128)
	at java.base/java.util.ArrayList.forEach(ArrayList.java:1511)
	at org.testng.TestRunner.privateRun(TestRunner.java:794)
	at org.testng.TestRunner.run(TestRunner.java:596)
	at org.testng.SuiteRunner.runTest(SuiteRunner.java:377)
	at org.testng.SuiteRunner.runSequentially(SuiteRunner.java:371)
	at org.testng.SuiteRunner.privateRun(SuiteRunner.java:332)
	at org.testng.SuiteRunner.run(SuiteRunner.java:276)
	at org.testng.SuiteRunnerWorker.runSuite(SuiteRunnerWorker.java:53)
	at org.testng.SuiteRunnerWorker.run(SuiteRunnerWorker.java:96)
	at org.testng.TestNG.runSuitesSequentially(TestNG.java:1212)
	at org.testng.TestNG.runSuitesLocally(TestNG.java:1134)
	at org.testng.TestNG.runSuites(TestNG.java:1063)
	at org.testng.TestNG.run(TestNG.java:1031)
	at org.testng.remote.AbstractRemoteTestNG.run(AbstractRemoteTestNG.java:115)
	at org.testng.remote.RemoteTestNG.initAndRun(RemoteTestNG.java:251)
	at org.testng.remote.RemoteTestNG.main(RemoteTestNG.java:77)
Caused by: org.openqa.selenium.NoSuchElementException: no such element: Unable to locate element: {&quot;method&quot;:&quot;xpath&quot;,&quot;selector&quot;:&quot;//span[normalize-space()=&apos;Used vehicle&apos;]&quot;}
  (Session info: chrome=121.0.6167.140)
For documentation on this error, please visit: https://selenium.dev/exceptions/#no_such_element
Build info: version: &apos;4.1.0&apos;, revision: &apos;87802e897b&apos;
System info: host: &apos;DSK-4052&apos;, ip: &apos;172.16.1.80&apos;, os.name: &apos;Windows 10&apos;, os.arch: &apos;amd64&apos;, os.version: &apos;10.0&apos;, java.version: &apos;19.0.1&apos;
Driver info: org.openqa.selenium.chrome.ChromeDriver
Command: [19490f8124dc313bc8544858ce75f2b9, findElement {using=xpath, value=//span[normalize-space()=&apos;Used vehicle&apos;]}]
Capabilities {acceptInsecureCerts: false, browserName: chrome, browserVersion: 121.0.6167.140, chrome: {chromedriverVersion: 121.0.6167.85 (3f98d690ad7e..., userDataDir: C:\Users\NITEIN~1.KUR\AppDa...}, fedcm:accounts: true, goog:chromeOptions: {debuggerAddress: localhost:64525}, javascriptEnabled: true, networkConnectionEnabled: false, pageLoadStrategy: normal, platform: WINDOWS, platformName: WINDOWS, proxy: Proxy(), se:cdp: ws://localhost:64525/devtoo..., se:cdpVersion: 121.0.6167.140, setWindowRect: true, strictFileInteractability: false, timeouts: {implicit: 0, pageLoad: 300000, script: 30000}, unhandledPromptBehavior: dismiss and notify, webauthn:extension:credBlob: true, webauthn:extension:largeBlob: true, webauthn:extension:minPinLength: true, webauthn:extension:prf: true, webauthn:virtualAuthenticators: true}
Session ID: 19490f8124dc313bc8544858ce75f2b9
	at java.base/jdk.internal.reflect.DirectConstructorHandleAccessor.newInstance(DirectConstructorHandleAccessor.java:67)
	at java.base/java.lang.reflect.Constructor.newInstanceWithCaller(Constructor.java:500)
	at java.base/java.lang.reflect.Constructor.newInstance(Constructor.java:484)
	at org.openqa.selenium.remote.codec.w3c.W3CHttpResponseCodec.createException(W3CHttpResponseCodec.java:200)
	at org.openqa.selenium.remote.codec.w3c.W3CHttpResponseCodec.decode(W3CHttpResponseCodec.java:133)
	at org.openqa.selenium.remote.codec.w3c.W3CHttpResponseCodec.decode(W3CHttpResponseCodec.java:53)
	at org.openqa.selenium.remote.HttpCommandExecutor.execute(HttpCommandExecutor.java:184)
	at org.openqa.selenium.remote.service.DriverCommandExecutor.invokeExecute(DriverCommandExecutor.java:164)
	at org.openqa.selenium.remote.service.DriverCommandExecutor.execute(DriverCommandExecutor.java:139)
	at org.openqa.selenium.remote.RemoteWebDriver.execute(RemoteWebDriver.java:559)
	at org.openqa.selenium.remote.ElementLocation$ElementFinder$2.findElement(ElementLocation.java:162)
	at org.openqa.selenium.remote.ElementLocation.findElement(ElementLocation.java:60)
	at org.openqa.selenium.remote.RemoteWebDriver.findElement(RemoteWebDriver.java:383)
	at org.openqa.selenium.remote.RemoteWebDriver.findElement(RemoteWebDriver.java:375)
	at org.openqa.selenium.support.pagefactory.DefaultElementLocator.findElement(DefaultElementLocator.java:70)
	at org.openqa.selenium.support.pagefactory.internal.LocatingElementHandler.invoke(LocatingElementHandler.java:39)
	at jdk.proxy2/jdk.proxy2.$Proxy22.isDisplayed(Unknown Source)
	at org.openqa.selenium.support.ui.ExpectedConditions.elementIfVisible(ExpectedConditions.java:307)
	at org.openqa.selenium.support.ui.ExpectedConditions.access$000(ExpectedConditions.java:40)
	at org.openqa.selenium.support.ui.ExpectedConditions$10.apply(ExpectedConditions.java:293)
	at org.openqa.selenium.support.ui.ExpectedConditions$10.apply(ExpectedConditions.java:290)
	at org.openqa.selenium.support.ui.ExpectedConditions$23.apply(ExpectedConditions.java:660)
	at org.openqa.selenium.support.ui.ExpectedConditions$23.apply(ExpectedConditions.java:656)
	at org.openqa.selenium.support.ui.FluentWait.until(FluentWait.java:208)
	... 29 more
</pre></div></td>
<td>153</td>
<td>usedCar.FL.Acquisition_Quotes_FL_PCH_used_car_with_funder_quote_addition_with_maintenance_Test@3e27ba32</td></tr>
<tr>
<td title='usedCar.OP.Acquisition_Quotes_Outright_HPR_used_car_with_maintenance_Test.aquisition_quotes_OTR_calculation_with_maintenance_test()'><b>aquisition_quotes_OTR_calculation_with_maintenance_test</b><br>Test class: usedCar.OP.Acquisition_Quotes_Outright_HPR_used_car_with_maintenance_Test<br>Parameters: GY19XAG, 15000, 60000, 1000, 50000, 630, 40, 40, 20000, 50, 0, 35, 35000, 1000, 20, YES, A1 Credit, 100, YES, 2000, 1000, 500, 1000, 1000, 199.99, HPR_used_car<br/>
<a href="#Output-1136131162" onClick='toggleBox("Output-1136131162", this, "Show output", "Hide output");'>Show output</a>

<a href="#Output-1136131162" onClick="toggleAllBoxes();">Show all outputs</a>
<div class='log' id="Output-1136131162">
<b>Clicked on Quote button </b> <br /><br/>
<b>Selecting used vehicle with registration no. = GY19XAG and mileage = 15000</b> <br /><br/>
<br>----------Screenshot---------<br><br/>
<img src="D:\Acquisition\AMT_Automation_Acquisition\target\surefire-reports\html\failure_screenshots\aquisition_quotes_OTR_calculation_with_maintenance_test_06_02_2024_06_50_10.png" height="800" width="1000"><br/>
</div>
</td>
<td><div><pre>org.openqa.selenium.json.JsonException: java.lang.reflect.InvocationTargetException
Build info: version: &apos;4.1.0&apos;, revision: &apos;87802e897b&apos;
System info: host: &apos;DSK-4052&apos;, ip: &apos;172.16.1.80&apos;, os.name: &apos;Windows 10&apos;, os.arch: &apos;amd64&apos;, os.version: &apos;10.0&apos;, java.version: &apos;19.0.1&apos;
Driver info: org.openqa.selenium.chrome.ChromeDriver
Command: [0d1fea13bfd9c5919186cf4c09ce8d67, actions {actions=[org.openqa.selenium.interactions.Sequence@65120d3e]}]
Capabilities {acceptInsecureCerts: false, browserName: chrome, browserVersion: 121.0.6167.140, chrome: {chromedriverVersion: 121.0.6167.85 (3f98d690ad7e..., userDataDir: C:\Users\NITEIN~1.KUR\AppDa...}, fedcm:accounts: true, goog:chromeOptions: {debuggerAddress: localhost:63637}, javascriptEnabled: true, networkConnectionEnabled: false, pageLoadStrategy: normal, platform: WINDOWS, platformName: WINDOWS, proxy: Proxy(), se:cdp: ws://localhost:63637/devtoo..., se:cdpVersion: 121.0.6167.140, setWindowRect: true, strictFileInteractability: false, timeouts: {implicit: 0, pageLoad: 300000, script: 30000}, unhandledPromptBehavior: dismiss and notify, webauthn:extension:credBlob: true, webauthn:extension:largeBlob: true, webauthn:extension:minPinLength: true, webauthn:extension:prf: true, webauthn:virtualAuthenticators: true}
Session ID: 0d1fea13bfd9c5919186cf4c09ce8d67
	at org.openqa.selenium.json.JsonOutput.convertUsingMethod(JsonOutput.java:362)
	at org.openqa.selenium.json.JsonOutput.lambda$new$16(JsonOutput.java:154)
	at org.openqa.selenium.json.JsonOutput.write(JsonOutput.java:287)
	at org.openqa.selenium.json.JsonOutput.lambda$new$22(JsonOutput.java:169)
	at java.base/java.util.stream.ForEachOps$ForEachOp$OfRef.accept(ForEachOps.java:183)
	at java.base/java.util.stream.ReferencePipeline$2$1.accept(ReferencePipeline.java:179)
	at java.base/java.util.Iterator.forEachRemaining(Iterator.java:133)
	at java.base/java.util.Spliterators$IteratorSpliterator.forEachRemaining(Spliterators.java:1921)
	at java.base/java.util.stream.AbstractPipeline.copyInto(AbstractPipeline.java:509)
	at java.base/java.util.stream.AbstractPipeline.wrapAndCopyInto(AbstractPipeline.java:499)
	at java.base/java.util.stream.ForEachOps$ForEachOp.evaluateSequential(ForEachOps.java:150)
	at java.base/java.util.stream.ForEachOps$ForEachOp$OfRef.evaluateSequential(ForEachOps.java:173)
	at java.base/java.util.stream.AbstractPipeline.evaluate(AbstractPipeline.java:234)
	at java.base/java.util.stream.ReferencePipeline.forEach(ReferencePipeline.java:596)
	at org.openqa.selenium.json.JsonOutput.lambda$new$23(JsonOutput.java:169)
	at org.openqa.selenium.json.JsonOutput.write(JsonOutput.java:287)
	at org.openqa.selenium.json.JsonOutput.lambda$new$24(JsonOutput.java:182)
	at com.google.common.collect.SingletonImmutableBiMap.forEach(SingletonImmutableBiMap.java:68)
	at org.openqa.selenium.json.JsonOutput.lambda$new$25(JsonOutput.java:177)
	at org.openqa.selenium.json.JsonOutput.write(JsonOutput.java:287)
	at org.openqa.selenium.json.JsonOutput.write(JsonOutput.java:278)
	at org.openqa.selenium.json.Json.toJson(Json.java:42)
	at org.openqa.selenium.remote.codec.AbstractHttpCommandCodec.encode(AbstractHttpCommandCodec.java:259)
	at org.openqa.selenium.remote.codec.AbstractHttpCommandCodec.encode(AbstractHttpCommandCodec.java:127)
	at org.openqa.selenium.remote.HttpCommandExecutor.execute(HttpCommandExecutor.java:172)
	at org.openqa.selenium.remote.service.DriverCommandExecutor.invokeExecute(DriverCommandExecutor.java:164)
	at org.openqa.selenium.remote.service.DriverCommandExecutor.execute(DriverCommandExecutor.java:139)
	at org.openqa.selenium.remote.RemoteWebDriver.execute(RemoteWebDriver.java:559)
	at org.openqa.selenium.remote.RemoteWebDriver.perform(RemoteWebDriver.java:627)
	at org.openqa.selenium.interactions.Actions$BuiltAction.perform(Actions.java:617)
	at com.amt.pages.VehicleSelectionPage.select_vehicle_for_used_car_flow(VehicleSelectionPage.java:261)
	at usedCar.OP.Acquisition_Quotes_Outright_HPR_used_car_with_maintenance_Test.aquisition_quotes_OTR_calculation_with_maintenance_test(Acquisition_Quotes_Outright_HPR_used_car_with_maintenance_Test.java:51)
	at java.base/java.util.ArrayList.forEach(ArrayList.java:1511)
	Suppressed: org.openqa.selenium.json.JsonException: Attempting to close incomplete json stream
Build info: version: &apos;4.1.0&apos;, revision: &apos;87802e897b&apos;
System info: host: &apos;DSK-4052&apos;, ip: &apos;172.16.1.80&apos;, os.name: &apos;Windows 10&apos;, os.arch: &apos;amd64&apos;, os.version: &apos;10.0&apos;, java.version: &apos;19.0.1&apos;
Driver info: driver.version: RemoteWebDriver
		at org.openqa.selenium.json.JsonOutput.close(JsonOutput.java:303)
		at org.openqa.selenium.json.Json.toJson(Json.java:40)
		... 36 more
	at org.openqa.selenium.json.JsonOutput.convertUsingMethod(JsonOutput.java:358)
	... 57 more
Caused by: org.openqa.selenium.NoSuchElementException: no such element: Unable to locate element: {&quot;method&quot;:&quot;xpath&quot;,&quot;selector&quot;:&quot;//*[@class=&apos;acquisitionouter&apos;]//div[@tabindex=&apos;0&apos;]&quot;}
  (Session info: chrome=121.0.6167.140)
For documentation on this error, please visit: https://selenium.dev/exceptions/#no_such_element
Build info: version: &apos;4.1.0&apos;, revision: &apos;87802e897b&apos;
System info: host: &apos;DSK-4052&apos;, ip: &apos;172.16.1.80&apos;, os.name: &apos;Windows 10&apos;, os.arch: &apos;amd64&apos;, os.version: &apos;10.0&apos;, java.version: &apos;19.0.1&apos;
Driver info: org.openqa.selenium.chrome.ChromeDriver
Command: [0d1fea13bfd9c5919186cf4c09ce8d67, findElement {using=xpath, value=//*[@class=&apos;acquisitionouter&apos;]//div[@tabindex=&apos;0&apos;]}]
Capabilities {acceptInsecureCerts: false, browserName: chrome, browserVersion: 121.0.6167.140, chrome: {chromedriverVersion: 121.0.6167.85 (3f98d690ad7e..., userDataDir: C:\Users\NITEIN~1.KUR\AppDa...}, fedcm:accounts: true, goog:chromeOptions: {debuggerAddress: localhost:63637}, javascriptEnabled: true, networkConnectionEnabled: false, pageLoadStrategy: normal, platform: WINDOWS, platformName: WINDOWS, proxy: Proxy(), se:cdp: ws://localhost:63637/devtoo..., se:cdpVersion: 121.0.6167.140, setWindowRect: true, strictFileInteractability: false, timeouts: {implicit: 0, pageLoad: 300000, script: 30000}, unhandledPromptBehavior: dismiss and notify, webauthn:extension:credBlob: true, webauthn:extension:largeBlob: true, webauthn:extension:minPinLength: true, webauthn:extension:prf: true, webauthn:virtualAuthenticators: true}
Session ID: 0d1fea13bfd9c5919186cf4c09ce8d67
	at org.openqa.selenium.remote.codec.w3c.W3CHttpResponseCodec.createException(W3CHttpResponseCodec.java:200)
	at org.openqa.selenium.remote.codec.w3c.W3CHttpResponseCodec.decode(W3CHttpResponseCodec.java:133)
	at org.openqa.selenium.remote.codec.w3c.W3CHttpResponseCodec.decode(W3CHttpResponseCodec.java:53)
	at org.openqa.selenium.remote.HttpCommandExecutor.execute(HttpCommandExecutor.java:184)
	at org.openqa.selenium.remote.service.DriverCommandExecutor.invokeExecute(DriverCommandExecutor.java:164)
	at org.openqa.selenium.remote.service.DriverCommandExecutor.execute(DriverCommandExecutor.java:139)
	at org.openqa.selenium.remote.RemoteWebDriver.execute(RemoteWebDriver.java:559)
	at org.openqa.selenium.remote.ElementLocation$ElementFinder$2.findElement(ElementLocation.java:162)
	at org.openqa.selenium.remote.ElementLocation.findElement(ElementLocation.java:60)
	at org.openqa.selenium.remote.RemoteWebDriver.findElement(RemoteWebDriver.java:383)
	at org.openqa.selenium.remote.RemoteWebDriver.findElement(RemoteWebDriver.java:375)
	at org.openqa.selenium.support.pagefactory.DefaultElementLocator.findElement(DefaultElementLocator.java:70)
	at org.openqa.selenium.support.pagefactory.internal.LocatingElementHandler.invoke(LocatingElementHandler.java:39)
	at jdk.proxy2/jdk.proxy2.$Proxy22.getWrappedElement(Unknown Source)
	at org.openqa.selenium.interactions.PointerInput$Origin.asArg(PointerInput.java:201)
	at org.openqa.selenium.interactions.PointerInput$Move.encode(PointerInput.java:152)
	at org.openqa.selenium.interactions.Sequence.encode(Sequence.java:73)
	at org.openqa.selenium.interactions.Sequence.toJson(Sequence.java:82)
	... 59 more
... Removed 32 stack frames</pre></div><a href='#' onClick='toggleBox("stack-trace1136131162", this, "Click to show all stack frames", "Click to hide stack frames")'>Click to show all stack frames</a>
<div class='stack-trace' id='stack-trace1136131162'><pre>org.openqa.selenium.json.JsonException: java.lang.reflect.InvocationTargetException
Build info: version: &apos;4.1.0&apos;, revision: &apos;87802e897b&apos;
System info: host: &apos;DSK-4052&apos;, ip: &apos;172.16.1.80&apos;, os.name: &apos;Windows 10&apos;, os.arch: &apos;amd64&apos;, os.version: &apos;10.0&apos;, java.version: &apos;19.0.1&apos;
Driver info: org.openqa.selenium.chrome.ChromeDriver
Command: [0d1fea13bfd9c5919186cf4c09ce8d67, actions {actions=[org.openqa.selenium.interactions.Sequence@65120d3e]}]
Capabilities {acceptInsecureCerts: false, browserName: chrome, browserVersion: 121.0.6167.140, chrome: {chromedriverVersion: 121.0.6167.85 (3f98d690ad7e..., userDataDir: C:\Users\NITEIN~1.KUR\AppDa...}, fedcm:accounts: true, goog:chromeOptions: {debuggerAddress: localhost:63637}, javascriptEnabled: true, networkConnectionEnabled: false, pageLoadStrategy: normal, platform: WINDOWS, platformName: WINDOWS, proxy: Proxy(), se:cdp: ws://localhost:63637/devtoo..., se:cdpVersion: 121.0.6167.140, setWindowRect: true, strictFileInteractability: false, timeouts: {implicit: 0, pageLoad: 300000, script: 30000}, unhandledPromptBehavior: dismiss and notify, webauthn:extension:credBlob: true, webauthn:extension:largeBlob: true, webauthn:extension:minPinLength: true, webauthn:extension:prf: true, webauthn:virtualAuthenticators: true}
Session ID: 0d1fea13bfd9c5919186cf4c09ce8d67
	at org.openqa.selenium.json.JsonOutput.convertUsingMethod(JsonOutput.java:362)
	at org.openqa.selenium.json.JsonOutput.lambda$new$16(JsonOutput.java:154)
	at org.openqa.selenium.json.JsonOutput.write(JsonOutput.java:287)
	at org.openqa.selenium.json.JsonOutput.lambda$new$22(JsonOutput.java:169)
	at java.base/java.util.stream.ForEachOps$ForEachOp$OfRef.accept(ForEachOps.java:183)
	at java.base/java.util.stream.ReferencePipeline$2$1.accept(ReferencePipeline.java:179)
	at java.base/java.util.Iterator.forEachRemaining(Iterator.java:133)
	at java.base/java.util.Spliterators$IteratorSpliterator.forEachRemaining(Spliterators.java:1921)
	at java.base/java.util.stream.AbstractPipeline.copyInto(AbstractPipeline.java:509)
	at java.base/java.util.stream.AbstractPipeline.wrapAndCopyInto(AbstractPipeline.java:499)
	at java.base/java.util.stream.ForEachOps$ForEachOp.evaluateSequential(ForEachOps.java:150)
	at java.base/java.util.stream.ForEachOps$ForEachOp$OfRef.evaluateSequential(ForEachOps.java:173)
	at java.base/java.util.stream.AbstractPipeline.evaluate(AbstractPipeline.java:234)
	at java.base/java.util.stream.ReferencePipeline.forEach(ReferencePipeline.java:596)
	at org.openqa.selenium.json.JsonOutput.lambda$new$23(JsonOutput.java:169)
	at org.openqa.selenium.json.JsonOutput.write(JsonOutput.java:287)
	at org.openqa.selenium.json.JsonOutput.lambda$new$24(JsonOutput.java:182)
	at com.google.common.collect.SingletonImmutableBiMap.forEach(SingletonImmutableBiMap.java:68)
	at org.openqa.selenium.json.JsonOutput.lambda$new$25(JsonOutput.java:177)
	at org.openqa.selenium.json.JsonOutput.write(JsonOutput.java:287)
	at org.openqa.selenium.json.JsonOutput.write(JsonOutput.java:278)
	at org.openqa.selenium.json.Json.toJson(Json.java:42)
	at org.openqa.selenium.remote.codec.AbstractHttpCommandCodec.encode(AbstractHttpCommandCodec.java:259)
	at org.openqa.selenium.remote.codec.AbstractHttpCommandCodec.encode(AbstractHttpCommandCodec.java:127)
	at org.openqa.selenium.remote.HttpCommandExecutor.execute(HttpCommandExecutor.java:172)
	at org.openqa.selenium.remote.service.DriverCommandExecutor.invokeExecute(DriverCommandExecutor.java:164)
	at org.openqa.selenium.remote.service.DriverCommandExecutor.execute(DriverCommandExecutor.java:139)
	at org.openqa.selenium.remote.RemoteWebDriver.execute(RemoteWebDriver.java:559)
	at org.openqa.selenium.remote.RemoteWebDriver.perform(RemoteWebDriver.java:627)
	at org.openqa.selenium.interactions.Actions$BuiltAction.perform(Actions.java:617)
	at com.amt.pages.VehicleSelectionPage.select_vehicle_for_used_car_flow(VehicleSelectionPage.java:261)
	at usedCar.OP.Acquisition_Quotes_Outright_HPR_used_car_with_maintenance_Test.aquisition_quotes_OTR_calculation_with_maintenance_test(Acquisition_Quotes_Outright_HPR_used_car_with_maintenance_Test.java:51)
	at java.base/jdk.internal.reflect.DirectMethodHandleAccessor.invoke(DirectMethodHandleAccessor.java:104)
	at java.base/java.lang.reflect.Method.invoke(Method.java:578)
	at org.testng.internal.MethodInvocationHelper.invokeMethod(MethodInvocationHelper.java:133)
	at org.testng.internal.TestInvoker.invokeMethod(TestInvoker.java:598)
	at org.testng.internal.TestInvoker.invokeTestMethod(TestInvoker.java:173)
	at org.testng.internal.MethodRunner.runInSequence(MethodRunner.java:46)
	at org.testng.internal.TestInvoker$MethodInvocationAgent.invoke(TestInvoker.java:824)
	at org.testng.internal.TestInvoker.invokeTestMethods(TestInvoker.java:146)
	at org.testng.internal.TestMethodWorker.invokeTestMethods(TestMethodWorker.java:146)
	at org.testng.internal.TestMethodWorker.run(TestMethodWorker.java:128)
	at java.base/java.util.ArrayList.forEach(ArrayList.java:1511)
	at org.testng.TestRunner.privateRun(TestRunner.java:794)
	at org.testng.TestRunner.run(TestRunner.java:596)
	at org.testng.SuiteRunner.runTest(SuiteRunner.java:377)
	at org.testng.SuiteRunner.runSequentially(SuiteRunner.java:371)
	at org.testng.SuiteRunner.privateRun(SuiteRunner.java:332)
	at org.testng.SuiteRunner.run(SuiteRunner.java:276)
	at org.testng.SuiteRunnerWorker.runSuite(SuiteRunnerWorker.java:53)
	at org.testng.SuiteRunnerWorker.run(SuiteRunnerWorker.java:96)
	at org.testng.TestNG.runSuitesSequentially(TestNG.java:1212)
	at org.testng.TestNG.runSuitesLocally(TestNG.java:1134)
	at org.testng.TestNG.runSuites(TestNG.java:1063)
	at org.testng.TestNG.run(TestNG.java:1031)
	at org.testng.remote.AbstractRemoteTestNG.run(AbstractRemoteTestNG.java:115)
	at org.testng.remote.RemoteTestNG.initAndRun(RemoteTestNG.java:251)
	at org.testng.remote.RemoteTestNG.main(RemoteTestNG.java:77)
	Suppressed: org.openqa.selenium.json.JsonException: Attempting to close incomplete json stream
Build info: version: &apos;4.1.0&apos;, revision: &apos;87802e897b&apos;
System info: host: &apos;DSK-4052&apos;, ip: &apos;172.16.1.80&apos;, os.name: &apos;Windows 10&apos;, os.arch: &apos;amd64&apos;, os.version: &apos;10.0&apos;, java.version: &apos;19.0.1&apos;
Driver info: driver.version: RemoteWebDriver
		at org.openqa.selenium.json.JsonOutput.close(JsonOutput.java:303)
		at org.openqa.selenium.json.Json.toJson(Json.java:40)
		... 36 more
Caused by: java.lang.reflect.InvocationTargetException
	at java.base/jdk.internal.reflect.DirectMethodHandleAccessor.invoke(DirectMethodHandleAccessor.java:119)
	at java.base/java.lang.reflect.Method.invoke(Method.java:578)
	at org.openqa.selenium.json.JsonOutput.convertUsingMethod(JsonOutput.java:358)
	... 57 more
Caused by: org.openqa.selenium.NoSuchElementException: no such element: Unable to locate element: {&quot;method&quot;:&quot;xpath&quot;,&quot;selector&quot;:&quot;//*[@class=&apos;acquisitionouter&apos;]//div[@tabindex=&apos;0&apos;]&quot;}
  (Session info: chrome=121.0.6167.140)
For documentation on this error, please visit: https://selenium.dev/exceptions/#no_such_element
Build info: version: &apos;4.1.0&apos;, revision: &apos;87802e897b&apos;
System info: host: &apos;DSK-4052&apos;, ip: &apos;172.16.1.80&apos;, os.name: &apos;Windows 10&apos;, os.arch: &apos;amd64&apos;, os.version: &apos;10.0&apos;, java.version: &apos;19.0.1&apos;
Driver info: org.openqa.selenium.chrome.ChromeDriver
Command: [0d1fea13bfd9c5919186cf4c09ce8d67, findElement {using=xpath, value=//*[@class=&apos;acquisitionouter&apos;]//div[@tabindex=&apos;0&apos;]}]
Capabilities {acceptInsecureCerts: false, browserName: chrome, browserVersion: 121.0.6167.140, chrome: {chromedriverVersion: 121.0.6167.85 (3f98d690ad7e..., userDataDir: C:\Users\NITEIN~1.KUR\AppDa...}, fedcm:accounts: true, goog:chromeOptions: {debuggerAddress: localhost:63637}, javascriptEnabled: true, networkConnectionEnabled: false, pageLoadStrategy: normal, platform: WINDOWS, platformName: WINDOWS, proxy: Proxy(), se:cdp: ws://localhost:63637/devtoo..., se:cdpVersion: 121.0.6167.140, setWindowRect: true, strictFileInteractability: false, timeouts: {implicit: 0, pageLoad: 300000, script: 30000}, unhandledPromptBehavior: dismiss and notify, webauthn:extension:credBlob: true, webauthn:extension:largeBlob: true, webauthn:extension:minPinLength: true, webauthn:extension:prf: true, webauthn:virtualAuthenticators: true}
Session ID: 0d1fea13bfd9c5919186cf4c09ce8d67
	at java.base/jdk.internal.reflect.DirectConstructorHandleAccessor.newInstance(DirectConstructorHandleAccessor.java:67)
	at java.base/java.lang.reflect.Constructor.newInstanceWithCaller(Constructor.java:500)
	at java.base/java.lang.reflect.Constructor.newInstance(Constructor.java:484)
	at org.openqa.selenium.remote.codec.w3c.W3CHttpResponseCodec.createException(W3CHttpResponseCodec.java:200)
	at org.openqa.selenium.remote.codec.w3c.W3CHttpResponseCodec.decode(W3CHttpResponseCodec.java:133)
	at org.openqa.selenium.remote.codec.w3c.W3CHttpResponseCodec.decode(W3CHttpResponseCodec.java:53)
	at org.openqa.selenium.remote.HttpCommandExecutor.execute(HttpCommandExecutor.java:184)
	at org.openqa.selenium.remote.service.DriverCommandExecutor.invokeExecute(DriverCommandExecutor.java:164)
	at org.openqa.selenium.remote.service.DriverCommandExecutor.execute(DriverCommandExecutor.java:139)
	at org.openqa.selenium.remote.RemoteWebDriver.execute(RemoteWebDriver.java:559)
	at org.openqa.selenium.remote.ElementLocation$ElementFinder$2.findElement(ElementLocation.java:162)
	at org.openqa.selenium.remote.ElementLocation.findElement(ElementLocation.java:60)
	at org.openqa.selenium.remote.RemoteWebDriver.findElement(RemoteWebDriver.java:383)
	at org.openqa.selenium.remote.RemoteWebDriver.findElement(RemoteWebDriver.java:375)
	at org.openqa.selenium.support.pagefactory.DefaultElementLocator.findElement(DefaultElementLocator.java:70)
	at org.openqa.selenium.support.pagefactory.internal.LocatingElementHandler.invoke(LocatingElementHandler.java:39)
	at jdk.proxy2/jdk.proxy2.$Proxy22.getWrappedElement(Unknown Source)
	at org.openqa.selenium.interactions.PointerInput$Origin.asArg(PointerInput.java:201)
	at org.openqa.selenium.interactions.PointerInput$Move.encode(PointerInput.java:152)
	at org.openqa.selenium.interactions.Sequence.encode(Sequence.java:73)
	at org.openqa.selenium.interactions.Sequence.toJson(Sequence.java:82)
	at java.base/jdk.internal.reflect.DirectMethodHandleAccessor.invoke(DirectMethodHandleAccessor.java:104)
	... 59 more
</pre></div></td>
<td>52</td>
<td>usedCar.OP.Acquisition_Quotes_Outright_HPR_used_car_with_maintenance_Test@54422e18</td></tr>
</table><p>
<table width='100%' border='1' class='invocation-passed'>
<tr><td colspan='4' align='center'><b>PASSED TESTS</b></td></tr>
<tr><td><b>Test method</b></td>
<td width="30%"><b>Exception</b></td>
<td width="10%"><b>Time (seconds)</b></td>
<td><b>Instance</b></td>
</tr>
<tr>
<td title='usedCar.CP.Acquisition_Quotes_CP_CP_used_car_with_maintenance_Test.aquisition_quotes_quote_summary_values_verification_with_maintenance_test()'><b>aquisition_quotes_quote_summary_values_verification_with_maintenance_test</b><br>Test class: usedCar.CP.Acquisition_Quotes_CP_CP_used_car_with_maintenance_Test<br>Parameters: GY19XAG, 15000, 60000, 1000, 50000, 630, 100, 50, 20000, 30, 0, 35, 35000, 1000, 20, YES, A1 Credit, 100, YES, 2000, 1000, 500, 1000, 1000, 199.99, CP_used_car<br/>
<a href="#Output-1613896112" onClick='toggleBox("Output-1613896112", this, "Show output", "Hide output");'>Show output</a>

<a href="#Output-1613896112" onClick="toggleAllBoxes();">Show all outputs</a>
<div class='log' id="Output-1613896112">
<b>*************OTR Calulation on quote summary page has been started************</b> <br /><br/>
<b>Reading values from OTR calculation -Quote Summary Page</b> <br /><br/>
<b>Cost otr price from screen is 21600.0</b> <br /><br/>
<b>Cost price ex vat and rfl from screen is 18000.0</b> <br /><br/>
<b>Otr Vat from screen is 3600.0</b> <br /><br/>
<b>Cost otr price from excel is 21600.0</b> <br /><br/>
<b>Cost price ex vat and rfl from excel is 18000.0</b> <br /><br/>
<b>Otr Vat from excel is 3600.0</b> <br /><br/>
<b>OTR price compared</b> <br /><br/>
<b>Cost price ex vat and rfl compared</b> <br /><br/>
<b>VAT compared</b> <br /><br/>
<b>*************Holding Cost Calulation on quote summary page has been started************</b> <br /><br/>
<b>Reading values from Holding Cost summary -Quote Summary Page</b> <br /><br/>
<b></b> <br /><br/>
<b>Holding cost Terms from screen36.0</b> <br /><br/>
<b>Holding cost miles per annum from screen is 10000.0</b> <br /><br/>
<b>Holding cost monthly finance cost from screen is 198.52</b> <br /><br/>
<b>Holding cost monthly maint cost used from screen is 30.0</b> <br /><br/>
<b>Holding cost total monthly holding cost from screen is 228.52</b> <br /><br/>
<b></b> <br /><br/>
<b>Holding cost Terms from excel is 36.0</b> <br /><br/>
<b>Holding cost miles per annum from excel is 10000.0</b> <br /><br/>
<b>Holding cost monthly finance cost from excel is 198.51922154949557</b> <br /><br/>
<b>Holding cost monthly maint cost used from excel is 30.0</b> <br /><br/>
<b>Holding cost total monthly holding cost from excel is 228.51922154949557</b> <br /><br/>
<b>terms compared</b> <br /><br/>
<b>Miles per annum compared</b> <br /><br/>
<b>Finance cost compared</b> <br /><br/>
<b>Maint cost used  compared</b> <br /><br/>
<b>Total Monthly Holding Cost compared</b> <br /><br/>
<b>*************Customer Quote Calulation on quote summary page has been started************</b> <br /><br/>
<b>Terms found OK</b> <br /><br/>
<b>miles found OK</b> <br /><br/>
<b>Basic Cash Price found OK</b> <br /><br/>
<b>VAT found OK</b> <br /><br/>
<b>Non VAT Items Value found OK</b> <br /><br/>
<b>Total Cash Price found OK</b> <br /><br/>
<b>Order Deposit found OK</b> <br /><br/>
<b>Finance Deposit found OK</b> <br /><br/>
<b>Total Deposit found OK</b> <br /><br/>
<b>Part Exchange Value - found OK</b> <br /><br/>
<b>Balance to Finance found OK</b> <br /><br/>
<b>Finance Charges - found OK</b> <br /><br/>
<b>Document Fee - found OK</b> <br /><br/>
<b>Balance Payable - found OK</b> <br /><br/>
<b>Option To Purchase Fee - found OK</b> <br /><br/>
<b>Initial Cash Payment - found OK</b> <br /><br/>
<b>Followed By months - found OK</b> <br /><br/>
<b>Monthly Finance Payment - found OK</b> <br /><br/>
<b>Monthly Maint Payment - found OK</b> <br /><br/>
<b>Monthly Total Payment - found OK</b> <br /><br/>
<b>Guaranteed Future Value - found OK</b> <br /><br/>
<b>Optional Final Payment - found OK</b> <br /><br/>
<b>Pence Per Excess Mile Finance - found OK</b> <br /><br/>
<b>Pence Per Excess Mile Maintenance - found OK</b> <br /><br/>
<b>Pence Per Excess Mile Total - found OK</b> <br /><br/>
<b>Vehicle Commission - found OK</b> <br /><br/>
<b>Default Finance Commission - found OK</b> <br /><br/>
<b>Maintenance Commission - found OK</b> <br /><br/>
<b>Document Fee Commission - found OK</b> <br /><br/>
<b>Total Commission - found OK</b> <br /><br/>
<b>*************Configuration Values Verification on quote summary page has been started************</b> <br /><br/>
<b>Base Interest Rate found OK</b> <br /><br/>
<b>Finance Margin found OK</b> <br /><br/>
<b>Deductions found OK</b> <br /><br/>
<b>Additional Margin found OK</b> <br /><br/>
<b>Total Margin found OK</b> <br /><br/>
<b>Default Broker Margin percentage found OK</b> <br /><br/>
<b>Customer Interest Rate found OK</b> <br /><br/>
<b>Maintenance Margin found OK</b> <br /><br/>
<b>Document Fee Margin found OK</b> <br /><br/>
<b>Default Broker Margin found OK</b> <br /><br/>
<b>*********Customer Quote generated successfully and Quote_ref_no is=GTF58875</b> <br /><br/>
<b>*************OTR Calulation on quote summary page has been started************</b> <br /><br/>
<b>Reading values from OTR calculation -Quote Summary Page</b> <br /><br/>
<b>Cost otr price from screen is 21600.0</b> <br /><br/>
<b>Cost price ex vat and rfl from screen is 18000.0</b> <br /><br/>
<b>Otr Vat from screen is 3600.0</b> <br /><br/>
<b>Cost otr price from excel is 21600.0</b> <br /><br/>
<b>Cost price ex vat and rfl from excel is 18000.0</b> <br /><br/>
<b>Otr Vat from excel is 3600.0</b> <br /><br/>
<b>OTR price compared</b> <br /><br/>
<b>Cost price ex vat and rfl compared</b> <br /><br/>
<b>VAT compared</b> <br /><br/>
<b>*************Holding Cost Calulation on quote summary page has been started************</b> <br /><br/>
<b>Reading values from Holding Cost summary -Quote Summary Page</b> <br /><br/>
<b></b> <br /><br/>
<b>Holding cost Terms from screen36.0</b> <br /><br/>
<b>Holding cost miles per annum from screen is 10000.0</b> <br /><br/>
<b>Holding cost monthly finance cost from screen is 198.52</b> <br /><br/>
<b>Holding cost monthly maint cost used from screen is 30.0</b> <br /><br/>
<b>Holding cost total monthly holding cost from screen is 228.52</b> <br /><br/>
<b></b> <br /><br/>
<b>Holding cost Terms from excel is 36.0</b> <br /><br/>
<b>Holding cost miles per annum from excel is 10000.0</b> <br /><br/>
<b>Holding cost monthly finance cost from excel is 198.51922154949557</b> <br /><br/>
<b>Holding cost monthly maint cost used from excel is 30.0</b> <br /><br/>
<b>Holding cost total monthly holding cost from excel is 228.51922154949557</b> <br /><br/>
<b>terms compared</b> <br /><br/>
<b>Miles per annum compared</b> <br /><br/>
<b>Finance cost compared</b> <br /><br/>
<b>Maint cost used  compared</b> <br /><br/>
<b>Total Monthly Holding Cost compared</b> <br /><br/>
<b>*************Customer Quote Calulation on quote summary page has been started************</b> <br /><br/>
<b>Terms found OK</b> <br /><br/>
<b>miles found OK</b> <br /><br/>
<b>Basic Cash Price found OK</b> <br /><br/>
<b>VAT found OK</b> <br /><br/>
<b>Non VAT Items Value found OK</b> <br /><br/>
<b>Total Cash Price found OK</b> <br /><br/>
<b>Order Deposit found OK</b> <br /><br/>
<b>Finance Deposit found OK</b> <br /><br/>
<b>Total Deposit found OK</b> <br /><br/>
<b>Part Exchange Value - found OK</b> <br /><br/>
<b>Balance to Finance found OK</b> <br /><br/>
<b>Finance Charges - found OK</b> <br /><br/>
<b>Document Fee - found OK</b> <br /><br/>
<b>Balance Payable - found OK</b> <br /><br/>
<b>Option To Purchase Fee - found OK</b> <br /><br/>
<b>Initial Cash Payment - found OK</b> <br /><br/>
<b>Followed By months - found OK</b> <br /><br/>
<b>Monthly Finance Payment - found OK</b> <br /><br/>
<b>Guaranteed Future Value - found OK</b> <br /><br/>
<b>Optional Final Payment - found OK</b> <br /><br/>
<b>Pence Per Excess Mile Finance - found OK</b> <br /><br/>
<b>Vehicle Commission - found OK</b> <br /><br/>
<b>Default Finance Commission - found OK</b> <br /><br/>
<b>Document Fee Commission - found OK</b> <br /><br/>
<b>Total Commission - found OK</b> <br /><br/>
<b>*************Configuration Values Verification on quote summary page has been started************</b> <br /><br/>
<b>Base Interest Rate found OK</b> <br /><br/>
<b>Finance Margin found OK</b> <br /><br/>
<b>Deductions found OK</b> <br /><br/>
<b>Additional Margin found OK</b> <br /><br/>
<b>Total Margin found OK</b> <br /><br/>
<b>Default Broker Margin percentage found OK</b> <br /><br/>
<b>Customer Interest Rate found OK</b> <br /><br/>
<b>Maintenance Margin found OK</b> <br /><br/>
<b>Document Fee Margin found OK</b> <br /><br/>
<b>Default Broker Margin found OK</b> <br /><br/>
<b>*************Editing Base Interest Rate and Verifying  Values on quote summary page has been started************</b> <br /><br/>
<b>Base Interest Rate changed to 7.0 %</b> <br /><br/>
<b>Holding Cost after changing Base Int. Rate -  found OK</b> <br /><br/>
<b>Monthly Finance Rental after changing Base Int. Rate -  found OK</b> <br /><br/>
<b>Monthly Maint Rental after changing Base Int. Rate -  found OK</b> <br /><br/>
<b>Finance Charges - found OK</b> <br /><br/>
<b>Balance Payable - found OK</b> <br /><br/>
<b>*************Editing Customer Rate Over Base and Verifying Values on quote summary page has been started************</b> <br /><br/>
<b>Customer Base Over Rate changed to 5.0 %</b> <br /><br/>
<b>Monthly Finance Rental after changing Customer Base Over Rate -  found OK</b> <br /><br/>
<b>Finance Charges - found OK</b> <br /><br/>
<b>Balance Payable - found OK</b> <br /><br/>
<b>*************Editing Maintenance Margin and Verifying Values on quote summary page has been started************</b> <br /><br/>
<b>Maintenance margin changed to 30 %</b> <br /><br/>
<b></b> <br /><br/>
<b>Maintenance margin can not be changed as there is no maintenance for this vehicle</b> <br /><br/>
<b></b> <br /><br/>
</div>
</td>
<td></td>
<td>311</td>
<td>usedCar.CP.Acquisition_Quotes_CP_CP_used_car_with_maintenance_Test@17f62e33</td></tr>
<tr>
<td title='usedCar.CP.Acquisition_Quotes_CP_PCH_used_car_with_funder_quote_addition_without_maintenance_Test.aquisition_quotes_used_car_OTR_calculation_with_maintenance_test()'><b>aquisition_quotes_used_car_OTR_calculation_with_maintenance_test</b><br>Test class: usedCar.CP.Acquisition_Quotes_CP_PCH_used_car_with_funder_quote_addition_without_maintenance_Test<br>Parameters: GY19XAG, 15000, 60000, 1000, REF001, 05/12/26, 12, 5000, 1000, 12, 500, 6000, 20, 10, 10000, 6000, 2000, 1000, 239.99, 500, 200, 200, 22, 22000, NO, 0, 200, YES, 0, CP(F3)-PCH_Used_car<br/>
<a href="#Output-610358466" onClick='toggleBox("Output-610358466", this, "Show output", "Hide output");'>Show output</a>

<a href="#Output-610358466" onClick="toggleAllBoxes();">Show all outputs</a>
<div class='log' id="Output-610358466">
<b>Clicked on Quote button </b> <br /><br/>
<b>Selecting used vehicle with registration no. = GY19XAG and mileage = 15000</b> <br /><br/>
<b>Vehicle selected</b> <br /><br/>
<b>Paint option has been selected</b> <br /><br/>
<b>Interior option has been selected</b> <br /><br/>
<b> Acquisition Contract type option = Contract Purchase has been selected</b> <br /><br/>
<b> Customer Contract type option = Personal Contract Hire(BCH) has been selected</b> <br /><br/>
<b>Cost Price ex VAT and RFL from screen is 18000.0</b> <br /><br/>
<b>VAT from screen is 3600.0</b> <br /><br/>
<b>Cost Price ex VAT and RFL calculated is 18000.0</b> <br /><br/>
<b>Cost Price ex VAT and RFL verified and found OK</b> <br /><br/>
</div>
</td>
<td></td>
<td>75</td>
<td>usedCar.CP.Acquisition_Quotes_CP_PCH_used_car_with_funder_quote_addition_without_maintenance_Test@543295b0</td></tr>
<tr>
<td title='usedCar.CP.Acquisition_Quotes_CP_CP_used_car_with_maintenance_Test.aquisition_quotes_holding_cost_calculations_with_maintenance_test()'><b>aquisition_quotes_holding_cost_calculations_with_maintenance_test</b><br>Test class: usedCar.CP.Acquisition_Quotes_CP_CP_used_car_with_maintenance_Test<br>Parameters: GY19XAG, 15000, 60000, 1000, 50000, 630, 100, 50, 20000, 30, 0, 35, 35000, 1000, 20, YES, A1 Credit, 100, YES, 2000, 1000, 500, 1000, 1000, 199.99, CP_used_car<br/>
<a href="#Output-1409460006" onClick='toggleBox("Output-1409460006", this, "Show output", "Hide output");'>Show output</a>

<a href="#Output-1409460006" onClick="toggleAllBoxes();">Show all outputs</a>
<div class='log' id="Output-1409460006">
<b>***********Entered in holding cost page ***********</b> <br /><br/>
<b>Clicked on holding cost summary</b> <br /><br/>
<b>Clicked on holding_cost_maintenance_toggle_button</b> <br /><br/>
<b></b> <br /><br/>
<b>***Verifying Holding Cost before editing CAP data*** </b> <br /><br/>
<b>Getting on screen values from Holding Cost Page</b> <br /><br/>
<b>Duration(Terms) =36.0</b> <br /><br/>
<b>Annual_mileage =10000.0</b> <br /><br/>
<b>Residual_value_from_screen =15150.0</b> <br /><br/>
<b>Total_cap_maintenance_value_annual =0.0</b> <br /><br/>
<b>Writing Holding Cost Summary values to excel has been started</b> <br /><br/>
<b>Writing Holding Cost Summary values to excel has been completed</b> <br /><br/>
<b>Reading Monthly Holding Cost value from excel has been started</b> <br /><br/>
<b>Reading Monthly Holding Cost value from excel has been completed</b> <br /><br/>
<b>Total_monthly_holding_cost_from_screen =293.08</b> <br /><br/>
<b>Total_monthly_holding_cost_from_excel =293.07618876643176</b> <br /><br/>
<b>Total Monthly Holding Cost based on CAP data is Verified and Found OK</b> <br /><br/>
<b></b> <br /><br/>
<b>Editing % CAP Residual Value and % CAP Maintenance cost used</b> <br /><br/>
<b>Changing % CAP Residual Value (from test  data) to 100</b> <br /><br/>
<b>Changing % CAP Maintenance cost (from test  data) to 50</b> <br /><br/>
<b>Writing Holding Cost Summary values to excel has been started</b> <br /><br/>
<b>Writing Holding Cost Summary values to excel has been completed</b> <br /><br/>
<b>Reading Monthly Holding Cost value from excel has been started</b> <br /><br/>
<b>Reading Monthly Holding Cost value from excel has been completed</b> <br /><br/>
<b>Total_monthly_holding_cost_from_screen =293.08</b> <br /><br/>
<b>Total_monthly_holding_cost_from_excel =293.07618876643176</b> <br /><br/>
<b>Total Monthly Holding Cost After Editing % Residual Value and % Maintenance Cost is Verified and Found OK</b> <br /><br/>
<b></b> <br /><br/>
<b>Editing Residual value and Maintenance cost used</b> <br /><br/>
<b>Changing Residual Value (from test data) to  =20000</b> <br /><br/>
<b>Changing Maintenance Cost used (from test data) to =30</b> <br /><br/>
<b>Writing Holding Cost Summary values to excel has been started</b> <br /><br/>
<b>Writing Holding Cost Summary values to excel has been completed</b> <br /><br/>
<b>Reading Monthly Holding Cost value from excel has been started</b> <br /><br/>
<b>Reading Monthly Holding Cost value from excel has been completed</b> <br /><br/>
<b>Total_monthly_holding_cost_from_screen =228.52</b> <br /><br/>
<b>Total_monthly_holding_cost_from_excel =228.51922154949557</b> <br /><br/>
<b>Total Monthly Holding Cost After Editing Residual Value and Maintenance Cost is Verified and Found OK</b> <br /><br/>
<b></b> <br /><br/>
<b>Editing additional terms and mileage</b> <br /><br/>
<b>Updated Residual Value from screen  (to be sent to calculation excel) is =0.00</b> <br /><br/>
<b>Updated Maintenance Cost from screen  (to be sent to calculation excel) is =0.00</b> <br /><br/>
<b>Writing Holding Cost Summary values to excel has been started</b> <br /><br/>
<b>Writing Holding Cost Summary values to excel has been completed</b> <br /><br/>
<b>Reading Monthly Holding Cost value from excel has been started</b> <br /><br/>
<b>Reading Monthly Holding Cost value from excel has been completed</b> <br /><br/>
<b>Total_monthly_holding_cost_from_screen =602.67</b> <br /><br/>
<b>Total_monthly_holding_cost_from_excel =602.6727875044288</b> <br /><br/>
<b>Total Monthly Holding Cost After Editing Additional terms and mileage is Verified and Found OK</b> <br /><br/>
</div>
</td>
<td></td>
<td>69</td>
<td>usedCar.CP.Acquisition_Quotes_CP_CP_used_car_with_maintenance_Test@17f62e33</td></tr>
<tr>
<td title='usedCar.CP.Acquisition_Quotes_CP_PCH_used_car_with_funder_quote_addition_without_maintenance_Test.aquisition_quotes_used_car_edit_cost_price_and_check_OTR_with_maintenance_test()'><b>aquisition_quotes_used_car_edit_cost_price_and_check_OTR_with_maintenance_test</b><br>Test class: usedCar.CP.Acquisition_Quotes_CP_PCH_used_car_with_funder_quote_addition_without_maintenance_Test<br>Parameters: GY19XAG, 15000, 60000, 1000, REF001, 05/12/26, 12, 5000, 1000, 12, 500, 6000, 20, 10, 10000, 6000, 2000, 1000, 239.99, 500, 200, 200, 22, 22000, NO, 0, 200, YES, 0, CP(F3)-PCH_Used_car</td>
<td></td>
<td>0</td>
<td>usedCar.CP.Acquisition_Quotes_CP_PCH_used_car_with_funder_quote_addition_without_maintenance_Test@543295b0</td></tr>
<tr>
<td title='usedCar.CP.Acquisition_Quotes_CP_CP_used_car_with_maintenance_Test.aquisition_quotes_customer_quote_calculations_check_monthly_finance_payment_with_maintenance_test()'><b>aquisition_quotes_customer_quote_calculations_check_monthly_finance_payment_with_maintenance_test</b><br>Test class: usedCar.CP.Acquisition_Quotes_CP_CP_used_car_with_maintenance_Test<br>Parameters: GY19XAG, 15000, 60000, 1000, 50000, 630, 100, 50, 20000, 30, 0, 35, 35000, 1000, 20, YES, A1 Credit, 100, YES, 2000, 1000, 500, 1000, 1000, 199.99, CP_used_car<br/>
<a href="#Output-220499020" onClick='toggleBox("Output-220499020", this, "Show output", "Hide output");'>Show output</a>

<a href="#Output-220499020" onClick="toggleAllBoxes();">Show all outputs</a>
<div class='log' id="Output-220499020">
<b>***********Entered in Customer Quote page ***********</b> <br /><br/>
<b>Matrix credit type A1 Credit has been selected</b> <br /><br/>
<b>Writing configuration values from property file to Excel for customer quote calculation -started</b> <br /><br/>
<b>Writing configuration values from property file to Excel for customer quote calculation -completed</b> <br /><br/>
<b>Actual Monthly total Payment from screen is 428.46</b> <br /><br/>
<b>Expected Monthly Total Rental from excel is 428.4552628617257</b> <br /><br/>
</div>
</td>
<td></td>
<td>109</td>
<td>usedCar.CP.Acquisition_Quotes_CP_CP_used_car_with_maintenance_Test@17f62e33</td></tr>
<tr>
<td title='usedCar.CP.Acquisition_Quotes_CP_PCH_used_car_with_funder_quote_addition_without_maintenance_Test.aquisition_quotes_customer_quote_payment_profile_calculations_without_maintenance_test()'><b>aquisition_quotes_customer_quote_payment_profile_calculations_without_maintenance_test</b><br>Test class: usedCar.CP.Acquisition_Quotes_CP_PCH_used_car_with_funder_quote_addition_without_maintenance_Test<br>Parameters: GY19XAG, 15000, 60000, 1000, REF001, 05/12/26, 12, 5000, 1000, 12, 500, 6000, 20, 10, 10000, 6000, 2000, 1000, 239.99, 500, 200, 200, 22, 22000, NO, 0, 200, YES, 0, CP(F3)-PCH_Used_car<br/>
<a href="#Output-1693821885" onClick='toggleBox("Output-1693821885", this, "Show output", "Hide output");'>Show output</a>

<a href="#Output-1693821885" onClick="toggleAllBoxes();">Show all outputs</a>
<div class='log' id="Output-1693821885">
<b>Writing configuration values from property file to Excel for customer quote calculation -started</b> <br /><br/>
<b>Writing configuration values from property file to Excel for customer quote calculation -completed</b> <br /><br/>
<b>************Calculations for Customer Quote Page has been started***********</b> <br /><br/>
<b>Payment Profile Monthly in Advance option has been selected</b> <br /><br/>
<b>Writing values to Excel for customer quote calculation -started</b> <br /><br/>
<b>Writing values to Excel for customer quote calculation -completed</b> <br /><br/>
<b>Reading  Monthly Finance Rental from  Excel   -started</b> <br /><br/>
<b>Reading  Monthly Finance Rental from  Excel   -completed</b> <br /><br/>
<b>Monthly Finance Rental from Excel is =579.3612141992742</b> <br /><br/>
<b>Monthly Finance Rental from screen is 579.36</b> <br /><br/>
<b>Monthly Finance Rental from screen (after submitting upsell values) is 624.12</b> <br /><br/>
<b>Writing upsell values to excel</b> <br /><br/>
<b>Monthly Finance Rental from Excel (after submitting upsell values) is 624.1194052261209</b> <br /><br/>
<b>Monthly finance (after submitting upsell values) is found OK</b> <br /><br/>
<b>Clicked on Part Exchange panel</b> <br /><br/>
<b>Expected Monthly Finance Rental From Excel is =624.1194052261209</b> <br /><br/>
<b>Actuacl Monthly Finance Rental From screen is =624.12</b> <br /><br/>
<b></b> <br /><br/>
<b>Balance Due value started verifying</b> <br /><br/>
<b>Balance due value Actual from screen is -2760.01</b> <br /><br/>
<b></b> <br /><br/>
<b>Balance due value Expected from Excel is -2760.01</b> <br /><br/>
<b></b> <br /><br/>
<b>Balance due value (with part exchange values) is verified and found ok</b> <br /><br/>
<b>Monthly Finance Rental from screen (after updating customer quote summary upsell value) is 646.5</b> <br /><br/>
<b>Writing upsell values to excel</b> <br /><br/>
<b>Monthly Finance Rental from Excel (after submitting upsell values) is 646.4985007395459</b> <br /><br/>
<b>Monthly finance rental (after updating customer quote summary upsell value) is found OK</b> <br /><br/>
</div>
</td>
<td></td>
<td>108</td>
<td>usedCar.CP.Acquisition_Quotes_CP_PCH_used_car_with_funder_quote_addition_without_maintenance_Test@543295b0</td></tr>
<tr>
<td title='usedCar.CP.Acquisition_Quotes_CP_PCH_used_car_with_funder_quote_addition_without_maintenance_Test.aquisition_quotes_quote_summary_values_verification_without_maintenance_test()'><b>aquisition_quotes_quote_summary_values_verification_without_maintenance_test</b><br>Test class: usedCar.CP.Acquisition_Quotes_CP_PCH_used_car_with_funder_quote_addition_without_maintenance_Test<br>Parameters: GY19XAG, 15000, 60000, 1000, REF001, 05/12/26, 12, 5000, 1000, 12, 500, 6000, 20, 10, 10000, 6000, 2000, 1000, 239.99, 500, 200, 200, 22, 22000, NO, 0, 200, YES, 0, CP(F3)-PCH_Used_car<br/>
<a href="#Output-644926008" onClick='toggleBox("Output-644926008", this, "Show output", "Hide output");'>Show output</a>

<a href="#Output-644926008" onClick="toggleAllBoxes();">Show all outputs</a>
<div class='log' id="Output-644926008">
<b>*************OTR Calulation on quote summary page has been started************</b> <br /><br/>
<b>Reading values from OTR calculation -Quote Summary Page</b> <br /><br/>
<b></b> <br /><br/>
<b>Cost otr price from screen is 21600.0</b> <br /><br/>
<b>Cost price ex vat and rfl from screen is 18000.0</b> <br /><br/>
<b>Otr Vat from screen is 3600.0</b> <br /><br/>
<b></b> <br /><br/>
<b>Cost otr price from excel is 21600.0</b> <br /><br/>
<b>Cost price ex vat and rfl from excel is 18000.0</b> <br /><br/>
<b>Otr Vat from excel is 3600.0</b> <br /><br/>
<b>OTR price compared</b> <br /><br/>
<b>Cost price ex vat and rfl compared</b> <br /><br/>
<b>VAT compared</b> <br /><br/>
<b>*************Holding Cost Calulation on quote summary page has been started************</b> <br /><br/>
<b>Reading values from Holding Cost summary -Quote Summary Page</b> <br /><br/>
<b>holding_cost_terms_from_screen12.0</b> <br /><br/>
<b>holding_cost_miles_per_annum_from_screen5000.0</b> <br /><br/>
<b>holding_cost_monthly_finance_cost_from_screen286.0</b> <br /><br/>
<b>holding_cost_total_monthly_holding_cost_from_screen =286.0</b> <br /><br/>
<b>terms compared</b> <br /><br/>
<b>Miles per annum compared</b> <br /><br/>
<b>Finance cost compared</b> <br /><br/>
<b>Total Monthly Holding Cost compared</b> <br /><br/>
<b>*************Customer Quote Calulation on quote summary page has been started************</b> <br /><br/>
<b>Terms found OK</b> <br /><br/>
<b>miles found OK</b> <br /><br/>
<b>Monthly Finance Rental found OK</b> <br /><br/>
<b>Initial Finance Rental found OK</b> <br /><br/>
<b>Followed By months - found OK</b> <br /><br/>
<b>Part Exchange Value - found OK</b> <br /><br/>
<b>Pence per excess mile finance - found OK</b> <br /><br/>
<b>Document Fee - found OK</b> <br /><br/>
<b>Upsell - found OK</b> <br /><br/>
<b>Default Finance Commission - found OK</b> <br /><br/>
<b>Upsell Commission - found OK</b> <br /><br/>
<b>Document Fee Commission - found OK</b> <br /><br/>
<b>Total Commission - found OK</b> <br /><br/>
<b>Referrer Commission - found OK</b> <br /><br/>
<b>*************Configuration Values Verification on quote summary page has been started************</b> <br /><br/>
<b>Finance Margin found OK</b> <br /><br/>
<b>Deductions found OK</b> <br /><br/>
<b>Additional Margin found OK</b> <br /><br/>
<b>Total Margin found OK</b> <br /><br/>
<b>Default Broker Margin percentage found OK</b> <br /><br/>
<b>Broker Upsell Margin percentage found OK</b> <br /><br/>
<b>Broker Upsell Margin  found OK</b> <br /><br/>
<b>Document Fee Margin  found OK</b> <br /><br/>
<b>Refferer Margin  found OK</b> <br /><br/>
<b>*********Customer Quote generated successfully and Quote_ref_no is=ROB32106</b> <br /><br/>
<b>*************OTR Calulation on quote summary page has been started************</b> <br /><br/>
<b>Reading values from OTR calculation -Quote Summary Page</b> <br /><br/>
<b></b> <br /><br/>
<b>Cost otr price from screen is 21600.0</b> <br /><br/>
<b>Cost price ex vat and rfl from screen is 18000.0</b> <br /><br/>
<b>Otr Vat from screen is 3600.0</b> <br /><br/>
<b></b> <br /><br/>
<b>Cost otr price from excel is 21600.0</b> <br /><br/>
<b>Cost price ex vat and rfl from excel is 18000.0</b> <br /><br/>
<b>Otr Vat from excel is 3600.0</b> <br /><br/>
<b>OTR price compared</b> <br /><br/>
<b>Cost price ex vat and rfl compared</b> <br /><br/>
<b>VAT compared</b> <br /><br/>
<b>*************Holding Cost Calulation on quote summary page has been started************</b> <br /><br/>
<b>Reading values from Holding Cost summary -Quote Summary Page</b> <br /><br/>
<b>holding_cost_terms_from_screen12.0</b> <br /><br/>
<b>holding_cost_miles_per_annum_from_screen5000.0</b> <br /><br/>
<b>holding_cost_monthly_finance_cost_from_screen286.0</b> <br /><br/>
<b>holding_cost_total_monthly_holding_cost_from_screen =286.0</b> <br /><br/>
<b>terms compared</b> <br /><br/>
<b>Miles per annum compared</b> <br /><br/>
<b>Finance cost compared</b> <br /><br/>
<b>Total Monthly Holding Cost compared</b> <br /><br/>
<b>*************Customer Quote Calulation on quote summary page has been started************</b> <br /><br/>
<b>Terms found OK</b> <br /><br/>
<b>miles found OK</b> <br /><br/>
<b>Monthly Finance Rental found OK</b> <br /><br/>
<b>Initial Finance Rental found OK</b> <br /><br/>
<b>Followed By months - found OK</b> <br /><br/>
<b>Part Exchange Value - found OK</b> <br /><br/>
<b>Pence per excess mile finance - found OK</b> <br /><br/>
<b>Document Fee - found OK</b> <br /><br/>
<b>Upsell - found OK</b> <br /><br/>
<b>Default Finance Commission - found OK</b> <br /><br/>
<b>Upsell Commission - found OK</b> <br /><br/>
<b>Document Fee Commission - found OK</b> <br /><br/>
<b>Total Commission - found OK</b> <br /><br/>
<b>Referrer Commission - found OK</b> <br /><br/>
<b>*************Configuration Values Verification on quote summary page has been started************</b> <br /><br/>
<b>Finance Margin found OK</b> <br /><br/>
<b>Deductions found OK</b> <br /><br/>
<b>Additional Margin found OK</b> <br /><br/>
<b>Total Margin found OK</b> <br /><br/>
<b>Default Broker Margin percentage found OK</b> <br /><br/>
<b>Broker Upsell Margin percentage found OK</b> <br /><br/>
<b>Broker Upsell Margin  found OK</b> <br /><br/>
<b>Document Fee Margin  found OK</b> <br /><br/>
<b>Refferer Margin  found OK</b> <br /><br/>
<b>*************Editing Finance Margin and Verifying Values on quote summary page has been started************</b> <br /><br/>
<b>Finance margin changed to 10000</b> <br /><br/>
<b>Monthly Finance Rental after changing finance margin -  found OK</b> <br /><br/>
<b>Initial Finance Rental found OK</b> <br /><br/>
</div>
</td>
<td></td>
<td>169</td>
<td>usedCar.CP.Acquisition_Quotes_CP_PCH_used_car_with_funder_quote_addition_without_maintenance_Test@543295b0</td></tr>
<tr>
<td title='usedCar.OP.Acquisition_Quotes_Outright_PCP_used_car_with_maintenance_Test.aquisition_quotes_holding_cost_calculations_with_maintenance_test()'><b>aquisition_quotes_holding_cost_calculations_with_maintenance_test</b><br>Test class: usedCar.OP.Acquisition_Quotes_Outright_PCP_used_car_with_maintenance_Test<br>Parameters: GY19XAG, 15000, 60000, 1000, 50000, 630, 40, 60, 15000, 20, 0, 35, 35000, 1000, 20, YES, A1 Credit, 100, YES, 2000, 1000, 500, 200, 200, 199.99, PCP_used_car<br/>
<a href="#Output-189457603" onClick='toggleBox("Output-189457603", this, "Show output", "Hide output");'>Show output</a>

<a href="#Output-189457603" onClick="toggleAllBoxes();">Show all outputs</a>
<div class='log' id="Output-189457603">
<b>***********Entered in holding cost page ***********</b> <br /><br/>
<b>Clicked on holding cost summary</b> <br /><br/>
<b>Clicked on holding_cost_maintenance_toggle_button</b> <br /><br/>
<b></b> <br /><br/>
<b>***Verifying Holding Cost before editing CAP data*** </b> <br /><br/>
<b>Getting on screen values from Holding Cost Page</b> <br /><br/>
<b>Duration(Terms) =36.0</b> <br /><br/>
<b>Annual_mileage =10000.0</b> <br /><br/>
<b>Residual_value_from_screen =15150.0</b> <br /><br/>
<b>Total_cap_maintenance_value_annual =0.0</b> <br /><br/>
<b>Writing Holding Cost Summary values to excel has been started</b> <br /><br/>
<b>Writing Holding Cost Summary values to excel has been completed</b> <br /><br/>
<b>Reading Monthly Holding Cost value from excel has been started</b> <br /><br/>
<b>Reading Monthly Holding Cost value from excel has been completed</b> <br /><br/>
<b>Total_monthly_holding_cost_from_screen =293.08</b> <br /><br/>
<b>Total_monthly_holding_cost_from_excel =293.07618876643176</b> <br /><br/>
<b>Total Monthly Holding Cost based on CAP data is Verified and Found OK</b> <br /><br/>
</div>
</td>
<td></td>
<td>21</td>
<td>usedCar.OP.Acquisition_Quotes_Outright_PCP_used_car_with_maintenance_Test@117159c0</td></tr>
<tr>
<td title='usedCar.OP.Acquisition_Quotes_Outright_PCP_used_car_with_maintenance_Test.aquisition_quotes_quote_summary_values_verification_with_maintenance_test()'><b>aquisition_quotes_quote_summary_values_verification_with_maintenance_test</b><br>Test class: usedCar.OP.Acquisition_Quotes_Outright_PCP_used_car_with_maintenance_Test<br>Parameters: GY19XAG, 15000, 60000, 1000, 50000, 630, 40, 60, 15000, 20, 0, 35, 35000, 1000, 20, YES, A1 Credit, 100, YES, 2000, 1000, 500, 200, 200, 199.99, PCP_used_car<br/>
<a href="#Output-271481281" onClick='toggleBox("Output-271481281", this, "Show output", "Hide output");'>Show output</a>

<a href="#Output-271481281" onClick="toggleAllBoxes();">Show all outputs</a>
<div class='log' id="Output-271481281">
<b>*************OTR Calulation on quote summary page has been started************</b> <br /><br/>
<b>Reading values from OTR calculation -Quote Summary Page</b> <br /><br/>
<b>Cost otr price from screen is 21600.0</b> <br /><br/>
<b>Cost price ex vat and rfl from screen is 18000.0</b> <br /><br/>
<b>Otr Vat from screen is 3600.0</b> <br /><br/>
<b>Cost otr price from excel is 21600.0</b> <br /><br/>
<b>Cost price ex vat and rfl from excel is 18000.0</b> <br /><br/>
<b>Otr Vat from excel is 3600.0</b> <br /><br/>
<b>OTR price compared</b> <br /><br/>
<b>Cost price ex vat and rfl compared</b> <br /><br/>
<b>VAT compared</b> <br /><br/>
<b>*************Holding Cost Calulation on quote summary page has been started************</b> <br /><br/>
<b>Reading values from Holding Cost summary -Quote Summary Page</b> <br /><br/>
<b></b> <br /><br/>
<b>Holding cost Terms from screen36.0</b> <br /><br/>
<b>Holding cost miles per annum from screen is 10000.0</b> <br /><br/>
<b>Holding cost monthly finance cost from screen is 293.08</b> <br /><br/>
<b>Holding cost monthly maint cost used from screen is 0.0</b> <br /><br/>
<b>Holding cost total monthly holding cost from screen is 293.08</b> <br /><br/>
<b></b> <br /><br/>
<b>Holding cost Terms from excel is 36.0</b> <br /><br/>
<b>Holding cost miles per annum from excel is 10000.0</b> <br /><br/>
<b>Holding cost monthly finance cost from excel is 293.07618876643176</b> <br /><br/>
<b>Holding cost monthly maint cost used from excel is 0.0</b> <br /><br/>
<b>Holding cost total monthly holding cost from excel is 293.07618876643176</b> <br /><br/>
<b>terms compared</b> <br /><br/>
<b>Miles per annum compared</b> <br /><br/>
<b>Finance cost compared</b> <br /><br/>
<b>Maint cost used  compared</b> <br /><br/>
<b>Total Monthly Holding Cost compared</b> <br /><br/>
<b>*************Customer Quote Calulation on quote summary page has been started************</b> <br /><br/>
<b>Terms found OK</b> <br /><br/>
<b>miles found OK</b> <br /><br/>
<b>Basic Cash Price found OK</b> <br /><br/>
<b>VAT found OK</b> <br /><br/>
<b>Non VAT Items Value found OK</b> <br /><br/>
<b>Total Cash Price found OK</b> <br /><br/>
<b>Order Deposit found OK</b> <br /><br/>
<b>Finance Deposit found OK</b> <br /><br/>
<b>Total Deposit found OK</b> <br /><br/>
<b>Part Exchange Value - found OK</b> <br /><br/>
<b>Balance to Finance found OK</b> <br /><br/>
<b>Finance Charges - found OK</b> <br /><br/>
<b>Document Fee - found OK</b> <br /><br/>
<b>Balance Payable - found OK</b> <br /><br/>
<b>Option To Purchase Fee - found OK</b> <br /><br/>
<b>Initial Cash Payment - found OK</b> <br /><br/>
<b>Followed By months - found OK</b> <br /><br/>
<b>Monthly Finance Payment - found OK</b> <br /><br/>
<b>Guaranteed Future Value - found OK</b> <br /><br/>
<b>Optional Final Payment - found OK</b> <br /><br/>
<b>Pence Per Excess Mile Finance - found OK</b> <br /><br/>
<b>Vehicle Commission - found OK</b> <br /><br/>
<b>Default Finance Commission - found OK</b> <br /><br/>
<b>Document Fee Commission - found OK</b> <br /><br/>
<b>Total Commission - found OK</b> <br /><br/>
<b>*************Configuration Values Verification on quote summary page has been started************</b> <br /><br/>
<b>Base Interest Rate found OK</b> <br /><br/>
<b>Finance Margin found OK</b> <br /><br/>
<b>Deductions found OK</b> <br /><br/>
<b>Additional Margin found OK</b> <br /><br/>
<b>Total Margin found OK</b> <br /><br/>
<b>Default Broker Margin percentage found OK</b> <br /><br/>
<b>Customer Interest Rate found OK</b> <br /><br/>
<b>Document Fee Margin found OK</b> <br /><br/>
<b>Default Broker Margin found OK</b> <br /><br/>
<b>*********Customer Quote generated successfully and Quote_ref_no is=SJE47530</b> <br /><br/>
<b>*************OTR Calulation on quote summary page has been started************</b> <br /><br/>
<b>Reading values from OTR calculation -Quote Summary Page</b> <br /><br/>
<b>Cost otr price from screen is 21600.0</b> <br /><br/>
<b>Cost price ex vat and rfl from screen is 18000.0</b> <br /><br/>
<b>Otr Vat from screen is 3600.0</b> <br /><br/>
<b>Cost otr price from excel is 21600.0</b> <br /><br/>
<b>Cost price ex vat and rfl from excel is 18000.0</b> <br /><br/>
<b>Otr Vat from excel is 3600.0</b> <br /><br/>
<b>OTR price compared</b> <br /><br/>
<b>Cost price ex vat and rfl compared</b> <br /><br/>
<b>VAT compared</b> <br /><br/>
<b>*************Holding Cost Calulation on quote summary page has been started************</b> <br /><br/>
<b>Reading values from Holding Cost summary -Quote Summary Page</b> <br /><br/>
<b></b> <br /><br/>
<b>Holding cost Terms from screen36.0</b> <br /><br/>
<b>Holding cost miles per annum from screen is 10000.0</b> <br /><br/>
<b>Holding cost monthly finance cost from screen is 293.08</b> <br /><br/>
<b>Holding cost monthly maint cost used from screen is 0.0</b> <br /><br/>
<b>Holding cost total monthly holding cost from screen is 293.08</b> <br /><br/>
<b></b> <br /><br/>
<b>Holding cost Terms from excel is 36.0</b> <br /><br/>
<b>Holding cost miles per annum from excel is 10000.0</b> <br /><br/>
<b>Holding cost monthly finance cost from excel is 293.07618876643176</b> <br /><br/>
<b>Holding cost monthly maint cost used from excel is 0.0</b> <br /><br/>
<b>Holding cost total monthly holding cost from excel is 293.07618876643176</b> <br /><br/>
<b>terms compared</b> <br /><br/>
<b>Miles per annum compared</b> <br /><br/>
<b>Finance cost compared</b> <br /><br/>
<b>Maint cost used  compared</b> <br /><br/>
<b>Total Monthly Holding Cost compared</b> <br /><br/>
<b>*************Customer Quote Calulation on quote summary page has been started************</b> <br /><br/>
<b>Terms found OK</b> <br /><br/>
<b>miles found OK</b> <br /><br/>
<b>Basic Cash Price found OK</b> <br /><br/>
<b>VAT found OK</b> <br /><br/>
<b>Non VAT Items Value found OK</b> <br /><br/>
<b>Total Cash Price found OK</b> <br /><br/>
<b>Order Deposit found OK</b> <br /><br/>
<b>Finance Deposit found OK</b> <br /><br/>
<b>Total Deposit found OK</b> <br /><br/>
<b>Part Exchange Value - found OK</b> <br /><br/>
<b>Balance to Finance found OK</b> <br /><br/>
<b>Finance Charges - found OK</b> <br /><br/>
<b>Document Fee - found OK</b> <br /><br/>
<b>Balance Payable - found OK</b> <br /><br/>
<b>Option To Purchase Fee - found OK</b> <br /><br/>
<b>Initial Cash Payment - found OK</b> <br /><br/>
<b>Followed By months - found OK</b> <br /><br/>
<b>Monthly Finance Payment - found OK</b> <br /><br/>
<b>Guaranteed Future Value - found OK</b> <br /><br/>
<b>Optional Final Payment - found OK</b> <br /><br/>
<b>Pence Per Excess Mile Finance - found OK</b> <br /><br/>
<b>Vehicle Commission - found OK</b> <br /><br/>
<b>Default Finance Commission - found OK</b> <br /><br/>
<b>Document Fee Commission - found OK</b> <br /><br/>
<b>Total Commission - found OK</b> <br /><br/>
<b>*************Configuration Values Verification on quote summary page has been started************</b> <br /><br/>
<b>Base Interest Rate found OK</b> <br /><br/>
<b>Finance Margin found OK</b> <br /><br/>
<b>Deductions found OK</b> <br /><br/>
<b>Additional Margin found OK</b> <br /><br/>
<b>Total Margin found OK</b> <br /><br/>
<b>Default Broker Margin percentage found OK</b> <br /><br/>
<b>Customer Interest Rate found OK</b> <br /><br/>
<b>Document Fee Margin found OK</b> <br /><br/>
<b>Default Broker Margin found OK</b> <br /><br/>
<b>*************Editing Base Interest Rate and Verifying  Values on quote summary page has been started************</b> <br /><br/>
<b>Base Interest Rate changed to 7.0 %</b> <br /><br/>
<b>Holding Cost after changing Base Int. Rate -  found wrong</b> <br /><br/>
<b>Monthly Finance Rental after changing Base Int. Rate -  found OK</b> <br /><br/>
<b>Finance Charges - found OK</b> <br /><br/>
<b>Balance Payable - found OK</b> <br /><br/>
<b>*************Editing Customer Rate Over Base and Verifying Values on quote summary page has been started************</b> <br /><br/>
<b>Customer Base Over Rate changed to 5.0 %</b> <br /><br/>
<b>Monthly Finance Rental after changing Customer Base Over Rate -  found OK</b> <br /><br/>
<b>Finance Charges - found OK</b> <br /><br/>
<b>Balance Payable - found OK</b> <br /><br/>
<b>*************Editing Maintenance Margin and Verifying Values on quote summary page has been started************</b> <br /><br/>
<b></b> <br /><br/>
<b>Maintenance margin can not be changed as there is no maintennace for this vehicle</b> <br /><br/>
<b></b> <br /><br/>
</div>
</td>
<td></td>
<td>506</td>
<td>usedCar.OP.Acquisition_Quotes_Outright_PCP_used_car_with_maintenance_Test@117159c0</td></tr>
<tr>
<td title='usedCar.OP.Acquisition_Quotes_Outright_PCP_used_car_with_maintenance_Test.aquisition_quotes_customer_quote_calculations_check_monthly_finance_payment_with_maintenance_test()'><b>aquisition_quotes_customer_quote_calculations_check_monthly_finance_payment_with_maintenance_test</b><br>Test class: usedCar.OP.Acquisition_Quotes_Outright_PCP_used_car_with_maintenance_Test<br>Parameters: GY19XAG, 15000, 60000, 1000, 50000, 630, 40, 60, 15000, 20, 0, 35, 35000, 1000, 20, YES, A1 Credit, 100, YES, 2000, 1000, 500, 200, 200, 199.99, PCP_used_car<br/>
<a href="#Output-1845369295" onClick='toggleBox("Output-1845369295", this, "Show output", "Hide output");'>Show output</a>

<a href="#Output-1845369295" onClick="toggleAllBoxes();">Show all outputs</a>
<div class='log' id="Output-1845369295">
<b>***********Entered in Customer Quote page ***********</b> <br /><br/>
<b>Matrix credit type A1 Credit has been selected</b> <br /><br/>
<b>Writing configuration values from property file to Excel for customer quote calculation -started</b> <br /><br/>
<b>Writing configuration values from property file to Excel for customer quote calculation -completed</b> <br /><br/>
<b>Writing configuration values from property file to Excel for customer quote calculation -started</b> <br /><br/>
<b>Writing configuration values from property file to Excel for customer quote calculation -completed</b> <br /><br/>
<b>Actual Monthly Finance Payment from screen is 501.1</b> <br /><br/>
<b>Expected Monthly Finannce Rental from excel is 501.1041516505343</b> <br /><br/>
</div>
</td>
<td></td>
<td>137</td>
<td>usedCar.OP.Acquisition_Quotes_Outright_PCP_used_car_with_maintenance_Test@117159c0</td></tr>
<tr>
<td title='usedCar.CP.Acquisition_Quotes_CP_PCH_used_car_with_funder_quote_addition_without_maintenance_Test.aquisition_quotes_holding_cost_calculations_without_maintenance_test()'><b>aquisition_quotes_holding_cost_calculations_without_maintenance_test</b><br>Test class: usedCar.CP.Acquisition_Quotes_CP_PCH_used_car_with_funder_quote_addition_without_maintenance_Test<br>Parameters: GY19XAG, 15000, 60000, 1000, REF001, 05/12/26, 12, 5000, 1000, 12, 500, 6000, 20, 10, 10000, 6000, 2000, 1000, 239.99, 500, 200, 200, 22, 22000, NO, 0, 200, YES, 0, CP(F3)-PCH_Used_car<br/>
<a href="#Output-1415100993" onClick='toggleBox("Output-1415100993", this, "Show output", "Hide output");'>Show output</a>

<a href="#Output-1415100993" onClick="toggleAllBoxes();">Show all outputs</a>
<div class='log' id="Output-1415100993">
<b>***********Entered in holding cost page ***********</b> <br /><br/>
<b>***********Holding Cost Calculations has been Started*************</b> <br /><br/>
<b>Writing Holding Cost Summary values to excel has been completed</b> <br /><br/>
<b>Reading Monthly Holding Cost value from excel</b> <br /><br/>
<b>Total_monthly_holding_cost_from_screen =286.00</b> <br /><br/>
<b>Total_monthly_holding_cost_from_excel =286.00000000000006</b> <br /><br/>
</div>
</td>
<td></td>
<td>31</td>
<td>usedCar.CP.Acquisition_Quotes_CP_PCH_used_car_with_funder_quote_addition_without_maintenance_Test@543295b0</td></tr>
<tr>
<td title='usedCar.CP.Acquisition_Quotes_CP_CP_used_car_with_maintenance_Test.aquisition_quotes_customer_quote_part_exchange_value_edit_check_with_maintenance_test()'><b>aquisition_quotes_customer_quote_part_exchange_value_edit_check_with_maintenance_test</b><br>Test class: usedCar.CP.Acquisition_Quotes_CP_CP_used_car_with_maintenance_Test<br>Parameters: GY19XAG, 15000, 60000, 1000, 50000, 630, 100, 50, 20000, 30, 0, 35, 35000, 1000, 20, YES, A1 Credit, 100, YES, 2000, 1000, 500, 1000, 1000, 199.99, CP_used_car<br/>
<a href="#Output-1055651666" onClick='toggleBox("Output-1055651666", this, "Show output", "Hide output");'>Show output</a>

<a href="#Output-1055651666" onClick="toggleAllBoxes();">Show all outputs</a>
<div class='log' id="Output-1055651666">
<b>Clicked on Part Exchange panel</b> <br /><br/>
<b></b> <br /><br/>
<b>Actual Balance to finance after editing part exchange values and deposit values is = 21250.0</b> <br /><br/>
<b>Expected Balance to finance after editing part exchange values and deposit values is = 21250.003999999997</b> <br /><br/>
<b></b> <br /><br/>
<b>Actual Monthly total Payment after editing part exchange values and deposit values is = 339.64</b> <br /><br/>
<b>Expected Monthly total Payment after editing part exchange values and deposit values is = 339.64423804078285</b> <br /><br/>
<b></b> <br /><br/>
<b>Monthly total Payment verified after editing part exchange values and deposit values</b> <br /><br/>
</div>
</td>
<td></td>
<td>59</td>
<td>usedCar.CP.Acquisition_Quotes_CP_CP_used_car_with_maintenance_Test@17f62e33</td></tr>
<tr>
<td title='usedCar.OP.Acquisition_Quotes_Outright_PCP_used_car_with_maintenance_Test.aquisition_quotes_OTR_calculation_with_maintenance_test()'><b>aquisition_quotes_OTR_calculation_with_maintenance_test</b><br>Test class: usedCar.OP.Acquisition_Quotes_Outright_PCP_used_car_with_maintenance_Test<br>Parameters: GY19XAG, 15000, 60000, 1000, 50000, 630, 40, 60, 15000, 20, 0, 35, 35000, 1000, 20, YES, A1 Credit, 100, YES, 2000, 1000, 500, 200, 200, 199.99, PCP_used_car<br/>
<a href="#Output-1533339679" onClick='toggleBox("Output-1533339679", this, "Show output", "Hide output");'>Show output</a>

<a href="#Output-1533339679" onClick="toggleAllBoxes();">Show all outputs</a>
<div class='log' id="Output-1533339679">
<b>Clicked on Quote button </b> <br /><br/>
<b>Selecting used vehicle with registration no. = GY19XAG and mileage = 15000</b> <br /><br/>
<b>Vehicle selected</b> <br /><br/>
<b>Paint option has been selected</b> <br /><br/>
<b>Interior option has been selected</b> <br /><br/>
<b> Acquisition Contract type option = Outright Purchase (OP) has been selected</b> <br /><br/>
<b> Customer Contract type option = PCP has been selected</b> <br /><br/>
<b>Cost Price ex VAT and RFL from screen is 18000.0</b> <br /><br/>
<b>VAT from screen is 3600.0</b> <br /><br/>
<b>Cost Price ex VAT and RFL calculated is 18000.0</b> <br /><br/>
<b>Cost Price ex VAT and RFL verified and found OK</b> <br /><br/>
</div>
</td>
<td></td>
<td>78</td>
<td>usedCar.OP.Acquisition_Quotes_Outright_PCP_used_car_with_maintenance_Test@117159c0</td></tr>
<tr>
<td title='usedCar.CP.Acquisition_Quotes_CP_CP_used_car_with_maintenance_Test.aquisition_quotes_OTR_calculation_with_maintenance_test()'><b>aquisition_quotes_OTR_calculation_with_maintenance_test</b><br>Test class: usedCar.CP.Acquisition_Quotes_CP_CP_used_car_with_maintenance_Test<br>Parameters: GY19XAG, 15000, 60000, 1000, 50000, 630, 100, 50, 20000, 30, 0, 35, 35000, 1000, 20, YES, A1 Credit, 100, YES, 2000, 1000, 500, 1000, 1000, 199.99, CP_used_car<br/>
<a href="#Output-1273270490" onClick='toggleBox("Output-1273270490", this, "Show output", "Hide output");'>Show output</a>

<a href="#Output-1273270490" onClick="toggleAllBoxes();">Show all outputs</a>
<div class='log' id="Output-1273270490">
<b>Clicked on Quote button </b> <br /><br/>
<b>Selecting used vehicle with registration no. = GY19XAG and mileage = 15000</b> <br /><br/>
<b>Vehicle selected</b> <br /><br/>
<b>Paint option has been selected</b> <br /><br/>
<b>Interior option has been selected</b> <br /><br/>
<b> Acquisition Contract type option = CP has been selected</b> <br /><br/>
<b> Customer Contract type option = CP has been selected</b> <br /><br/>
<b>Cost Price ex VAT and RFL from screen is 18000.0</b> <br /><br/>
<b>VAT from screen is 3600.0</b> <br /><br/>
<b>Cost Price ex VAT and RFL calculated is 18000.0</b> <br /><br/>
<b>Cost Price ex VAT and RFL verified and found OK</b> <br /><br/>
</div>
</td>
<td></td>
<td>73</td>
<td>usedCar.CP.Acquisition_Quotes_CP_CP_used_car_with_maintenance_Test@17f62e33</td></tr>
<tr>
<td title='usedCar.OP.Acquisition_Quotes_Outright_PCP_used_car_with_maintenance_Test.aquisition_quotes_customer_quote_part_exchange_value_edit_check_with_maintenance_test()'><b>aquisition_quotes_customer_quote_part_exchange_value_edit_check_with_maintenance_test</b><br>Test class: usedCar.OP.Acquisition_Quotes_Outright_PCP_used_car_with_maintenance_Test<br>Parameters: GY19XAG, 15000, 60000, 1000, 50000, 630, 40, 60, 15000, 20, 0, 35, 35000, 1000, 20, YES, A1 Credit, 100, YES, 2000, 1000, 500, 200, 200, 199.99, PCP_used_car<br/>
<a href="#Output-787691948" onClick='toggleBox("Output-787691948", this, "Show output", "Hide output");'>Show output</a>

<a href="#Output-787691948" onClick="toggleAllBoxes();">Show all outputs</a>
<div class='log' id="Output-787691948">
<b>Clicked on Part Exchange panel</b> <br /><br/>
<b></b> <br /><br/>
<b>Balance To Finance Expected is 22850.003999999997</b> <br /><br/>
<b>Balance To Finance Actual is 22850.0</b> <br /><br/>
<b></b> <br /><br/>
<b>Monthly Finance Payment Expected is 469.13218271499426</b> <br /><br/>
<b>Monthly Finance Payment Actual is 469.13</b> <br /><br/>
<b></b> <br /><br/>
<b>Monthly Finance Payment verified after editing part exchange values and deposit values</b> <br /><br/>
</div>
</td>
<td></td>
<td>106</td>
<td>usedCar.OP.Acquisition_Quotes_Outright_PCP_used_car_with_maintenance_Test@117159c0</td></tr>
</table><p>
<table width='100%' border='1' class='invocation-skipped'>
<tr><td colspan='4' align='center'><b>SKIPPED TESTS</b></td></tr>
<tr><td><b>Test method</b></td>
<td width="30%"><b>Exception</b></td>
<td width="10%"><b>Time (seconds)</b></td>
<td><b>Instance</b></td>
</tr>
<tr>
<td title='usedCar.OP.Acquisition_Quotes_Outright_HPR_used_car_with_maintenance_Test.aquisition_quotes_customer_quote_part_exchange_value_edit_check_with_maintenance_test()'><b>aquisition_quotes_customer_quote_part_exchange_value_edit_check_with_maintenance_test</b><br>Test class: usedCar.OP.Acquisition_Quotes_Outright_HPR_used_car_with_maintenance_Test</td>
<td><div><pre>java.lang.Throwable: Method Acquisition_Quotes_Outright_HPR_used_car_with_maintenance_Test.aquisition_quotes_customer_quote_part_exchange_value_edit_check_with_maintenance_test(java.lang.String,java.lang.String,java.lang.String,java.lang.String,java.lang.String,java.lang.String,java.lang.String,java.lang.String,java.lang.String,java.lang.String,java.lang.String,java.lang.String,java.lang.String,java.lang.String,java.lang.String,java.lang.String,java.lang.String,java.lang.String,java.lang.String,java.lang.String,java.lang.String,java.lang.String,java.lang.String,java.lang.String,java.lang.String,java.lang.String)[pri:4, instance:usedCar.OP.Acquisition_Quotes_Outright_HPR_used_car_with_maintenance_Test@54422e18] depends on not successfully finished methods
	at java.base/java.util.ArrayList.forEach(ArrayList.java:1511)
... Removed 18 stack frames</pre></div><a href='#' onClick='toggleBox("stack-trace590332847", this, "Click to show all stack frames", "Click to hide stack frames")'>Click to show all stack frames</a>
<div class='stack-trace' id='stack-trace590332847'><pre>java.lang.Throwable: Method Acquisition_Quotes_Outright_HPR_used_car_with_maintenance_Test.aquisition_quotes_customer_quote_part_exchange_value_edit_check_with_maintenance_test(java.lang.String,java.lang.String,java.lang.String,java.lang.String,java.lang.String,java.lang.String,java.lang.String,java.lang.String,java.lang.String,java.lang.String,java.lang.String,java.lang.String,java.lang.String,java.lang.String,java.lang.String,java.lang.String,java.lang.String,java.lang.String,java.lang.String,java.lang.String,java.lang.String,java.lang.String,java.lang.String,java.lang.String,java.lang.String,java.lang.String)[pri:4, instance:usedCar.OP.Acquisition_Quotes_Outright_HPR_used_car_with_maintenance_Test@54422e18] depends on not successfully finished methods
	at org.testng.internal.TestInvoker.invokeTestMethods(TestInvoker.java:102)
	at org.testng.internal.TestMethodWorker.invokeTestMethods(TestMethodWorker.java:146)
	at org.testng.internal.TestMethodWorker.run(TestMethodWorker.java:128)
	at java.base/java.util.ArrayList.forEach(ArrayList.java:1511)
	at org.testng.TestRunner.privateRun(TestRunner.java:794)
	at org.testng.TestRunner.run(TestRunner.java:596)
	at org.testng.SuiteRunner.runTest(SuiteRunner.java:377)
	at org.testng.SuiteRunner.runSequentially(SuiteRunner.java:371)
	at org.testng.SuiteRunner.privateRun(SuiteRunner.java:332)
	at org.testng.SuiteRunner.run(SuiteRunner.java:276)
	at org.testng.SuiteRunnerWorker.runSuite(SuiteRunnerWorker.java:53)
	at org.testng.SuiteRunnerWorker.run(SuiteRunnerWorker.java:96)
	at org.testng.TestNG.runSuitesSequentially(TestNG.java:1212)
	at org.testng.TestNG.runSuitesLocally(TestNG.java:1134)
	at org.testng.TestNG.runSuites(TestNG.java:1063)
	at org.testng.TestNG.run(TestNG.java:1031)
	at org.testng.remote.AbstractRemoteTestNG.run(AbstractRemoteTestNG.java:115)
	at org.testng.remote.RemoteTestNG.initAndRun(RemoteTestNG.java:251)
	at org.testng.remote.RemoteTestNG.main(RemoteTestNG.java:77)
</pre></div></td>
<td>0</td>
<td>usedCar.OP.Acquisition_Quotes_Outright_HPR_used_car_with_maintenance_Test@54422e18</td></tr>
<tr>
<td title='usedCar.OP.Acquisition_Quotes_Outright_HPR_used_car_with_maintenance_Test.aquisition_quotes_quote_summary_values_verification_with_maintenance_test()'><b>aquisition_quotes_quote_summary_values_verification_with_maintenance_test</b><br>Test class: usedCar.OP.Acquisition_Quotes_Outright_HPR_used_car_with_maintenance_Test</td>
<td><div><pre>java.lang.Throwable: Method Acquisition_Quotes_Outright_HPR_used_car_with_maintenance_Test.aquisition_quotes_quote_summary_values_verification_with_maintenance_test(java.lang.String,java.lang.String,java.lang.String,java.lang.String,java.lang.String,java.lang.String,java.lang.String,java.lang.String,java.lang.String,java.lang.String,java.lang.String,java.lang.String,java.lang.String,java.lang.String,java.lang.String,java.lang.String,java.lang.String,java.lang.String,java.lang.String,java.lang.String,java.lang.String,java.lang.String,java.lang.String,java.lang.String,java.lang.String,java.lang.String)[pri:6, instance:usedCar.OP.Acquisition_Quotes_Outright_HPR_used_car_with_maintenance_Test@54422e18] depends on not successfully finished methods
	at java.base/java.util.ArrayList.forEach(ArrayList.java:1511)
... Removed 18 stack frames</pre></div><a href='#' onClick='toggleBox("stack-trace1753644727", this, "Click to show all stack frames", "Click to hide stack frames")'>Click to show all stack frames</a>
<div class='stack-trace' id='stack-trace1753644727'><pre>java.lang.Throwable: Method Acquisition_Quotes_Outright_HPR_used_car_with_maintenance_Test.aquisition_quotes_quote_summary_values_verification_with_maintenance_test(java.lang.String,java.lang.String,java.lang.String,java.lang.String,java.lang.String,java.lang.String,java.lang.String,java.lang.String,java.lang.String,java.lang.String,java.lang.String,java.lang.String,java.lang.String,java.lang.String,java.lang.String,java.lang.String,java.lang.String,java.lang.String,java.lang.String,java.lang.String,java.lang.String,java.lang.String,java.lang.String,java.lang.String,java.lang.String,java.lang.String)[pri:6, instance:usedCar.OP.Acquisition_Quotes_Outright_HPR_used_car_with_maintenance_Test@54422e18] depends on not successfully finished methods
	at org.testng.internal.TestInvoker.invokeTestMethods(TestInvoker.java:102)
	at org.testng.internal.TestMethodWorker.invokeTestMethods(TestMethodWorker.java:146)
	at org.testng.internal.TestMethodWorker.run(TestMethodWorker.java:128)
	at java.base/java.util.ArrayList.forEach(ArrayList.java:1511)
	at org.testng.TestRunner.privateRun(TestRunner.java:794)
	at org.testng.TestRunner.run(TestRunner.java:596)
	at org.testng.SuiteRunner.runTest(SuiteRunner.java:377)
	at org.testng.SuiteRunner.runSequentially(SuiteRunner.java:371)
	at org.testng.SuiteRunner.privateRun(SuiteRunner.java:332)
	at org.testng.SuiteRunner.run(SuiteRunner.java:276)
	at org.testng.SuiteRunnerWorker.runSuite(SuiteRunnerWorker.java:53)
	at org.testng.SuiteRunnerWorker.run(SuiteRunnerWorker.java:96)
	at org.testng.TestNG.runSuitesSequentially(TestNG.java:1212)
	at org.testng.TestNG.runSuitesLocally(TestNG.java:1134)
	at org.testng.TestNG.runSuites(TestNG.java:1063)
	at org.testng.TestNG.run(TestNG.java:1031)
	at org.testng.remote.AbstractRemoteTestNG.run(AbstractRemoteTestNG.java:115)
	at org.testng.remote.RemoteTestNG.initAndRun(RemoteTestNG.java:251)
	at org.testng.remote.RemoteTestNG.main(RemoteTestNG.java:77)
</pre></div></td>
<td>0</td>
<td>usedCar.OP.Acquisition_Quotes_Outright_HPR_used_car_with_maintenance_Test@54422e18</td></tr>
<tr>
<td title='usedCar.OP.Acquisition_Quotes_Outright_HPR_used_car_with_maintenance_Test.aquisition_quotes_holding_cost_calculations_with_maintenance_test()'><b>aquisition_quotes_holding_cost_calculations_with_maintenance_test</b><br>Test class: usedCar.OP.Acquisition_Quotes_Outright_HPR_used_car_with_maintenance_Test</td>
<td><div><pre>java.lang.Throwable: Method Acquisition_Quotes_Outright_HPR_used_car_with_maintenance_Test.aquisition_quotes_holding_cost_calculations_with_maintenance_test(java.lang.String,java.lang.String,java.lang.String,java.lang.String,java.lang.String,java.lang.String,java.lang.String,java.lang.String,java.lang.String,java.lang.String,java.lang.String,java.lang.String,java.lang.String,java.lang.String,java.lang.String,java.lang.String,java.lang.String,java.lang.String,java.lang.String,java.lang.String,java.lang.String,java.lang.String,java.lang.String,java.lang.String,java.lang.String,java.lang.String)[pri:2, instance:usedCar.OP.Acquisition_Quotes_Outright_HPR_used_car_with_maintenance_Test@54422e18] depends on not successfully finished methods
	at java.base/java.util.ArrayList.forEach(ArrayList.java:1511)
... Removed 18 stack frames</pre></div><a href='#' onClick='toggleBox("stack-trace867089788", this, "Click to show all stack frames", "Click to hide stack frames")'>Click to show all stack frames</a>
<div class='stack-trace' id='stack-trace867089788'><pre>java.lang.Throwable: Method Acquisition_Quotes_Outright_HPR_used_car_with_maintenance_Test.aquisition_quotes_holding_cost_calculations_with_maintenance_test(java.lang.String,java.lang.String,java.lang.String,java.lang.String,java.lang.String,java.lang.String,java.lang.String,java.lang.String,java.lang.String,java.lang.String,java.lang.String,java.lang.String,java.lang.String,java.lang.String,java.lang.String,java.lang.String,java.lang.String,java.lang.String,java.lang.String,java.lang.String,java.lang.String,java.lang.String,java.lang.String,java.lang.String,java.lang.String,java.lang.String)[pri:2, instance:usedCar.OP.Acquisition_Quotes_Outright_HPR_used_car_with_maintenance_Test@54422e18] depends on not successfully finished methods
	at org.testng.internal.TestInvoker.invokeTestMethods(TestInvoker.java:102)
	at org.testng.internal.TestMethodWorker.invokeTestMethods(TestMethodWorker.java:146)
	at org.testng.internal.TestMethodWorker.run(TestMethodWorker.java:128)
	at java.base/java.util.ArrayList.forEach(ArrayList.java:1511)
	at org.testng.TestRunner.privateRun(TestRunner.java:794)
	at org.testng.TestRunner.run(TestRunner.java:596)
	at org.testng.SuiteRunner.runTest(SuiteRunner.java:377)
	at org.testng.SuiteRunner.runSequentially(SuiteRunner.java:371)
	at org.testng.SuiteRunner.privateRun(SuiteRunner.java:332)
	at org.testng.SuiteRunner.run(SuiteRunner.java:276)
	at org.testng.SuiteRunnerWorker.runSuite(SuiteRunnerWorker.java:53)
	at org.testng.SuiteRunnerWorker.run(SuiteRunnerWorker.java:96)
	at org.testng.TestNG.runSuitesSequentially(TestNG.java:1212)
	at org.testng.TestNG.runSuitesLocally(TestNG.java:1134)
	at org.testng.TestNG.runSuites(TestNG.java:1063)
	at org.testng.TestNG.run(TestNG.java:1031)
	at org.testng.remote.AbstractRemoteTestNG.run(AbstractRemoteTestNG.java:115)
	at org.testng.remote.RemoteTestNG.initAndRun(RemoteTestNG.java:251)
	at org.testng.remote.RemoteTestNG.main(RemoteTestNG.java:77)
</pre></div></td>
<td>0</td>
<td>usedCar.OP.Acquisition_Quotes_Outright_HPR_used_car_with_maintenance_Test@54422e18</td></tr>
<tr>
<td title='usedCar.FL.Acquisition_Quotes_FL_PCH_used_car_with_funder_quote_addition_with_maintenance_Test.aquisition_quotes_holding_cost_calculations_with_maintenance_test()'><b>aquisition_quotes_holding_cost_calculations_with_maintenance_test</b><br>Test class: usedCar.FL.Acquisition_Quotes_FL_PCH_used_car_with_funder_quote_addition_with_maintenance_Test</td>
<td><div><pre>java.lang.Throwable: Method Acquisition_Quotes_FL_PCH_used_car_with_funder_quote_addition_with_maintenance_Test.aquisition_quotes_holding_cost_calculations_with_maintenance_test(java.lang.String,java.lang.String,java.lang.String,java.lang.String,java.lang.String,java.lang.String,java.lang.String,java.lang.String,java.lang.String,java.lang.String,java.lang.String,java.lang.String,java.lang.String,java.lang.String,java.lang.String,java.lang.String,java.lang.String,java.lang.String,java.lang.String,java.lang.String,java.lang.String,java.lang.String,java.lang.String,java.lang.String,java.lang.String,java.lang.String,java.lang.String,java.lang.String,java.lang.String,java.lang.String,java.lang.String,java.lang.String)[pri:3, instance:usedCar.FL.Acquisition_Quotes_FL_PCH_used_car_with_funder_quote_addition_with_maintenance_Test@3e27ba32] depends on not successfully finished methods
	at java.base/java.util.ArrayList.forEach(ArrayList.java:1511)
... Removed 18 stack frames</pre></div><a href='#' onClick='toggleBox("stack-trace30249513", this, "Click to show all stack frames", "Click to hide stack frames")'>Click to show all stack frames</a>
<div class='stack-trace' id='stack-trace30249513'><pre>java.lang.Throwable: Method Acquisition_Quotes_FL_PCH_used_car_with_funder_quote_addition_with_maintenance_Test.aquisition_quotes_holding_cost_calculations_with_maintenance_test(java.lang.String,java.lang.String,java.lang.String,java.lang.String,java.lang.String,java.lang.String,java.lang.String,java.lang.String,java.lang.String,java.lang.String,java.lang.String,java.lang.String,java.lang.String,java.lang.String,java.lang.String,java.lang.String,java.lang.String,java.lang.String,java.lang.String,java.lang.String,java.lang.String,java.lang.String,java.lang.String,java.lang.String,java.lang.String,java.lang.String,java.lang.String,java.lang.String,java.lang.String,java.lang.String,java.lang.String,java.lang.String)[pri:3, instance:usedCar.FL.Acquisition_Quotes_FL_PCH_used_car_with_funder_quote_addition_with_maintenance_Test@3e27ba32] depends on not successfully finished methods
	at org.testng.internal.TestInvoker.invokeTestMethods(TestInvoker.java:102)
	at org.testng.internal.TestMethodWorker.invokeTestMethods(TestMethodWorker.java:146)
	at org.testng.internal.TestMethodWorker.run(TestMethodWorker.java:128)
	at java.base/java.util.ArrayList.forEach(ArrayList.java:1511)
	at org.testng.TestRunner.privateRun(TestRunner.java:794)
	at org.testng.TestRunner.run(TestRunner.java:596)
	at org.testng.SuiteRunner.runTest(SuiteRunner.java:377)
	at org.testng.SuiteRunner.runSequentially(SuiteRunner.java:371)
	at org.testng.SuiteRunner.privateRun(SuiteRunner.java:332)
	at org.testng.SuiteRunner.run(SuiteRunner.java:276)
	at org.testng.SuiteRunnerWorker.runSuite(SuiteRunnerWorker.java:53)
	at org.testng.SuiteRunnerWorker.run(SuiteRunnerWorker.java:96)
	at org.testng.TestNG.runSuitesSequentially(TestNG.java:1212)
	at org.testng.TestNG.runSuitesLocally(TestNG.java:1134)
	at org.testng.TestNG.runSuites(TestNG.java:1063)
	at org.testng.TestNG.run(TestNG.java:1031)
	at org.testng.remote.AbstractRemoteTestNG.run(AbstractRemoteTestNG.java:115)
	at org.testng.remote.RemoteTestNG.initAndRun(RemoteTestNG.java:251)
	at org.testng.remote.RemoteTestNG.main(RemoteTestNG.java:77)
</pre></div></td>
<td>0</td>
<td>usedCar.FL.Acquisition_Quotes_FL_PCH_used_car_with_funder_quote_addition_with_maintenance_Test@3e27ba32</td></tr>
<tr>
<td title='usedCar.OP.Acquisition_Quotes_Outright_HPR_used_car_with_maintenance_Test.aquisition_quotes_customer_quote_calculations_check_monthly_finance_payment_with_maintenance_test()'><b>aquisition_quotes_customer_quote_calculations_check_monthly_finance_payment_with_maintenance_test</b><br>Test class: usedCar.OP.Acquisition_Quotes_Outright_HPR_used_car_with_maintenance_Test</td>
<td><div><pre>java.lang.Throwable: Method Acquisition_Quotes_Outright_HPR_used_car_with_maintenance_Test.aquisition_quotes_customer_quote_calculations_check_monthly_finance_payment_with_maintenance_test(java.lang.String,java.lang.String,java.lang.String,java.lang.String,java.lang.String,java.lang.String,java.lang.String,java.lang.String,java.lang.String,java.lang.String,java.lang.String,java.lang.String,java.lang.String,java.lang.String,java.lang.String,java.lang.String,java.lang.String,java.lang.String,java.lang.String,java.lang.String,java.lang.String,java.lang.String,java.lang.String,java.lang.String,java.lang.String,java.lang.String)[pri:3, instance:usedCar.OP.Acquisition_Quotes_Outright_HPR_used_car_with_maintenance_Test@54422e18] depends on not successfully finished methods
	at java.base/java.util.ArrayList.forEach(ArrayList.java:1511)
... Removed 18 stack frames</pre></div><a href='#' onClick='toggleBox("stack-trace1346598922", this, "Click to show all stack frames", "Click to hide stack frames")'>Click to show all stack frames</a>
<div class='stack-trace' id='stack-trace1346598922'><pre>java.lang.Throwable: Method Acquisition_Quotes_Outright_HPR_used_car_with_maintenance_Test.aquisition_quotes_customer_quote_calculations_check_monthly_finance_payment_with_maintenance_test(java.lang.String,java.lang.String,java.lang.String,java.lang.String,java.lang.String,java.lang.String,java.lang.String,java.lang.String,java.lang.String,java.lang.String,java.lang.String,java.lang.String,java.lang.String,java.lang.String,java.lang.String,java.lang.String,java.lang.String,java.lang.String,java.lang.String,java.lang.String,java.lang.String,java.lang.String,java.lang.String,java.lang.String,java.lang.String,java.lang.String)[pri:3, instance:usedCar.OP.Acquisition_Quotes_Outright_HPR_used_car_with_maintenance_Test@54422e18] depends on not successfully finished methods
	at org.testng.internal.TestInvoker.invokeTestMethods(TestInvoker.java:102)
	at org.testng.internal.TestMethodWorker.invokeTestMethods(TestMethodWorker.java:146)
	at org.testng.internal.TestMethodWorker.run(TestMethodWorker.java:128)
	at java.base/java.util.ArrayList.forEach(ArrayList.java:1511)
	at org.testng.TestRunner.privateRun(TestRunner.java:794)
	at org.testng.TestRunner.run(TestRunner.java:596)
	at org.testng.SuiteRunner.runTest(SuiteRunner.java:377)
	at org.testng.SuiteRunner.runSequentially(SuiteRunner.java:371)
	at org.testng.SuiteRunner.privateRun(SuiteRunner.java:332)
	at org.testng.SuiteRunner.run(SuiteRunner.java:276)
	at org.testng.SuiteRunnerWorker.runSuite(SuiteRunnerWorker.java:53)
	at org.testng.SuiteRunnerWorker.run(SuiteRunnerWorker.java:96)
	at org.testng.TestNG.runSuitesSequentially(TestNG.java:1212)
	at org.testng.TestNG.runSuitesLocally(TestNG.java:1134)
	at org.testng.TestNG.runSuites(TestNG.java:1063)
	at org.testng.TestNG.run(TestNG.java:1031)
	at org.testng.remote.AbstractRemoteTestNG.run(AbstractRemoteTestNG.java:115)
	at org.testng.remote.RemoteTestNG.initAndRun(RemoteTestNG.java:251)
	at org.testng.remote.RemoteTestNG.main(RemoteTestNG.java:77)
</pre></div></td>
<td>0</td>
<td>usedCar.OP.Acquisition_Quotes_Outright_HPR_used_car_with_maintenance_Test@54422e18</td></tr>
<tr>
<td title='usedCar.FL.Acquisition_Quotes_FL_PCH_used_car_with_funder_quote_addition_with_maintenance_Test.aquisition_quotes_customer_quote_payment_profile_calculations_with_maintenance_test()'><b>aquisition_quotes_customer_quote_payment_profile_calculations_with_maintenance_test</b><br>Test class: usedCar.FL.Acquisition_Quotes_FL_PCH_used_car_with_funder_quote_addition_with_maintenance_Test</td>
<td><div><pre>java.lang.Throwable: Method Acquisition_Quotes_FL_PCH_used_car_with_funder_quote_addition_with_maintenance_Test.aquisition_quotes_customer_quote_payment_profile_calculations_with_maintenance_test(java.lang.String,java.lang.String,java.lang.String,java.lang.String,java.lang.String,java.lang.String,java.lang.String,java.lang.String,java.lang.String,java.lang.String,java.lang.String,java.lang.String,java.lang.String,java.lang.String,java.lang.String,java.lang.String,java.lang.String,java.lang.String,java.lang.String,java.lang.String,java.lang.String,java.lang.String,java.lang.String,java.lang.String,java.lang.String,java.lang.String,java.lang.String,java.lang.String,java.lang.String,java.lang.String,java.lang.String,java.lang.String)[pri:4, instance:usedCar.FL.Acquisition_Quotes_FL_PCH_used_car_with_funder_quote_addition_with_maintenance_Test@3e27ba32] depends on not successfully finished methods
	at java.base/java.util.ArrayList.forEach(ArrayList.java:1511)
... Removed 18 stack frames</pre></div><a href='#' onClick='toggleBox("stack-trace1223882616", this, "Click to show all stack frames", "Click to hide stack frames")'>Click to show all stack frames</a>
<div class='stack-trace' id='stack-trace1223882616'><pre>java.lang.Throwable: Method Acquisition_Quotes_FL_PCH_used_car_with_funder_quote_addition_with_maintenance_Test.aquisition_quotes_customer_quote_payment_profile_calculations_with_maintenance_test(java.lang.String,java.lang.String,java.lang.String,java.lang.String,java.lang.String,java.lang.String,java.lang.String,java.lang.String,java.lang.String,java.lang.String,java.lang.String,java.lang.String,java.lang.String,java.lang.String,java.lang.String,java.lang.String,java.lang.String,java.lang.String,java.lang.String,java.lang.String,java.lang.String,java.lang.String,java.lang.String,java.lang.String,java.lang.String,java.lang.String,java.lang.String,java.lang.String,java.lang.String,java.lang.String,java.lang.String,java.lang.String)[pri:4, instance:usedCar.FL.Acquisition_Quotes_FL_PCH_used_car_with_funder_quote_addition_with_maintenance_Test@3e27ba32] depends on not successfully finished methods
	at org.testng.internal.TestInvoker.invokeTestMethods(TestInvoker.java:102)
	at org.testng.internal.TestMethodWorker.invokeTestMethods(TestMethodWorker.java:146)
	at org.testng.internal.TestMethodWorker.run(TestMethodWorker.java:128)
	at java.base/java.util.ArrayList.forEach(ArrayList.java:1511)
	at org.testng.TestRunner.privateRun(TestRunner.java:794)
	at org.testng.TestRunner.run(TestRunner.java:596)
	at org.testng.SuiteRunner.runTest(SuiteRunner.java:377)
	at org.testng.SuiteRunner.runSequentially(SuiteRunner.java:371)
	at org.testng.SuiteRunner.privateRun(SuiteRunner.java:332)
	at org.testng.SuiteRunner.run(SuiteRunner.java:276)
	at org.testng.SuiteRunnerWorker.runSuite(SuiteRunnerWorker.java:53)
	at org.testng.SuiteRunnerWorker.run(SuiteRunnerWorker.java:96)
	at org.testng.TestNG.runSuitesSequentially(TestNG.java:1212)
	at org.testng.TestNG.runSuitesLocally(TestNG.java:1134)
	at org.testng.TestNG.runSuites(TestNG.java:1063)
	at org.testng.TestNG.run(TestNG.java:1031)
	at org.testng.remote.AbstractRemoteTestNG.run(AbstractRemoteTestNG.java:115)
	at org.testng.remote.RemoteTestNG.initAndRun(RemoteTestNG.java:251)
	at org.testng.remote.RemoteTestNG.main(RemoteTestNG.java:77)
</pre></div></td>
<td>0</td>
<td>usedCar.FL.Acquisition_Quotes_FL_PCH_used_car_with_funder_quote_addition_with_maintenance_Test@3e27ba32</td></tr>
<tr>
<td title='usedCar.FL.Acquisition_Quotes_FL_PCH_used_car_with_funder_quote_addition_with_maintenance_Test.aquisition_quotes_used_car_edit_cost_price_and_check_OTR_with_maintenance_test()'><b>aquisition_quotes_used_car_edit_cost_price_and_check_OTR_with_maintenance_test</b><br>Test class: usedCar.FL.Acquisition_Quotes_FL_PCH_used_car_with_funder_quote_addition_with_maintenance_Test</td>
<td><div><pre>java.lang.Throwable: Method Acquisition_Quotes_FL_PCH_used_car_with_funder_quote_addition_with_maintenance_Test.aquisition_quotes_used_car_edit_cost_price_and_check_OTR_with_maintenance_test(java.lang.String,java.lang.String,java.lang.String,java.lang.String,java.lang.String,java.lang.String,java.lang.String,java.lang.String,java.lang.String,java.lang.String,java.lang.String,java.lang.String,java.lang.String,java.lang.String,java.lang.String,java.lang.String,java.lang.String,java.lang.String,java.lang.String,java.lang.String,java.lang.String,java.lang.String,java.lang.String,java.lang.String,java.lang.String,java.lang.String,java.lang.String,java.lang.String,java.lang.String,java.lang.String,java.lang.String,java.lang.String)[pri:2, instance:usedCar.FL.Acquisition_Quotes_FL_PCH_used_car_with_funder_quote_addition_with_maintenance_Test@3e27ba32] depends on not successfully finished methods
	at java.base/java.util.ArrayList.forEach(ArrayList.java:1511)
... Removed 18 stack frames</pre></div><a href='#' onClick='toggleBox("stack-trace1127358956", this, "Click to show all stack frames", "Click to hide stack frames")'>Click to show all stack frames</a>
<div class='stack-trace' id='stack-trace1127358956'><pre>java.lang.Throwable: Method Acquisition_Quotes_FL_PCH_used_car_with_funder_quote_addition_with_maintenance_Test.aquisition_quotes_used_car_edit_cost_price_and_check_OTR_with_maintenance_test(java.lang.String,java.lang.String,java.lang.String,java.lang.String,java.lang.String,java.lang.String,java.lang.String,java.lang.String,java.lang.String,java.lang.String,java.lang.String,java.lang.String,java.lang.String,java.lang.String,java.lang.String,java.lang.String,java.lang.String,java.lang.String,java.lang.String,java.lang.String,java.lang.String,java.lang.String,java.lang.String,java.lang.String,java.lang.String,java.lang.String,java.lang.String,java.lang.String,java.lang.String,java.lang.String,java.lang.String,java.lang.String)[pri:2, instance:usedCar.FL.Acquisition_Quotes_FL_PCH_used_car_with_funder_quote_addition_with_maintenance_Test@3e27ba32] depends on not successfully finished methods
	at org.testng.internal.TestInvoker.invokeTestMethods(TestInvoker.java:102)
	at org.testng.internal.TestMethodWorker.invokeTestMethods(TestMethodWorker.java:146)
	at org.testng.internal.TestMethodWorker.run(TestMethodWorker.java:128)
	at java.base/java.util.ArrayList.forEach(ArrayList.java:1511)
	at org.testng.TestRunner.privateRun(TestRunner.java:794)
	at org.testng.TestRunner.run(TestRunner.java:596)
	at org.testng.SuiteRunner.runTest(SuiteRunner.java:377)
	at org.testng.SuiteRunner.runSequentially(SuiteRunner.java:371)
	at org.testng.SuiteRunner.privateRun(SuiteRunner.java:332)
	at org.testng.SuiteRunner.run(SuiteRunner.java:276)
	at org.testng.SuiteRunnerWorker.runSuite(SuiteRunnerWorker.java:53)
	at org.testng.SuiteRunnerWorker.run(SuiteRunnerWorker.java:96)
	at org.testng.TestNG.runSuitesSequentially(TestNG.java:1212)
	at org.testng.TestNG.runSuitesLocally(TestNG.java:1134)
	at org.testng.TestNG.runSuites(TestNG.java:1063)
	at org.testng.TestNG.run(TestNG.java:1031)
	at org.testng.remote.AbstractRemoteTestNG.run(AbstractRemoteTestNG.java:115)
	at org.testng.remote.RemoteTestNG.initAndRun(RemoteTestNG.java:251)
	at org.testng.remote.RemoteTestNG.main(RemoteTestNG.java:77)
</pre></div></td>
<td>0</td>
<td>usedCar.FL.Acquisition_Quotes_FL_PCH_used_car_with_funder_quote_addition_with_maintenance_Test@3e27ba32</td></tr>
<tr>
<td title='usedCar.OP.Acquisition_Quotes_Outright_HPR_used_car_with_maintenance_Test.aquisition_quotes_customer_quote_monthly_finance_payment_after_balloon_payment_off_with_maintenance_test()'><b>aquisition_quotes_customer_quote_monthly_finance_payment_after_balloon_payment_off_with_maintenance_test</b><br>Test class: usedCar.OP.Acquisition_Quotes_Outright_HPR_used_car_with_maintenance_Test</td>
<td><div><pre>java.lang.Throwable: Method Acquisition_Quotes_Outright_HPR_used_car_with_maintenance_Test.aquisition_quotes_customer_quote_monthly_finance_payment_after_balloon_payment_off_with_maintenance_test(java.lang.String,java.lang.String,java.lang.String,java.lang.String,java.lang.String,java.lang.String,java.lang.String,java.lang.String,java.lang.String,java.lang.String,java.lang.String,java.lang.String,java.lang.String,java.lang.String,java.lang.String,java.lang.String,java.lang.String,java.lang.String,java.lang.String,java.lang.String,java.lang.String,java.lang.String,java.lang.String,java.lang.String,java.lang.String,java.lang.String)[pri:5, instance:usedCar.OP.Acquisition_Quotes_Outright_HPR_used_car_with_maintenance_Test@54422e18] depends on not successfully finished methods
	at java.base/java.util.ArrayList.forEach(ArrayList.java:1511)
... Removed 18 stack frames</pre></div><a href='#' onClick='toggleBox("stack-trace544048706", this, "Click to show all stack frames", "Click to hide stack frames")'>Click to show all stack frames</a>
<div class='stack-trace' id='stack-trace544048706'><pre>java.lang.Throwable: Method Acquisition_Quotes_Outright_HPR_used_car_with_maintenance_Test.aquisition_quotes_customer_quote_monthly_finance_payment_after_balloon_payment_off_with_maintenance_test(java.lang.String,java.lang.String,java.lang.String,java.lang.String,java.lang.String,java.lang.String,java.lang.String,java.lang.String,java.lang.String,java.lang.String,java.lang.String,java.lang.String,java.lang.String,java.lang.String,java.lang.String,java.lang.String,java.lang.String,java.lang.String,java.lang.String,java.lang.String,java.lang.String,java.lang.String,java.lang.String,java.lang.String,java.lang.String,java.lang.String)[pri:5, instance:usedCar.OP.Acquisition_Quotes_Outright_HPR_used_car_with_maintenance_Test@54422e18] depends on not successfully finished methods
	at org.testng.internal.TestInvoker.invokeTestMethods(TestInvoker.java:102)
	at org.testng.internal.TestMethodWorker.invokeTestMethods(TestMethodWorker.java:146)
	at org.testng.internal.TestMethodWorker.run(TestMethodWorker.java:128)
	at java.base/java.util.ArrayList.forEach(ArrayList.java:1511)
	at org.testng.TestRunner.privateRun(TestRunner.java:794)
	at org.testng.TestRunner.run(TestRunner.java:596)
	at org.testng.SuiteRunner.runTest(SuiteRunner.java:377)
	at org.testng.SuiteRunner.runSequentially(SuiteRunner.java:371)
	at org.testng.SuiteRunner.privateRun(SuiteRunner.java:332)
	at org.testng.SuiteRunner.run(SuiteRunner.java:276)
	at org.testng.SuiteRunnerWorker.runSuite(SuiteRunnerWorker.java:53)
	at org.testng.SuiteRunnerWorker.run(SuiteRunnerWorker.java:96)
	at org.testng.TestNG.runSuitesSequentially(TestNG.java:1212)
	at org.testng.TestNG.runSuitesLocally(TestNG.java:1134)
	at org.testng.TestNG.runSuites(TestNG.java:1063)
	at org.testng.TestNG.run(TestNG.java:1031)
	at org.testng.remote.AbstractRemoteTestNG.run(AbstractRemoteTestNG.java:115)
	at org.testng.remote.RemoteTestNG.initAndRun(RemoteTestNG.java:251)
	at org.testng.remote.RemoteTestNG.main(RemoteTestNG.java:77)
</pre></div></td>
<td>0</td>
<td>usedCar.OP.Acquisition_Quotes_Outright_HPR_used_car_with_maintenance_Test@54422e18</td></tr>
<tr>
<td title='usedCar.FL.Acquisition_Quotes_FL_PCH_used_car_with_funder_quote_addition_with_maintenance_Test.aquisition_quotes_quote_summary_values_verification_with_maintenance_test()'><b>aquisition_quotes_quote_summary_values_verification_with_maintenance_test</b><br>Test class: usedCar.FL.Acquisition_Quotes_FL_PCH_used_car_with_funder_quote_addition_with_maintenance_Test</td>
<td><div><pre>java.lang.Throwable: Method Acquisition_Quotes_FL_PCH_used_car_with_funder_quote_addition_with_maintenance_Test.aquisition_quotes_quote_summary_values_verification_with_maintenance_test(java.lang.String,java.lang.String,java.lang.String,java.lang.String,java.lang.String,java.lang.String,java.lang.String,java.lang.String,java.lang.String,java.lang.String,java.lang.String,java.lang.String,java.lang.String,java.lang.String,java.lang.String,java.lang.String,java.lang.String,java.lang.String,java.lang.String,java.lang.String,java.lang.String,java.lang.String,java.lang.String,java.lang.String,java.lang.String,java.lang.String,java.lang.String,java.lang.String,java.lang.String,java.lang.String,java.lang.String,java.lang.String)[pri:5, instance:usedCar.FL.Acquisition_Quotes_FL_PCH_used_car_with_funder_quote_addition_with_maintenance_Test@3e27ba32] depends on not successfully finished methods
	at java.base/java.util.ArrayList.forEach(ArrayList.java:1511)
... Removed 18 stack frames</pre></div><a href='#' onClick='toggleBox("stack-trace1815976770", this, "Click to show all stack frames", "Click to hide stack frames")'>Click to show all stack frames</a>
<div class='stack-trace' id='stack-trace1815976770'><pre>java.lang.Throwable: Method Acquisition_Quotes_FL_PCH_used_car_with_funder_quote_addition_with_maintenance_Test.aquisition_quotes_quote_summary_values_verification_with_maintenance_test(java.lang.String,java.lang.String,java.lang.String,java.lang.String,java.lang.String,java.lang.String,java.lang.String,java.lang.String,java.lang.String,java.lang.String,java.lang.String,java.lang.String,java.lang.String,java.lang.String,java.lang.String,java.lang.String,java.lang.String,java.lang.String,java.lang.String,java.lang.String,java.lang.String,java.lang.String,java.lang.String,java.lang.String,java.lang.String,java.lang.String,java.lang.String,java.lang.String,java.lang.String,java.lang.String,java.lang.String,java.lang.String)[pri:5, instance:usedCar.FL.Acquisition_Quotes_FL_PCH_used_car_with_funder_quote_addition_with_maintenance_Test@3e27ba32] depends on not successfully finished methods
	at org.testng.internal.TestInvoker.invokeTestMethods(TestInvoker.java:102)
	at org.testng.internal.TestMethodWorker.invokeTestMethods(TestMethodWorker.java:146)
	at org.testng.internal.TestMethodWorker.run(TestMethodWorker.java:128)
	at java.base/java.util.ArrayList.forEach(ArrayList.java:1511)
	at org.testng.TestRunner.privateRun(TestRunner.java:794)
	at org.testng.TestRunner.run(TestRunner.java:596)
	at org.testng.SuiteRunner.runTest(SuiteRunner.java:377)
	at org.testng.SuiteRunner.runSequentially(SuiteRunner.java:371)
	at org.testng.SuiteRunner.privateRun(SuiteRunner.java:332)
	at org.testng.SuiteRunner.run(SuiteRunner.java:276)
	at org.testng.SuiteRunnerWorker.runSuite(SuiteRunnerWorker.java:53)
	at org.testng.SuiteRunnerWorker.run(SuiteRunnerWorker.java:96)
	at org.testng.TestNG.runSuitesSequentially(TestNG.java:1212)
	at org.testng.TestNG.runSuitesLocally(TestNG.java:1134)
	at org.testng.TestNG.runSuites(TestNG.java:1063)
	at org.testng.TestNG.run(TestNG.java:1031)
	at org.testng.remote.AbstractRemoteTestNG.run(AbstractRemoteTestNG.java:115)
	at org.testng.remote.RemoteTestNG.initAndRun(RemoteTestNG.java:251)
	at org.testng.remote.RemoteTestNG.main(RemoteTestNG.java:77)
</pre></div></td>
<td>0</td>
<td>usedCar.FL.Acquisition_Quotes_FL_PCH_used_car_with_funder_quote_addition_with_maintenance_Test@3e27ba32</td></tr>
</table><p>
</body>
</html>