<?xml version="1.0" encoding="utf-8" ?>
<!DOCTYPE html PUBLIC "-//W3C//DTD XHTML 1.0 Strict//EN"
        "http://www.w3.org/TR/xhtml1/DTD/xhtml1-strict.dtd">
<html xmlns="http://www.w3.org/1999/xhtml" xml:lang="" lang="">
<head>
  <title>Test Results Report - Test</title>
  <meta http-equiv="Content-Type" content="text/html;charset=utf-8" />
  <meta name="description" content="TestNG unit test results." />
  <link href="reportng.css" rel="stylesheet" type="text/css" />
    <script type="text/javascript" src="reportng.js"></script>
</head>
<body>
<h1>Test</h1>
<p>
  Test duration: 38.671s
</p>

  <table class="resultsTable configTable">
    <tr><th colspan="3" class="header failedConfig">Failed Configuration</th></tr>
              <tr class="group">
        <td colspan="3">com.amt.test.Acquisition_Quotes_Outright_BCH_with_maintenance_Test</td>
      </tr>
            
<tr>
  <td class="method">
                  setup
      </td>
  <td class="duration">
    23.016s
  </td>
  <td class="result">
        
    
        

        <a href="javascript:toggleElement('exception-0', 'block')" title="Click to expand/collapse"><b>org.openqa.selenium.NoSuchWindowException: no such window: target window already closed<br/>
from unknown error: web view not found<br/>
&nbsp; (Session info: chrome=107.0.5304.88)<br/>
Build info: version: &apos;4.0.0&apos;, revision: &apos;3a21814679&apos;<br/>
System info: host: &apos;DSK-951&apos;, ip: &apos;10.0.3.253&apos;, os.name: &apos;Windows 10&apos;, os.arch: &apos;amd64&apos;, os.version: &apos;10.0&apos;, java.version: &apos;17.0.4.1&apos;<br/>
Driver info: org.openqa.selenium.chrome.ChromeDriver<br/>
Command: [26f3e9d029c4bb47501c34cef3d6f729, findElement {using=xpath, value=//input[@placeholder=&apos;Email&apos;]}]<br/>
Capabilities {acceptInsecureCerts: false, browserName: chrome, browserVersion: 107.0.5304.88, chrome: {chromedriverVersion: 107.0.5304.62 (1eec40d3a576..., userDataDir: C:\Users\NITEIN~1.KUR\AppDa...}, goog:chromeOptions: {debuggerAddress: localhost:57804}, javascriptEnabled: true, networkConnectionEnabled: false, pageLoadStrategy: normal, platform: WINDOWS, platformName: WINDOWS, proxy: Proxy(), se:cdp: ws://localhost:57804/devtoo..., se:cdpVersion: 107.0.5304.88, setWindowRect: true, strictFileInteractability: false, timeouts: {implicit: 0, pageLoad: 300000, script: 30000}, unhandledPromptBehavior: dismiss and notify, webauthn:extension:credBlob: true, webauthn:extension:largeBlob: true, webauthn:virtualAuthenticators: true}<br/>
Session ID: 26f3e9d029c4bb47501c34cef3d6f729</b></a><br />
    <div class="stackTrace" id="exception-0">
              java.base/jdk.internal.reflect.NativeConstructorAccessorImpl.newInstance0(Native Method)<br />
              java.base/jdk.internal.reflect.NativeConstructorAccessorImpl.newInstance(NativeConstructorAccessorImpl.java:77)<br />
              java.base/jdk.internal.reflect.DelegatingConstructorAccessorImpl.newInstance(DelegatingConstructorAccessorImpl.java:45)<br />
              java.base/java.lang.reflect.Constructor.newInstanceWithCaller(Constructor.java:499)<br />
              java.base/java.lang.reflect.Constructor.newInstance(Constructor.java:480)<br />
              org.openqa.selenium.remote.codec.w3c.W3CHttpResponseCodec.createException(W3CHttpResponseCodec.java:200)<br />
              org.openqa.selenium.remote.codec.w3c.W3CHttpResponseCodec.decode(W3CHttpResponseCodec.java:133)<br />
              org.openqa.selenium.remote.codec.w3c.W3CHttpResponseCodec.decode(W3CHttpResponseCodec.java:53)<br />
              org.openqa.selenium.remote.HttpCommandExecutor.execute(HttpCommandExecutor.java:184)<br />
              org.openqa.selenium.remote.service.DriverCommandExecutor.invokeExecute(DriverCommandExecutor.java:164)<br />
              org.openqa.selenium.remote.service.DriverCommandExecutor.execute(DriverCommandExecutor.java:139)<br />
              org.openqa.selenium.remote.RemoteWebDriver.execute(RemoteWebDriver.java:559)<br />
              org.openqa.selenium.remote.ElementLocation$ElementFinder$2.findElement(ElementLocation.java:162)<br />
              org.openqa.selenium.remote.ElementLocation.findElement(ElementLocation.java:60)<br />
              org.openqa.selenium.remote.RemoteWebDriver.findElement(RemoteWebDriver.java:383)<br />
              org.openqa.selenium.remote.RemoteWebDriver.findElement(RemoteWebDriver.java:375)<br />
              org.openqa.selenium.support.pagefactory.DefaultElementLocator.findElement(DefaultElementLocator.java:70)<br />
              org.openqa.selenium.support.pagefactory.internal.LocatingElementHandler.invoke(LocatingElementHandler.java:39)<br />
              jdk.proxy2/jdk.proxy2.$Proxy14.getWrappedElement(Unknown Source)<br />
              org.openqa.selenium.remote.internal.WebElementToJsonConverter.apply(WebElementToJsonConverter.java:51)<br />
              java.base/java.util.stream.ReferencePipeline$3$1.accept(ReferencePipeline.java:197)<br />
              java.base/java.util.Spliterators$ArraySpliterator.forEachRemaining(Spliterators.java:992)<br />
              java.base/java.util.stream.AbstractPipeline.copyInto(AbstractPipeline.java:509)<br />
              java.base/java.util.stream.AbstractPipeline.wrapAndCopyInto(AbstractPipeline.java:499)<br />
              java.base/java.util.stream.ReduceOps$ReduceOp.evaluateSequential(ReduceOps.java:921)<br />
              java.base/java.util.stream.AbstractPipeline.evaluate(AbstractPipeline.java:234)<br />
              java.base/java.util.stream.ReferencePipeline.collect(ReferencePipeline.java:682)<br />
              org.openqa.selenium.remote.RemoteWebDriver.executeScript(RemoteWebDriver.java:490)<br />
              com.amt.testUtil.HelperClass.highlightElement(HelperClass.java:15)<br />
              com.amt.pages.LoginPage.enter_credentials(LoginPage.java:43)<br />
              com.amt.testBase.TestBase.setup(TestBase.java:86)<br />
              java.base/jdk.internal.reflect.NativeMethodAccessorImpl.invoke0(Native Method)<br />
              java.base/jdk.internal.reflect.NativeMethodAccessorImpl.invoke(NativeMethodAccessorImpl.java:77)<br />
              java.base/jdk.internal.reflect.DelegatingMethodAccessorImpl.invoke(DelegatingMethodAccessorImpl.java:43)<br />
              java.base/java.lang.reflect.Method.invoke(Method.java:568)<br />
              org.testng.internal.MethodInvocationHelper.invokeMethod(MethodInvocationHelper.java:133)<br />
              org.testng.internal.MethodInvocationHelper.invokeMethodConsideringTimeout(MethodInvocationHelper.java:62)<br />
              org.testng.internal.ConfigInvoker.invokeConfigurationMethod(ConfigInvoker.java:385)<br />
              org.testng.internal.ConfigInvoker.invokeConfigurations(ConfigInvoker.java:321)<br />
              org.testng.internal.TestInvoker.runConfigMethods(TestInvoker.java:700)<br />
              org.testng.internal.TestInvoker.invokeMethod(TestInvoker.java:527)<br />
              org.testng.internal.TestInvoker.invokeTestMethod(TestInvoker.java:173)<br />
              org.testng.internal.MethodRunner.runInSequence(MethodRunner.java:46)<br />
              org.testng.internal.TestInvoker$MethodInvocationAgent.invoke(TestInvoker.java:824)<br />
              org.testng.internal.TestInvoker.invokeTestMethods(TestInvoker.java:146)<br />
              org.testng.internal.TestMethodWorker.invokeTestMethods(TestMethodWorker.java:146)<br />
              org.testng.internal.TestMethodWorker.run(TestMethodWorker.java:128)<br />
              java.base/java.util.ArrayList.forEach(ArrayList.java:1511)<br />
              org.testng.TestRunner.privateRun(TestRunner.java:794)<br />
              org.testng.TestRunner.run(TestRunner.java:596)<br />
              org.testng.SuiteRunner.runTest(SuiteRunner.java:377)<br />
              org.testng.SuiteRunner.runSequentially(SuiteRunner.java:371)<br />
              org.testng.SuiteRunner.privateRun(SuiteRunner.java:332)<br />
              org.testng.SuiteRunner.run(SuiteRunner.java:276)<br />
              org.testng.SuiteRunnerWorker.runSuite(SuiteRunnerWorker.java:53)<br />
              org.testng.SuiteRunnerWorker.run(SuiteRunnerWorker.java:96)<br />
              org.testng.TestNG.runSuitesSequentially(TestNG.java:1212)<br />
              org.testng.TestNG.runSuitesLocally(TestNG.java:1134)<br />
              org.testng.TestNG.runSuites(TestNG.java:1063)<br />
              org.testng.TestNG.run(TestNG.java:1031)<br />
              org.apache.maven.surefire.testng.TestNGExecutor.run(TestNGExecutor.java:283)<br />
              org.apache.maven.surefire.testng.TestNGXmlTestSuite.execute(TestNGXmlTestSuite.java:75)<br />
              org.apache.maven.surefire.testng.TestNGProvider.invoke(TestNGProvider.java:120)<br />
              org.apache.maven.surefire.booter.ForkedBooter.invokeProviderInSameClassLoader(ForkedBooter.java:384)<br />
              org.apache.maven.surefire.booter.ForkedBooter.runSuitesInProcess(ForkedBooter.java:345)<br />
              org.apache.maven.surefire.booter.ForkedBooter.execute(ForkedBooter.java:126)<br />
              org.apache.maven.surefire.booter.ForkedBooter.main(ForkedBooter.java:418)<br />
                </div>
      </td>
</tr>
          <tr class="group">
        <td colspan="3">com.amt.test.Acquisition_Quotes_Outright_BCH_without_maintenance_Test</td>
      </tr>
            
<tr>
  <td class="method">
                  setup
      </td>
  <td class="duration">
    4.750s
  </td>
  <td class="result">
        
    
        

        <a href="javascript:toggleElement('exception-1', 'block')" title="Click to expand/collapse"><b>org.openqa.selenium.remote.UnreachableBrowserException: Error communicating with the remote browser. It may have died.<br/>
Build info: version: &apos;4.0.0&apos;, revision: &apos;3a21814679&apos;<br/>
System info: host: &apos;DSK-951&apos;, ip: &apos;10.0.3.253&apos;, os.name: &apos;Windows 10&apos;, os.arch: &apos;amd64&apos;, os.version: &apos;10.0&apos;, java.version: &apos;17.0.4.1&apos;<br/>
Driver info: org.openqa.selenium.chrome.ChromeDriver<br/>
Command: [59ac9a752fcba71ea0d72e17c31860f8, deleteAllCookies {}]<br/>
Capabilities {acceptInsecureCerts: false, browserName: chrome, browserVersion: 107.0.5304.88, chrome: {chromedriverVersion: 107.0.5304.62 (1eec40d3a576..., userDataDir: C:\Users\NITEIN~1.KUR\AppDa...}, goog:chromeOptions: {debuggerAddress: localhost:57897}, javascriptEnabled: true, networkConnectionEnabled: false, pageLoadStrategy: normal, platform: WINDOWS, platformName: WINDOWS, proxy: Proxy(), se:cdp: ws://localhost:57897/devtoo..., se:cdpVersion: 107.0.5304.88, setWindowRect: true, strictFileInteractability: false, timeouts: {implicit: 0, pageLoad: 300000, script: 30000}, unhandledPromptBehavior: dismiss and notify, webauthn:extension:credBlob: true, webauthn:extension:largeBlob: true, webauthn:virtualAuthenticators: true}<br/>
Session ID: 59ac9a752fcba71ea0d72e17c31860f8</b></a><br />
    <div class="stackTrace" id="exception-1">
              org.openqa.selenium.remote.RemoteWebDriver.execute(RemoteWebDriver.java:583)<br />
              org.openqa.selenium.remote.RemoteWebDriver.execute(RemoteWebDriver.java:614)<br />
              org.openqa.selenium.remote.RemoteWebDriver.execute(RemoteWebDriver.java:618)<br />
              org.openqa.selenium.remote.RemoteWebDriver$RemoteWebDriverOptions.deleteAllCookies(RemoteWebDriver.java:723)<br />
              com.amt.testBase.TestBase.initialization(TestBase.java:71)<br />
              com.amt.testBase.TestBase.setup(TestBase.java:83)<br />
              java.base/jdk.internal.reflect.NativeMethodAccessorImpl.invoke0(Native Method)<br />
              java.base/jdk.internal.reflect.NativeMethodAccessorImpl.invoke(NativeMethodAccessorImpl.java:77)<br />
              java.base/jdk.internal.reflect.DelegatingMethodAccessorImpl.invoke(DelegatingMethodAccessorImpl.java:43)<br />
              java.base/java.lang.reflect.Method.invoke(Method.java:568)<br />
              org.testng.internal.MethodInvocationHelper.invokeMethod(MethodInvocationHelper.java:133)<br />
              org.testng.internal.MethodInvocationHelper.invokeMethodConsideringTimeout(MethodInvocationHelper.java:62)<br />
              org.testng.internal.ConfigInvoker.invokeConfigurationMethod(ConfigInvoker.java:385)<br />
              org.testng.internal.ConfigInvoker.invokeConfigurations(ConfigInvoker.java:321)<br />
              org.testng.internal.TestInvoker.runConfigMethods(TestInvoker.java:700)<br />
              org.testng.internal.TestInvoker.invokeMethod(TestInvoker.java:527)<br />
              org.testng.internal.TestInvoker.invokeTestMethod(TestInvoker.java:173)<br />
              org.testng.internal.MethodRunner.runInSequence(MethodRunner.java:46)<br />
              org.testng.internal.TestInvoker$MethodInvocationAgent.invoke(TestInvoker.java:824)<br />
              org.testng.internal.TestInvoker.invokeTestMethods(TestInvoker.java:146)<br />
              org.testng.internal.TestMethodWorker.invokeTestMethods(TestMethodWorker.java:146)<br />
              org.testng.internal.TestMethodWorker.run(TestMethodWorker.java:128)<br />
              java.base/java.util.ArrayList.forEach(ArrayList.java:1511)<br />
              org.testng.TestRunner.privateRun(TestRunner.java:794)<br />
              org.testng.TestRunner.run(TestRunner.java:596)<br />
              org.testng.SuiteRunner.runTest(SuiteRunner.java:377)<br />
              org.testng.SuiteRunner.runSequentially(SuiteRunner.java:371)<br />
              org.testng.SuiteRunner.privateRun(SuiteRunner.java:332)<br />
              org.testng.SuiteRunner.run(SuiteRunner.java:276)<br />
              org.testng.SuiteRunnerWorker.runSuite(SuiteRunnerWorker.java:53)<br />
              org.testng.SuiteRunnerWorker.run(SuiteRunnerWorker.java:96)<br />
              org.testng.TestNG.runSuitesSequentially(TestNG.java:1212)<br />
              org.testng.TestNG.runSuitesLocally(TestNG.java:1134)<br />
              org.testng.TestNG.runSuites(TestNG.java:1063)<br />
              org.testng.TestNG.run(TestNG.java:1031)<br />
              org.apache.maven.surefire.testng.TestNGExecutor.run(TestNGExecutor.java:283)<br />
              org.apache.maven.surefire.testng.TestNGXmlTestSuite.execute(TestNGXmlTestSuite.java:75)<br />
              org.apache.maven.surefire.testng.TestNGProvider.invoke(TestNGProvider.java:120)<br />
              org.apache.maven.surefire.booter.ForkedBooter.invokeProviderInSameClassLoader(ForkedBooter.java:384)<br />
              org.apache.maven.surefire.booter.ForkedBooter.runSuitesInProcess(ForkedBooter.java:345)<br />
              org.apache.maven.surefire.booter.ForkedBooter.execute(ForkedBooter.java:126)<br />
              org.apache.maven.surefire.booter.ForkedBooter.main(ForkedBooter.java:418)<br />
                    <b>Caused by: </b> <a href="javascript:toggleElement('exception-2', 'block')" title="Click to expand/collapse">java.io.UncheckedIOException: java.net.SocketException: Connection reset</a><br />
        <div class="stackTrace" id="exception-2">
                      org.openqa.selenium.remote.http.netty.NettyHttpHandler.makeCall(NettyHttpHandler.java:80)<br />
                      org.openqa.selenium.remote.http.AddSeleniumUserAgent.lambda$apply$0(AddSeleniumUserAgent.java:42)<br />
                      org.openqa.selenium.remote.http.Filter.lambda$andFinally$1(Filter.java:56)<br />
                      org.openqa.selenium.remote.http.netty.NettyHttpHandler.execute(NettyHttpHandler.java:51)<br />
                      org.openqa.selenium.remote.http.AddSeleniumUserAgent.lambda$apply$0(AddSeleniumUserAgent.java:42)<br />
                      org.openqa.selenium.remote.http.Filter.lambda$andFinally$1(Filter.java:56)<br />
                      org.openqa.selenium.remote.http.netty.NettyClient.execute(NettyClient.java:119)<br />
                      org.openqa.selenium.remote.HttpCommandExecutor.execute(HttpCommandExecutor.java:181)<br />
                      org.openqa.selenium.remote.service.DriverCommandExecutor.invokeExecute(DriverCommandExecutor.java:164)<br />
                      org.openqa.selenium.remote.service.DriverCommandExecutor.execute(DriverCommandExecutor.java:139)<br />
                      org.openqa.selenium.remote.RemoteWebDriver.execute(RemoteWebDriver.java:559)<br />
                      org.openqa.selenium.remote.RemoteWebDriver.execute(RemoteWebDriver.java:614)<br />
                      org.openqa.selenium.remote.RemoteWebDriver.execute(RemoteWebDriver.java:618)<br />
                      org.openqa.selenium.remote.RemoteWebDriver$RemoteWebDriverOptions.deleteAllCookies(RemoteWebDriver.java:723)<br />
                      com.amt.testBase.TestBase.initialization(TestBase.java:71)<br />
                      com.amt.testBase.TestBase.setup(TestBase.java:83)<br />
                      java.base/jdk.internal.reflect.NativeMethodAccessorImpl.invoke0(Native Method)<br />
                      java.base/jdk.internal.reflect.NativeMethodAccessorImpl.invoke(NativeMethodAccessorImpl.java:77)<br />
                      java.base/jdk.internal.reflect.DelegatingMethodAccessorImpl.invoke(DelegatingMethodAccessorImpl.java:43)<br />
                      java.base/java.lang.reflect.Method.invoke(Method.java:568)<br />
                      org.testng.internal.MethodInvocationHelper.invokeMethod(MethodInvocationHelper.java:133)<br />
                      org.testng.internal.MethodInvocationHelper.invokeMethodConsideringTimeout(MethodInvocationHelper.java:62)<br />
                      org.testng.internal.ConfigInvoker.invokeConfigurationMethod(ConfigInvoker.java:385)<br />
                      org.testng.internal.ConfigInvoker.invokeConfigurations(ConfigInvoker.java:321)<br />
                      org.testng.internal.TestInvoker.runConfigMethods(TestInvoker.java:700)<br />
                      org.testng.internal.TestInvoker.invokeMethod(TestInvoker.java:527)<br />
                      org.testng.internal.TestInvoker.invokeTestMethod(TestInvoker.java:173)<br />
                      org.testng.internal.MethodRunner.runInSequence(MethodRunner.java:46)<br />
                      org.testng.internal.TestInvoker$MethodInvocationAgent.invoke(TestInvoker.java:824)<br />
                      org.testng.internal.TestInvoker.invokeTestMethods(TestInvoker.java:146)<br />
                      org.testng.internal.TestMethodWorker.invokeTestMethods(TestMethodWorker.java:146)<br />
                      org.testng.internal.TestMethodWorker.run(TestMethodWorker.java:128)<br />
                      java.base/java.util.ArrayList.forEach(ArrayList.java:1511)<br />
                      org.testng.TestRunner.privateRun(TestRunner.java:794)<br />
                      org.testng.TestRunner.run(TestRunner.java:596)<br />
                      org.testng.SuiteRunner.runTest(SuiteRunner.java:377)<br />
                      org.testng.SuiteRunner.runSequentially(SuiteRunner.java:371)<br />
                      org.testng.SuiteRunner.privateRun(SuiteRunner.java:332)<br />
                      org.testng.SuiteRunner.run(SuiteRunner.java:276)<br />
                      org.testng.SuiteRunnerWorker.runSuite(SuiteRunnerWorker.java:53)<br />
                      org.testng.SuiteRunnerWorker.run(SuiteRunnerWorker.java:96)<br />
                      org.testng.TestNG.runSuitesSequentially(TestNG.java:1212)<br />
                      org.testng.TestNG.runSuitesLocally(TestNG.java:1134)<br />
                      org.testng.TestNG.runSuites(TestNG.java:1063)<br />
                      org.testng.TestNG.run(TestNG.java:1031)<br />
                      org.apache.maven.surefire.testng.TestNGExecutor.run(TestNGExecutor.java:283)<br />
                      org.apache.maven.surefire.testng.TestNGXmlTestSuite.execute(TestNGXmlTestSuite.java:75)<br />
                      org.apache.maven.surefire.testng.TestNGProvider.invoke(TestNGProvider.java:120)<br />
                      org.apache.maven.surefire.booter.ForkedBooter.invokeProviderInSameClassLoader(ForkedBooter.java:384)<br />
                      org.apache.maven.surefire.booter.ForkedBooter.runSuitesInProcess(ForkedBooter.java:345)<br />
                      org.apache.maven.surefire.booter.ForkedBooter.execute(ForkedBooter.java:126)<br />
                      org.apache.maven.surefire.booter.ForkedBooter.main(ForkedBooter.java:418)<br />
                  </div>
              <b>Caused by: </b> <a href="javascript:toggleElement('exception-3', 'block')" title="Click to expand/collapse">java.net.SocketException: Connection reset</a><br />
        <div class="stackTrace" id="exception-3">
                      java.base/sun.nio.ch.SocketChannelImpl.throwConnectionReset(SocketChannelImpl.java:394)<br />
                      java.base/sun.nio.ch.SocketChannelImpl.read(SocketChannelImpl.java:426)<br />
                      io.netty.buffer.PooledByteBuf.setBytes(PooledByteBuf.java:253)<br />
                      io.netty.buffer.AbstractByteBuf.writeBytes(AbstractByteBuf.java:1132)<br />
                      io.netty.channel.socket.nio.NioSocketChannel.doReadBytes(NioSocketChannel.java:350)<br />
                      io.netty.channel.nio.AbstractNioByteChannel$NioByteUnsafe.read(AbstractNioByteChannel.java:151)<br />
                      io.netty.channel.nio.NioEventLoop.processSelectedKey(NioEventLoop.java:719)<br />
                      io.netty.channel.nio.NioEventLoop.processSelectedKeysOptimized(NioEventLoop.java:655)<br />
                      io.netty.channel.nio.NioEventLoop.processSelectedKeys(NioEventLoop.java:581)<br />
                      io.netty.channel.nio.NioEventLoop.run(NioEventLoop.java:493)<br />
                      io.netty.util.concurrent.SingleThreadEventExecutor$4.run(SingleThreadEventExecutor.java:986)<br />
                      io.netty.util.internal.ThreadExecutorMap$2.run(ThreadExecutorMap.java:74)<br />
                      io.netty.util.concurrent.FastThreadLocalRunnable.run(FastThreadLocalRunnable.java:30)<br />
                      java.base/java.lang.Thread.run(Thread.java:833)<br />
                  </div>
          </div>
      </td>
</tr>
          <tr class="group">
        <td colspan="3">com.amt.test.Acquisition_Quotes_Outright_PCH_with_maintenance_Test</td>
      </tr>
            
<tr>
  <td class="method">
                  setup
      </td>
  <td class="duration">
    6.309s
  </td>
  <td class="result">
        
    
        

        <a href="javascript:toggleElement('exception-4', 'block')" title="Click to expand/collapse"><b>org.openqa.selenium.remote.UnreachableBrowserException: Error communicating with the remote browser. It may have died.<br/>
Build info: version: &apos;4.0.0&apos;, revision: &apos;3a21814679&apos;<br/>
System info: host: &apos;DSK-951&apos;, ip: &apos;10.0.3.253&apos;, os.name: &apos;Windows 10&apos;, os.arch: &apos;amd64&apos;, os.version: &apos;10.0&apos;, java.version: &apos;17.0.4.1&apos;<br/>
Driver info: org.openqa.selenium.chrome.ChromeDriver<br/>
Command: [eac20779e174313579bccb5654929e29, get {url=https://amtmaasapp.azurewebsites.net/login}]<br/>
Capabilities {acceptInsecureCerts: false, browserName: chrome, browserVersion: 107.0.5304.88, chrome: {chromedriverVersion: 107.0.5304.62 (1eec40d3a576..., userDataDir: C:\Users\NITEIN~1.KUR\AppDa...}, goog:chromeOptions: {debuggerAddress: localhost:57855}, javascriptEnabled: true, networkConnectionEnabled: false, pageLoadStrategy: normal, platform: WINDOWS, platformName: WINDOWS, proxy: Proxy(), se:cdp: ws://localhost:57855/devtoo..., se:cdpVersion: 107.0.5304.88, setWindowRect: true, strictFileInteractability: false, timeouts: {implicit: 0, pageLoad: 300000, script: 30000}, unhandledPromptBehavior: dismiss and notify, webauthn:extension:credBlob: true, webauthn:extension:largeBlob: true, webauthn:virtualAuthenticators: true}<br/>
Session ID: eac20779e174313579bccb5654929e29</b></a><br />
    <div class="stackTrace" id="exception-4">
              org.openqa.selenium.remote.RemoteWebDriver.execute(RemoteWebDriver.java:583)<br />
              org.openqa.selenium.remote.RemoteWebDriver.get(RemoteWebDriver.java:328)<br />
              com.amt.testBase.TestBase.initialization(TestBase.java:73)<br />
              com.amt.testBase.TestBase.setup(TestBase.java:83)<br />
              java.base/jdk.internal.reflect.NativeMethodAccessorImpl.invoke0(Native Method)<br />
              java.base/jdk.internal.reflect.NativeMethodAccessorImpl.invoke(NativeMethodAccessorImpl.java:77)<br />
              java.base/jdk.internal.reflect.DelegatingMethodAccessorImpl.invoke(DelegatingMethodAccessorImpl.java:43)<br />
              java.base/java.lang.reflect.Method.invoke(Method.java:568)<br />
              org.testng.internal.MethodInvocationHelper.invokeMethod(MethodInvocationHelper.java:133)<br />
              org.testng.internal.MethodInvocationHelper.invokeMethodConsideringTimeout(MethodInvocationHelper.java:62)<br />
              org.testng.internal.ConfigInvoker.invokeConfigurationMethod(ConfigInvoker.java:385)<br />
              org.testng.internal.ConfigInvoker.invokeConfigurations(ConfigInvoker.java:321)<br />
              org.testng.internal.TestInvoker.runConfigMethods(TestInvoker.java:700)<br />
              org.testng.internal.TestInvoker.invokeMethod(TestInvoker.java:527)<br />
              org.testng.internal.TestInvoker.invokeTestMethod(TestInvoker.java:173)<br />
              org.testng.internal.MethodRunner.runInSequence(MethodRunner.java:46)<br />
              org.testng.internal.TestInvoker$MethodInvocationAgent.invoke(TestInvoker.java:824)<br />
              org.testng.internal.TestInvoker.invokeTestMethods(TestInvoker.java:146)<br />
              org.testng.internal.TestMethodWorker.invokeTestMethods(TestMethodWorker.java:146)<br />
              org.testng.internal.TestMethodWorker.run(TestMethodWorker.java:128)<br />
              java.base/java.util.ArrayList.forEach(ArrayList.java:1511)<br />
              org.testng.TestRunner.privateRun(TestRunner.java:794)<br />
              org.testng.TestRunner.run(TestRunner.java:596)<br />
              org.testng.SuiteRunner.runTest(SuiteRunner.java:377)<br />
              org.testng.SuiteRunner.runSequentially(SuiteRunner.java:371)<br />
              org.testng.SuiteRunner.privateRun(SuiteRunner.java:332)<br />
              org.testng.SuiteRunner.run(SuiteRunner.java:276)<br />
              org.testng.SuiteRunnerWorker.runSuite(SuiteRunnerWorker.java:53)<br />
              org.testng.SuiteRunnerWorker.run(SuiteRunnerWorker.java:96)<br />
              org.testng.TestNG.runSuitesSequentially(TestNG.java:1212)<br />
              org.testng.TestNG.runSuitesLocally(TestNG.java:1134)<br />
              org.testng.TestNG.runSuites(TestNG.java:1063)<br />
              org.testng.TestNG.run(TestNG.java:1031)<br />
              org.apache.maven.surefire.testng.TestNGExecutor.run(TestNGExecutor.java:283)<br />
              org.apache.maven.surefire.testng.TestNGXmlTestSuite.execute(TestNGXmlTestSuite.java:75)<br />
              org.apache.maven.surefire.testng.TestNGProvider.invoke(TestNGProvider.java:120)<br />
              org.apache.maven.surefire.booter.ForkedBooter.invokeProviderInSameClassLoader(ForkedBooter.java:384)<br />
              org.apache.maven.surefire.booter.ForkedBooter.runSuitesInProcess(ForkedBooter.java:345)<br />
              org.apache.maven.surefire.booter.ForkedBooter.execute(ForkedBooter.java:126)<br />
              org.apache.maven.surefire.booter.ForkedBooter.main(ForkedBooter.java:418)<br />
                    <b>Caused by: </b> <a href="javascript:toggleElement('exception-5', 'block')" title="Click to expand/collapse">java.io.UncheckedIOException: java.net.SocketException: Connection reset</a><br />
        <div class="stackTrace" id="exception-5">
                      org.openqa.selenium.remote.http.netty.NettyHttpHandler.makeCall(NettyHttpHandler.java:80)<br />
                      org.openqa.selenium.remote.http.AddSeleniumUserAgent.lambda$apply$0(AddSeleniumUserAgent.java:42)<br />
                      org.openqa.selenium.remote.http.Filter.lambda$andFinally$1(Filter.java:56)<br />
                      org.openqa.selenium.remote.http.netty.NettyHttpHandler.execute(NettyHttpHandler.java:51)<br />
                      org.openqa.selenium.remote.http.AddSeleniumUserAgent.lambda$apply$0(AddSeleniumUserAgent.java:42)<br />
                      org.openqa.selenium.remote.http.Filter.lambda$andFinally$1(Filter.java:56)<br />
                      org.openqa.selenium.remote.http.netty.NettyClient.execute(NettyClient.java:119)<br />
                      org.openqa.selenium.remote.HttpCommandExecutor.execute(HttpCommandExecutor.java:181)<br />
                      org.openqa.selenium.remote.service.DriverCommandExecutor.invokeExecute(DriverCommandExecutor.java:164)<br />
                      org.openqa.selenium.remote.service.DriverCommandExecutor.execute(DriverCommandExecutor.java:139)<br />
                      org.openqa.selenium.remote.RemoteWebDriver.execute(RemoteWebDriver.java:559)<br />
                      org.openqa.selenium.remote.RemoteWebDriver.get(RemoteWebDriver.java:328)<br />
                      com.amt.testBase.TestBase.initialization(TestBase.java:73)<br />
                      com.amt.testBase.TestBase.setup(TestBase.java:83)<br />
                      java.base/jdk.internal.reflect.NativeMethodAccessorImpl.invoke0(Native Method)<br />
                      java.base/jdk.internal.reflect.NativeMethodAccessorImpl.invoke(NativeMethodAccessorImpl.java:77)<br />
                      java.base/jdk.internal.reflect.DelegatingMethodAccessorImpl.invoke(DelegatingMethodAccessorImpl.java:43)<br />
                      java.base/java.lang.reflect.Method.invoke(Method.java:568)<br />
                      org.testng.internal.MethodInvocationHelper.invokeMethod(MethodInvocationHelper.java:133)<br />
                      org.testng.internal.MethodInvocationHelper.invokeMethodConsideringTimeout(MethodInvocationHelper.java:62)<br />
                      org.testng.internal.ConfigInvoker.invokeConfigurationMethod(ConfigInvoker.java:385)<br />
                      org.testng.internal.ConfigInvoker.invokeConfigurations(ConfigInvoker.java:321)<br />
                      org.testng.internal.TestInvoker.runConfigMethods(TestInvoker.java:700)<br />
                      org.testng.internal.TestInvoker.invokeMethod(TestInvoker.java:527)<br />
                      org.testng.internal.TestInvoker.invokeTestMethod(TestInvoker.java:173)<br />
                      org.testng.internal.MethodRunner.runInSequence(MethodRunner.java:46)<br />
                      org.testng.internal.TestInvoker$MethodInvocationAgent.invoke(TestInvoker.java:824)<br />
                      org.testng.internal.TestInvoker.invokeTestMethods(TestInvoker.java:146)<br />
                      org.testng.internal.TestMethodWorker.invokeTestMethods(TestMethodWorker.java:146)<br />
                      org.testng.internal.TestMethodWorker.run(TestMethodWorker.java:128)<br />
                      java.base/java.util.ArrayList.forEach(ArrayList.java:1511)<br />
                      org.testng.TestRunner.privateRun(TestRunner.java:794)<br />
                      org.testng.TestRunner.run(TestRunner.java:596)<br />
                      org.testng.SuiteRunner.runTest(SuiteRunner.java:377)<br />
                      org.testng.SuiteRunner.runSequentially(SuiteRunner.java:371)<br />
                      org.testng.SuiteRunner.privateRun(SuiteRunner.java:332)<br />
                      org.testng.SuiteRunner.run(SuiteRunner.java:276)<br />
                      org.testng.SuiteRunnerWorker.runSuite(SuiteRunnerWorker.java:53)<br />
                      org.testng.SuiteRunnerWorker.run(SuiteRunnerWorker.java:96)<br />
                      org.testng.TestNG.runSuitesSequentially(TestNG.java:1212)<br />
                      org.testng.TestNG.runSuitesLocally(TestNG.java:1134)<br />
                      org.testng.TestNG.runSuites(TestNG.java:1063)<br />
                      org.testng.TestNG.run(TestNG.java:1031)<br />
                      org.apache.maven.surefire.testng.TestNGExecutor.run(TestNGExecutor.java:283)<br />
                      org.apache.maven.surefire.testng.TestNGXmlTestSuite.execute(TestNGXmlTestSuite.java:75)<br />
                      org.apache.maven.surefire.testng.TestNGProvider.invoke(TestNGProvider.java:120)<br />
                      org.apache.maven.surefire.booter.ForkedBooter.invokeProviderInSameClassLoader(ForkedBooter.java:384)<br />
                      org.apache.maven.surefire.booter.ForkedBooter.runSuitesInProcess(ForkedBooter.java:345)<br />
                      org.apache.maven.surefire.booter.ForkedBooter.execute(ForkedBooter.java:126)<br />
                      org.apache.maven.surefire.booter.ForkedBooter.main(ForkedBooter.java:418)<br />
                  </div>
              <b>Caused by: </b> <a href="javascript:toggleElement('exception-6', 'block')" title="Click to expand/collapse">java.net.SocketException: Connection reset</a><br />
        <div class="stackTrace" id="exception-6">
                      java.base/sun.nio.ch.SocketChannelImpl.throwConnectionReset(SocketChannelImpl.java:394)<br />
                      java.base/sun.nio.ch.SocketChannelImpl.read(SocketChannelImpl.java:426)<br />
                      io.netty.buffer.PooledByteBuf.setBytes(PooledByteBuf.java:253)<br />
                      io.netty.buffer.AbstractByteBuf.writeBytes(AbstractByteBuf.java:1132)<br />
                      io.netty.channel.socket.nio.NioSocketChannel.doReadBytes(NioSocketChannel.java:350)<br />
                      io.netty.channel.nio.AbstractNioByteChannel$NioByteUnsafe.read(AbstractNioByteChannel.java:151)<br />
                      io.netty.channel.nio.NioEventLoop.processSelectedKey(NioEventLoop.java:719)<br />
                      io.netty.channel.nio.NioEventLoop.processSelectedKeysOptimized(NioEventLoop.java:655)<br />
                      io.netty.channel.nio.NioEventLoop.processSelectedKeys(NioEventLoop.java:581)<br />
                      io.netty.channel.nio.NioEventLoop.run(NioEventLoop.java:493)<br />
                      io.netty.util.concurrent.SingleThreadEventExecutor$4.run(SingleThreadEventExecutor.java:986)<br />
                      io.netty.util.internal.ThreadExecutorMap$2.run(ThreadExecutorMap.java:74)<br />
                      io.netty.util.concurrent.FastThreadLocalRunnable.run(FastThreadLocalRunnable.java:30)<br />
                      java.base/java.lang.Thread.run(Thread.java:833)<br />
                  </div>
          </div>
      </td>
</tr>
          <tr class="group">
        <td colspan="3">com.amt.test.Acquisition_Quotes_Outright_PCH_without_maintenance_Test</td>
      </tr>
            
<tr>
  <td class="method">
                  setup
      </td>
  <td class="duration">
    4.596s
  </td>
  <td class="result">
        
    
        

        <a href="javascript:toggleElement('exception-7', 'block')" title="Click to expand/collapse"><b>org.openqa.selenium.remote.UnreachableBrowserException: Error communicating with the remote browser. It may have died.<br/>
Build info: version: &apos;4.0.0&apos;, revision: &apos;3a21814679&apos;<br/>
System info: host: &apos;DSK-951&apos;, ip: &apos;10.0.3.253&apos;, os.name: &apos;Windows 10&apos;, os.arch: &apos;amd64&apos;, os.version: &apos;10.0&apos;, java.version: &apos;17.0.4.1&apos;<br/>
Driver info: org.openqa.selenium.chrome.ChromeDriver<br/>
Command: [932bb1fb83be4bb52a297ce60ca2ddbf, deleteAllCookies {}]<br/>
Capabilities {acceptInsecureCerts: false, browserName: chrome, browserVersion: 107.0.5304.88, chrome: {chromedriverVersion: 107.0.5304.62 (1eec40d3a576..., userDataDir: C:\Users\NITEIN~1.KUR\AppDa...}, goog:chromeOptions: {debuggerAddress: localhost:57880}, javascriptEnabled: true, networkConnectionEnabled: false, pageLoadStrategy: normal, platform: WINDOWS, platformName: WINDOWS, proxy: Proxy(), se:cdp: ws://localhost:57880/devtoo..., se:cdpVersion: 107.0.5304.88, setWindowRect: true, strictFileInteractability: false, timeouts: {implicit: 0, pageLoad: 300000, script: 30000}, unhandledPromptBehavior: dismiss and notify, webauthn:extension:credBlob: true, webauthn:extension:largeBlob: true, webauthn:virtualAuthenticators: true}<br/>
Session ID: 932bb1fb83be4bb52a297ce60ca2ddbf</b></a><br />
    <div class="stackTrace" id="exception-7">
              org.openqa.selenium.remote.RemoteWebDriver.execute(RemoteWebDriver.java:583)<br />
              org.openqa.selenium.remote.RemoteWebDriver.execute(RemoteWebDriver.java:614)<br />
              org.openqa.selenium.remote.RemoteWebDriver.execute(RemoteWebDriver.java:618)<br />
              org.openqa.selenium.remote.RemoteWebDriver$RemoteWebDriverOptions.deleteAllCookies(RemoteWebDriver.java:723)<br />
              com.amt.testBase.TestBase.initialization(TestBase.java:71)<br />
              com.amt.testBase.TestBase.setup(TestBase.java:83)<br />
              java.base/jdk.internal.reflect.NativeMethodAccessorImpl.invoke0(Native Method)<br />
              java.base/jdk.internal.reflect.NativeMethodAccessorImpl.invoke(NativeMethodAccessorImpl.java:77)<br />
              java.base/jdk.internal.reflect.DelegatingMethodAccessorImpl.invoke(DelegatingMethodAccessorImpl.java:43)<br />
              java.base/java.lang.reflect.Method.invoke(Method.java:568)<br />
              org.testng.internal.MethodInvocationHelper.invokeMethod(MethodInvocationHelper.java:133)<br />
              org.testng.internal.MethodInvocationHelper.invokeMethodConsideringTimeout(MethodInvocationHelper.java:62)<br />
              org.testng.internal.ConfigInvoker.invokeConfigurationMethod(ConfigInvoker.java:385)<br />
              org.testng.internal.ConfigInvoker.invokeConfigurations(ConfigInvoker.java:321)<br />
              org.testng.internal.TestInvoker.runConfigMethods(TestInvoker.java:700)<br />
              org.testng.internal.TestInvoker.invokeMethod(TestInvoker.java:527)<br />
              org.testng.internal.TestInvoker.invokeTestMethod(TestInvoker.java:173)<br />
              org.testng.internal.MethodRunner.runInSequence(MethodRunner.java:46)<br />
              org.testng.internal.TestInvoker$MethodInvocationAgent.invoke(TestInvoker.java:824)<br />
              org.testng.internal.TestInvoker.invokeTestMethods(TestInvoker.java:146)<br />
              org.testng.internal.TestMethodWorker.invokeTestMethods(TestMethodWorker.java:146)<br />
              org.testng.internal.TestMethodWorker.run(TestMethodWorker.java:128)<br />
              java.base/java.util.ArrayList.forEach(ArrayList.java:1511)<br />
              org.testng.TestRunner.privateRun(TestRunner.java:794)<br />
              org.testng.TestRunner.run(TestRunner.java:596)<br />
              org.testng.SuiteRunner.runTest(SuiteRunner.java:377)<br />
              org.testng.SuiteRunner.runSequentially(SuiteRunner.java:371)<br />
              org.testng.SuiteRunner.privateRun(SuiteRunner.java:332)<br />
              org.testng.SuiteRunner.run(SuiteRunner.java:276)<br />
              org.testng.SuiteRunnerWorker.runSuite(SuiteRunnerWorker.java:53)<br />
              org.testng.SuiteRunnerWorker.run(SuiteRunnerWorker.java:96)<br />
              org.testng.TestNG.runSuitesSequentially(TestNG.java:1212)<br />
              org.testng.TestNG.runSuitesLocally(TestNG.java:1134)<br />
              org.testng.TestNG.runSuites(TestNG.java:1063)<br />
              org.testng.TestNG.run(TestNG.java:1031)<br />
              org.apache.maven.surefire.testng.TestNGExecutor.run(TestNGExecutor.java:283)<br />
              org.apache.maven.surefire.testng.TestNGXmlTestSuite.execute(TestNGXmlTestSuite.java:75)<br />
              org.apache.maven.surefire.testng.TestNGProvider.invoke(TestNGProvider.java:120)<br />
              org.apache.maven.surefire.booter.ForkedBooter.invokeProviderInSameClassLoader(ForkedBooter.java:384)<br />
              org.apache.maven.surefire.booter.ForkedBooter.runSuitesInProcess(ForkedBooter.java:345)<br />
              org.apache.maven.surefire.booter.ForkedBooter.execute(ForkedBooter.java:126)<br />
              org.apache.maven.surefire.booter.ForkedBooter.main(ForkedBooter.java:418)<br />
                    <b>Caused by: </b> <a href="javascript:toggleElement('exception-8', 'block')" title="Click to expand/collapse">java.io.UncheckedIOException: java.net.SocketException: Connection reset</a><br />
        <div class="stackTrace" id="exception-8">
                      org.openqa.selenium.remote.http.netty.NettyHttpHandler.makeCall(NettyHttpHandler.java:80)<br />
                      org.openqa.selenium.remote.http.AddSeleniumUserAgent.lambda$apply$0(AddSeleniumUserAgent.java:42)<br />
                      org.openqa.selenium.remote.http.Filter.lambda$andFinally$1(Filter.java:56)<br />
                      org.openqa.selenium.remote.http.netty.NettyHttpHandler.execute(NettyHttpHandler.java:51)<br />
                      org.openqa.selenium.remote.http.AddSeleniumUserAgent.lambda$apply$0(AddSeleniumUserAgent.java:42)<br />
                      org.openqa.selenium.remote.http.Filter.lambda$andFinally$1(Filter.java:56)<br />
                      org.openqa.selenium.remote.http.netty.NettyClient.execute(NettyClient.java:119)<br />
                      org.openqa.selenium.remote.HttpCommandExecutor.execute(HttpCommandExecutor.java:181)<br />
                      org.openqa.selenium.remote.service.DriverCommandExecutor.invokeExecute(DriverCommandExecutor.java:164)<br />
                      org.openqa.selenium.remote.service.DriverCommandExecutor.execute(DriverCommandExecutor.java:139)<br />
                      org.openqa.selenium.remote.RemoteWebDriver.execute(RemoteWebDriver.java:559)<br />
                      org.openqa.selenium.remote.RemoteWebDriver.execute(RemoteWebDriver.java:614)<br />
                      org.openqa.selenium.remote.RemoteWebDriver.execute(RemoteWebDriver.java:618)<br />
                      org.openqa.selenium.remote.RemoteWebDriver$RemoteWebDriverOptions.deleteAllCookies(RemoteWebDriver.java:723)<br />
                      com.amt.testBase.TestBase.initialization(TestBase.java:71)<br />
                      com.amt.testBase.TestBase.setup(TestBase.java:83)<br />
                      java.base/jdk.internal.reflect.NativeMethodAccessorImpl.invoke0(Native Method)<br />
                      java.base/jdk.internal.reflect.NativeMethodAccessorImpl.invoke(NativeMethodAccessorImpl.java:77)<br />
                      java.base/jdk.internal.reflect.DelegatingMethodAccessorImpl.invoke(DelegatingMethodAccessorImpl.java:43)<br />
                      java.base/java.lang.reflect.Method.invoke(Method.java:568)<br />
                      org.testng.internal.MethodInvocationHelper.invokeMethod(MethodInvocationHelper.java:133)<br />
                      org.testng.internal.MethodInvocationHelper.invokeMethodConsideringTimeout(MethodInvocationHelper.java:62)<br />
                      org.testng.internal.ConfigInvoker.invokeConfigurationMethod(ConfigInvoker.java:385)<br />
                      org.testng.internal.ConfigInvoker.invokeConfigurations(ConfigInvoker.java:321)<br />
                      org.testng.internal.TestInvoker.runConfigMethods(TestInvoker.java:700)<br />
                      org.testng.internal.TestInvoker.invokeMethod(TestInvoker.java:527)<br />
                      org.testng.internal.TestInvoker.invokeTestMethod(TestInvoker.java:173)<br />
                      org.testng.internal.MethodRunner.runInSequence(MethodRunner.java:46)<br />
                      org.testng.internal.TestInvoker$MethodInvocationAgent.invoke(TestInvoker.java:824)<br />
                      org.testng.internal.TestInvoker.invokeTestMethods(TestInvoker.java:146)<br />
                      org.testng.internal.TestMethodWorker.invokeTestMethods(TestMethodWorker.java:146)<br />
                      org.testng.internal.TestMethodWorker.run(TestMethodWorker.java:128)<br />
                      java.base/java.util.ArrayList.forEach(ArrayList.java:1511)<br />
                      org.testng.TestRunner.privateRun(TestRunner.java:794)<br />
                      org.testng.TestRunner.run(TestRunner.java:596)<br />
                      org.testng.SuiteRunner.runTest(SuiteRunner.java:377)<br />
                      org.testng.SuiteRunner.runSequentially(SuiteRunner.java:371)<br />
                      org.testng.SuiteRunner.privateRun(SuiteRunner.java:332)<br />
                      org.testng.SuiteRunner.run(SuiteRunner.java:276)<br />
                      org.testng.SuiteRunnerWorker.runSuite(SuiteRunnerWorker.java:53)<br />
                      org.testng.SuiteRunnerWorker.run(SuiteRunnerWorker.java:96)<br />
                      org.testng.TestNG.runSuitesSequentially(TestNG.java:1212)<br />
                      org.testng.TestNG.runSuitesLocally(TestNG.java:1134)<br />
                      org.testng.TestNG.runSuites(TestNG.java:1063)<br />
                      org.testng.TestNG.run(TestNG.java:1031)<br />
                      org.apache.maven.surefire.testng.TestNGExecutor.run(TestNGExecutor.java:283)<br />
                      org.apache.maven.surefire.testng.TestNGXmlTestSuite.execute(TestNGXmlTestSuite.java:75)<br />
                      org.apache.maven.surefire.testng.TestNGProvider.invoke(TestNGProvider.java:120)<br />
                      org.apache.maven.surefire.booter.ForkedBooter.invokeProviderInSameClassLoader(ForkedBooter.java:384)<br />
                      org.apache.maven.surefire.booter.ForkedBooter.runSuitesInProcess(ForkedBooter.java:345)<br />
                      org.apache.maven.surefire.booter.ForkedBooter.execute(ForkedBooter.java:126)<br />
                      org.apache.maven.surefire.booter.ForkedBooter.main(ForkedBooter.java:418)<br />
                  </div>
              <b>Caused by: </b> <a href="javascript:toggleElement('exception-9', 'block')" title="Click to expand/collapse">java.net.SocketException: Connection reset</a><br />
        <div class="stackTrace" id="exception-9">
                      java.base/sun.nio.ch.SocketChannelImpl.throwConnectionReset(SocketChannelImpl.java:394)<br />
                      java.base/sun.nio.ch.SocketChannelImpl.read(SocketChannelImpl.java:426)<br />
                      io.netty.buffer.PooledByteBuf.setBytes(PooledByteBuf.java:253)<br />
                      io.netty.buffer.AbstractByteBuf.writeBytes(AbstractByteBuf.java:1132)<br />
                      io.netty.channel.socket.nio.NioSocketChannel.doReadBytes(NioSocketChannel.java:350)<br />
                      io.netty.channel.nio.AbstractNioByteChannel$NioByteUnsafe.read(AbstractNioByteChannel.java:151)<br />
                      io.netty.channel.nio.NioEventLoop.processSelectedKey(NioEventLoop.java:719)<br />
                      io.netty.channel.nio.NioEventLoop.processSelectedKeysOptimized(NioEventLoop.java:655)<br />
                      io.netty.channel.nio.NioEventLoop.processSelectedKeys(NioEventLoop.java:581)<br />
                      io.netty.channel.nio.NioEventLoop.run(NioEventLoop.java:493)<br />
                      io.netty.util.concurrent.SingleThreadEventExecutor$4.run(SingleThreadEventExecutor.java:986)<br />
                      io.netty.util.internal.ThreadExecutorMap$2.run(ThreadExecutorMap.java:74)<br />
                      io.netty.util.concurrent.FastThreadLocalRunnable.run(FastThreadLocalRunnable.java:30)<br />
                      java.base/java.lang.Thread.run(Thread.java:833)<br />
                  </div>
          </div>
      </td>
</tr>
    
      </table>



  <table class="resultsTable" width="100%">
    <tr><th colspan="3" class="header skipped">Skipped Tests</th></tr>
          <tr>
        <td colspan="3" class="group">com.amt.test.Acquisition_Quotes_Outright_BCH_with_maintenance_Test</td>
      </tr>
            
<tr>
  <td class="method">
                  aquisition_quotes_outright_BCH_with_maintenance_test
      </td>
  <td class="duration">
    0.000s
  </td>
  <td class="result">
                               
          <i>Method arguments: </i><span class="arguments">"AUDI", "A7", "0", "0", "100", "100", "20000", "0", "10000", "6000", "2000", "1000", "199.99", "0", "YES", "0.2", "200", "NO", "0", "Formula1-BCH"</span><br />
    
        

      </td>
</tr>
          <tr>
        <td colspan="3" class="group">com.amt.test.Acquisition_Quotes_Outright_BCH_without_maintenance_Test</td>
      </tr>
            
<tr>
  <td class="method">
                  aquisition_quotes_outright_BCH_without_maintenance_test
      </td>
  <td class="duration">
    0.000s
  </td>
  <td class="result">
                               
          <i>Method arguments: </i><span class="arguments">"AUDI", "A7", "0", "0", "100", "20000", "10000", "6000", "2000", "1000", "199.99", "0", "NO", "0", "200", "NO", "0", "Formula1-BCH"</span><br />
    
        

      </td>
</tr>
          <tr>
        <td colspan="3" class="group">com.amt.test.Acquisition_Quotes_Outright_PCH_with_maintenance_Test</td>
      </tr>
            
<tr>
  <td class="method">
                  aquisition_quotes_outright_PCH_with_maintenance_test
      </td>
  <td class="duration">
    0.000s
  </td>
  <td class="result">
                               
          <i>Method arguments: </i><span class="arguments">"AUDI", "A7", "0", "0", "100", "100", "20000", "0", "10000", "6000", "2000", "1000", "199.99", "0", "YES", "0.2", "200", "NO", "0", "Formula1-PCH"</span><br />
    
        

      </td>
</tr>
          <tr>
        <td colspan="3" class="group">com.amt.test.Acquisition_Quotes_Outright_PCH_without_maintenance_Test</td>
      </tr>
            
<tr>
  <td class="method">
                  aquisition_quotes_outright_PCH_without_maintenance_test
      </td>
  <td class="duration">
    0.000s
  </td>
  <td class="result">
                               
          <i>Method arguments: </i><span class="arguments">"AUDI", "A7", "0", "0", "100", "20000", "10000", "6000", "2000", "1000", "199.99", "0", "NO", "0", "200", "NO", "0", "Formula1-PCH"</span><br />
    
        

      </td>
</tr>
      </table>

  
</body>
</html>
